--------------- Rebuild Started: 07/09/2017 09:38:09 Project: RGB_OLED, Configuration: ARM GCC 4.9-2015-q1-update Debug ---------------
Deleting file ".\CortexM0\ARM_GCC_493\Debug\main.o"
Deleting file ".\CortexM0\ARM_GCC_493\Debug\oled_ssd1331.o"
Deleting file ".\CortexM0\ARM_GCC_493\Debug\lcd_ili9163.o"
Deleting file ".\CortexM0\ARM_GCC_493\Debug\BLEProcess.o"
Deleting file ".\CortexM0\ARM_GCC_493\Debug\fonts.o"
Deleting file ".\CortexM0\ARM_GCC_493\Debug\cyfitter_cfg.o"
Deleting file ".\CortexM0\ARM_GCC_493\Debug\cymetadata.o"
Deleting file ".\CortexM0\ARM_GCC_493\Debug\Cm0Start.o"
Deleting file ".\CortexM0\ARM_GCC_493\Debug\CyBootAsmGnu.o"
Deleting file ".\CortexM0\ARM_GCC_493\Debug\CyFlash.o"
Deleting file ".\CortexM0\ARM_GCC_493\Debug\CyLib.o"
Deleting file ".\CortexM0\ARM_GCC_493\Debug\cyPm.o"
Deleting file ".\CortexM0\ARM_GCC_493\Debug\cyutils.o"
Deleting file ".\CortexM0\ARM_GCC_493\Debug\CyLFClk.o"
Deleting file ".\CortexM0\ARM_GCC_493\Debug\OLED_Reset.o"
Deleting file ".\CortexM0\ARM_GCC_493\Debug\OLED_Reset_PM.o"
Deleting file ".\CortexM0\ARM_GCC_493\Debug\OLED_DC.o"
Deleting file ".\CortexM0\ARM_GCC_493\Debug\OLED_DC_PM.o"
Deleting file ".\CortexM0\ARM_GCC_493\Debug\SPI_Master.o"
Deleting file ".\CortexM0\ARM_GCC_493\Debug\SPI_Master_SPI_UART.o"
Deleting file ".\CortexM0\ARM_GCC_493\Debug\SPI_Master_PM.o"
Deleting file ".\CortexM0\ARM_GCC_493\Debug\SPI_Master_SPI.o"
Deleting file ".\CortexM0\ARM_GCC_493\Debug\SPI_Master_BOOT.o"
Deleting file ".\CortexM0\ARM_GCC_493\Debug\SPI_Master_SPI_BOOT.o"
Deleting file ".\CortexM0\ARM_GCC_493\Debug\SPI_Master_SCBCLK.o"
Deleting file ".\CortexM0\ARM_GCC_493\Debug\SPI_Master_sclk_m.o"
Deleting file ".\CortexM0\ARM_GCC_493\Debug\SPI_Master_sclk_m_PM.o"
Deleting file ".\CortexM0\ARM_GCC_493\Debug\SPI_Master_mosi_m.o"
Deleting file ".\CortexM0\ARM_GCC_493\Debug\SPI_Master_mosi_m_PM.o"
Deleting file ".\CortexM0\ARM_GCC_493\Debug\SPI_Master_ss0_m.o"
Deleting file ".\CortexM0\ARM_GCC_493\Debug\SPI_Master_ss0_m_PM.o"
Deleting file ".\CortexM0\ARM_GCC_493\Debug\CyDMA.o"
Deleting file ".\CortexM0\ARM_GCC_493\Debug\BLE_1.o"
Deleting file ".\CortexM0\ARM_GCC_493\Debug\BLE_1_gatt.o"
Deleting file ".\CortexM0\ARM_GCC_493\Debug\BLE_1_eventHandler.o"
Deleting file ".\CortexM0\ARM_GCC_493\Debug\BLE_1_HAL_INT.o"
Deleting file ".\CortexM0\ARM_GCC_493\Debug\BLE_1_HAL_PVT.o"
Deleting file ".\CortexM0\ARM_GCC_493\Debug\BLE_1_custom.o"
Deleting file ".\CortexM0\ARM_GCC_493\Debug\BLE_1_bless_isr.o"
Deleting file ".\CortexM0\ARM_GCC_493\Debug\RGB_OLED.hex"
Deleting file ".\CortexM0\ARM_GCC_493\Debug\RGB_OLED.elf"
Deleting file ".\CortexM0\ARM_GCC_493\Debug\RGB_OLED.map"
Deleting file ".\RGB_OLED.cycdx"
Deleting file ".\RGB_OLED.svd"
Deleting file ".\RGB_OLED.rpt"
Deleting file ".\RGB_OLED_timing.html"
Deleting file ".\CortexM0\ARM_GCC_493\Debug\.deps\SOURCE_C__ARM_GCC_GENERIC.P"
Deleting file ".\CortexM0\ARM_GCC_493\Debug\.deps\SOURCE_ASM__ARM_GCC_GENERIC.P"
cydsfit.exe -.appdatapath "C:\Users\ROUSSMA\AppData\Local\Cypress Semiconductor\PSoC Creator\4.0" -.fdsnotice -.fdswarpdepfile=warp_dependencies.txt -.fdselabdepfile=elab_dependencies.txt -.fdsbldfile=generated_files.txt -.fdsreffile=referenced_files.txt -p "C:\Users\ROUSSMA\Documents\PSoC Creator\RGB_OLED\RGB_OLED.cydsn\RGB_OLED.cyprj" -d CY8C4248LQI-BL583 -s "C:\Users\ROUSSMA\Documents\PSoC Creator\RGB_OLED\RGB_OLED.cydsn\Generated_Source\PSoC4" -- -yv2 -q10 -ygs -o2 -v3 -.fftcfgtype=LE
Elaborating Design...
HDL Generation...
Synthesis...
Tech Mapping...
Analog Placement...
Analog Routing...
Analog Code Generation...
Digital Placement...
Digital Routing...
Bitstream Generation...
Bitstream Verification...
Static timing analysis...
API Generation...
Dependency Generation...
Cleanup...
arm-none-eabi-gcc.exe -mcpu=cortex-m0 -mthumb -I. -IGenerated_Source\PSoC4 -Wa,-alh=.\CortexM0\ARM_GCC_493\Debug/main.lst -g -D DEBUG -Wall -ffunction-sections -Og -ffat-lto-objects -c main.c -o .\CortexM0\ARM_GCC_493\Debug\main.o
arm-none-eabi-gcc.exe -mcpu=cortex-m0 -mthumb -I. -IGenerated_Source\PSoC4 -Wa,-alh=.\CortexM0\ARM_GCC_493\Debug/oled_ssd1331.lst -g -D DEBUG -Wall -ffunction-sections -Og -ffat-lto-objects -c oled_ssd1331.c -o .\CortexM0\ARM_GCC_493\Debug\oled_ssd1331.o
arm-none-eabi-gcc.exe -mcpu=cortex-m0 -mthumb -I. -IGenerated_Source\PSoC4 -Wa,-alh=.\CortexM0\ARM_GCC_493\Debug/lcd_ili9163.lst -g -D DEBUG -Wall -ffunction-sections -Og -ffat-lto-objects -c lcd_ili9163.c -o .\CortexM0\ARM_GCC_493\Debug\lcd_ili9163.o
arm-none-eabi-gcc.exe -mcpu=cortex-m0 -mthumb -I. -IGenerated_Source\PSoC4 -Wa,-alh=.\CortexM0\ARM_GCC_493\Debug/BLEProcess.lst -g -D DEBUG -Wall -ffunction-sections -Og -ffat-lto-objects -c BLEProcess.c -o .\CortexM0\ARM_GCC_493\Debug\BLEProcess.o
BLEProcess.c: In function 'GeneralEventHandler':
BLEProcess.c:72:36: warning: pointer targets in passing argument 3 of 'lcd_displayString' differ in signedness [-Wpointer-sign]
              lcd_displayString(0,0,BadgeData, RED, BLACK);
                                    ^
In file included from BLEProcess.c:14:0:
lcd_ili9163.h:94:6: note: expected 'const char *' but argument is of type 'uint8 *'
 void lcd_displayString(uint8_t x, uint8_t y, const char* pcString, uint16_t fColor, uint16_t bColor);
      ^
BLEProcess.c:56:21: warning: variable 'valueLength' set but not used [-Wunused-but-set-variable]
             uint8_t valueLength = 0;
                     ^
BLEProcess.c:90:37: warning: pointer targets in passing argument 3 of 'lcd_displayString' differ in signedness [-Wpointer-sign]
              lcd_displayString(0,16,AgeData, BLUE, BLACK);
                                     ^
In file included from BLEProcess.c:14:0:
lcd_ili9163.h:94:6: note: expected 'const char *' but argument is of type 'uint8 *'
 void lcd_displayString(uint8_t x, uint8_t y, const char* pcString, uint16_t fColor, uint16_t bColor);
      ^
arm-none-eabi-gcc.exe -mcpu=cortex-m0 -mthumb -I. -IGenerated_Source\PSoC4 -Wa,-alh=.\CortexM0\ARM_GCC_493\Debug/fonts.lst -g -D DEBUG -Wall -ffunction-sections -Og -ffat-lto-objects -c fonts.c -o .\CortexM0\ARM_GCC_493\Debug\fonts.o
arm-none-eabi-gcc.exe -mcpu=cortex-m0 -mthumb -I. -IGenerated_Source\PSoC4 -Wa,-alh=.\CortexM0\ARM_GCC_493\Debug/cyfitter_cfg.lst -g -D DEBUG -Wall -ffunction-sections -Og -ffat-lto-objects -c Generated_Source\PSoC4\cyfitter_cfg.c -o .\CortexM0\ARM_GCC_493\Debug\cyfitter_cfg.o
arm-none-eabi-gcc.exe -mcpu=cortex-m0 -mthumb -I. -IGenerated_Source\PSoC4 -Wa,-alh=.\CortexM0\ARM_GCC_493\Debug/cymetadata.lst -g -D DEBUG -Wall -ffunction-sections -Og -ffat-lto-objects -c Generated_Source\PSoC4\cymetadata.c -o .\CortexM0\ARM_GCC_493\Debug\cymetadata.o
arm-none-eabi-gcc.exe -mcpu=cortex-m0 -mthumb -I. -IGenerated_Source\PSoC4 -Wa,-alh=.\CortexM0\ARM_GCC_493\Debug/Cm0Start.lst -g -D DEBUG -Wall -ffunction-sections -Og -ffat-lto-objects -c Generated_Source\PSoC4\Cm0Start.c -o .\CortexM0\ARM_GCC_493\Debug\Cm0Start.o
arm-none-eabi-gcc.exe -mcpu=cortex-m0 -mthumb -I. -IGenerated_Source\PSoC4 -Wa,-alh=.\CortexM0\ARM_GCC_493\Debug/CyFlash.lst -g -D DEBUG -Wall -ffunction-sections -Og -ffat-lto-objects -c Generated_Source\PSoC4\CyFlash.c -o .\CortexM0\ARM_GCC_493\Debug\CyFlash.o
arm-none-eabi-gcc.exe -mcpu=cortex-m0 -mthumb -I. -IGenerated_Source\PSoC4 -Wa,-alh=.\CortexM0\ARM_GCC_493\Debug/CyLib.lst -g -D DEBUG -Wall -ffunction-sections -Og -ffat-lto-objects -c Generated_Source\PSoC4\CyLib.c -o .\CortexM0\ARM_GCC_493\Debug\CyLib.o
arm-none-eabi-gcc.exe -mcpu=cortex-m0 -mthumb -I. -IGenerated_Source\PSoC4 -Wa,-alh=.\CortexM0\ARM_GCC_493\Debug/cyPm.lst -g -D DEBUG -Wall -ffunction-sections -Og -ffat-lto-objects -c Generated_Source\PSoC4\cyPm.c -o .\CortexM0\ARM_GCC_493\Debug\cyPm.o
arm-none-eabi-gcc.exe -mcpu=cortex-m0 -mthumb -I. -IGenerated_Source\PSoC4 -Wa,-alh=.\CortexM0\ARM_GCC_493\Debug/cyutils.lst -g -D DEBUG -Wall -ffunction-sections -Og -ffat-lto-objects -c Generated_Source\PSoC4\cyutils.c -o .\CortexM0\ARM_GCC_493\Debug\cyutils.o
arm-none-eabi-gcc.exe -mcpu=cortex-m0 -mthumb -I. -IGenerated_Source\PSoC4 -Wa,-alh=.\CortexM0\ARM_GCC_493\Debug/CyLFClk.lst -g -D DEBUG -Wall -ffunction-sections -Og -ffat-lto-objects -c Generated_Source\PSoC4\CyLFClk.c -o .\CortexM0\ARM_GCC_493\Debug\CyLFClk.o
arm-none-eabi-gcc.exe -mcpu=cortex-m0 -mthumb -I. -IGenerated_Source\PSoC4 -Wa,-alh=.\CortexM0\ARM_GCC_493\Debug/OLED_Reset.lst -g -D DEBUG -Wall -ffunction-sections -Og -ffat-lto-objects -c Generated_Source\PSoC4\OLED_Reset.c -o .\CortexM0\ARM_GCC_493\Debug\OLED_Reset.o
arm-none-eabi-gcc.exe -mcpu=cortex-m0 -mthumb -I. -IGenerated_Source\PSoC4 -Wa,-alh=.\CortexM0\ARM_GCC_493\Debug/OLED_Reset_PM.lst -g -D DEBUG -Wall -ffunction-sections -Og -ffat-lto-objects -c Generated_Source\PSoC4\OLED_Reset_PM.c -o .\CortexM0\ARM_GCC_493\Debug\OLED_Reset_PM.o
arm-none-eabi-gcc.exe -mcpu=cortex-m0 -mthumb -I. -IGenerated_Source\PSoC4 -Wa,-alh=.\CortexM0\ARM_GCC_493\Debug/OLED_DC.lst -g -D DEBUG -Wall -ffunction-sections -Og -ffat-lto-objects -c Generated_Source\PSoC4\OLED_DC.c -o .\CortexM0\ARM_GCC_493\Debug\OLED_DC.o
arm-none-eabi-gcc.exe -mcpu=cortex-m0 -mthumb -I. -IGenerated_Source\PSoC4 -Wa,-alh=.\CortexM0\ARM_GCC_493\Debug/OLED_DC_PM.lst -g -D DEBUG -Wall -ffunction-sections -Og -ffat-lto-objects -c Generated_Source\PSoC4\OLED_DC_PM.c -o .\CortexM0\ARM_GCC_493\Debug\OLED_DC_PM.o
arm-none-eabi-gcc.exe -mcpu=cortex-m0 -mthumb -I. -IGenerated_Source\PSoC4 -Wa,-alh=.\CortexM0\ARM_GCC_493\Debug/SPI_Master.lst -g -D DEBUG -Wall -ffunction-sections -Og -ffat-lto-objects -c Generated_Source\PSoC4\SPI_Master.c -o .\CortexM0\ARM_GCC_493\Debug\SPI_Master.o
arm-none-eabi-gcc.exe -mcpu=cortex-m0 -mthumb -I. -IGenerated_Source\PSoC4 -Wa,-alh=.\CortexM0\ARM_GCC_493\Debug/SPI_Master_SPI_UART.lst -g -D DEBUG -Wall -ffunction-sections -Og -ffat-lto-objects -c Generated_Source\PSoC4\SPI_Master_SPI_UART.c -o .\CortexM0\ARM_GCC_493\Debug\SPI_Master_SPI_UART.o
arm-none-eabi-gcc.exe -mcpu=cortex-m0 -mthumb -I. -IGenerated_Source\PSoC4 -Wa,-alh=.\CortexM0\ARM_GCC_493\Debug/SPI_Master_PM.lst -g -D DEBUG -Wall -ffunction-sections -Og -ffat-lto-objects -c Generated_Source\PSoC4\SPI_Master_PM.c -o .\CortexM0\ARM_GCC_493\Debug\SPI_Master_PM.o
arm-none-eabi-gcc.exe -mcpu=cortex-m0 -mthumb -I. -IGenerated_Source\PSoC4 -Wa,-alh=.\CortexM0\ARM_GCC_493\Debug/SPI_Master_SPI.lst -g -D DEBUG -Wall -ffunction-sections -Og -ffat-lto-objects -c Generated_Source\PSoC4\SPI_Master_SPI.c -o .\CortexM0\ARM_GCC_493\Debug\SPI_Master_SPI.o
arm-none-eabi-gcc.exe -mcpu=cortex-m0 -mthumb -I. -IGenerated_Source\PSoC4 -Wa,-alh=.\CortexM0\ARM_GCC_493\Debug/SPI_Master_BOOT.lst -g -D DEBUG -Wall -ffunction-sections -Og -ffat-lto-objects -c Generated_Source\PSoC4\SPI_Master_BOOT.c -o .\CortexM0\ARM_GCC_493\Debug\SPI_Master_BOOT.o
arm-none-eabi-gcc.exe -mcpu=cortex-m0 -mthumb -I. -IGenerated_Source\PSoC4 -Wa,-alh=.\CortexM0\ARM_GCC_493\Debug/SPI_Master_SPI_BOOT.lst -g -D DEBUG -Wall -ffunction-sections -Og -ffat-lto-objects -c Generated_Source\PSoC4\SPI_Master_SPI_BOOT.c -o .\CortexM0\ARM_GCC_493\Debug\SPI_Master_SPI_BOOT.o
arm-none-eabi-gcc.exe -mcpu=cortex-m0 -mthumb -I. -IGenerated_Source\PSoC4 -Wa,-alh=.\CortexM0\ARM_GCC_493\Debug/SPI_Master_SCBCLK.lst -g -D DEBUG -Wall -ffunction-sections -Og -ffat-lto-objects -c Generated_Source\PSoC4\SPI_Master_SCBCLK.c -o .\CortexM0\ARM_GCC_493\Debug\SPI_Master_SCBCLK.o
arm-none-eabi-gcc.exe -mcpu=cortex-m0 -mthumb -I. -IGenerated_Source\PSoC4 -Wa,-alh=.\CortexM0\ARM_GCC_493\Debug/SPI_Master_sclk_m.lst -g -D DEBUG -Wall -ffunction-sections -Og -ffat-lto-objects -c Generated_Source\PSoC4\SPI_Master_sclk_m.c -o .\CortexM0\ARM_GCC_493\Debug\SPI_Master_sclk_m.o
arm-none-eabi-gcc.exe -mcpu=cortex-m0 -mthumb -I. -IGenerated_Source\PSoC4 -Wa,-alh=.\CortexM0\ARM_GCC_493\Debug/SPI_Master_sclk_m_PM.lst -g -D DEBUG -Wall -ffunction-sections -Og -ffat-lto-objects -c Generated_Source\PSoC4\SPI_Master_sclk_m_PM.c -o .\CortexM0\ARM_GCC_493\Debug\SPI_Master_sclk_m_PM.o
arm-none-eabi-gcc.exe -mcpu=cortex-m0 -mthumb -I. -IGenerated_Source\PSoC4 -Wa,-alh=.\CortexM0\ARM_GCC_493\Debug/SPI_Master_mosi_m.lst -g -D DEBUG -Wall -ffunction-sections -Og -ffat-lto-objects -c Generated_Source\PSoC4\SPI_Master_mosi_m.c -o .\CortexM0\ARM_GCC_493\Debug\SPI_Master_mosi_m.o
arm-none-eabi-gcc.exe -mcpu=cortex-m0 -mthumb -I. -IGenerated_Source\PSoC4 -Wa,-alh=.\CortexM0\ARM_GCC_493\Debug/SPI_Master_mosi_m_PM.lst -g -D DEBUG -Wall -ffunction-sections -Og -ffat-lto-objects -c Generated_Source\PSoC4\SPI_Master_mosi_m_PM.c -o .\CortexM0\ARM_GCC_493\Debug\SPI_Master_mosi_m_PM.o
arm-none-eabi-gcc.exe -mcpu=cortex-m0 -mthumb -I. -IGenerated_Source\PSoC4 -Wa,-alh=.\CortexM0\ARM_GCC_493\Debug/SPI_Master_ss0_m.lst -g -D DEBUG -Wall -ffunction-sections -Og -ffat-lto-objects -c Generated_Source\PSoC4\SPI_Master_ss0_m.c -o .\CortexM0\ARM_GCC_493\Debug\SPI_Master_ss0_m.o
arm-none-eabi-gcc.exe -mcpu=cortex-m0 -mthumb -I. -IGenerated_Source\PSoC4 -Wa,-alh=.\CortexM0\ARM_GCC_493\Debug/SPI_Master_ss0_m_PM.lst -g -D DEBUG -Wall -ffunction-sections -Og -ffat-lto-objects -c Generated_Source\PSoC4\SPI_Master_ss0_m_PM.c -o .\CortexM0\ARM_GCC_493\Debug\SPI_Master_ss0_m_PM.o
arm-none-eabi-gcc.exe -mcpu=cortex-m0 -mthumb -I. -IGenerated_Source\PSoC4 -Wa,-alh=.\CortexM0\ARM_GCC_493\Debug/CyDMA.lst -g -D DEBUG -Wall -ffunction-sections -Og -ffat-lto-objects -c Generated_Source\PSoC4\CyDMA.c -o .\CortexM0\ARM_GCC_493\Debug\CyDMA.o
arm-none-eabi-gcc.exe -mcpu=cortex-m0 -mthumb -I. -IGenerated_Source\PSoC4 -Wa,-alh=.\CortexM0\ARM_GCC_493\Debug/BLE_1.lst -g -D DEBUG -Wall -ffunction-sections -Og -ffat-lto-objects -c Generated_Source\PSoC4\BLE_1.c -o .\CortexM0\ARM_GCC_493\Debug\BLE_1.o
arm-none-eabi-gcc.exe -mcpu=cortex-m0 -mthumb -I. -IGenerated_Source\PSoC4 -Wa,-alh=.\CortexM0\ARM_GCC_493\Debug/BLE_1_gatt.lst -g -D DEBUG -Wall -ffunction-sections -Og -ffat-lto-objects -c Generated_Source\PSoC4\BLE_1_gatt.c -o .\CortexM0\ARM_GCC_493\Debug\BLE_1_gatt.o
arm-none-eabi-gcc.exe -mcpu=cortex-m0 -mthumb -I. -IGenerated_Source\PSoC4 -Wa,-alh=.\CortexM0\ARM_GCC_493\Debug/BLE_1_eventHandler.lst -g -D DEBUG -Wall -ffunction-sections -Og -ffat-lto-objects -c Generated_Source\PSoC4\BLE_1_eventHandler.c -o .\CortexM0\ARM_GCC_493\Debug\BLE_1_eventHandler.o
arm-none-eabi-gcc.exe -mcpu=cortex-m0 -mthumb -I. -IGenerated_Source\PSoC4 -Wa,-alh=.\CortexM0\ARM_GCC_493\Debug/BLE_1_HAL_INT.lst -g -D DEBUG -Wall -ffunction-sections -Og -ffat-lto-objects -c Generated_Source\PSoC4\BLE_1_HAL_INT.c -o .\CortexM0\ARM_GCC_493\Debug\BLE_1_HAL_INT.o
arm-none-eabi-gcc.exe -mcpu=cortex-m0 -mthumb -I. -IGenerated_Source\PSoC4 -Wa,-alh=.\CortexM0\ARM_GCC_493\Debug/BLE_1_HAL_PVT.lst -g -D DEBUG -Wall -ffunction-sections -Og -ffat-lto-objects -c Generated_Source\PSoC4\BLE_1_HAL_PVT.c -o .\CortexM0\ARM_GCC_493\Debug\BLE_1_HAL_PVT.o
arm-none-eabi-gcc.exe -mcpu=cortex-m0 -mthumb -I. -IGenerated_Source\PSoC4 -Wa,-alh=.\CortexM0\ARM_GCC_493\Debug/BLE_1_custom.lst -g -D DEBUG -Wall -ffunction-sections -Og -ffat-lto-objects -c Generated_Source\PSoC4\BLE_1_custom.c -o .\CortexM0\ARM_GCC_493\Debug\BLE_1_custom.o
arm-none-eabi-gcc.exe -mcpu=cortex-m0 -mthumb -I. -IGenerated_Source\PSoC4 -Wa,-alh=.\CortexM0\ARM_GCC_493\Debug/BLE_1_bless_isr.lst -g -D DEBUG -Wall -ffunction-sections -Og -ffat-lto-objects -c Generated_Source\PSoC4\BLE_1_bless_isr.c -o .\CortexM0\ARM_GCC_493\Debug\BLE_1_bless_isr.o
arm-none-eabi-as.exe -mcpu=cortex-m0 -mthumb -I. -IGenerated_Source\PSoC4 -alh=.\CortexM0\ARM_GCC_493\Debug/CyBootAsmGnu.lst -g -W -o .\CortexM0\ARM_GCC_493\Debug\CyBootAsmGnu.o Generated_Source\PSoC4\CyBootAsmGnu.s
arm-none-eabi-ar.exe -rs .\CortexM0\ARM_GCC_493\Debug\RGB_OLED.a .\CortexM0\ARM_GCC_493\Debug\cyfitter_cfg.o .\CortexM0\ARM_GCC_493\Debug\CyFlash.o .\CortexM0\ARM_GCC_493\Debug\CyLib.o .\CortexM0\ARM_GCC_493\Debug\cyPm.o .\CortexM0\ARM_GCC_493\Debug\cyutils.o .\CortexM0\ARM_GCC_493\Debug\CyLFClk.o .\CortexM0\ARM_GCC_493\Debug\OLED_Reset.o .\CortexM0\ARM_GCC_493\Debug\OLED_Reset_PM.o .\CortexM0\ARM_GCC_493\Debug\OLED_DC.o .\CortexM0\ARM_GCC_493\Debug\OLED_DC_PM.o .\CortexM0\ARM_GCC_493\Debug\SPI_Master.o .\CortexM0\ARM_GCC_493\Debug\SPI_Master_SPI_UART.o .\CortexM0\ARM_GCC_493\Debug\SPI_Master_PM.o .\CortexM0\ARM_GCC_493\Debug\SPI_Master_SPI.o .\CortexM0\ARM_GCC_493\Debug\SPI_Master_BOOT.o .\CortexM0\ARM_GCC_493\Debug\SPI_Master_SPI_BOOT.o .\CortexM0\ARM_GCC_493\Debug\SPI_Master_SCBCLK.o .\CortexM0\ARM_GCC_493\Debug\SPI_Master_sclk_m.o .\CortexM0\ARM_GCC_493\Debug\SPI_Master_sclk_m_PM.o .\CortexM0\ARM_GCC_493\Debug\SPI_Master_mosi_m.o .\CortexM0\ARM_GCC_493\Debug\SPI_Master_mosi_m_PM.o .\CortexM0\ARM_GCC_493\Debug\SPI_Master_ss0_m.o .\CortexM0\ARM_GCC_493\Debug\SPI_Master_ss0_m_PM.o .\CortexM0\ARM_GCC_493\Debug\CyDMA.o .\CortexM0\ARM_GCC_493\Debug\BLE_1.o .\CortexM0\ARM_GCC_493\Debug\BLE_1_gatt.o .\CortexM0\ARM_GCC_493\Debug\BLE_1_eventHandler.o .\CortexM0\ARM_GCC_493\Debug\BLE_1_HAL_INT.o .\CortexM0\ARM_GCC_493\Debug\BLE_1_HAL_PVT.o .\CortexM0\ARM_GCC_493\Debug\BLE_1_custom.o .\CortexM0\ARM_GCC_493\Debug\BLE_1_bless_isr.o .\CortexM0\ARM_GCC_493\Debug\CyBootAsmGnu.o
arm-none-eabi-ar.exe: creating .\CortexM0\ARM_GCC_493\Debug\RGB_OLED.a
arm-none-eabi-gcc.exe -Wl,--start-group -o .\CortexM0\ARM_GCC_493\Debug\RGB_OLED.elf .\CortexM0\ARM_GCC_493\Debug\main.o .\CortexM0\ARM_GCC_493\Debug\oled_ssd1331.o .\CortexM0\ARM_GCC_493\Debug\lcd_ili9163.o .\CortexM0\ARM_GCC_493\Debug\BLEProcess.o .\CortexM0\ARM_GCC_493\Debug\fonts.o .\CortexM0\ARM_GCC_493\Debug\cymetadata.o .\CortexM0\ARM_GCC_493\Debug\Cm0Start.o .\CortexM0\ARM_GCC_493\Debug\RGB_OLED.a "C:\Program Files (x86)\Cypress\PSoC Creator\4.0\PSoC Creator\psoc\content\cycomponentlibraryupdates\CyComponentLibraryUpdates.cylib\BLE_v3_30\Library\gccCyBLEStack_BLE_SOC_PERIPHERAL.a" "C:\Program Files (x86)\Cypress\PSoC Creator\4.0\PSoC Creator\psoc\content\cycomponentlibrary\CyComponentLibrary.cylib\CortexM0\ARM_GCC_493\Debug\CyComponentLibrary.a" -mcpu=cortex-m0 -mthumb -g -ffunction-sections -Og -ffat-lto-objects -L Generated_Source\PSoC4 -Wl,-Map,.\CortexM0\ARM_GCC_493\Debug/RGB_OLED.map -T "C:\Users\ROUSSMA\Documents\PSoC Creator\RGB_OLED\RGB_OLED.cydsn\Generated_Source\PSoC4\cm0gcc.ld" -specs=nano.specs -Wl,--gc-sections -Wl,--end-group
cyelftool.exe -C "C:\Users\ROUSSMA\Documents\PSoC Creator\RGB_OLED\RGB_OLED.cydsn\CortexM0\ARM_GCC_493\Debug\RGB_OLED.elf" --flash_row_size 256 --flash_size 262144
cyelftool.exe -S "C:\Users\ROUSSMA\Documents\PSoC Creator\RGB_OLED\RGB_OLED.cydsn\CortexM0\ARM_GCC_493\Debug\RGB_OLED.elf"
Flash used: 90753 of 262144 bytes (34.6 %).
SRAM used: 11488 of 32768 bytes (35.1 %). Stack: 2048 bytes. Heap: 128 bytes.
--------------- Rebuild Succeeded: 07/09/2017 09:38:28 ---------------
