ARM GAS  C:\Users\ROUSSMA\AppData\Local\Temp\cc7Nt3ze.s 			page 1


   1              		.cpu cortex-m0
   2              		.fpu softvfp
   3              		.eabi_attribute 20, 1
   4              		.eabi_attribute 21, 1
   5              		.eabi_attribute 23, 3
   6              		.eabi_attribute 24, 1
   7              		.eabi_attribute 25, 1
   8              		.eabi_attribute 26, 1
   9              		.eabi_attribute 30, 1
  10              		.eabi_attribute 34, 0
  11              		.eabi_attribute 18, 4
  12              		.code	16
  13              		.file	"BLE_1_custom.c"
  14              		.text
  15              	.Ltext0:
  16              		.cfi_sections	.debug_frame
  17              		.section	.text.CyBle_CustomInit,"ax",%progbits
  18              		.align	2
  19              		.global	CyBle_CustomInit
  20              		.code	16
  21              		.thumb_func
  22              		.type	CyBle_CustomInit, %function
  23              	CyBle_CustomInit:
  24              	.LFB2:
  25              		.file 1 "Generated_Source\\PSoC4\\BLE_1_custom.c"
   1:Generated_Source\PSoC4/BLE_1_custom.c **** /***************************************************************************//**
   2:Generated_Source\PSoC4/BLE_1_custom.c **** * \file CYBLE_custom.c
   3:Generated_Source\PSoC4/BLE_1_custom.c **** * \version 3.30
   4:Generated_Source\PSoC4/BLE_1_custom.c **** * 
   5:Generated_Source\PSoC4/BLE_1_custom.c **** * \brief
   6:Generated_Source\PSoC4/BLE_1_custom.c **** *  Contains the source code for the Custom Service.
   7:Generated_Source\PSoC4/BLE_1_custom.c **** * 
   8:Generated_Source\PSoC4/BLE_1_custom.c **** ********************************************************************************
   9:Generated_Source\PSoC4/BLE_1_custom.c **** * \copyright
  10:Generated_Source\PSoC4/BLE_1_custom.c **** * Copyright 2014-2016, Cypress Semiconductor Corporation.  All rights reserved.
  11:Generated_Source\PSoC4/BLE_1_custom.c **** * You may use this file only in accordance with the license, terms, conditions,
  12:Generated_Source\PSoC4/BLE_1_custom.c **** * disclaimers, and limitations in the end user license agreement accompanying
  13:Generated_Source\PSoC4/BLE_1_custom.c **** * the software package with which this file was provided.
  14:Generated_Source\PSoC4/BLE_1_custom.c **** *******************************************************************************/
  15:Generated_Source\PSoC4/BLE_1_custom.c **** 
  16:Generated_Source\PSoC4/BLE_1_custom.c **** 
  17:Generated_Source\PSoC4/BLE_1_custom.c **** #include "BLE_1_eventHandler.h"
  18:Generated_Source\PSoC4/BLE_1_custom.c **** 
  19:Generated_Source\PSoC4/BLE_1_custom.c **** #ifdef CYBLE_CUSTOM_SERVER
  20:Generated_Source\PSoC4/BLE_1_custom.c **** 
  21:Generated_Source\PSoC4/BLE_1_custom.c **** /* If any custom service with custom characterisctis is defined in the
  22:Generated_Source\PSoC4/BLE_1_custom.c **** * customizer's GUI their handles will be present in this array.
  23:Generated_Source\PSoC4/BLE_1_custom.c **** */
  24:Generated_Source\PSoC4/BLE_1_custom.c **** /* This array contains attribute handles for the defined Custom Services and their characteristics 
  25:Generated_Source\PSoC4/BLE_1_custom.c ****    The array index definitions are located in the CYBLE_custom.h file. */
  26:Generated_Source\PSoC4/BLE_1_custom.c **** const CYBLE_CUSTOMS_T cyBle_customs[0x01u] = {
  27:Generated_Source\PSoC4/BLE_1_custom.c **** 
  28:Generated_Source\PSoC4/BLE_1_custom.c ****     /* Badge Name service */
  29:Generated_Source\PSoC4/BLE_1_custom.c ****     {
  30:Generated_Source\PSoC4/BLE_1_custom.c ****         0x0010u, /* Handle of the Badge Name service */ 
  31:Generated_Source\PSoC4/BLE_1_custom.c ****         {
  32:Generated_Source\PSoC4/BLE_1_custom.c **** 
ARM GAS  C:\Users\ROUSSMA\AppData\Local\Temp\cc7Nt3ze.s 			page 2


  33:Generated_Source\PSoC4/BLE_1_custom.c ****             /* Sent String characteristic */
  34:Generated_Source\PSoC4/BLE_1_custom.c ****             {
  35:Generated_Source\PSoC4/BLE_1_custom.c ****                 0x0012u, /* Handle of the Sent String characteristic */ 
  36:Generated_Source\PSoC4/BLE_1_custom.c ****                 
  37:Generated_Source\PSoC4/BLE_1_custom.c ****                 /* Array of Descriptors handles */
  38:Generated_Source\PSoC4/BLE_1_custom.c ****                 {
  39:Generated_Source\PSoC4/BLE_1_custom.c ****                     0x0013u, /* Handle of the Characteristic User Description descriptor */ 
  40:Generated_Source\PSoC4/BLE_1_custom.c ****                 }, 
  41:Generated_Source\PSoC4/BLE_1_custom.c ****             },
  42:Generated_Source\PSoC4/BLE_1_custom.c **** 
  43:Generated_Source\PSoC4/BLE_1_custom.c ****             /* Age String characteristic */
  44:Generated_Source\PSoC4/BLE_1_custom.c ****             {
  45:Generated_Source\PSoC4/BLE_1_custom.c ****                 0x0015u, /* Handle of the Age String characteristic */ 
  46:Generated_Source\PSoC4/BLE_1_custom.c ****                 
  47:Generated_Source\PSoC4/BLE_1_custom.c ****                 /* Array of Descriptors handles */
  48:Generated_Source\PSoC4/BLE_1_custom.c ****                 {
  49:Generated_Source\PSoC4/BLE_1_custom.c ****                     0x0016u, /* Handle of the Characteristic User Description descriptor */ 
  50:Generated_Source\PSoC4/BLE_1_custom.c ****                 }, 
  51:Generated_Source\PSoC4/BLE_1_custom.c ****             },
  52:Generated_Source\PSoC4/BLE_1_custom.c ****         }, 
  53:Generated_Source\PSoC4/BLE_1_custom.c ****     },
  54:Generated_Source\PSoC4/BLE_1_custom.c **** };
  55:Generated_Source\PSoC4/BLE_1_custom.c **** 
  56:Generated_Source\PSoC4/BLE_1_custom.c **** 
  57:Generated_Source\PSoC4/BLE_1_custom.c **** #endif /* (CYBLE_CUSTOM_SERVER) */
  58:Generated_Source\PSoC4/BLE_1_custom.c **** 
  59:Generated_Source\PSoC4/BLE_1_custom.c **** #ifdef CYBLE_CUSTOM_CLIENT
  60:Generated_Source\PSoC4/BLE_1_custom.c ****     
  61:Generated_Source\PSoC4/BLE_1_custom.c **** 
  62:Generated_Source\PSoC4/BLE_1_custom.c **** static uint16 cyBle_customDisServIndex;
  63:Generated_Source\PSoC4/BLE_1_custom.c **** static uint16 cyBle_customDisCharIndex;
  64:Generated_Source\PSoC4/BLE_1_custom.c **** 
  65:Generated_Source\PSoC4/BLE_1_custom.c **** #endif /* (CYBLE_CUSTOM_CLIENT) */
  66:Generated_Source\PSoC4/BLE_1_custom.c **** 
  67:Generated_Source\PSoC4/BLE_1_custom.c **** 
  68:Generated_Source\PSoC4/BLE_1_custom.c **** /****************************************************************************** 
  69:Generated_Source\PSoC4/BLE_1_custom.c **** * Function Name: CyBle_CustomInit
  70:Generated_Source\PSoC4/BLE_1_custom.c **** ***************************************************************************//**
  71:Generated_Source\PSoC4/BLE_1_custom.c **** * 
  72:Generated_Source\PSoC4/BLE_1_custom.c **** *  This function initializes Custom Service.
  73:Generated_Source\PSoC4/BLE_1_custom.c **** * 
  74:Generated_Source\PSoC4/BLE_1_custom.c **** * \return
  75:Generated_Source\PSoC4/BLE_1_custom.c **** *  None
  76:Generated_Source\PSoC4/BLE_1_custom.c **** * 
  77:Generated_Source\PSoC4/BLE_1_custom.c **** ******************************************************************************/
  78:Generated_Source\PSoC4/BLE_1_custom.c **** void CyBle_CustomInit(void)
  79:Generated_Source\PSoC4/BLE_1_custom.c **** {
  26              		.loc 1 79 0
  27              		.cfi_startproc
  80:Generated_Source\PSoC4/BLE_1_custom.c ****     
  81:Generated_Source\PSoC4/BLE_1_custom.c **** #ifdef CYBLE_CUSTOM_CLIENT
  82:Generated_Source\PSoC4/BLE_1_custom.c **** 
  83:Generated_Source\PSoC4/BLE_1_custom.c ****     uint16 locServIndex;
  84:Generated_Source\PSoC4/BLE_1_custom.c ****     uint16 locCharIndex;
  85:Generated_Source\PSoC4/BLE_1_custom.c ****     uint16 locDescIndex;
  86:Generated_Source\PSoC4/BLE_1_custom.c ****     
  87:Generated_Source\PSoC4/BLE_1_custom.c ****     for(locServIndex = 0u; locServIndex < CYBLE_CUSTOMC_SERVICE_COUNT; locServIndex++)
ARM GAS  C:\Users\ROUSSMA\AppData\Local\Temp\cc7Nt3ze.s 			page 3


  88:Generated_Source\PSoC4/BLE_1_custom.c ****     {
  89:Generated_Source\PSoC4/BLE_1_custom.c ****         if(cyBle_serverInfo[CYBLE_SRVI_CUSTOMS + locServIndex].range.startHandle == CYBLE_GATT_INVA
  90:Generated_Source\PSoC4/BLE_1_custom.c ****         {
  91:Generated_Source\PSoC4/BLE_1_custom.c ****             for(locCharIndex = 0u; locCharIndex < cyBle_customCServ[locServIndex].charCount; locCha
  92:Generated_Source\PSoC4/BLE_1_custom.c ****             {
  93:Generated_Source\PSoC4/BLE_1_custom.c ****                 cyBle_customCServ[locServIndex].customServChar[locCharIndex].
  94:Generated_Source\PSoC4/BLE_1_custom.c ****                     customServCharHandle = 0u;
  95:Generated_Source\PSoC4/BLE_1_custom.c ****                 
  96:Generated_Source\PSoC4/BLE_1_custom.c ****                 for(locDescIndex = 0u; locDescIndex < 
  97:Generated_Source\PSoC4/BLE_1_custom.c ****                     cyBle_customCServ[locServIndex].customServChar[locCharIndex].descCount; 
  98:Generated_Source\PSoC4/BLE_1_custom.c ****                         locDescIndex++)
  99:Generated_Source\PSoC4/BLE_1_custom.c ****                 {
 100:Generated_Source\PSoC4/BLE_1_custom.c ****                     cyBle_customCServ[locServIndex].customServChar[locCharIndex].
 101:Generated_Source\PSoC4/BLE_1_custom.c ****                         customServCharDesc[locDescIndex].descHandle = 0u;
 102:Generated_Source\PSoC4/BLE_1_custom.c ****                 }
 103:Generated_Source\PSoC4/BLE_1_custom.c ****             }
 104:Generated_Source\PSoC4/BLE_1_custom.c ****         }
 105:Generated_Source\PSoC4/BLE_1_custom.c ****     }
 106:Generated_Source\PSoC4/BLE_1_custom.c **** 
 107:Generated_Source\PSoC4/BLE_1_custom.c **** #endif /* (CYBLE_CUSTOM_CLIENT) */
 108:Generated_Source\PSoC4/BLE_1_custom.c **** }
  28              		.loc 1 108 0
  29              		@ sp needed
  30 0000 7047     		bx	lr
  31              		.cfi_endproc
  32              	.LFE2:
  33              		.size	CyBle_CustomInit, .-CyBle_CustomInit
  34              		.global	cyBle_customs
  35 0002 C046     		.section	.rodata
  36              		.align	2
  37              		.type	cyBle_customs, %object
  38              		.size	cyBle_customs, 10
  39              	cyBle_customs:
  40 0000 1000     		.short	16
  41 0002 1200     		.short	18
  42 0004 1300     		.short	19
  43 0006 1500     		.short	21
  44 0008 1600     		.short	22
  45 000a 0000     		.text
  46              	.Letext0:
  47              		.file 2 "Generated_Source\\PSoC4\\cytypes.h"
  48              		.file 3 "Generated_Source\\PSoC4\\BLE_1_StackGatt.h"
  49              		.file 4 "Generated_Source\\PSoC4\\BLE_1_custom.h"
  50              		.file 5 "Generated_Source\\PSoC4\\BLE_1_Stack.h"
  51              		.section	.debug_info,"",%progbits
  52              	.Ldebug_info0:
  53 0000 2E030000 		.4byte	0x32e
  54 0004 0400     		.2byte	0x4
  55 0006 00000000 		.4byte	.Ldebug_abbrev0
  56 000a 04       		.byte	0x4
  57 000b 01       		.uleb128 0x1
  58 000c E0090000 		.4byte	.LASF93
  59 0010 01       		.byte	0x1
  60 0011 3F020000 		.4byte	.LASF94
  61 0015 18070000 		.4byte	.LASF95
  62 0019 00000000 		.4byte	.Ldebug_ranges0+0
  63 001d 00000000 		.4byte	0
ARM GAS  C:\Users\ROUSSMA\AppData\Local\Temp\cc7Nt3ze.s 			page 4


  64 0021 00000000 		.4byte	.Ldebug_line0
  65 0025 02       		.uleb128 0x2
  66 0026 01       		.byte	0x1
  67 0027 06       		.byte	0x6
  68 0028 01050000 		.4byte	.LASF0
  69 002c 02       		.uleb128 0x2
  70 002d 01       		.byte	0x1
  71 002e 08       		.byte	0x8
  72 002f 88040000 		.4byte	.LASF1
  73 0033 02       		.uleb128 0x2
  74 0034 02       		.byte	0x2
  75 0035 05       		.byte	0x5
  76 0036 B7000000 		.4byte	.LASF2
  77 003a 02       		.uleb128 0x2
  78 003b 02       		.byte	0x2
  79 003c 07       		.byte	0x7
  80 003d E1060000 		.4byte	.LASF3
  81 0041 02       		.uleb128 0x2
  82 0042 04       		.byte	0x4
  83 0043 05       		.byte	0x5
  84 0044 3C030000 		.4byte	.LASF4
  85 0048 02       		.uleb128 0x2
  86 0049 04       		.byte	0x4
  87 004a 07       		.byte	0x7
  88 004b 92050000 		.4byte	.LASF5
  89 004f 02       		.uleb128 0x2
  90 0050 08       		.byte	0x8
  91 0051 05       		.byte	0x5
  92 0052 23010000 		.4byte	.LASF6
  93 0056 02       		.uleb128 0x2
  94 0057 08       		.byte	0x8
  95 0058 07       		.byte	0x7
  96 0059 EF020000 		.4byte	.LASF7
  97 005d 03       		.uleb128 0x3
  98 005e 04       		.byte	0x4
  99 005f 05       		.byte	0x5
 100 0060 696E7400 		.ascii	"int\000"
 101 0064 02       		.uleb128 0x2
 102 0065 04       		.byte	0x4
 103 0066 07       		.byte	0x7
 104 0067 6A050000 		.4byte	.LASF8
 105 006b 04       		.uleb128 0x4
 106 006c CE010000 		.4byte	.LASF85
 107 0070 02       		.byte	0x2
 108 0071 BA01     		.2byte	0x1ba
 109 0073 3A000000 		.4byte	0x3a
 110 0077 02       		.uleb128 0x2
 111 0078 04       		.byte	0x4
 112 0079 04       		.byte	0x4
 113 007a 86020000 		.4byte	.LASF9
 114 007e 02       		.uleb128 0x2
 115 007f 08       		.byte	0x8
 116 0080 04       		.byte	0x4
 117 0081 F5070000 		.4byte	.LASF10
 118 0085 02       		.uleb128 0x2
 119 0086 01       		.byte	0x1
 120 0087 08       		.byte	0x8
ARM GAS  C:\Users\ROUSSMA\AppData\Local\Temp\cc7Nt3ze.s 			page 5


 121 0088 C0060000 		.4byte	.LASF11
 122 008c 02       		.uleb128 0x2
 123 008d 04       		.byte	0x4
 124 008e 07       		.byte	0x7
 125 008f F9000000 		.4byte	.LASF12
 126 0093 05       		.uleb128 0x5
 127 0094 01       		.byte	0x1
 128 0095 05       		.byte	0x5
 129 0096 4D01     		.2byte	0x14d
 130 0098 76020000 		.4byte	0x276
 131 009c 06       		.uleb128 0x6
 132 009d 28020000 		.4byte	.LASF13
 133 00a1 00       		.sleb128 0
 134 00a2 06       		.uleb128 0x6
 135 00a3 68010000 		.4byte	.LASF14
 136 00a7 01       		.sleb128 1
 137 00a8 06       		.uleb128 0x6
 138 00a9 75090000 		.4byte	.LASF15
 139 00ad 02       		.sleb128 2
 140 00ae 06       		.uleb128 0x6
 141 00af 51080000 		.4byte	.LASF16
 142 00b3 03       		.sleb128 3
 143 00b4 06       		.uleb128 0x6
 144 00b5 42010000 		.4byte	.LASF17
 145 00b9 04       		.sleb128 4
 146 00ba 06       		.uleb128 0x6
 147 00bb CE030000 		.4byte	.LASF18
 148 00bf 05       		.sleb128 5
 149 00c0 06       		.uleb128 0x6
 150 00c1 3E000000 		.4byte	.LASF19
 151 00c5 06       		.sleb128 6
 152 00c6 06       		.uleb128 0x6
 153 00c7 F4060000 		.4byte	.LASF20
 154 00cb 20       		.sleb128 32
 155 00cc 06       		.uleb128 0x6
 156 00cd A4050000 		.4byte	.LASF21
 157 00d1 21       		.sleb128 33
 158 00d2 06       		.uleb128 0x6
 159 00d3 00000000 		.4byte	.LASF22
 160 00d7 22       		.sleb128 34
 161 00d8 06       		.uleb128 0x6
 162 00d9 EA030000 		.4byte	.LASF23
 163 00dd 23       		.sleb128 35
 164 00de 06       		.uleb128 0x6
 165 00df 4E050000 		.4byte	.LASF24
 166 00e3 24       		.sleb128 36
 167 00e4 06       		.uleb128 0x6
 168 00e5 C1000000 		.4byte	.LASF25
 169 00e9 25       		.sleb128 37
 170 00ea 06       		.uleb128 0x6
 171 00eb 85030000 		.4byte	.LASF26
 172 00ef 26       		.sleb128 38
 173 00f0 06       		.uleb128 0x6
 174 00f1 66030000 		.4byte	.LASF27
 175 00f5 27       		.sleb128 39
 176 00f6 06       		.uleb128 0x6
 177 00f7 71000000 		.4byte	.LASF28
ARM GAS  C:\Users\ROUSSMA\AppData\Local\Temp\cc7Nt3ze.s 			page 6


 178 00fb 28       		.sleb128 40
 179 00fc 06       		.uleb128 0x6
 180 00fd DC050000 		.4byte	.LASF29
 181 0101 29       		.sleb128 41
 182 0102 06       		.uleb128 0x6
 183 0103 70060000 		.4byte	.LASF30
 184 0107 2A       		.sleb128 42
 185 0108 06       		.uleb128 0x6
 186 0109 95070000 		.4byte	.LASF31
 187 010d 2B       		.sleb128 43
 188 010e 06       		.uleb128 0x6
 189 010f 34060000 		.4byte	.LASF32
 190 0113 2C       		.sleb128 44
 191 0114 06       		.uleb128 0x6
 192 0115 A5020000 		.4byte	.LASF33
 193 0119 2D       		.sleb128 45
 194 011a 06       		.uleb128 0x6
 195 011b 93000000 		.4byte	.LASF34
 196 011f 2E       		.sleb128 46
 197 0120 06       		.uleb128 0x6
 198 0121 ED0A0000 		.4byte	.LASF35
 199 0125 2F       		.sleb128 47
 200 0126 06       		.uleb128 0x6
 201 0127 02010000 		.4byte	.LASF36
 202 012b 30       		.sleb128 48
 203 012c 06       		.uleb128 0x6
 204 012d 3E040000 		.4byte	.LASF37
 205 0131 31       		.sleb128 49
 206 0132 06       		.uleb128 0x6
 207 0133 CE020000 		.4byte	.LASF38
 208 0137 32       		.sleb128 50
 209 0138 06       		.uleb128 0x6
 210 0139 99060000 		.4byte	.LASF39
 211 013d 33       		.sleb128 51
 212 013e 06       		.uleb128 0x6
 213 013f F9050000 		.4byte	.LASF40
 214 0143 34       		.sleb128 52
 215 0144 06       		.uleb128 0x6
 216 0145 34080000 		.4byte	.LASF41
 217 0149 35       		.sleb128 53
 218 014a 06       		.uleb128 0x6
 219 014b 1B030000 		.4byte	.LASF42
 220 014f 36       		.sleb128 54
 221 0150 06       		.uleb128 0x6
 222 0151 7B010000 		.4byte	.LASF43
 223 0155 37       		.sleb128 55
 224 0156 06       		.uleb128 0x6
 225 0157 57000000 		.4byte	.LASF44
 226 015b C000     		.sleb128 64
 227 015d 06       		.uleb128 0x6
 228 015e 77050000 		.4byte	.LASF45
 229 0162 C100     		.sleb128 65
 230 0164 06       		.uleb128 0x6
 231 0165 DB000000 		.4byte	.LASF46
 232 0169 C200     		.sleb128 66
 233 016b 06       		.uleb128 0x6
 234 016c B0010000 		.4byte	.LASF47
ARM GAS  C:\Users\ROUSSMA\AppData\Local\Temp\cc7Nt3ze.s 			page 7


 235 0170 C300     		.sleb128 67
 236 0172 06       		.uleb128 0x6
 237 0173 33090000 		.4byte	.LASF48
 238 0177 C400     		.sleb128 68
 239 0179 06       		.uleb128 0x6
 240 017a CD080000 		.4byte	.LASF49
 241 017e C500     		.sleb128 69
 242 0180 06       		.uleb128 0x6
 243 0181 12090000 		.4byte	.LASF50
 244 0185 C600     		.sleb128 70
 245 0187 06       		.uleb128 0x6
 246 0188 E3040000 		.4byte	.LASF51
 247 018c C700     		.sleb128 71
 248 018e 06       		.uleb128 0x6
 249 018f 27050000 		.4byte	.LASF52
 250 0193 C800     		.sleb128 72
 251 0195 06       		.uleb128 0x6
 252 0196 8C020000 		.4byte	.LASF53
 253 019a C900     		.sleb128 73
 254 019c 06       		.uleb128 0x6
 255 019d 58070000 		.4byte	.LASF54
 256 01a1 CA00     		.sleb128 74
 257 01a3 06       		.uleb128 0x6
 258 01a4 E8010000 		.4byte	.LASF55
 259 01a8 CB00     		.sleb128 75
 260 01aa 06       		.uleb128 0x6
 261 01ab 0D050000 		.4byte	.LASF56
 262 01af CC00     		.sleb128 76
 263 01b1 06       		.uleb128 0x6
 264 01b2 24000000 		.4byte	.LASF57
 265 01b6 CD00     		.sleb128 77
 266 01b8 06       		.uleb128 0x6
 267 01b9 F4080000 		.4byte	.LASF58
 268 01bd CE00     		.sleb128 78
 269 01bf 06       		.uleb128 0x6
 270 01c0 A5040000 		.4byte	.LASF59
 271 01c4 CF00     		.sleb128 79
 272 01c6 06       		.uleb128 0x6
 273 01c7 6E0A0000 		.4byte	.LASF60
 274 01cb D000     		.sleb128 80
 275 01cd 06       		.uleb128 0x6
 276 01ce 76070000 		.4byte	.LASF61
 277 01d2 D100     		.sleb128 81
 278 01d4 06       		.uleb128 0x6
 279 01d5 AD030000 		.4byte	.LASF62
 280 01d9 D200     		.sleb128 82
 281 01db 06       		.uleb128 0x6
 282 01dc 45030000 		.4byte	.LASF63
 283 01e0 D300     		.sleb128 83
 284 01e2 06       		.uleb128 0x6
 285 01e3 07020000 		.4byte	.LASF64
 286 01e7 D400     		.sleb128 84
 287 01e9 06       		.uleb128 0x6
 288 01ea B70A0000 		.4byte	.LASF65
 289 01ee D500     		.sleb128 85
 290 01f0 06       		.uleb128 0x6
 291 01f1 BE090000 		.4byte	.LASF66
ARM GAS  C:\Users\ROUSSMA\AppData\Local\Temp\cc7Nt3ze.s 			page 8


 292 01f5 D600     		.sleb128 86
 293 01f7 06       		.uleb128 0x6
 294 01f8 95090000 		.4byte	.LASF67
 295 01fc D700     		.sleb128 87
 296 01fe 06       		.uleb128 0x6
 297 01ff 11060000 		.4byte	.LASF68
 298 0203 D800     		.sleb128 88
 299 0205 06       		.uleb128 0x6
 300 0206 62040000 		.4byte	.LASF69
 301 020a F000     		.sleb128 112
 302 020c 06       		.uleb128 0x6
 303 020d 89080000 		.4byte	.LASF70
 304 0211 F100     		.sleb128 113
 305 0213 06       		.uleb128 0x6
 306 0214 C5060000 		.4byte	.LASF71
 307 0218 F200     		.sleb128 114
 308 021a 06       		.uleb128 0x6
 309 021b AF080000 		.4byte	.LASF72
 310 021f F300     		.sleb128 115
 311 0221 06       		.uleb128 0x6
 312 0222 20040000 		.4byte	.LASF73
 313 0226 F400     		.sleb128 116
 314 0228 06       		.uleb128 0x6
 315 0229 BB050000 		.4byte	.LASF74
 316 022d F500     		.sleb128 117
 317 022f 06       		.uleb128 0x6
 318 0230 65020000 		.4byte	.LASF75
 319 0234 F600     		.sleb128 118
 320 0236 06       		.uleb128 0x6
 321 0237 6A080000 		.4byte	.LASF76
 322 023b F700     		.sleb128 119
 323 023d 06       		.uleb128 0x6
 324 023e D2070000 		.4byte	.LASF77
 325 0242 F800     		.sleb128 120
 326 0244 06       		.uleb128 0x6
 327 0245 FC070000 		.4byte	.LASF78
 328 0249 F900     		.sleb128 121
 329 024b 06       		.uleb128 0x6
 330 024c 51090000 		.4byte	.LASF79
 331 0250 FA00     		.sleb128 122
 332 0252 06       		.uleb128 0x6
 333 0253 B4070000 		.4byte	.LASF80
 334 0257 FA01     		.sleb128 250
 335 0259 06       		.uleb128 0x6
 336 025a C4040000 		.4byte	.LASF81
 337 025e FB01     		.sleb128 251
 338 0260 06       		.uleb128 0x6
 339 0261 DB0A0000 		.4byte	.LASF82
 340 0265 FC01     		.sleb128 252
 341 0267 06       		.uleb128 0x6
 342 0268 58060000 		.4byte	.LASF83
 343 026c FD01     		.sleb128 253
 344 026e 06       		.uleb128 0x6
 345 026f 87090000 		.4byte	.LASF84
 346 0273 FF01     		.sleb128 255
 347 0275 00       		.byte	0
 348 0276 04       		.uleb128 0x4
ARM GAS  C:\Users\ROUSSMA\AppData\Local\Temp\cc7Nt3ze.s 			page 9


 349 0277 8D0A0000 		.4byte	.LASF86
 350 027b 03       		.byte	0x3
 351 027c 8901     		.2byte	0x189
 352 027e 6B000000 		.4byte	0x6b
 353 0282 07       		.uleb128 0x7
 354 0283 04       		.byte	0x4
 355 0284 04       		.byte	0x4
 356 0285 46       		.byte	0x46
 357 0286 A3020000 		.4byte	0x2a3
 358 028a 08       		.uleb128 0x8
 359 028b 1F080000 		.4byte	.LASF87
 360 028f 04       		.byte	0x4
 361 0290 49       		.byte	0x49
 362 0291 76020000 		.4byte	0x276
 363 0295 00       		.byte	0
 364 0296 08       		.uleb128 0x8
 365 0297 D5010000 		.4byte	.LASF88
 366 029b 04       		.byte	0x4
 367 029c 4B       		.byte	0x4b
 368 029d A3020000 		.4byte	0x2a3
 369 02a1 02       		.byte	0x2
 370 02a2 00       		.byte	0
 371 02a3 09       		.uleb128 0x9
 372 02a4 76020000 		.4byte	0x276
 373 02a8 B3020000 		.4byte	0x2b3
 374 02ac 0A       		.uleb128 0xa
 375 02ad 8C000000 		.4byte	0x8c
 376 02b1 00       		.byte	0
 377 02b2 00       		.byte	0
 378 02b3 0B       		.uleb128 0xb
 379 02b4 06030000 		.4byte	.LASF89
 380 02b8 04       		.byte	0x4
 381 02b9 4D       		.byte	0x4d
 382 02ba 82020000 		.4byte	0x282
 383 02be 07       		.uleb128 0x7
 384 02bf 0A       		.byte	0xa
 385 02c0 04       		.byte	0x4
 386 02c1 50       		.byte	0x50
 387 02c2 DF020000 		.4byte	0x2df
 388 02c6 08       		.uleb128 0x8
 389 02c7 31010000 		.4byte	.LASF90
 390 02cb 04       		.byte	0x4
 391 02cc 53       		.byte	0x53
 392 02cd 76020000 		.4byte	0x276
 393 02d1 00       		.byte	0
 394 02d2 08       		.uleb128 0x8
 395 02d3 96040000 		.4byte	.LASF91
 396 02d7 04       		.byte	0x4
 397 02d8 56       		.byte	0x56
 398 02d9 DF020000 		.4byte	0x2df
 399 02dd 02       		.byte	0x2
 400 02de 00       		.byte	0
 401 02df 09       		.uleb128 0x9
 402 02e0 B3020000 		.4byte	0x2b3
 403 02e4 EF020000 		.4byte	0x2ef
 404 02e8 0A       		.uleb128 0xa
 405 02e9 8C000000 		.4byte	0x8c
ARM GAS  C:\Users\ROUSSMA\AppData\Local\Temp\cc7Nt3ze.s 			page 10


 406 02ed 01       		.byte	0x1
 407 02ee 00       		.byte	0
 408 02ef 0B       		.uleb128 0xb
 409 02f0 10040000 		.4byte	.LASF92
 410 02f4 04       		.byte	0x4
 411 02f5 58       		.byte	0x58
 412 02f6 BE020000 		.4byte	0x2be
 413 02fa 0C       		.uleb128 0xc
 414 02fb 57010000 		.4byte	.LASF96
 415 02ff 01       		.byte	0x1
 416 0300 4E       		.byte	0x4e
 417 0301 00000000 		.4byte	.LFB2
 418 0305 02000000 		.4byte	.LFE2-.LFB2
 419 0309 01       		.uleb128 0x1
 420 030a 9C       		.byte	0x9c
 421 030b 09       		.uleb128 0x9
 422 030c EF020000 		.4byte	0x2ef
 423 0310 1B030000 		.4byte	0x31b
 424 0314 0A       		.uleb128 0xa
 425 0315 8C000000 		.4byte	0x8c
 426 0319 00       		.byte	0
 427 031a 00       		.byte	0
 428 031b 0D       		.uleb128 0xd
 429 031c A90A0000 		.4byte	.LASF97
 430 0320 01       		.byte	0x1
 431 0321 1A       		.byte	0x1a
 432 0322 2C030000 		.4byte	0x32c
 433 0326 05       		.uleb128 0x5
 434 0327 03       		.byte	0x3
 435 0328 00000000 		.4byte	cyBle_customs
 436 032c 0E       		.uleb128 0xe
 437 032d 0B030000 		.4byte	0x30b
 438 0331 00       		.byte	0
 439              		.section	.debug_abbrev,"",%progbits
 440              	.Ldebug_abbrev0:
 441 0000 01       		.uleb128 0x1
 442 0001 11       		.uleb128 0x11
 443 0002 01       		.byte	0x1
 444 0003 25       		.uleb128 0x25
 445 0004 0E       		.uleb128 0xe
 446 0005 13       		.uleb128 0x13
 447 0006 0B       		.uleb128 0xb
 448 0007 03       		.uleb128 0x3
 449 0008 0E       		.uleb128 0xe
 450 0009 1B       		.uleb128 0x1b
 451 000a 0E       		.uleb128 0xe
 452 000b 55       		.uleb128 0x55
 453 000c 17       		.uleb128 0x17
 454 000d 11       		.uleb128 0x11
 455 000e 01       		.uleb128 0x1
 456 000f 10       		.uleb128 0x10
 457 0010 17       		.uleb128 0x17
 458 0011 00       		.byte	0
 459 0012 00       		.byte	0
 460 0013 02       		.uleb128 0x2
 461 0014 24       		.uleb128 0x24
 462 0015 00       		.byte	0
ARM GAS  C:\Users\ROUSSMA\AppData\Local\Temp\cc7Nt3ze.s 			page 11


 463 0016 0B       		.uleb128 0xb
 464 0017 0B       		.uleb128 0xb
 465 0018 3E       		.uleb128 0x3e
 466 0019 0B       		.uleb128 0xb
 467 001a 03       		.uleb128 0x3
 468 001b 0E       		.uleb128 0xe
 469 001c 00       		.byte	0
 470 001d 00       		.byte	0
 471 001e 03       		.uleb128 0x3
 472 001f 24       		.uleb128 0x24
 473 0020 00       		.byte	0
 474 0021 0B       		.uleb128 0xb
 475 0022 0B       		.uleb128 0xb
 476 0023 3E       		.uleb128 0x3e
 477 0024 0B       		.uleb128 0xb
 478 0025 03       		.uleb128 0x3
 479 0026 08       		.uleb128 0x8
 480 0027 00       		.byte	0
 481 0028 00       		.byte	0
 482 0029 04       		.uleb128 0x4
 483 002a 16       		.uleb128 0x16
 484 002b 00       		.byte	0
 485 002c 03       		.uleb128 0x3
 486 002d 0E       		.uleb128 0xe
 487 002e 3A       		.uleb128 0x3a
 488 002f 0B       		.uleb128 0xb
 489 0030 3B       		.uleb128 0x3b
 490 0031 05       		.uleb128 0x5
 491 0032 49       		.uleb128 0x49
 492 0033 13       		.uleb128 0x13
 493 0034 00       		.byte	0
 494 0035 00       		.byte	0
 495 0036 05       		.uleb128 0x5
 496 0037 04       		.uleb128 0x4
 497 0038 01       		.byte	0x1
 498 0039 0B       		.uleb128 0xb
 499 003a 0B       		.uleb128 0xb
 500 003b 3A       		.uleb128 0x3a
 501 003c 0B       		.uleb128 0xb
 502 003d 3B       		.uleb128 0x3b
 503 003e 05       		.uleb128 0x5
 504 003f 01       		.uleb128 0x1
 505 0040 13       		.uleb128 0x13
 506 0041 00       		.byte	0
 507 0042 00       		.byte	0
 508 0043 06       		.uleb128 0x6
 509 0044 28       		.uleb128 0x28
 510 0045 00       		.byte	0
 511 0046 03       		.uleb128 0x3
 512 0047 0E       		.uleb128 0xe
 513 0048 1C       		.uleb128 0x1c
 514 0049 0D       		.uleb128 0xd
 515 004a 00       		.byte	0
 516 004b 00       		.byte	0
 517 004c 07       		.uleb128 0x7
 518 004d 13       		.uleb128 0x13
 519 004e 01       		.byte	0x1
ARM GAS  C:\Users\ROUSSMA\AppData\Local\Temp\cc7Nt3ze.s 			page 12


 520 004f 0B       		.uleb128 0xb
 521 0050 0B       		.uleb128 0xb
 522 0051 3A       		.uleb128 0x3a
 523 0052 0B       		.uleb128 0xb
 524 0053 3B       		.uleb128 0x3b
 525 0054 0B       		.uleb128 0xb
 526 0055 01       		.uleb128 0x1
 527 0056 13       		.uleb128 0x13
 528 0057 00       		.byte	0
 529 0058 00       		.byte	0
 530 0059 08       		.uleb128 0x8
 531 005a 0D       		.uleb128 0xd
 532 005b 00       		.byte	0
 533 005c 03       		.uleb128 0x3
 534 005d 0E       		.uleb128 0xe
 535 005e 3A       		.uleb128 0x3a
 536 005f 0B       		.uleb128 0xb
 537 0060 3B       		.uleb128 0x3b
 538 0061 0B       		.uleb128 0xb
 539 0062 49       		.uleb128 0x49
 540 0063 13       		.uleb128 0x13
 541 0064 38       		.uleb128 0x38
 542 0065 0B       		.uleb128 0xb
 543 0066 00       		.byte	0
 544 0067 00       		.byte	0
 545 0068 09       		.uleb128 0x9
 546 0069 01       		.uleb128 0x1
 547 006a 01       		.byte	0x1
 548 006b 49       		.uleb128 0x49
 549 006c 13       		.uleb128 0x13
 550 006d 01       		.uleb128 0x1
 551 006e 13       		.uleb128 0x13
 552 006f 00       		.byte	0
 553 0070 00       		.byte	0
 554 0071 0A       		.uleb128 0xa
 555 0072 21       		.uleb128 0x21
 556 0073 00       		.byte	0
 557 0074 49       		.uleb128 0x49
 558 0075 13       		.uleb128 0x13
 559 0076 2F       		.uleb128 0x2f
 560 0077 0B       		.uleb128 0xb
 561 0078 00       		.byte	0
 562 0079 00       		.byte	0
 563 007a 0B       		.uleb128 0xb
 564 007b 16       		.uleb128 0x16
 565 007c 00       		.byte	0
 566 007d 03       		.uleb128 0x3
 567 007e 0E       		.uleb128 0xe
 568 007f 3A       		.uleb128 0x3a
 569 0080 0B       		.uleb128 0xb
 570 0081 3B       		.uleb128 0x3b
 571 0082 0B       		.uleb128 0xb
 572 0083 49       		.uleb128 0x49
 573 0084 13       		.uleb128 0x13
 574 0085 00       		.byte	0
 575 0086 00       		.byte	0
 576 0087 0C       		.uleb128 0xc
ARM GAS  C:\Users\ROUSSMA\AppData\Local\Temp\cc7Nt3ze.s 			page 13


 577 0088 2E       		.uleb128 0x2e
 578 0089 00       		.byte	0
 579 008a 3F       		.uleb128 0x3f
 580 008b 19       		.uleb128 0x19
 581 008c 03       		.uleb128 0x3
 582 008d 0E       		.uleb128 0xe
 583 008e 3A       		.uleb128 0x3a
 584 008f 0B       		.uleb128 0xb
 585 0090 3B       		.uleb128 0x3b
 586 0091 0B       		.uleb128 0xb
 587 0092 27       		.uleb128 0x27
 588 0093 19       		.uleb128 0x19
 589 0094 11       		.uleb128 0x11
 590 0095 01       		.uleb128 0x1
 591 0096 12       		.uleb128 0x12
 592 0097 06       		.uleb128 0x6
 593 0098 40       		.uleb128 0x40
 594 0099 18       		.uleb128 0x18
 595 009a 9742     		.uleb128 0x2117
 596 009c 19       		.uleb128 0x19
 597 009d 00       		.byte	0
 598 009e 00       		.byte	0
 599 009f 0D       		.uleb128 0xd
 600 00a0 34       		.uleb128 0x34
 601 00a1 00       		.byte	0
 602 00a2 03       		.uleb128 0x3
 603 00a3 0E       		.uleb128 0xe
 604 00a4 3A       		.uleb128 0x3a
 605 00a5 0B       		.uleb128 0xb
 606 00a6 3B       		.uleb128 0x3b
 607 00a7 0B       		.uleb128 0xb
 608 00a8 49       		.uleb128 0x49
 609 00a9 13       		.uleb128 0x13
 610 00aa 3F       		.uleb128 0x3f
 611 00ab 19       		.uleb128 0x19
 612 00ac 02       		.uleb128 0x2
 613 00ad 18       		.uleb128 0x18
 614 00ae 00       		.byte	0
 615 00af 00       		.byte	0
 616 00b0 0E       		.uleb128 0xe
 617 00b1 26       		.uleb128 0x26
 618 00b2 00       		.byte	0
 619 00b3 49       		.uleb128 0x49
 620 00b4 13       		.uleb128 0x13
 621 00b5 00       		.byte	0
 622 00b6 00       		.byte	0
 623 00b7 00       		.byte	0
 624              		.section	.debug_aranges,"",%progbits
 625 0000 1C000000 		.4byte	0x1c
 626 0004 0200     		.2byte	0x2
 627 0006 00000000 		.4byte	.Ldebug_info0
 628 000a 04       		.byte	0x4
 629 000b 00       		.byte	0
 630 000c 0000     		.2byte	0
 631 000e 0000     		.2byte	0
 632 0010 00000000 		.4byte	.LFB2
 633 0014 02000000 		.4byte	.LFE2-.LFB2
ARM GAS  C:\Users\ROUSSMA\AppData\Local\Temp\cc7Nt3ze.s 			page 14


 634 0018 00000000 		.4byte	0
 635 001c 00000000 		.4byte	0
 636              		.section	.debug_ranges,"",%progbits
 637              	.Ldebug_ranges0:
 638 0000 00000000 		.4byte	.LFB2
 639 0004 02000000 		.4byte	.LFE2
 640 0008 00000000 		.4byte	0
 641 000c 00000000 		.4byte	0
 642              		.section	.debug_line,"",%progbits
 643              	.Ldebug_line0:
 644 0000 9A000000 		.section	.debug_str,"MS",%progbits,1
 644      02008100 
 644      00000201 
 644      FB0E0D00 
 644      01010101 
 645              	.LASF22:
 646 0000 4359424C 		.ascii	"CYBLE_EVT_GAP_PASSKEY_ENTRY_REQUEST\000"
 646      455F4556 
 646      545F4741 
 646      505F5041 
 646      53534B45 
 647              	.LASF57:
 648 0024 4359424C 		.ascii	"CYBLE_EVT_GATTC_WRITE_RSP\000"
 648      455F4556 
 648      545F4741 
 648      5454435F 
 648      57524954 
 649              	.LASF19:
 650 003e 4359424C 		.ascii	"CYBLE_EVT_MEMORY_REQUEST\000"
 650      455F4556 
 650      545F4D45 
 650      4D4F5259 
 650      5F524551 
 651              	.LASF44:
 652 0057 4359424C 		.ascii	"CYBLE_EVT_GATTC_ERROR_RSP\000"
 652      455F4556 
 652      545F4741 
 652      5454435F 
 652      4552524F 
 653              	.LASF28:
 654 0071 4359424C 		.ascii	"CYBLE_EVT_GAP_DEVICE_DISCONNECTED\000"
 654      455F4556 
 654      545F4741 
 654      505F4445 
 654      56494345 
 655              	.LASF34:
 656 0093 4359424C 		.ascii	"CYBLE_EVT_GAP_KEYPRESS_NOTIFICATION\000"
 656      455F4556 
 656      545F4741 
 656      505F4B45 
 656      59505245 
 657              	.LASF2:
 658 00b7 73686F72 		.ascii	"short int\000"
 658      7420696E 
 658      7400
 659              	.LASF25:
 660 00c1 4359424C 		.ascii	"CYBLE_EVT_GAP_AUTH_FAILED\000"
ARM GAS  C:\Users\ROUSSMA\AppData\Local\Temp\cc7Nt3ze.s 			page 15


 660      455F4556 
 660      545F4741 
 660      505F4155 
 660      54485F46 
 661              	.LASF46:
 662 00db 4359424C 		.ascii	"CYBLE_EVT_GATT_DISCONNECT_IND\000"
 662      455F4556 
 662      545F4741 
 662      54545F44 
 662      4953434F 
 663              	.LASF12:
 664 00f9 73697A65 		.ascii	"sizetype\000"
 664      74797065 
 664      00
 665              	.LASF36:
 666 0102 4359424C 		.ascii	"CYBLE_EVT_GAP_DATA_LENGTH_CHANGE\000"
 666      455F4556 
 666      545F4741 
 666      505F4441 
 666      54415F4C 
 667              	.LASF6:
 668 0123 6C6F6E67 		.ascii	"long long int\000"
 668      206C6F6E 
 668      6720696E 
 668      7400
 669              	.LASF90:
 670 0131 63757374 		.ascii	"customServHandle\000"
 670      6F6D5365 
 670      72764861 
 670      6E646C65 
 670      00
 671              	.LASF17:
 672 0142 4359424C 		.ascii	"CYBLE_EVT_HCI_STATUS\000"
 672      455F4556 
 672      545F4843 
 672      495F5354 
 672      41545553 
 673              	.LASF96:
 674 0157 4379426C 		.ascii	"CyBle_CustomInit\000"
 674      655F4375 
 674      73746F6D 
 674      496E6974 
 674      00
 675              	.LASF14:
 676 0168 4359424C 		.ascii	"CYBLE_EVT_STACK_ON\000"
 676      455F4556 
 676      545F5354 
 676      41434B5F 
 676      4F4E00
 677              	.LASF43:
 678 017b 4359424C 		.ascii	"CYBLE_EVT_GAP_SMP_LOC_P256_KEYS_GEN_AND_SET_COMPLET"
 678      455F4556 
 678      545F4741 
 678      505F534D 
 678      505F4C4F 
 679 01ae 4500     		.ascii	"E\000"
 680              	.LASF47:
ARM GAS  C:\Users\ROUSSMA\AppData\Local\Temp\cc7Nt3ze.s 			page 16


 681 01b0 4359424C 		.ascii	"CYBLE_EVT_GATTS_XCNHG_MTU_REQ\000"
 681      455F4556 
 681      545F4741 
 681      5454535F 
 681      58434E48 
 682              	.LASF85:
 683 01ce 75696E74 		.ascii	"uint16\000"
 683      313600
 684              	.LASF88:
 685 01d5 63757374 		.ascii	"customServCharDesc\000"
 685      6F6D5365 
 685      72764368 
 685      61724465 
 685      736300
 686              	.LASF55:
 687 01e8 4359424C 		.ascii	"CYBLE_EVT_GATTC_READ_MULTI_RSP\000"
 687      455F4556 
 687      545F4741 
 687      5454435F 
 687      52454144 
 688              	.LASF64:
 689 0207 4359424C 		.ascii	"CYBLE_EVT_GATTS_HANDLE_VALUE_CNF\000"
 689      455F4556 
 689      545F4741 
 689      5454535F 
 689      48414E44 
 690              	.LASF13:
 691 0228 4359424C 		.ascii	"CYBLE_EVT_HOST_INVALID\000"
 691      455F4556 
 691      545F484F 
 691      53545F49 
 691      4E56414C 
 692              	.LASF94:
 693 023f 47656E65 		.ascii	"Generated_Source\\PSoC4\\BLE_1_custom.c\000"
 693      72617465 
 693      645F536F 
 693      75726365 
 693      5C50536F 
 694              	.LASF75:
 695 0265 4359424C 		.ascii	"CYBLE_EVT_L2CAP_CBFC_DISCONN_CNF\000"
 695      455F4556 
 695      545F4C32 
 695      4341505F 
 695      43424643 
 696              	.LASF9:
 697 0286 666C6F61 		.ascii	"float\000"
 697      7400
 698              	.LASF53:
 699 028c 4359424C 		.ascii	"CYBLE_EVT_GATTC_READ_RSP\000"
 699      455F4556 
 699      545F4741 
 699      5454435F 
 699      52454144 
 700              	.LASF33:
 701 02a5 4359424C 		.ascii	"CYBLE_EVT_GAP_NUMERIC_COMPARISON_REQUEST\000"
 701      455F4556 
 701      545F4741 
ARM GAS  C:\Users\ROUSSMA\AppData\Local\Temp\cc7Nt3ze.s 			page 17


 701      505F4E55 
 701      4D455249 
 702              	.LASF38:
 703 02ce 4359424C 		.ascii	"CYBLE_EVT_GAPC_DIRECT_ADV_REPORT\000"
 703      455F4556 
 703      545F4741 
 703      50435F44 
 703      49524543 
 704              	.LASF7:
 705 02ef 6C6F6E67 		.ascii	"long long unsigned int\000"
 705      206C6F6E 
 705      6720756E 
 705      7369676E 
 705      65642069 
 706              	.LASF89:
 707 0306 4359424C 		.ascii	"CYBLE_CUSTOMS_INFO_T\000"
 707      455F4355 
 707      53544F4D 
 707      535F494E 
 707      464F5F54 
 708              	.LASF42:
 709 031b 4359424C 		.ascii	"CYBLE_EVT_GAP_AUTH_REQ_REPLY_ERR\000"
 709      455F4556 
 709      545F4741 
 709      505F4155 
 709      54485F52 
 710              	.LASF4:
 711 033c 6C6F6E67 		.ascii	"long int\000"
 711      20696E74 
 711      00
 712              	.LASF63:
 713 0345 4359424C 		.ascii	"CYBLE_EVT_GATTC_HANDLE_VALUE_IND\000"
 713      455F4556 
 713      545F4741 
 713      5454435F 
 713      48414E44 
 714              	.LASF27:
 715 0366 4359424C 		.ascii	"CYBLE_EVT_GAP_DEVICE_CONNECTED\000"
 715      455F4556 
 715      545F4741 
 715      505F4445 
 715      56494345 
 716              	.LASF26:
 717 0385 4359424C 		.ascii	"CYBLE_EVT_GAPP_ADVERTISEMENT_START_STOP\000"
 717      455F4556 
 717      545F4741 
 717      50505F41 
 717      44564552 
 718              	.LASF62:
 719 03ad 4359424C 		.ascii	"CYBLE_EVT_GATTC_HANDLE_VALUE_NTF\000"
 719      455F4556 
 719      545F4741 
 719      5454435F 
 719      48414E44 
 720              	.LASF18:
 721 03ce 4359424C 		.ascii	"CYBLE_EVT_STACK_BUSY_STATUS\000"
 721      455F4556 
ARM GAS  C:\Users\ROUSSMA\AppData\Local\Temp\cc7Nt3ze.s 			page 18


 721      545F5354 
 721      41434B5F 
 721      42555359 
 722              	.LASF23:
 723 03ea 4359424C 		.ascii	"CYBLE_EVT_GAP_PASSKEY_DISPLAY_REQUEST\000"
 723      455F4556 
 723      545F4741 
 723      505F5041 
 723      53534B45 
 724              	.LASF92:
 725 0410 4359424C 		.ascii	"CYBLE_CUSTOMS_T\000"
 725      455F4355 
 725      53544F4D 
 725      535F5400 
 726              	.LASF73:
 727 0420 4359424C 		.ascii	"CYBLE_EVT_L2CAP_CBFC_CONN_CNF\000"
 727      455F4556 
 727      545F4C32 
 727      4341505F 
 727      43424643 
 728              	.LASF37:
 729 043e 4359424C 		.ascii	"CYBLE_EVT_GAP_ENHANCE_CONN_COMPLETE\000"
 729      455F4556 
 729      545F4741 
 729      505F454E 
 729      48414E43 
 730              	.LASF69:
 731 0462 4359424C 		.ascii	"CYBLE_EVT_L2CAP_CONN_PARAM_UPDATE_REQ\000"
 731      455F4556 
 731      545F4C32 
 731      4341505F 
 731      434F4E4E 
 732              	.LASF1:
 733 0488 756E7369 		.ascii	"unsigned char\000"
 733      676E6564 
 733      20636861 
 733      7200
 734              	.LASF91:
 735 0496 63757374 		.ascii	"customServInfo\000"
 735      6F6D5365 
 735      7276496E 
 735      666F00
 736              	.LASF59:
 737 04a5 4359424C 		.ascii	"CYBLE_EVT_GATTS_PREP_WRITE_REQ\000"
 737      455F4556 
 737      545F4741 
 737      5454535F 
 737      50524550 
 738              	.LASF81:
 739 04c4 4359424C 		.ascii	"CYBLE_EVT_LE_PING_AUTH_TIMEOUT\000"
 739      455F4556 
 739      545F4C45 
 739      5F50494E 
 739      475F4155 
 740              	.LASF51:
 741 04e3 4359424C 		.ascii	"CYBLE_EVT_GATTC_FIND_INFO_RSP\000"
 741      455F4556 
ARM GAS  C:\Users\ROUSSMA\AppData\Local\Temp\cc7Nt3ze.s 			page 19


 741      545F4741 
 741      5454435F 
 741      46494E44 
 742              	.LASF0:
 743 0501 7369676E 		.ascii	"signed char\000"
 743      65642063 
 743      68617200 
 744              	.LASF56:
 745 050d 4359424C 		.ascii	"CYBLE_EVT_GATTS_WRITE_REQ\000"
 745      455F4556 
 745      545F4741 
 745      5454535F 
 745      57524954 
 746              	.LASF52:
 747 0527 4359424C 		.ascii	"CYBLE_EVT_GATTC_FIND_BY_TYPE_VALUE_RSP\000"
 747      455F4556 
 747      545F4741 
 747      5454435F 
 747      46494E44 
 748              	.LASF24:
 749 054e 4359424C 		.ascii	"CYBLE_EVT_GAP_AUTH_COMPLETE\000"
 749      455F4556 
 749      545F4741 
 749      505F4155 
 749      54485F43 
 750              	.LASF8:
 751 056a 756E7369 		.ascii	"unsigned int\000"
 751      676E6564 
 751      20696E74 
 751      00
 752              	.LASF45:
 753 0577 4359424C 		.ascii	"CYBLE_EVT_GATT_CONNECT_IND\000"
 753      455F4556 
 753      545F4741 
 753      54545F43 
 753      4F4E4E45 
 754              	.LASF5:
 755 0592 6C6F6E67 		.ascii	"long unsigned int\000"
 755      20756E73 
 755      69676E65 
 755      6420696E 
 755      7400
 756              	.LASF21:
 757 05a4 4359424C 		.ascii	"CYBLE_EVT_GAP_AUTH_REQ\000"
 757      455F4556 
 757      545F4741 
 757      505F4155 
 757      54485F52 
 758              	.LASF74:
 759 05bb 4359424C 		.ascii	"CYBLE_EVT_L2CAP_CBFC_DISCONN_IND\000"
 759      455F4556 
 759      545F4C32 
 759      4341505F 
 759      43424643 
 760              	.LASF29:
 761 05dc 4359424C 		.ascii	"CYBLE_EVT_GAP_ENCRYPT_CHANGE\000"
 761      455F4556 
ARM GAS  C:\Users\ROUSSMA\AppData\Local\Temp\cc7Nt3ze.s 			page 20


 761      545F4741 
 761      505F454E 
 761      43525950 
 762              	.LASF40:
 763 05f9 4359424C 		.ascii	"CYBLE_EVT_GAP_CONN_ESTB\000"
 763      455F4556 
 763      545F4741 
 763      505F434F 
 763      4E4E5F45 
 764              	.LASF68:
 765 0611 4359424C 		.ascii	"CYBLE_EVT_GATTC_LONG_PROCEDURE_END\000"
 765      455F4556 
 765      545F4741 
 765      5454435F 
 765      4C4F4E47 
 766              	.LASF32:
 767 0634 4359424C 		.ascii	"CYBLE_EVT_GAP_KEYINFO_EXCHNGE_CMPLT\000"
 767      455F4556 
 767      545F4741 
 767      505F4B45 
 767      59494E46 
 768              	.LASF83:
 769 0658 4359424C 		.ascii	"CYBLE_EVT_FLASH_CORRUPT\000"
 769      455F4556 
 769      545F464C 
 769      4153485F 
 769      434F5252 
 770              	.LASF30:
 771 0670 4359424C 		.ascii	"CYBLE_EVT_GAP_CONNECTION_UPDATE_COMPLETE\000"
 771      455F4556 
 771      545F4741 
 771      505F434F 
 771      4E4E4543 
 772              	.LASF39:
 773 0699 4359424C 		.ascii	"CYBLE_EVT_GAP_SMP_NEGOTIATED_AUTH_INFO\000"
 773      455F4556 
 773      545F4741 
 773      505F534D 
 773      505F4E45 
 774              	.LASF11:
 775 06c0 63686172 		.ascii	"char\000"
 775      00
 776              	.LASF71:
 777 06c5 4359424C 		.ascii	"CYBLE_EVT_L2CAP_COMMAND_REJ\000"
 777      455F4556 
 777      545F4C32 
 777      4341505F 
 777      434F4D4D 
 778              	.LASF3:
 779 06e1 73686F72 		.ascii	"short unsigned int\000"
 779      7420756E 
 779      7369676E 
 779      65642069 
 779      6E7400
 780              	.LASF20:
 781 06f4 4359424C 		.ascii	"CYBLE_EVT_GAPC_SCAN_PROGRESS_RESULT\000"
 781      455F4556 
ARM GAS  C:\Users\ROUSSMA\AppData\Local\Temp\cc7Nt3ze.s 			page 21


 781      545F4741 
 781      50435F53 
 781      43414E5F 
 782              	.LASF95:
 783 0718 433A5C55 		.ascii	"C:\\Users\\ROUSSMA\\Documents\\PSoC Creator\\RGB_OL"
 783      73657273 
 783      5C524F55 
 783      53534D41 
 783      5C446F63 
 784 0746 45445C52 		.ascii	"ED\\RGB_OLED.cydsn\000"
 784      47425F4F 
 784      4C45442E 
 784      63796473 
 784      6E00
 785              	.LASF54:
 786 0758 4359424C 		.ascii	"CYBLE_EVT_GATTC_READ_BLOB_RSP\000"
 786      455F4556 
 786      545F4741 
 786      5454435F 
 786      52454144 
 787              	.LASF61:
 788 0776 4359424C 		.ascii	"CYBLE_EVT_GATTC_EXEC_WRITE_RSP\000"
 788      455F4556 
 788      545F4741 
 788      5454435F 
 788      45584543 
 789              	.LASF31:
 790 0795 4359424C 		.ascii	"CYBLE_EVT_GAPC_SCAN_START_STOP\000"
 790      455F4556 
 790      545F4741 
 790      50435F53 
 790      43414E5F 
 791              	.LASF80:
 792 07b4 4359424C 		.ascii	"CYBLE_EVT_PENDING_FLASH_WRITE\000"
 792      455F4556 
 792      545F5045 
 792      4E44494E 
 792      475F464C 
 793              	.LASF77:
 794 07d2 4359424C 		.ascii	"CYBLE_EVT_L2CAP_CBFC_RX_CREDIT_IND\000"
 794      455F4556 
 794      545F4C32 
 794      4341505F 
 794      43424643 
 795              	.LASF10:
 796 07f5 646F7562 		.ascii	"double\000"
 796      6C6500
 797              	.LASF78:
 798 07fc 4359424C 		.ascii	"CYBLE_EVT_L2CAP_CBFC_TX_CREDIT_IND\000"
 798      455F4556 
 798      545F4C32 
 798      4341505F 
 798      43424643 
 799              	.LASF87:
 800 081f 63757374 		.ascii	"customServCharHandle\000"
 800      6F6D5365 
 800      72764368 
ARM GAS  C:\Users\ROUSSMA\AppData\Local\Temp\cc7Nt3ze.s 			page 22


 800      61724861 
 800      6E646C65 
 801              	.LASF41:
 802 0834 4359424C 		.ascii	"CYBLE_EVT_GAP_SCAN_REQ_RECVD\000"
 802      455F4556 
 802      545F4741 
 802      505F5343 
 802      414E5F52 
 803              	.LASF16:
 804 0851 4359424C 		.ascii	"CYBLE_EVT_HARDWARE_ERROR\000"
 804      455F4556 
 804      545F4841 
 804      52445741 
 804      52455F45 
 805              	.LASF76:
 806 086a 4359424C 		.ascii	"CYBLE_EVT_L2CAP_CBFC_DATA_READ\000"
 806      455F4556 
 806      545F4C32 
 806      4341505F 
 806      43424643 
 807              	.LASF70:
 808 0889 4359424C 		.ascii	"CYBLE_EVT_L2CAP_CONN_PARAM_UPDATE_RSP\000"
 808      455F4556 
 808      545F4C32 
 808      4341505F 
 808      434F4E4E 
 809              	.LASF72:
 810 08af 4359424C 		.ascii	"CYBLE_EVT_L2CAP_CBFC_CONN_IND\000"
 810      455F4556 
 810      545F4C32 
 810      4341505F 
 810      43424643 
 811              	.LASF49:
 812 08cd 4359424C 		.ascii	"CYBLE_EVT_GATTC_READ_BY_GROUP_TYPE_RSP\000"
 812      455F4556 
 812      545F4741 
 812      5454435F 
 812      52454144 
 813              	.LASF58:
 814 08f4 4359424C 		.ascii	"CYBLE_EVT_GATTS_WRITE_CMD_REQ\000"
 814      455F4556 
 814      545F4741 
 814      5454535F 
 814      57524954 
 815              	.LASF50:
 816 0912 4359424C 		.ascii	"CYBLE_EVT_GATTC_READ_BY_TYPE_RSP\000"
 816      455F4556 
 816      545F4741 
 816      5454435F 
 816      52454144 
 817              	.LASF48:
 818 0933 4359424C 		.ascii	"CYBLE_EVT_GATTC_XCHNG_MTU_RSP\000"
 818      455F4556 
 818      545F4741 
 818      5454435F 
 818      5843484E 
 819              	.LASF79:
ARM GAS  C:\Users\ROUSSMA\AppData\Local\Temp\cc7Nt3ze.s 			page 23


 820 0951 4359424C 		.ascii	"CYBLE_EVT_L2CAP_CBFC_DATA_WRITE_IND\000"
 820      455F4556 
 820      545F4C32 
 820      4341505F 
 820      43424643 
 821              	.LASF15:
 822 0975 4359424C 		.ascii	"CYBLE_EVT_TIMEOUT\000"
 822      455F4556 
 822      545F5449 
 822      4D454F55 
 822      5400
 823              	.LASF84:
 824 0987 4359424C 		.ascii	"CYBLE_EVT_MAX\000"
 824      455F4556 
 824      545F4D41 
 824      5800
 825              	.LASF67:
 826 0995 4359424C 		.ascii	"CYBLE_EVT_GATTS_READ_CHAR_VAL_ACCESS_REQ\000"
 826      455F4556 
 826      545F4741 
 826      5454535F 
 826      52454144 
 827              	.LASF66:
 828 09be 4359424C 		.ascii	"CYBLE_EVT_GATTC_STOP_CMD_COMPLETE\000"
 828      455F4556 
 828      545F4741 
 828      5454435F 
 828      53544F50 
 829              	.LASF93:
 830 09e0 474E5520 		.ascii	"GNU C 4.9.3 20150303 (release) [ARM/embedded-4_9-br"
 830      4320342E 
 830      392E3320 
 830      32303135 
 830      30333033 
 831 0a13 616E6368 		.ascii	"anch revision 221220] -mcpu=cortex-m0 -mthumb -g -O"
 831      20726576 
 831      6973696F 
 831      6E203232 
 831      31323230 
 832 0a46 67202D66 		.ascii	"g -ffunction-sections -ffat-lto-objects\000"
 832      66756E63 
 832      74696F6E 
 832      2D736563 
 832      74696F6E 
 833              	.LASF60:
 834 0a6e 4359424C 		.ascii	"CYBLE_EVT_GATTS_EXEC_WRITE_REQ\000"
 834      455F4556 
 834      545F4741 
 834      5454535F 
 834      45584543 
 835              	.LASF86:
 836 0a8d 4359424C 		.ascii	"CYBLE_GATT_DB_ATTR_HANDLE_T\000"
 836      455F4741 
 836      54545F44 
 836      425F4154 
 836      54525F48 
 837              	.LASF97:
ARM GAS  C:\Users\ROUSSMA\AppData\Local\Temp\cc7Nt3ze.s 			page 24


 838 0aa9 6379426C 		.ascii	"cyBle_customs\000"
 838      655F6375 
 838      73746F6D 
 838      7300
 839              	.LASF65:
 840 0ab7 4359424C 		.ascii	"CYBLE_EVT_GATTS_DATA_SIGNED_CMD_REQ\000"
 840      455F4556 
 840      545F4741 
 840      5454535F 
 840      44415441 
 841              	.LASF82:
 842 0adb 4359424C 		.ascii	"CYBLE_EVT_HCI_PKT\000"
 842      455F4556 
 842      545F4843 
 842      495F504B 
 842      5400
 843              	.LASF35:
 844 0aed 4359424C 		.ascii	"CYBLE_EVT_GAP_OOB_GENERATED_NOTIFICATION\000"
 844      455F4556 
 844      545F4741 
 844      505F4F4F 
 844      425F4745 
 845              		.ident	"GCC: (GNU Tools for ARM Embedded Processors) 4.9.3 20150303 (release) [ARM/embedded-4_9-br
