--------------- Clean Started: 07/10/2017 20:18:50 Project: RGB_OLED, Configuration: ARM GCC 4.9-2015-q1-update Debug ---------------
Deleting file ".\CortexM0\ARM_GCC_493\Debug\main.o"
Deleting file ".\CortexM0\ARM_GCC_493\Debug\oled_ssd1331.o"
Deleting file ".\CortexM0\ARM_GCC_493\Debug\lcd_ili9163.o"
Deleting file ".\CortexM0\ARM_GCC_493\Debug\BLEProcess.o"
Deleting file ".\CortexM0\ARM_GCC_493\Debug\fonts.o"
Deleting file ".\CortexM0\ARM_GCC_493\Debug\cyfitter_cfg.o"
Deleting file ".\CortexM0\ARM_GCC_493\Debug\cymetadata.o"
Deleting file ".\CortexM0\ARM_GCC_493\Debug\Cm0Start.o"
Deleting file ".\CortexM0\ARM_GCC_493\Debug\CyBootAsmGnu.o"
Deleting file ".\CortexM0\ARM_GCC_493\Debug\CyFlash.o"
Deleting file ".\CortexM0\ARM_GCC_493\Debug\CyLib.o"
Deleting file ".\CortexM0\ARM_GCC_493\Debug\cyPm.o"
Deleting file ".\CortexM0\ARM_GCC_493\Debug\cyutils.o"
Deleting file ".\CortexM0\ARM_GCC_493\Debug\CyLFClk.o"
Deleting file ".\CortexM0\ARM_GCC_493\Debug\OLED_Reset.o"
Deleting file ".\CortexM0\ARM_GCC_493\Debug\OLED_Reset_PM.o"
Deleting file ".\CortexM0\ARM_GCC_493\Debug\OLED_DC.o"
Deleting file ".\CortexM0\ARM_GCC_493\Debug\OLED_DC_PM.o"
Deleting file ".\CortexM0\ARM_GCC_493\Debug\SPI_Master.o"
Deleting file ".\CortexM0\ARM_GCC_493\Debug\SPI_Master_SPI_UART.o"
Deleting file ".\CortexM0\ARM_GCC_493\Debug\SPI_Master_PM.o"
Deleting file ".\CortexM0\ARM_GCC_493\Debug\SPI_Master_SPI.o"
Deleting file ".\CortexM0\ARM_GCC_493\Debug\SPI_Master_BOOT.o"
Deleting file ".\CortexM0\ARM_GCC_493\Debug\SPI_Master_SPI_BOOT.o"
Deleting file ".\CortexM0\ARM_GCC_493\Debug\SPI_Master_SCBCLK.o"
Deleting file ".\CortexM0\ARM_GCC_493\Debug\SPI_Master_sclk_m.o"
Deleting file ".\CortexM0\ARM_GCC_493\Debug\SPI_Master_sclk_m_PM.o"
Deleting file ".\CortexM0\ARM_GCC_493\Debug\SPI_Master_mosi_m.o"
Deleting file ".\CortexM0\ARM_GCC_493\Debug\SPI_Master_mosi_m_PM.o"
Deleting file ".\CortexM0\ARM_GCC_493\Debug\SPI_Master_ss0_m.o"
Deleting file ".\CortexM0\ARM_GCC_493\Debug\SPI_Master_ss0_m_PM.o"
Deleting file ".\CortexM0\ARM_GCC_493\Debug\CyDMA.o"
Deleting file ".\CortexM0\ARM_GCC_493\Debug\BLE_1.o"
Deleting file ".\CortexM0\ARM_GCC_493\Debug\BLE_1_gatt.o"
Deleting file ".\CortexM0\ARM_GCC_493\Debug\BLE_1_eventHandler.o"
Deleting file ".\CortexM0\ARM_GCC_493\Debug\BLE_1_HAL_INT.o"
Deleting file ".\CortexM0\ARM_GCC_493\Debug\BLE_1_HAL_PVT.o"
Deleting file ".\CortexM0\ARM_GCC_493\Debug\BLE_1_custom.o"
Deleting file ".\CortexM0\ARM_GCC_493\Debug\BLE_1_bless_isr.o"
Deleting file ".\CortexM0\ARM_GCC_493\Debug\RGB_OLED.hex"
Deleting file ".\CortexM0\ARM_GCC_493\Debug\RGB_OLED.elf"
Deleting file ".\CortexM0\ARM_GCC_493\Debug\RGB_OLED.map"
Deleting file ".\RGB_OLED.cycdx"
Deleting file ".\RGB_OLED.svd"
Deleting file ".\RGB_OLED.rpt"
Deleting file ".\RGB_OLED_timing.html"
Deleting file ".\CortexM0\ARM_GCC_493\Debug\.deps\SOURCE_C__ARM_GCC_GENERIC.P"
Deleting file ".\CortexM0\ARM_GCC_493\Debug\.deps\SOURCE_ASM__ARM_GCC_GENERIC.P"
--------------- Clean Succeeded: 07/10/2017 20:18:50 ---------------
