ARM GAS  C:\Users\ROUSSMA\AppData\Local\Temp\ccq023Lv.s 			page 1


   1              		.cpu cortex-m0
   2              		.fpu softvfp
   3              		.eabi_attribute 20, 1
   4              		.eabi_attribute 21, 1
   5              		.eabi_attribute 23, 3
   6              		.eabi_attribute 24, 1
   7              		.eabi_attribute 25, 1
   8              		.eabi_attribute 26, 1
   9              		.eabi_attribute 30, 1
  10              		.eabi_attribute 34, 0
  11              		.eabi_attribute 18, 4
  12              		.code	16
  13              		.file	"cyfitter_cfg.c"
  14              		.text
  15              	.Ltext0:
  16              		.cfi_sections	.debug_frame
  17              		.section	.text.AnalogSetDefault,"ax",%progbits
  18              		.align	2
  19              		.code	16
  20              		.thumb_func
  21              		.type	AnalogSetDefault, %function
  22              	AnalogSetDefault:
  23              	.LFB6:
  24              		.file 1 "Generated_Source\\PSoC4\\cyfitter_cfg.c"
   1:Generated_Source\PSoC4/cyfitter_cfg.c **** /*******************************************************************************
   2:Generated_Source\PSoC4/cyfitter_cfg.c **** * File Name: cyfitter_cfg.c
   3:Generated_Source\PSoC4/cyfitter_cfg.c **** * 
   4:Generated_Source\PSoC4/cyfitter_cfg.c **** * PSoC Creator  4.0 Update 1
   5:Generated_Source\PSoC4/cyfitter_cfg.c **** *
   6:Generated_Source\PSoC4/cyfitter_cfg.c **** * Description:
   7:Generated_Source\PSoC4/cyfitter_cfg.c **** * This file contains device initialization code.
   8:Generated_Source\PSoC4/cyfitter_cfg.c **** * Except for the user defined sections in CyClockStartupError(), this file should not be modified.
   9:Generated_Source\PSoC4/cyfitter_cfg.c **** * This file is automatically generated by PSoC Creator.
  10:Generated_Source\PSoC4/cyfitter_cfg.c **** *
  11:Generated_Source\PSoC4/cyfitter_cfg.c **** ********************************************************************************
  12:Generated_Source\PSoC4/cyfitter_cfg.c **** * Copyright (c) 2007-2016 Cypress Semiconductor.  All rights reserved.
  13:Generated_Source\PSoC4/cyfitter_cfg.c **** * You may use this file only in accordance with the license, terms, conditions, 
  14:Generated_Source\PSoC4/cyfitter_cfg.c **** * disclaimers, and limitations in the end user license agreement accompanying 
  15:Generated_Source\PSoC4/cyfitter_cfg.c **** * the software package with which this file was provided.
  16:Generated_Source\PSoC4/cyfitter_cfg.c **** ********************************************************************************/
  17:Generated_Source\PSoC4/cyfitter_cfg.c **** 
  18:Generated_Source\PSoC4/cyfitter_cfg.c **** #include <string.h>
  19:Generated_Source\PSoC4/cyfitter_cfg.c **** #include "cytypes.h"
  20:Generated_Source\PSoC4/cyfitter_cfg.c **** #include "cydevice_trm.h"
  21:Generated_Source\PSoC4/cyfitter_cfg.c **** #include "cyfitter.h"
  22:Generated_Source\PSoC4/cyfitter_cfg.c **** #include "CyLib.h"
  23:Generated_Source\PSoC4/cyfitter_cfg.c **** #include "CyLFClk.h"
  24:Generated_Source\PSoC4/cyfitter_cfg.c **** #include "cyfitter_cfg.h"
  25:Generated_Source\PSoC4/cyfitter_cfg.c **** #include "cyapicallbacks.h"
  26:Generated_Source\PSoC4/cyfitter_cfg.c **** 
  27:Generated_Source\PSoC4/cyfitter_cfg.c **** 
  28:Generated_Source\PSoC4/cyfitter_cfg.c **** #if defined(__GNUC__) || defined(__ARMCC_VERSION)
  29:Generated_Source\PSoC4/cyfitter_cfg.c ****     #define CYPACKED 
  30:Generated_Source\PSoC4/cyfitter_cfg.c ****     #define CYPACKED_ATTR __attribute__ ((packed))
  31:Generated_Source\PSoC4/cyfitter_cfg.c ****     #define CYALIGNED __attribute__ ((aligned))
  32:Generated_Source\PSoC4/cyfitter_cfg.c ****     #define CY_CFG_UNUSED __attribute__ ((unused))
  33:Generated_Source\PSoC4/cyfitter_cfg.c ****     #ifndef CY_CFG_SECTION
ARM GAS  C:\Users\ROUSSMA\AppData\Local\Temp\ccq023Lv.s 			page 2


  34:Generated_Source\PSoC4/cyfitter_cfg.c ****         #define CY_CFG_SECTION __attribute__ ((section(".psocinit")))
  35:Generated_Source\PSoC4/cyfitter_cfg.c ****     #endif
  36:Generated_Source\PSoC4/cyfitter_cfg.c ****     
  37:Generated_Source\PSoC4/cyfitter_cfg.c ****     #if defined(__ARMCC_VERSION)
  38:Generated_Source\PSoC4/cyfitter_cfg.c ****         #define CY_CFG_MEMORY_BARRIER() __memory_changed()
  39:Generated_Source\PSoC4/cyfitter_cfg.c ****     #else
  40:Generated_Source\PSoC4/cyfitter_cfg.c ****         #define CY_CFG_MEMORY_BARRIER() __sync_synchronize()
  41:Generated_Source\PSoC4/cyfitter_cfg.c ****     #endif
  42:Generated_Source\PSoC4/cyfitter_cfg.c ****     
  43:Generated_Source\PSoC4/cyfitter_cfg.c **** #elif defined(__ICCARM__)
  44:Generated_Source\PSoC4/cyfitter_cfg.c ****     #include <intrinsics.h>
  45:Generated_Source\PSoC4/cyfitter_cfg.c **** 
  46:Generated_Source\PSoC4/cyfitter_cfg.c ****     #define CYPACKED __packed
  47:Generated_Source\PSoC4/cyfitter_cfg.c ****     #define CYPACKED_ATTR 
  48:Generated_Source\PSoC4/cyfitter_cfg.c ****     #define CYALIGNED _Pragma("data_alignment=4")
  49:Generated_Source\PSoC4/cyfitter_cfg.c ****     #define CY_CFG_UNUSED _Pragma("diag_suppress=Pe177")
  50:Generated_Source\PSoC4/cyfitter_cfg.c ****     #define CY_CFG_SECTION _Pragma("location=\".psocinit\"")
  51:Generated_Source\PSoC4/cyfitter_cfg.c ****     
  52:Generated_Source\PSoC4/cyfitter_cfg.c ****     #define CY_CFG_MEMORY_BARRIER() __DMB()
  53:Generated_Source\PSoC4/cyfitter_cfg.c ****     
  54:Generated_Source\PSoC4/cyfitter_cfg.c **** #else
  55:Generated_Source\PSoC4/cyfitter_cfg.c ****     #error Unsupported toolchain
  56:Generated_Source\PSoC4/cyfitter_cfg.c **** #endif
  57:Generated_Source\PSoC4/cyfitter_cfg.c **** 
  58:Generated_Source\PSoC4/cyfitter_cfg.c **** 
  59:Generated_Source\PSoC4/cyfitter_cfg.c **** CY_CFG_UNUSED
  60:Generated_Source\PSoC4/cyfitter_cfg.c **** static void CYMEMZERO(void *s, size_t n);
  61:Generated_Source\PSoC4/cyfitter_cfg.c **** CY_CFG_UNUSED
  62:Generated_Source\PSoC4/cyfitter_cfg.c **** static void CYMEMZERO(void *s, size_t n)
  63:Generated_Source\PSoC4/cyfitter_cfg.c **** {
  64:Generated_Source\PSoC4/cyfitter_cfg.c **** 	(void)memset(s, 0, n);
  65:Generated_Source\PSoC4/cyfitter_cfg.c **** }
  66:Generated_Source\PSoC4/cyfitter_cfg.c **** CY_CFG_UNUSED
  67:Generated_Source\PSoC4/cyfitter_cfg.c **** static void CYCONFIGCPY(void *dest, const void *src, size_t n);
  68:Generated_Source\PSoC4/cyfitter_cfg.c **** CY_CFG_UNUSED
  69:Generated_Source\PSoC4/cyfitter_cfg.c **** static void CYCONFIGCPY(void *dest, const void *src, size_t n)
  70:Generated_Source\PSoC4/cyfitter_cfg.c **** {
  71:Generated_Source\PSoC4/cyfitter_cfg.c **** 	(void)memcpy(dest, src, n);
  72:Generated_Source\PSoC4/cyfitter_cfg.c **** }
  73:Generated_Source\PSoC4/cyfitter_cfg.c **** CY_CFG_UNUSED
  74:Generated_Source\PSoC4/cyfitter_cfg.c **** static void CYCONFIGCPYCODE(void *dest, const void *src, size_t n);
  75:Generated_Source\PSoC4/cyfitter_cfg.c **** CY_CFG_UNUSED
  76:Generated_Source\PSoC4/cyfitter_cfg.c **** static void CYCONFIGCPYCODE(void *dest, const void *src, size_t n)
  77:Generated_Source\PSoC4/cyfitter_cfg.c **** {
  78:Generated_Source\PSoC4/cyfitter_cfg.c **** 	(void)memcpy(dest, src, n);
  79:Generated_Source\PSoC4/cyfitter_cfg.c **** }
  80:Generated_Source\PSoC4/cyfitter_cfg.c **** 
  81:Generated_Source\PSoC4/cyfitter_cfg.c **** 
  82:Generated_Source\PSoC4/cyfitter_cfg.c **** 
  83:Generated_Source\PSoC4/cyfitter_cfg.c **** 
  84:Generated_Source\PSoC4/cyfitter_cfg.c **** /* Clock startup error codes                                                   */
  85:Generated_Source\PSoC4/cyfitter_cfg.c **** #define CYCLOCKSTART_NO_ERROR    0u
  86:Generated_Source\PSoC4/cyfitter_cfg.c **** #define CYCLOCKSTART_XTAL_ERROR  1u
  87:Generated_Source\PSoC4/cyfitter_cfg.c **** #define CYCLOCKSTART_32KHZ_ERROR 2u
  88:Generated_Source\PSoC4/cyfitter_cfg.c **** #define CYCLOCKSTART_PLL_ERROR   3u
  89:Generated_Source\PSoC4/cyfitter_cfg.c **** 
  90:Generated_Source\PSoC4/cyfitter_cfg.c **** 
ARM GAS  C:\Users\ROUSSMA\AppData\Local\Temp\ccq023Lv.s 			page 3


  91:Generated_Source\PSoC4/cyfitter_cfg.c **** #ifdef CY_NEED_CYCLOCKSTARTUPERROR
  92:Generated_Source\PSoC4/cyfitter_cfg.c **** /*******************************************************************************
  93:Generated_Source\PSoC4/cyfitter_cfg.c **** * Function Name: CyClockStartupError
  94:Generated_Source\PSoC4/cyfitter_cfg.c **** ********************************************************************************
  95:Generated_Source\PSoC4/cyfitter_cfg.c **** * Summary:
  96:Generated_Source\PSoC4/cyfitter_cfg.c **** *  If an error is encountered during clock configuration (crystal startup error,
  97:Generated_Source\PSoC4/cyfitter_cfg.c **** *  PLL lock error, etc.), the system will end up here.  Unless reimplemented by
  98:Generated_Source\PSoC4/cyfitter_cfg.c **** *  the customer, this function will stop in an infinite loop.
  99:Generated_Source\PSoC4/cyfitter_cfg.c **** *
 100:Generated_Source\PSoC4/cyfitter_cfg.c **** * Parameters:
 101:Generated_Source\PSoC4/cyfitter_cfg.c **** *   void
 102:Generated_Source\PSoC4/cyfitter_cfg.c **** *
 103:Generated_Source\PSoC4/cyfitter_cfg.c **** * Return:
 104:Generated_Source\PSoC4/cyfitter_cfg.c **** *   void
 105:Generated_Source\PSoC4/cyfitter_cfg.c **** *
 106:Generated_Source\PSoC4/cyfitter_cfg.c **** *******************************************************************************/
 107:Generated_Source\PSoC4/cyfitter_cfg.c **** CY_CFG_UNUSED
 108:Generated_Source\PSoC4/cyfitter_cfg.c **** static void CyClockStartupError(uint8 errorCode);
 109:Generated_Source\PSoC4/cyfitter_cfg.c **** CY_CFG_UNUSED
 110:Generated_Source\PSoC4/cyfitter_cfg.c **** static void CyClockStartupError(uint8 errorCode)
 111:Generated_Source\PSoC4/cyfitter_cfg.c **** {
 112:Generated_Source\PSoC4/cyfitter_cfg.c ****     /* To remove the compiler warning if errorCode not used.                */
 113:Generated_Source\PSoC4/cyfitter_cfg.c ****     errorCode = errorCode;
 114:Generated_Source\PSoC4/cyfitter_cfg.c **** 
 115:Generated_Source\PSoC4/cyfitter_cfg.c ****     /* If we have a clock startup error (bad MHz crystal, PLL lock, etc.),  */
 116:Generated_Source\PSoC4/cyfitter_cfg.c ****     /* we will end up here to allow the customer to implement something to  */
 117:Generated_Source\PSoC4/cyfitter_cfg.c ****     /* deal with the clock condition.                                       */
 118:Generated_Source\PSoC4/cyfitter_cfg.c **** 
 119:Generated_Source\PSoC4/cyfitter_cfg.c **** #ifdef CY_CFG_CLOCK_STARTUP_ERROR_CALLBACK
 120:Generated_Source\PSoC4/cyfitter_cfg.c **** 	CY_CFG_Clock_Startup_ErrorCallback();
 121:Generated_Source\PSoC4/cyfitter_cfg.c **** #else
 122:Generated_Source\PSoC4/cyfitter_cfg.c **** 	/*  If not using CY_CFG_CLOCK_STARTUP_ERROR_CALLBACK, place your clock startup code here. */
 123:Generated_Source\PSoC4/cyfitter_cfg.c ****     /* `#START CyClockStartupError` */
 124:Generated_Source\PSoC4/cyfitter_cfg.c **** 
 125:Generated_Source\PSoC4/cyfitter_cfg.c **** 
 126:Generated_Source\PSoC4/cyfitter_cfg.c **** 
 127:Generated_Source\PSoC4/cyfitter_cfg.c ****     /* `#END` */
 128:Generated_Source\PSoC4/cyfitter_cfg.c **** 
 129:Generated_Source\PSoC4/cyfitter_cfg.c ****     /* If nothing else, stop here since the clocks have not started         */
 130:Generated_Source\PSoC4/cyfitter_cfg.c ****     /* correctly.                                                           */
 131:Generated_Source\PSoC4/cyfitter_cfg.c ****     while(1) {}
 132:Generated_Source\PSoC4/cyfitter_cfg.c **** #endif /* CY_CFG_CLOCK_STARTUP_ERROR_CALLBACK */ 
 133:Generated_Source\PSoC4/cyfitter_cfg.c **** }
 134:Generated_Source\PSoC4/cyfitter_cfg.c **** #endif
 135:Generated_Source\PSoC4/cyfitter_cfg.c **** 
 136:Generated_Source\PSoC4/cyfitter_cfg.c **** 
 137:Generated_Source\PSoC4/cyfitter_cfg.c **** 
 138:Generated_Source\PSoC4/cyfitter_cfg.c **** /*******************************************************************************
 139:Generated_Source\PSoC4/cyfitter_cfg.c **** * Function Name: ClockSetup
 140:Generated_Source\PSoC4/cyfitter_cfg.c **** ********************************************************************************
 141:Generated_Source\PSoC4/cyfitter_cfg.c **** *
 142:Generated_Source\PSoC4/cyfitter_cfg.c **** * Summary:
 143:Generated_Source\PSoC4/cyfitter_cfg.c **** *   Performs the initialization of all of the clocks in the device based on the
 144:Generated_Source\PSoC4/cyfitter_cfg.c **** *   settings in the Clock tab of the DWR.  This includes enabling the requested
 145:Generated_Source\PSoC4/cyfitter_cfg.c **** *   clocks and setting the necessary dividers to produce the desired frequency. 
 146:Generated_Source\PSoC4/cyfitter_cfg.c **** *
 147:Generated_Source\PSoC4/cyfitter_cfg.c **** * Parameters:
ARM GAS  C:\Users\ROUSSMA\AppData\Local\Temp\ccq023Lv.s 			page 4


 148:Generated_Source\PSoC4/cyfitter_cfg.c **** *   void
 149:Generated_Source\PSoC4/cyfitter_cfg.c **** *
 150:Generated_Source\PSoC4/cyfitter_cfg.c **** * Return:
 151:Generated_Source\PSoC4/cyfitter_cfg.c **** *   void
 152:Generated_Source\PSoC4/cyfitter_cfg.c **** *
 153:Generated_Source\PSoC4/cyfitter_cfg.c **** *******************************************************************************/
 154:Generated_Source\PSoC4/cyfitter_cfg.c **** static void ClockSetup(void);
 155:Generated_Source\PSoC4/cyfitter_cfg.c **** CY_CFG_SECTION
 156:Generated_Source\PSoC4/cyfitter_cfg.c **** static void ClockSetup(void)
 157:Generated_Source\PSoC4/cyfitter_cfg.c **** {
 158:Generated_Source\PSoC4/cyfitter_cfg.c **** 
 159:Generated_Source\PSoC4/cyfitter_cfg.c **** 	/* Set Flash Cycles based on max possible frequency in case a glitch occurs during ClockSetup(). *
 160:Generated_Source\PSoC4/cyfitter_cfg.c **** 	CY_SET_REG32((void CYXDATA *)(CYREG_CPUSS_FLASH_CTL), (0x0012u));
 161:Generated_Source\PSoC4/cyfitter_cfg.c **** 
 162:Generated_Source\PSoC4/cyfitter_cfg.c **** 	/* Start the WCO */
 163:Generated_Source\PSoC4/cyfitter_cfg.c **** 	CySysClkWcoStart();
 164:Generated_Source\PSoC4/cyfitter_cfg.c **** 	CyDelayCycles(12000000u); /* WCO may take up to 500ms to start */
 165:Generated_Source\PSoC4/cyfitter_cfg.c **** 	(void)CySysClkWcoSetPowerMode(CY_SYS_CLK_WCO_LPM);    /* Switch to the low power mode */
 166:Generated_Source\PSoC4/cyfitter_cfg.c **** 
 167:Generated_Source\PSoC4/cyfitter_cfg.c **** 	/* Setup and trim IMO based on desired frequency. */
 168:Generated_Source\PSoC4/cyfitter_cfg.c **** 	CySysClkWriteImoFreq(12u);
 169:Generated_Source\PSoC4/cyfitter_cfg.c **** 	/* CYDEV_CLK_ILO_CONFIG Starting address: CYDEV_CLK_ILO_CONFIG */
 170:Generated_Source\PSoC4/cyfitter_cfg.c **** 	CY_SET_XTND_REG32((void CYFAR *)(CYREG_CLK_ILO_CONFIG), 0x80000006u);
 171:Generated_Source\PSoC4/cyfitter_cfg.c **** 
 172:Generated_Source\PSoC4/cyfitter_cfg.c **** 	/* CYDEV_WDT_CONFIG Starting address: CYDEV_WDT_CONFIG */
 173:Generated_Source\PSoC4/cyfitter_cfg.c **** 	CY_SET_XTND_REG32((void CYFAR *)(CYREG_WDT_CONFIG), 0x40000000u);
 174:Generated_Source\PSoC4/cyfitter_cfg.c **** 
 175:Generated_Source\PSoC4/cyfitter_cfg.c **** 
 176:Generated_Source\PSoC4/cyfitter_cfg.c **** 	/* Enable fast start mode for XO */
 177:Generated_Source\PSoC4/cyfitter_cfg.c **** 	CY_SET_REG32((void*)CYREG_BLE_BLERD_BB_XO, CY_GET_REG32((void*)CYREG_BLE_BLERD_BB_XO) | (uint32)0x
 178:Generated_Source\PSoC4/cyfitter_cfg.c **** 	CY_SET_XTND_REG32((void CYFAR *)(CYREG_BLE_BLERD_BB_XO_CAPTRIM), 0x00003E2Du);
 179:Generated_Source\PSoC4/cyfitter_cfg.c **** 	/*Set XTAL(ECO) divider*/
 180:Generated_Source\PSoC4/cyfitter_cfg.c **** 	CY_SET_XTND_REG32((void CYFAR *)(CYREG_BLE_BLESS_XTAL_CLK_DIV_CONFIG), 0x00000000u);
 181:Generated_Source\PSoC4/cyfitter_cfg.c **** 	/* Disable Crystal Stable Interrupt before enabling ECO */
 182:Generated_Source\PSoC4/cyfitter_cfg.c **** 	CY_SET_REG32((void*)CYREG_BLE_BLESS_LL_DSM_CTRL, CY_GET_REG32((void*)CYREG_BLE_BLESS_LL_DSM_CTRL) 
 183:Generated_Source\PSoC4/cyfitter_cfg.c **** 	/* Start the ECO and do not check status since it is not needed for HFCLK */
 184:Generated_Source\PSoC4/cyfitter_cfg.c **** 	(void)CySysClkEcoStart(2000u);
 185:Generated_Source\PSoC4/cyfitter_cfg.c **** 	CyDelayUs(1500u); /* Wait to stabalize */
 186:Generated_Source\PSoC4/cyfitter_cfg.c **** 
 187:Generated_Source\PSoC4/cyfitter_cfg.c **** 	/* Setup phase aligned clocks */
 188:Generated_Source\PSoC4/cyfitter_cfg.c **** 	CY_SET_REG32((void *)CYREG_PERI_DIV_16_CTL0, 0x00000000u);
 189:Generated_Source\PSoC4/cyfitter_cfg.c **** 	CY_SET_REG32((void *)CYREG_PERI_DIV_CMD, 0x8000FF40u);
 190:Generated_Source\PSoC4/cyfitter_cfg.c **** 
 191:Generated_Source\PSoC4/cyfitter_cfg.c **** 	/* CYDEV_CLK_IMO_CONFIG Starting address: CYDEV_CLK_IMO_CONFIG */
 192:Generated_Source\PSoC4/cyfitter_cfg.c **** 	CY_SET_XTND_REG32((void CYFAR *)(CYREG_CLK_IMO_CONFIG), 0x80000000u);
 193:Generated_Source\PSoC4/cyfitter_cfg.c **** 
 194:Generated_Source\PSoC4/cyfitter_cfg.c **** 	/* CYDEV_CLK_SELECT Starting address: CYDEV_CLK_SELECT */
 195:Generated_Source\PSoC4/cyfitter_cfg.c **** 	CY_SET_XTND_REG32((void CYFAR *)(CYREG_CLK_SELECT), 0x00000000u);
 196:Generated_Source\PSoC4/cyfitter_cfg.c **** 
 197:Generated_Source\PSoC4/cyfitter_cfg.c **** 	/* CYDEV_PERI_PCLK_CTL1 Starting address: CYDEV_PERI_PCLK_CTL1 */
 198:Generated_Source\PSoC4/cyfitter_cfg.c **** 	CY_SET_XTND_REG32((void CYFAR *)(CYREG_PERI_PCLK_CTL1), 0x00000040u);
 199:Generated_Source\PSoC4/cyfitter_cfg.c **** 
 200:Generated_Source\PSoC4/cyfitter_cfg.c **** 	(void)CyIntSetVector(8u, &CySysWdtIsr);
 201:Generated_Source\PSoC4/cyfitter_cfg.c **** 	CyIntEnable(8u);
 202:Generated_Source\PSoC4/cyfitter_cfg.c **** 	CY_SET_XTND_REG32((void CYFAR *)(CYREG_WDT_CONFIG), 0x40000000u);
 203:Generated_Source\PSoC4/cyfitter_cfg.c **** 	/* Set Flash Cycles based on newly configured 12.00MHz HFCLK. */
 204:Generated_Source\PSoC4/cyfitter_cfg.c **** 	CY_SET_REG32((void CYXDATA *)(CYREG_CPUSS_FLASH_CTL), (0x0000u));
ARM GAS  C:\Users\ROUSSMA\AppData\Local\Temp\ccq023Lv.s 			page 5


 205:Generated_Source\PSoC4/cyfitter_cfg.c **** }
 206:Generated_Source\PSoC4/cyfitter_cfg.c **** 
 207:Generated_Source\PSoC4/cyfitter_cfg.c **** 
 208:Generated_Source\PSoC4/cyfitter_cfg.c **** /* Analog API Functions */
 209:Generated_Source\PSoC4/cyfitter_cfg.c **** 
 210:Generated_Source\PSoC4/cyfitter_cfg.c **** 
 211:Generated_Source\PSoC4/cyfitter_cfg.c **** /*******************************************************************************
 212:Generated_Source\PSoC4/cyfitter_cfg.c **** * Function Name: AnalogSetDefault
 213:Generated_Source\PSoC4/cyfitter_cfg.c **** ********************************************************************************
 214:Generated_Source\PSoC4/cyfitter_cfg.c **** *
 215:Generated_Source\PSoC4/cyfitter_cfg.c **** * Summary:
 216:Generated_Source\PSoC4/cyfitter_cfg.c **** *  Sets up the analog portions of the chip to default values based on chip
 217:Generated_Source\PSoC4/cyfitter_cfg.c **** *  configuration options from the project.
 218:Generated_Source\PSoC4/cyfitter_cfg.c **** *
 219:Generated_Source\PSoC4/cyfitter_cfg.c **** * Parameters:
 220:Generated_Source\PSoC4/cyfitter_cfg.c **** *  void
 221:Generated_Source\PSoC4/cyfitter_cfg.c **** *
 222:Generated_Source\PSoC4/cyfitter_cfg.c **** * Return:
 223:Generated_Source\PSoC4/cyfitter_cfg.c **** *  void
 224:Generated_Source\PSoC4/cyfitter_cfg.c **** *
 225:Generated_Source\PSoC4/cyfitter_cfg.c **** *******************************************************************************/
 226:Generated_Source\PSoC4/cyfitter_cfg.c **** static void AnalogSetDefault(void);
 227:Generated_Source\PSoC4/cyfitter_cfg.c **** static void AnalogSetDefault(void)
 228:Generated_Source\PSoC4/cyfitter_cfg.c **** {
  25              		.loc 1 228 0
  26              		.cfi_startproc
 229:Generated_Source\PSoC4/cyfitter_cfg.c **** 	CY_SET_XTND_REG32((void CYFAR *)CYREG_CTBM0_DFT_CTRL, 0x00000003u);
  27              		.loc 1 229 0
  28 0000 0323     		mov	r3, #3
  29 0002 044A     		ldr	r2, .L2
  30 0004 1360     		str	r3, [r2]
 230:Generated_Source\PSoC4/cyfitter_cfg.c **** 	CY_SET_XTND_REG32((void CYFAR *)CYREG_CTBM1_DFT_CTRL, 0x00000003u);
  31              		.loc 1 230 0
  32 0006 044A     		ldr	r2, .L2+4
  33 0008 1360     		str	r3, [r2]
 231:Generated_Source\PSoC4/cyfitter_cfg.c **** 	CY_SET_XTND_REG32((void CYFAR *)CYREG_PASS_DSAB_DSAB_CTRL, 0x00000000u);
  34              		.loc 1 231 0
  35 000a 0022     		mov	r2, #0
  36 000c 034B     		ldr	r3, .L2+8
  37 000e 1A60     		str	r2, [r3]
 232:Generated_Source\PSoC4/cyfitter_cfg.c **** }
  38              		.loc 1 232 0
  39              		@ sp needed
  40 0010 7047     		bx	lr
  41              	.L3:
  42 0012 C046     		.align	2
  43              	.L2:
  44 0014 30003040 		.word	1076887600
  45 0018 30003140 		.word	1076953136
  46 001c 000E3F40 		.word	1077874176
  47              		.cfi_endproc
  48              	.LFE6:
  49              		.size	AnalogSetDefault, .-AnalogSetDefault
  50              		.section	.text.CYMEMZERO,"ax",%progbits
  51              		.align	2
  52              		.code	16
  53              		.thumb_func
ARM GAS  C:\Users\ROUSSMA\AppData\Local\Temp\ccq023Lv.s 			page 6


  54              		.type	CYMEMZERO, %function
  55              	CYMEMZERO:
  56              	.LFB2:
  63:Generated_Source\PSoC4/cyfitter_cfg.c **** 	(void)memset(s, 0, n);
  57              		.loc 1 63 0
  58              		.cfi_startproc
  59              	.LVL0:
  60 0000 08B5     		push	{r3, lr}
  61              		.cfi_def_cfa_offset 8
  62              		.cfi_offset 3, -8
  63              		.cfi_offset 14, -4
  64 0002 0A1C     		mov	r2, r1
  64:Generated_Source\PSoC4/cyfitter_cfg.c **** }
  65              		.loc 1 64 0
  66 0004 0021     		mov	r1, #0
  67              	.LVL1:
  68 0006 FFF7FEFF 		bl	memset
  69              	.LVL2:
  65:Generated_Source\PSoC4/cyfitter_cfg.c **** CY_CFG_UNUSED
  70              		.loc 1 65 0
  71              		@ sp needed
  72 000a 08BD     		pop	{r3, pc}
  73              		.cfi_endproc
  74              	.LFE2:
  75              		.size	CYMEMZERO, .-CYMEMZERO
  76              		.section	.psocinit,"ax",%progbits
  77              		.align	2
  78              		.code	16
  79              		.thumb_func
  80              		.type	ClockSetup, %function
  81              	ClockSetup:
  82              	.LFB5:
 157:Generated_Source\PSoC4/cyfitter_cfg.c **** 
  83              		.loc 1 157 0
  84              		.cfi_startproc
  85 0000 F8B5     		push	{r3, r4, r5, r6, r7, lr}
  86              		.cfi_def_cfa_offset 24
  87              		.cfi_offset 3, -24
  88              		.cfi_offset 4, -20
  89              		.cfi_offset 5, -16
  90              		.cfi_offset 6, -12
  91              		.cfi_offset 7, -8
  92              		.cfi_offset 14, -4
 160:Generated_Source\PSoC4/cyfitter_cfg.c **** 
  93              		.loc 1 160 0
  94 0002 224D     		ldr	r5, .L6
  95 0004 1223     		mov	r3, #18
  96 0006 2B60     		str	r3, [r5]
 163:Generated_Source\PSoC4/cyfitter_cfg.c **** 	CyDelayCycles(12000000u); /* WCO may take up to 500ms to start */
  97              		.loc 1 163 0
  98 0008 FFF7FEFF 		bl	CySysClkWcoStart
  99              	.LVL3:
 164:Generated_Source\PSoC4/cyfitter_cfg.c **** 	(void)CySysClkWcoSetPowerMode(CY_SYS_CLK_WCO_LPM);    /* Switch to the low power mode */
 100              		.loc 1 164 0
 101 000c 2048     		ldr	r0, .L6+4
 102 000e FFF7FEFF 		bl	CyDelayCycles
 103              	.LVL4:
ARM GAS  C:\Users\ROUSSMA\AppData\Local\Temp\ccq023Lv.s 			page 7


 165:Generated_Source\PSoC4/cyfitter_cfg.c **** 
 104              		.loc 1 165 0
 105 0012 0120     		mov	r0, #1
 106 0014 FFF7FEFF 		bl	CySysClkWcoSetPowerMode
 107              	.LVL5:
 168:Generated_Source\PSoC4/cyfitter_cfg.c **** 	/* CYDEV_CLK_ILO_CONFIG Starting address: CYDEV_CLK_ILO_CONFIG */
 108              		.loc 1 168 0
 109 0018 0C20     		mov	r0, #12
 110 001a FFF7FEFF 		bl	CySysClkWriteImoFreq
 111              	.LVL6:
 170:Generated_Source\PSoC4/cyfitter_cfg.c **** 
 112              		.loc 1 170 0
 113 001e 1D4A     		ldr	r2, .L6+8
 114 0020 1D4B     		ldr	r3, .L6+12
 115 0022 1A60     		str	r2, [r3]
 173:Generated_Source\PSoC4/cyfitter_cfg.c **** 
 116              		.loc 1 173 0
 117 0024 1D4E     		ldr	r6, .L6+16
 118 0026 8027     		mov	r7, #128
 119 0028 FF05     		lsl	r7, r7, #23
 120 002a 3760     		str	r7, [r6]
 177:Generated_Source\PSoC4/cyfitter_cfg.c **** 	CY_SET_XTND_REG32((void CYFAR *)(CYREG_BLE_BLERD_BB_XO_CAPTRIM), 0x00003E2Du);
 121              		.loc 1 177 0
 122 002c 1C4A     		ldr	r2, .L6+20
 123 002e 1168     		ldr	r1, [r2]
 124 0030 0223     		mov	r3, #2
 125 0032 0B43     		orr	r3, r1
 126 0034 1360     		str	r3, [r2]
 178:Generated_Source\PSoC4/cyfitter_cfg.c **** 	/*Set XTAL(ECO) divider*/
 127              		.loc 1 178 0
 128 0036 1B4A     		ldr	r2, .L6+24
 129 0038 1B4B     		ldr	r3, .L6+28
 130 003a 1A60     		str	r2, [r3]
 180:Generated_Source\PSoC4/cyfitter_cfg.c **** 	/* Disable Crystal Stable Interrupt before enabling ECO */
 131              		.loc 1 180 0
 132 003c 0024     		mov	r4, #0
 133 003e 1B4B     		ldr	r3, .L6+32
 134 0040 1C60     		str	r4, [r3]
 182:Generated_Source\PSoC4/cyfitter_cfg.c **** 	/* Start the ECO and do not check status since it is not needed for HFCLK */
 135              		.loc 1 182 0
 136 0042 1B4A     		ldr	r2, .L6+36
 137 0044 1368     		ldr	r3, [r2]
 138 0046 0821     		mov	r1, #8
 139 0048 8B43     		bic	r3, r1
 140 004a 1360     		str	r3, [r2]
 184:Generated_Source\PSoC4/cyfitter_cfg.c **** 	CyDelayUs(1500u); /* Wait to stabalize */
 141              		.loc 1 184 0
 142 004c FA20     		mov	r0, #250
 143 004e C000     		lsl	r0, r0, #3
 144 0050 FFF7FEFF 		bl	CySysClkEcoStart
 145              	.LVL7:
 185:Generated_Source\PSoC4/cyfitter_cfg.c **** 
 146              		.loc 1 185 0
 147 0054 1748     		ldr	r0, .L6+40
 148 0056 FFF7FEFF 		bl	CyDelayUs
 149              	.LVL8:
 188:Generated_Source\PSoC4/cyfitter_cfg.c **** 	CY_SET_REG32((void *)CYREG_PERI_DIV_CMD, 0x8000FF40u);
ARM GAS  C:\Users\ROUSSMA\AppData\Local\Temp\ccq023Lv.s 			page 8


 150              		.loc 1 188 0
 151 005a 174B     		ldr	r3, .L6+44
 152 005c 1C60     		str	r4, [r3]
 189:Generated_Source\PSoC4/cyfitter_cfg.c **** 
 153              		.loc 1 189 0
 154 005e 174A     		ldr	r2, .L6+48
 155 0060 174B     		ldr	r3, .L6+52
 156 0062 1A60     		str	r2, [r3]
 192:Generated_Source\PSoC4/cyfitter_cfg.c **** 
 157              		.loc 1 192 0
 158 0064 8022     		mov	r2, #128
 159 0066 1206     		lsl	r2, r2, #24
 160 0068 164B     		ldr	r3, .L6+56
 161 006a 1A60     		str	r2, [r3]
 195:Generated_Source\PSoC4/cyfitter_cfg.c **** 
 162              		.loc 1 195 0
 163 006c 164B     		ldr	r3, .L6+60
 164 006e 1C60     		str	r4, [r3]
 198:Generated_Source\PSoC4/cyfitter_cfg.c **** 
 165              		.loc 1 198 0
 166 0070 4022     		mov	r2, #64
 167 0072 164B     		ldr	r3, .L6+64
 168 0074 1A60     		str	r2, [r3]
 200:Generated_Source\PSoC4/cyfitter_cfg.c **** 	CyIntEnable(8u);
 169              		.loc 1 200 0
 170 0076 0820     		mov	r0, #8
 171 0078 1549     		ldr	r1, .L6+68
 172 007a FFF7FEFF 		bl	CyIntSetVector
 173              	.LVL9:
 201:Generated_Source\PSoC4/cyfitter_cfg.c **** 	CY_SET_XTND_REG32((void CYFAR *)(CYREG_WDT_CONFIG), 0x40000000u);
 174              		.loc 1 201 0
 175 007e 0820     		mov	r0, #8
 176 0080 FFF7FEFF 		bl	CyIntEnable
 177              	.LVL10:
 202:Generated_Source\PSoC4/cyfitter_cfg.c **** 	/* Set Flash Cycles based on newly configured 12.00MHz HFCLK. */
 178              		.loc 1 202 0
 179 0084 3760     		str	r7, [r6]
 204:Generated_Source\PSoC4/cyfitter_cfg.c **** }
 180              		.loc 1 204 0
 181 0086 2C60     		str	r4, [r5]
 205:Generated_Source\PSoC4/cyfitter_cfg.c **** 
 182              		.loc 1 205 0
 183              		@ sp needed
 184 0088 F8BD     		pop	{r3, r4, r5, r6, r7, pc}
 185              	.L7:
 186 008a C046     		.align	2
 187              	.L6:
 188 008c 30001040 		.word	1074790448
 189 0090 001BB700 		.word	12000000
 190 0094 06000080 		.word	-2147483642
 191 0098 04010B40 		.word	1074462980
 192 009c 0C020B40 		.word	1074463244
 193 00a0 78002E40 		.word	1076756600
 194 00a4 2D3E0000 		.word	15917
 195 00a8 7C002E40 		.word	1076756604
 196 00ac 64F02E40 		.word	1076818020
 197 00b0 6CF02E40 		.word	1076818028
ARM GAS  C:\Users\ROUSSMA\AppData\Local\Temp\ccq023Lv.s 			page 9


 198 00b4 DC050000 		.word	1500
 199 00b8 00030140 		.word	1073808128
 200 00bc 40FF0080 		.word	-2147418304
 201 00c0 00000140 		.word	1073807360
 202 00c4 08010B40 		.word	1074462984
 203 00c8 00010B40 		.word	1074462976
 204 00cc 04010140 		.word	1073807620
 205 00d0 00000000 		.word	CySysWdtIsr
 206              		.cfi_endproc
 207              	.LFE5:
 208              		.size	ClockSetup, .-ClockSetup
 209              		.align	2
 210              		.global	cyfitter_cfg
 211              		.code	16
 212              		.thumb_func
 213              		.type	cyfitter_cfg, %function
 214              	cyfitter_cfg:
 215              	.LFB7:
 233:Generated_Source\PSoC4/cyfitter_cfg.c **** 
 234:Generated_Source\PSoC4/cyfitter_cfg.c **** #define CY_AMUX_UNUSED CYREG_CM0_ROM_DWT
 235:Generated_Source\PSoC4/cyfitter_cfg.c **** 
 236:Generated_Source\PSoC4/cyfitter_cfg.c **** 
 237:Generated_Source\PSoC4/cyfitter_cfg.c **** /*******************************************************************************
 238:Generated_Source\PSoC4/cyfitter_cfg.c **** * Function Name: cyfitter_cfg
 239:Generated_Source\PSoC4/cyfitter_cfg.c **** ********************************************************************************
 240:Generated_Source\PSoC4/cyfitter_cfg.c **** * Summary:
 241:Generated_Source\PSoC4/cyfitter_cfg.c **** *  This function is called by the start-up code for the selected device. It
 242:Generated_Source\PSoC4/cyfitter_cfg.c **** *  performs all of the necessary device configuration based on the design
 243:Generated_Source\PSoC4/cyfitter_cfg.c **** *  settings.  This includes settings from the Design Wide Resources (DWR) such
 244:Generated_Source\PSoC4/cyfitter_cfg.c **** *  as Clocks and Pins as well as any component configuration that is necessary.
 245:Generated_Source\PSoC4/cyfitter_cfg.c **** *
 246:Generated_Source\PSoC4/cyfitter_cfg.c **** * Parameters:  
 247:Generated_Source\PSoC4/cyfitter_cfg.c **** *   void
 248:Generated_Source\PSoC4/cyfitter_cfg.c **** *
 249:Generated_Source\PSoC4/cyfitter_cfg.c **** * Return:
 250:Generated_Source\PSoC4/cyfitter_cfg.c **** *   void
 251:Generated_Source\PSoC4/cyfitter_cfg.c **** *
 252:Generated_Source\PSoC4/cyfitter_cfg.c **** *******************************************************************************/
 253:Generated_Source\PSoC4/cyfitter_cfg.c **** CY_CFG_SECTION
 254:Generated_Source\PSoC4/cyfitter_cfg.c **** void cyfitter_cfg(void)
 255:Generated_Source\PSoC4/cyfitter_cfg.c **** {
 216              		.loc 1 255 0
 217              		.cfi_startproc
 218 00d4 10B5     		push	{r4, lr}
 219              		.cfi_def_cfa_offset 8
 220              		.cfi_offset 4, -8
 221              		.cfi_offset 14, -4
 256:Generated_Source\PSoC4/cyfitter_cfg.c **** 	/* Disable interrupts by default. Let user enable if/when they want. */
 257:Generated_Source\PSoC4/cyfitter_cfg.c **** 	CyGlobalIntDisable;
 222              		.loc 1 257 0
 223              	@ 257 "Generated_Source\PSoC4\cyfitter_cfg.c" 1
 224 00d6 72B6     		CPSID   i
 225              	@ 0 "" 2
 258:Generated_Source\PSoC4/cyfitter_cfg.c **** 
 259:Generated_Source\PSoC4/cyfitter_cfg.c **** 	CY_SET_XTND_REG32((void CYFAR *)(CYREG_BLE_BLESS_LL_DSM_CTRL), 0x00000000u);
 226              		.loc 1 259 0
 227              		.code	16
ARM GAS  C:\Users\ROUSSMA\AppData\Local\Temp\ccq023Lv.s 			page 10


 228 00d8 0022     		mov	r2, #0
 229 00da 234B     		ldr	r3, .L11
 230 00dc 1A60     		str	r2, [r3]
 231              	.LVL11:
 232              	.LBB2:
 260:Generated_Source\PSoC4/cyfitter_cfg.c **** 
 261:Generated_Source\PSoC4/cyfitter_cfg.c **** 	{
 262:Generated_Source\PSoC4/cyfitter_cfg.c **** 
 263:Generated_Source\PSoC4/cyfitter_cfg.c **** 		CYPACKED typedef struct {
 264:Generated_Source\PSoC4/cyfitter_cfg.c **** 			void CYFAR *address;
 265:Generated_Source\PSoC4/cyfitter_cfg.c **** 			uint16 size;
 266:Generated_Source\PSoC4/cyfitter_cfg.c **** 		} CYPACKED_ATTR cfg_memset_t;
 267:Generated_Source\PSoC4/cyfitter_cfg.c **** 
 268:Generated_Source\PSoC4/cyfitter_cfg.c **** 		static const cfg_memset_t CYCODE cfg_memset_list [] = {
 269:Generated_Source\PSoC4/cyfitter_cfg.c **** 			/* address, size */
 270:Generated_Source\PSoC4/cyfitter_cfg.c **** 			{(void CYFAR *)(CYDEV_UDB_P0_U0_BASE), 1024u},
 271:Generated_Source\PSoC4/cyfitter_cfg.c **** 			{(void CYFAR *)(CYDEV_UDB_DSI0_BASE), 1024u},
 272:Generated_Source\PSoC4/cyfitter_cfg.c **** 		};
 273:Generated_Source\PSoC4/cyfitter_cfg.c **** 
 274:Generated_Source\PSoC4/cyfitter_cfg.c **** 		uint8 CYDATA i;
 275:Generated_Source\PSoC4/cyfitter_cfg.c **** 
 276:Generated_Source\PSoC4/cyfitter_cfg.c **** 		/* Zero out critical memory blocks before beginning configuration */
 277:Generated_Source\PSoC4/cyfitter_cfg.c **** 		for (i = 0u; i < (sizeof(cfg_memset_list)/sizeof(cfg_memset_list[0])); i++)
 233              		.loc 1 277 0
 234 00de 0024     		mov	r4, #0
 235 00e0 10E0     		b	.L9
 236              	.LVL12:
 237              	.L10:
 238              	.LBB3:
 278:Generated_Source\PSoC4/cyfitter_cfg.c **** 		{
 279:Generated_Source\PSoC4/cyfitter_cfg.c **** 			const cfg_memset_t CYCODE * CYDATA ms = &cfg_memset_list[i];
 280:Generated_Source\PSoC4/cyfitter_cfg.c **** 			CYMEMZERO(ms->address, (size_t)(uint32)(ms->size));
 239              		.loc 1 280 0 discriminator 3
 240 00e2 2248     		ldr	r0, .L11+4
 241 00e4 6300     		lsl	r3, r4, #1
 242 00e6 1A19     		add	r2, r3, r4
 243 00e8 5200     		lsl	r2, r2, #1
 244 00ea 8218     		add	r2, r0, r2
 245 00ec 9188     		ldrh	r1, [r2, #4]
 246 00ee 1B19     		add	r3, r3, r4
 247 00f0 5B00     		lsl	r3, r3, #1
 248 00f2 1A5A     		ldrh	r2, [r3, r0]
 249 00f4 C318     		add	r3, r0, r3
 250 00f6 5888     		ldrh	r0, [r3, #2]
 251 00f8 0004     		lsl	r0, r0, #16
 252 00fa 1043     		orr	r0, r2
 253 00fc FFF7FEFF 		bl	CYMEMZERO
 254              	.LVL13:
 255              	.LBE3:
 277:Generated_Source\PSoC4/cyfitter_cfg.c **** 		{
 256              		.loc 1 277 0 discriminator 3
 257 0100 0134     		add	r4, r4, #1
 258              	.LVL14:
 259 0102 E4B2     		uxtb	r4, r4
 260              	.LVL15:
 261              	.L9:
 277:Generated_Source\PSoC4/cyfitter_cfg.c **** 		{
ARM GAS  C:\Users\ROUSSMA\AppData\Local\Temp\ccq023Lv.s 			page 11


 262              		.loc 1 277 0 is_stmt 0 discriminator 1
 263 0104 012C     		cmp	r4, #1
 264 0106 ECD9     		bls	.L10
 281:Generated_Source\PSoC4/cyfitter_cfg.c **** 		}
 282:Generated_Source\PSoC4/cyfitter_cfg.c **** 
 283:Generated_Source\PSoC4/cyfitter_cfg.c **** 		/* HSIOM Starting address: CYDEV_HSIOM_BASE */
 284:Generated_Source\PSoC4/cyfitter_cfg.c **** 		CY_SET_XTND_REG32((void CYFAR *)(CYDEV_HSIOM_BASE), 0xEE000000u);
 265              		.loc 1 284 0 is_stmt 1
 266 0108 EE22     		mov	r2, #238
 267 010a 1206     		lsl	r2, r2, #24
 268 010c 184B     		ldr	r3, .L11+8
 269 010e 1A60     		str	r2, [r3]
 285:Generated_Source\PSoC4/cyfitter_cfg.c **** 		CY_SET_XTND_REG32((void CYFAR *)(CYREG_HSIOM_PORT_SEL1), 0xFF0F0000u);
 270              		.loc 1 285 0
 271 0110 184A     		ldr	r2, .L11+12
 272 0112 194B     		ldr	r3, .L11+16
 273 0114 1A60     		str	r2, [r3]
 286:Generated_Source\PSoC4/cyfitter_cfg.c **** 
 287:Generated_Source\PSoC4/cyfitter_cfg.c **** 		/* UDB_PA_0 Starting address: CYDEV_UDB_PA0_BASE */
 288:Generated_Source\PSoC4/cyfitter_cfg.c **** 		CY_SET_XTND_REG32((void CYFAR *)(CYDEV_UDB_PA0_BASE), 0x00990000u);
 274              		.loc 1 288 0
 275 0116 9923     		mov	r3, #153
 276 0118 1B04     		lsl	r3, r3, #16
 277 011a 184A     		ldr	r2, .L11+20
 278 011c 1360     		str	r3, [r2]
 289:Generated_Source\PSoC4/cyfitter_cfg.c **** 
 290:Generated_Source\PSoC4/cyfitter_cfg.c **** 		/* UDB_PA_1 Starting address: CYDEV_UDB_PA1_BASE */
 291:Generated_Source\PSoC4/cyfitter_cfg.c **** 		CY_SET_XTND_REG32((void CYFAR *)(CYDEV_UDB_PA1_BASE), 0x00990000u);
 279              		.loc 1 291 0
 280 011e 184A     		ldr	r2, .L11+24
 281 0120 1360     		str	r3, [r2]
 292:Generated_Source\PSoC4/cyfitter_cfg.c **** 
 293:Generated_Source\PSoC4/cyfitter_cfg.c **** 		/* Enable digital routing */
 294:Generated_Source\PSoC4/cyfitter_cfg.c **** 		CY_SET_XTND_REG8((void *)CYREG_UDB_UDBIF_BANK_CTL, CY_GET_XTND_REG8((void *)CYREG_UDB_UDBIF_BANK_
 282              		.loc 1 294 0
 283 0122 184B     		ldr	r3, .L11+28
 284 0124 1978     		ldrb	r1, [r3]
 285 0126 0222     		mov	r2, #2
 286 0128 0A43     		orr	r2, r1
 287 012a 1A70     		strb	r2, [r3]
 295:Generated_Source\PSoC4/cyfitter_cfg.c **** 
 296:Generated_Source\PSoC4/cyfitter_cfg.c **** 		/* Enable UDB array */
 297:Generated_Source\PSoC4/cyfitter_cfg.c **** 		CY_SET_XTND_REG8((void *)CYREG_UDB_UDBIF_WAIT_CFG, (uint8)((CY_GET_XTND_REG8((void *)CYREG_UDB_UD
 288              		.loc 1 297 0
 289 012c 1648     		ldr	r0, .L11+32
 290 012e 0278     		ldrb	r2, [r0]
 291 0130 3C21     		mov	r1, #60
 292 0132 8A43     		bic	r2, r1
 293 0134 2839     		sub	r1, r1, #40
 294 0136 0A43     		orr	r2, r1
 295 0138 0270     		strb	r2, [r0]
 298:Generated_Source\PSoC4/cyfitter_cfg.c **** 		CY_SET_XTND_REG8((void *)CYREG_UDB_UDBIF_BANK_CTL, (uint8)(CY_GET_XTND_REG8((void *)CYREG_UDB_UDB
 296              		.loc 1 298 0
 297 013a 1978     		ldrb	r1, [r3]
 298 013c 1622     		mov	r2, #22
 299 013e 0A43     		orr	r2, r1
 300 0140 1A70     		strb	r2, [r3]
ARM GAS  C:\Users\ROUSSMA\AppData\Local\Temp\ccq023Lv.s 			page 12


 301              	.LBE2:
 299:Generated_Source\PSoC4/cyfitter_cfg.c **** 	}
 300:Generated_Source\PSoC4/cyfitter_cfg.c **** 
 301:Generated_Source\PSoC4/cyfitter_cfg.c **** 	/* Perform second pass device configuration. These items must be configured in specific order afte
 302:Generated_Source\PSoC4/cyfitter_cfg.c **** 	/* IOPINS0_0 Starting address: CYDEV_GPIO_PRT0_BASE */
 303:Generated_Source\PSoC4/cyfitter_cfg.c **** 	CY_SET_XTND_REG32((void CYFAR *)(CYREG_GPIO_PRT0_PC), 0x00D80000u);
 302              		.loc 1 303 0
 303 0142 D822     		mov	r2, #216
 304 0144 1204     		lsl	r2, r2, #16
 305 0146 114B     		ldr	r3, .L11+36
 306 0148 1A60     		str	r2, [r3]
 304:Generated_Source\PSoC4/cyfitter_cfg.c **** 
 305:Generated_Source\PSoC4/cyfitter_cfg.c **** 	/* IOPINS0_1 Starting address: CYDEV_GPIO_PRT1_BASE */
 306:Generated_Source\PSoC4/cyfitter_cfg.c **** 	CY_SET_XTND_REG32((void CYFAR *)(CYDEV_GPIO_PRT1_BASE), 0x000000D1u);
 307              		.loc 1 306 0
 308 014a D122     		mov	r2, #209
 309 014c 104B     		ldr	r3, .L11+40
 310 014e 1A60     		str	r2, [r3]
 307:Generated_Source\PSoC4/cyfitter_cfg.c **** 	CY_SET_XTND_REG32((void CYFAR *)(CYREG_GPIO_PRT1_PC), 0x00D86036u);
 311              		.loc 1 307 0
 312 0150 104A     		ldr	r2, .L11+44
 313 0152 114B     		ldr	r3, .L11+48
 314 0154 1A60     		str	r2, [r3]
 308:Generated_Source\PSoC4/cyfitter_cfg.c **** 	CY_SET_XTND_REG32((void CYFAR *)(CYREG_GPIO_PRT1_PC2), 0x000000D0u);
 315              		.loc 1 308 0
 316 0156 D022     		mov	r2, #208
 317 0158 104B     		ldr	r3, .L11+52
 318 015a 1A60     		str	r2, [r3]
 309:Generated_Source\PSoC4/cyfitter_cfg.c **** 
 310:Generated_Source\PSoC4/cyfitter_cfg.c **** 
 311:Generated_Source\PSoC4/cyfitter_cfg.c **** 	/* Setup clocks based on selections from Clock DWR */
 312:Generated_Source\PSoC4/cyfitter_cfg.c **** 	ClockSetup();
 319              		.loc 1 312 0
 320 015c FFF750FF 		bl	ClockSetup
 321              	.LVL16:
 313:Generated_Source\PSoC4/cyfitter_cfg.c **** 
 314:Generated_Source\PSoC4/cyfitter_cfg.c **** 	/* Perform basic analog initialization to defaults */
 315:Generated_Source\PSoC4/cyfitter_cfg.c **** 	AnalogSetDefault();
 322              		.loc 1 315 0
 323 0160 FFF7FEFF 		bl	AnalogSetDefault
 324              	.LVL17:
 316:Generated_Source\PSoC4/cyfitter_cfg.c **** 
 317:Generated_Source\PSoC4/cyfitter_cfg.c **** }
 325              		.loc 1 317 0
 326              		@ sp needed
 327              	.LVL18:
 328 0164 10BD     		pop	{r4, pc}
 329              	.L12:
 330 0166 C046     		.align	2
 331              	.L11:
 332 0168 6CF02E40 		.word	1076818028
 333 016c 00000000 		.word	.LANCHOR0
 334 0170 00000240 		.word	1073872896
 335 0174 00000FFF 		.word	-15794176
 336 0178 00010240 		.word	1073873152
 337 017c 00500F40 		.word	1074745344
 338 0180 10500F40 		.word	1074745360
ARM GAS  C:\Users\ROUSSMA\AppData\Local\Temp\ccq023Lv.s 			page 13


 339 0184 00700F40 		.word	1074753536
 340 0188 01700F40 		.word	1074753537
 341 018c 08000440 		.word	1074003976
 342 0190 00010440 		.word	1074004224
 343 0194 3660D800 		.word	14180406
 344 0198 08010440 		.word	1074004232
 345 019c 18010440 		.word	1074004248
 346              		.cfi_endproc
 347              	.LFE7:
 348              		.size	cyfitter_cfg, .-cyfitter_cfg
 349              		.section	.rodata
 350              		.align	2
 351              		.set	.LANCHOR0,. + 0
 352              		.type	cfg_memset_list.4771, %object
 353              		.size	cfg_memset_list.4771, 12
 354              	cfg_memset_list.4771:
 355 0000 00300F40 		.word	1074737152
 356 0004 0004     		.short	1024
 357 0006 00400F40 		.4byte	1074741248
 358 000a 0004     		.short	1024
 359              		.text
 360              	.Letext0:
 361              		.file 2 "c:\\program files (x86)\\cypress\\psoc creator\\4.0\\psoc creator\\import\\gnu\\arm\\4.9.
 362              		.file 3 "Generated_Source\\PSoC4\\cytypes.h"
 363              		.file 4 "Generated_Source\\PSoC4\\CyLib.h"
 364              		.file 5 "Generated_Source\\PSoC4\\CyLFClk.h"
 365              		.section	.debug_info,"",%progbits
 366              	.Ldebug_info0:
 367 0000 6C030000 		.4byte	0x36c
 368 0004 0400     		.2byte	0x4
 369 0006 00000000 		.4byte	.Ldebug_abbrev0
 370 000a 04       		.byte	0x4
 371 000b 01       		.uleb128 0x1
 372 000c CD010000 		.4byte	.LASF34
 373 0010 01       		.byte	0x1
 374 0011 8F020000 		.4byte	.LASF35
 375 0015 03010000 		.4byte	.LASF36
 376 0019 00000000 		.4byte	.Ldebug_ranges0+0
 377 001d 00000000 		.4byte	0
 378 0021 00000000 		.4byte	.Ldebug_line0
 379 0025 02       		.uleb128 0x2
 380 0026 04       		.byte	0x4
 381 0027 05       		.byte	0x5
 382 0028 696E7400 		.ascii	"int\000"
 383 002c 03       		.uleb128 0x3
 384 002d 14000000 		.4byte	.LASF11
 385 0031 02       		.byte	0x2
 386 0032 D4       		.byte	0xd4
 387 0033 37000000 		.4byte	0x37
 388 0037 04       		.uleb128 0x4
 389 0038 04       		.byte	0x4
 390 0039 07       		.byte	0x7
 391 003a 43010000 		.4byte	.LASF0
 392 003e 04       		.uleb128 0x4
 393 003f 01       		.byte	0x1
 394 0040 06       		.byte	0x6
 395 0041 83020000 		.4byte	.LASF1
ARM GAS  C:\Users\ROUSSMA\AppData\Local\Temp\ccq023Lv.s 			page 14


 396 0045 04       		.uleb128 0x4
 397 0046 01       		.byte	0x1
 398 0047 08       		.byte	0x8
 399 0048 C4000000 		.4byte	.LASF2
 400 004c 04       		.uleb128 0x4
 401 004d 02       		.byte	0x2
 402 004e 05       		.byte	0x5
 403 004f 5B020000 		.4byte	.LASF3
 404 0053 04       		.uleb128 0x4
 405 0054 02       		.byte	0x2
 406 0055 07       		.byte	0x7
 407 0056 56000000 		.4byte	.LASF4
 408 005a 04       		.uleb128 0x4
 409 005b 04       		.byte	0x4
 410 005c 05       		.byte	0x5
 411 005d 7A020000 		.4byte	.LASF5
 412 0061 04       		.uleb128 0x4
 413 0062 04       		.byte	0x4
 414 0063 07       		.byte	0x7
 415 0064 91000000 		.4byte	.LASF6
 416 0068 04       		.uleb128 0x4
 417 0069 08       		.byte	0x8
 418 006a 05       		.byte	0x5
 419 006b 9F010000 		.4byte	.LASF7
 420 006f 04       		.uleb128 0x4
 421 0070 08       		.byte	0x8
 422 0071 07       		.byte	0x7
 423 0072 65010000 		.4byte	.LASF8
 424 0076 04       		.uleb128 0x4
 425 0077 04       		.byte	0x4
 426 0078 07       		.byte	0x7
 427 0079 96010000 		.4byte	.LASF9
 428 007d 05       		.uleb128 0x5
 429 007e 04       		.byte	0x4
 430 007f 06       		.uleb128 0x6
 431 0080 04       		.byte	0x4
 432 0081 85000000 		.4byte	0x85
 433 0085 07       		.uleb128 0x7
 434 0086 04       		.uleb128 0x4
 435 0087 01       		.byte	0x1
 436 0088 08       		.byte	0x8
 437 0089 B7010000 		.4byte	.LASF10
 438 008d 08       		.uleb128 0x8
 439 008e A3000000 		.4byte	.LASF12
 440 0092 03       		.byte	0x3
 441 0093 B901     		.2byte	0x1b9
 442 0095 45000000 		.4byte	0x45
 443 0099 08       		.uleb128 0x8
 444 009a EC000000 		.4byte	.LASF13
 445 009e 03       		.byte	0x3
 446 009f BA01     		.2byte	0x1ba
 447 00a1 53000000 		.4byte	0x53
 448 00a5 08       		.uleb128 0x8
 449 00a6 FC000000 		.4byte	.LASF14
 450 00aa 03       		.byte	0x3
 451 00ab BB01     		.2byte	0x1bb
 452 00ad 61000000 		.4byte	0x61
ARM GAS  C:\Users\ROUSSMA\AppData\Local\Temp\ccq023Lv.s 			page 15


 453 00b1 04       		.uleb128 0x4
 454 00b2 04       		.byte	0x4
 455 00b3 04       		.byte	0x4
 456 00b4 69000000 		.4byte	.LASF15
 457 00b8 04       		.uleb128 0x4
 458 00b9 08       		.byte	0x8
 459 00ba 04       		.byte	0x4
 460 00bb D9000000 		.4byte	.LASF16
 461 00bf 08       		.uleb128 0x8
 462 00c0 F3000000 		.4byte	.LASF17
 463 00c4 03       		.byte	0x3
 464 00c5 5B02     		.2byte	0x25b
 465 00c7 61000000 		.4byte	0x61
 466 00cb 08       		.uleb128 0x8
 467 00cc 8C000000 		.4byte	.LASF18
 468 00d0 03       		.byte	0x3
 469 00d1 6302     		.2byte	0x263
 470 00d3 D7000000 		.4byte	0xd7
 471 00d7 09       		.uleb128 0x9
 472 00d8 8D000000 		.4byte	0x8d
 473 00dc 08       		.uleb128 0x8
 474 00dd 0E000000 		.4byte	.LASF19
 475 00e1 03       		.byte	0x3
 476 00e2 6502     		.2byte	0x265
 477 00e4 E8000000 		.4byte	0xe8
 478 00e8 09       		.uleb128 0x9
 479 00e9 A5000000 		.4byte	0xa5
 480 00ed 08       		.uleb128 0x8
 481 00ee 7C010000 		.4byte	.LASF20
 482 00f2 03       		.byte	0x3
 483 00f3 7502     		.2byte	0x275
 484 00f5 7F000000 		.4byte	0x7f
 485 00f9 0A       		.uleb128 0xa
 486 00fa 1B000000 		.4byte	.LASF37
 487 00fe 01       		.byte	0x1
 488 00ff E3       		.byte	0xe3
 489 0100 00000000 		.4byte	.LFB6
 490 0104 20000000 		.4byte	.LFE6-.LFB6
 491 0108 01       		.uleb128 0x1
 492 0109 9C       		.byte	0x9c
 493 010a 0B       		.uleb128 0xb
 494 010b BA000000 		.4byte	.LASF21
 495 010f 01       		.byte	0x1
 496 0110 3E       		.byte	0x3e
 497 0111 00000000 		.4byte	.LFB2
 498 0115 0C000000 		.4byte	.LFE2-.LFB2
 499 0119 01       		.uleb128 0x1
 500 011a 9C       		.byte	0x9c
 501 011b 57010000 		.4byte	0x157
 502 011f 0C       		.uleb128 0xc
 503 0120 7300     		.ascii	"s\000"
 504 0122 01       		.byte	0x1
 505 0123 3E       		.byte	0x3e
 506 0124 7D000000 		.4byte	0x7d
 507 0128 00000000 		.4byte	.LLST0
 508 012c 0C       		.uleb128 0xc
 509 012d 6E00     		.ascii	"n\000"
ARM GAS  C:\Users\ROUSSMA\AppData\Local\Temp\ccq023Lv.s 			page 16


 510 012f 01       		.byte	0x1
 511 0130 3E       		.byte	0x3e
 512 0131 2C000000 		.4byte	0x2c
 513 0135 21000000 		.4byte	.LLST1
 514 0139 0D       		.uleb128 0xd
 515 013a 0A000000 		.4byte	.LVL2
 516 013e C7020000 		.4byte	0x2c7
 517 0142 0E       		.uleb128 0xe
 518 0143 01       		.uleb128 0x1
 519 0144 52       		.byte	0x52
 520 0145 03       		.uleb128 0x3
 521 0146 F3       		.byte	0xf3
 522 0147 01       		.uleb128 0x1
 523 0148 51       		.byte	0x51
 524 0149 0E       		.uleb128 0xe
 525 014a 01       		.uleb128 0x1
 526 014b 51       		.byte	0x51
 527 014c 01       		.uleb128 0x1
 528 014d 30       		.byte	0x30
 529 014e 0E       		.uleb128 0xe
 530 014f 01       		.uleb128 0x1
 531 0150 50       		.byte	0x50
 532 0151 03       		.uleb128 0x3
 533 0152 F3       		.byte	0xf3
 534 0153 01       		.uleb128 0x1
 535 0154 50       		.byte	0x50
 536 0155 00       		.byte	0
 537 0156 00       		.byte	0
 538 0157 0B       		.uleb128 0xb
 539 0158 4B000000 		.4byte	.LASF22
 540 015c 01       		.byte	0x1
 541 015d 9C       		.byte	0x9c
 542 015e 00000000 		.4byte	.LFB5
 543 0162 D4000000 		.4byte	.LFE5-.LFB5
 544 0166 01       		.uleb128 0x1
 545 0167 9C       		.byte	0x9c
 546 0168 FF010000 		.4byte	0x1ff
 547 016c 0F       		.uleb128 0xf
 548 016d 0C000000 		.4byte	.LVL3
 549 0171 E4020000 		.4byte	0x2e4
 550 0175 10       		.uleb128 0x10
 551 0176 12000000 		.4byte	.LVL4
 552 017a EB020000 		.4byte	0x2eb
 553 017e 8C010000 		.4byte	0x18c
 554 0182 0E       		.uleb128 0xe
 555 0183 01       		.uleb128 0x1
 556 0184 50       		.byte	0x50
 557 0185 05       		.uleb128 0x5
 558 0186 0C       		.byte	0xc
 559 0187 001BB700 		.4byte	0xb71b00
 560 018b 00       		.byte	0
 561 018c 10       		.uleb128 0x10
 562 018d 18000000 		.4byte	.LVL5
 563 0191 FC020000 		.4byte	0x2fc
 564 0195 9F010000 		.4byte	0x19f
 565 0199 0E       		.uleb128 0xe
 566 019a 01       		.uleb128 0x1
ARM GAS  C:\Users\ROUSSMA\AppData\Local\Temp\ccq023Lv.s 			page 17


 567 019b 50       		.byte	0x50
 568 019c 01       		.uleb128 0x1
 569 019d 31       		.byte	0x31
 570 019e 00       		.byte	0
 571 019f 10       		.uleb128 0x10
 572 01a0 1E000000 		.4byte	.LVL6
 573 01a4 11030000 		.4byte	0x311
 574 01a8 B2010000 		.4byte	0x1b2
 575 01ac 0E       		.uleb128 0xe
 576 01ad 01       		.uleb128 0x1
 577 01ae 50       		.byte	0x50
 578 01af 01       		.uleb128 0x1
 579 01b0 3C       		.byte	0x3c
 580 01b1 00       		.byte	0
 581 01b2 10       		.uleb128 0x10
 582 01b3 54000000 		.4byte	.LVL7
 583 01b7 22030000 		.4byte	0x322
 584 01bb C7010000 		.4byte	0x1c7
 585 01bf 0E       		.uleb128 0xe
 586 01c0 01       		.uleb128 0x1
 587 01c1 50       		.byte	0x50
 588 01c2 03       		.uleb128 0x3
 589 01c3 0A       		.byte	0xa
 590 01c4 D007     		.2byte	0x7d0
 591 01c6 00       		.byte	0
 592 01c7 10       		.uleb128 0x10
 593 01c8 5A000000 		.4byte	.LVL8
 594 01cc 37030000 		.4byte	0x337
 595 01d0 DC010000 		.4byte	0x1dc
 596 01d4 0E       		.uleb128 0xe
 597 01d5 01       		.uleb128 0x1
 598 01d6 50       		.byte	0x50
 599 01d7 03       		.uleb128 0x3
 600 01d8 0A       		.byte	0xa
 601 01d9 DC05     		.2byte	0x5dc
 602 01db 00       		.byte	0
 603 01dc 10       		.uleb128 0x10
 604 01dd 7E000000 		.4byte	.LVL9
 605 01e1 48030000 		.4byte	0x348
 606 01e5 EF010000 		.4byte	0x1ef
 607 01e9 0E       		.uleb128 0xe
 608 01ea 01       		.uleb128 0x1
 609 01eb 50       		.byte	0x50
 610 01ec 01       		.uleb128 0x1
 611 01ed 38       		.byte	0x38
 612 01ee 00       		.byte	0
 613 01ef 0D       		.uleb128 0xd
 614 01f0 84000000 		.4byte	.LVL10
 615 01f4 62030000 		.4byte	0x362
 616 01f8 0E       		.uleb128 0xe
 617 01f9 01       		.uleb128 0x1
 618 01fa 50       		.byte	0x50
 619 01fb 01       		.uleb128 0x1
 620 01fc 38       		.byte	0x38
 621 01fd 00       		.byte	0
 622 01fe 00       		.byte	0
 623 01ff 11       		.uleb128 0x11
ARM GAS  C:\Users\ROUSSMA\AppData\Local\Temp\ccq023Lv.s 			page 18


 624 0200 50010000 		.4byte	.LASF38
 625 0204 01       		.byte	0x1
 626 0205 FE       		.byte	0xfe
 627 0206 D4000000 		.4byte	.LFB7
 628 020a CC000000 		.4byte	.LFE7-.LFB7
 629 020e 01       		.uleb128 0x1
 630 020f 9C       		.byte	0x9c
 631 0210 C7020000 		.4byte	0x2c7
 632 0214 12       		.uleb128 0x12
 633 0215 DE000000 		.4byte	.LBB2
 634 0219 64000000 		.4byte	.LBE2-.LBB2
 635 021d B4020000 		.4byte	0x2b4
 636 0221 13       		.uleb128 0x13
 637 0222 06       		.byte	0x6
 638 0223 01       		.byte	0x1
 639 0224 0701     		.2byte	0x107
 640 0226 45020000 		.4byte	0x245
 641 022a 14       		.uleb128 0x14
 642 022b 5D010000 		.4byte	.LASF23
 643 022f 01       		.byte	0x1
 644 0230 0801     		.2byte	0x108
 645 0232 7D000000 		.4byte	0x7d
 646 0236 00       		.byte	0
 647 0237 14       		.uleb128 0x14
 648 0238 6F000000 		.4byte	.LASF24
 649 023c 01       		.byte	0x1
 650 023d 0901     		.2byte	0x109
 651 023f 99000000 		.4byte	0x99
 652 0243 04       		.byte	0x4
 653 0244 00       		.byte	0
 654 0245 08       		.uleb128 0x8
 655 0246 89010000 		.4byte	.LASF25
 656 024a 01       		.byte	0x1
 657 024b 0A01     		.2byte	0x10a
 658 024d 21020000 		.4byte	0x221
 659 0251 15       		.uleb128 0x15
 660 0252 45020000 		.4byte	0x245
 661 0256 61020000 		.4byte	0x261
 662 025a 16       		.uleb128 0x16
 663 025b 76000000 		.4byte	0x76
 664 025f 01       		.byte	0x1
 665 0260 00       		.byte	0
 666 0261 17       		.uleb128 0x17
 667 0262 3B000000 		.4byte	.LASF26
 668 0266 01       		.byte	0x1
 669 0267 0C01     		.2byte	0x10c
 670 0269 73020000 		.4byte	0x273
 671 026d 05       		.uleb128 0x5
 672 026e 03       		.byte	0x3
 673 026f 00000000 		.4byte	cfg_memset_list.4771
 674 0273 18       		.uleb128 0x18
 675 0274 51020000 		.4byte	0x251
 676 0278 19       		.uleb128 0x19
 677 0279 6900     		.ascii	"i\000"
 678 027b 01       		.byte	0x1
 679 027c 1201     		.2byte	0x112
 680 027e 8D000000 		.4byte	0x8d
ARM GAS  C:\Users\ROUSSMA\AppData\Local\Temp\ccq023Lv.s 			page 19


 681 0282 4D000000 		.4byte	.LLST2
 682 0286 1A       		.uleb128 0x1a
 683 0287 E2000000 		.4byte	.LBB3
 684 028b 1E000000 		.4byte	.LBE3-.LBB3
 685 028f 19       		.uleb128 0x19
 686 0290 6D7300   		.ascii	"ms\000"
 687 0293 01       		.byte	0x1
 688 0294 1701     		.2byte	0x117
 689 0296 9E020000 		.4byte	0x29e
 690 029a 77000000 		.4byte	.LLST3
 691 029e 06       		.uleb128 0x6
 692 029f 04       		.byte	0x4
 693 02a0 A4020000 		.4byte	0x2a4
 694 02a4 18       		.uleb128 0x18
 695 02a5 45020000 		.4byte	0x245
 696 02a9 0F       		.uleb128 0xf
 697 02aa 00010000 		.4byte	.LVL13
 698 02ae 0A010000 		.4byte	0x10a
 699 02b2 00       		.byte	0
 700 02b3 00       		.byte	0
 701 02b4 0F       		.uleb128 0xf
 702 02b5 60010000 		.4byte	.LVL16
 703 02b9 57010000 		.4byte	0x157
 704 02bd 0F       		.uleb128 0xf
 705 02be 64010000 		.4byte	.LVL17
 706 02c2 F9000000 		.4byte	0xf9
 707 02c6 00       		.byte	0
 708 02c7 1B       		.uleb128 0x1b
 709 02c8 D2000000 		.4byte	.LASF27
 710 02cc 7D000000 		.4byte	0x7d
 711 02d0 E4020000 		.4byte	0x2e4
 712 02d4 1C       		.uleb128 0x1c
 713 02d5 7D000000 		.4byte	0x7d
 714 02d9 1C       		.uleb128 0x1c
 715 02da 25000000 		.4byte	0x25
 716 02de 1C       		.uleb128 0x1c
 717 02df 76000000 		.4byte	0x76
 718 02e3 00       		.byte	0
 719 02e4 1D       		.uleb128 0x1d
 720 02e5 A9000000 		.4byte	.LASF39
 721 02e9 05       		.byte	0x5
 722 02ea 4F       		.byte	0x4f
 723 02eb 1E       		.uleb128 0x1e
 724 02ec 00000000 		.4byte	.LASF28
 725 02f0 04       		.byte	0x4
 726 02f1 DC       		.byte	0xdc
 727 02f2 FC020000 		.4byte	0x2fc
 728 02f6 1C       		.uleb128 0x1c
 729 02f7 A5000000 		.4byte	0xa5
 730 02fb 00       		.byte	0
 731 02fc 1F       		.uleb128 0x1f
 732 02fd 74000000 		.4byte	.LASF30
 733 0301 05       		.byte	0x5
 734 0302 51       		.byte	0x51
 735 0303 A5000000 		.4byte	0xa5
 736 0307 11030000 		.4byte	0x311
 737 030b 1C       		.uleb128 0x1c
ARM GAS  C:\Users\ROUSSMA\AppData\Local\Temp\ccq023Lv.s 			page 20


 738 030c A5000000 		.4byte	0xa5
 739 0310 00       		.byte	0
 740 0311 1E       		.uleb128 0x1e
 741 0312 65020000 		.4byte	.LASF29
 742 0316 04       		.byte	0x4
 743 0317 6C       		.byte	0x6c
 744 0318 22030000 		.4byte	0x322
 745 031c 1C       		.uleb128 0x1c
 746 031d A5000000 		.4byte	0xa5
 747 0321 00       		.byte	0
 748 0322 1F       		.uleb128 0x1f
 749 0323 BC010000 		.4byte	.LASF31
 750 0327 04       		.byte	0x4
 751 0328 84       		.byte	0x84
 752 0329 BF000000 		.4byte	0xbf
 753 032d 37030000 		.4byte	0x337
 754 0331 1C       		.uleb128 0x1c
 755 0332 A5000000 		.4byte	0xa5
 756 0336 00       		.byte	0
 757 0337 1E       		.uleb128 0x1e
 758 0338 AD010000 		.4byte	.LASF32
 759 033c 04       		.byte	0x4
 760 033d DA       		.byte	0xda
 761 033e 48030000 		.4byte	0x348
 762 0342 1C       		.uleb128 0x1c
 763 0343 99000000 		.4byte	0x99
 764 0347 00       		.byte	0
 765 0348 1F       		.uleb128 0x1f
 766 0349 2C000000 		.4byte	.LASF33
 767 034d 04       		.byte	0x4
 768 034e BD       		.byte	0xbd
 769 034f ED000000 		.4byte	0xed
 770 0353 62030000 		.4byte	0x362
 771 0357 1C       		.uleb128 0x1c
 772 0358 8D000000 		.4byte	0x8d
 773 035c 1C       		.uleb128 0x1c
 774 035d ED000000 		.4byte	0xed
 775 0361 00       		.byte	0
 776 0362 20       		.uleb128 0x20
 777 0363 E0000000 		.4byte	.LASF40
 778 0367 04       		.byte	0x4
 779 0368 C3       		.byte	0xc3
 780 0369 1C       		.uleb128 0x1c
 781 036a 8D000000 		.4byte	0x8d
 782 036e 00       		.byte	0
 783 036f 00       		.byte	0
 784              		.section	.debug_abbrev,"",%progbits
 785              	.Ldebug_abbrev0:
 786 0000 01       		.uleb128 0x1
 787 0001 11       		.uleb128 0x11
 788 0002 01       		.byte	0x1
 789 0003 25       		.uleb128 0x25
 790 0004 0E       		.uleb128 0xe
 791 0005 13       		.uleb128 0x13
 792 0006 0B       		.uleb128 0xb
 793 0007 03       		.uleb128 0x3
 794 0008 0E       		.uleb128 0xe
ARM GAS  C:\Users\ROUSSMA\AppData\Local\Temp\ccq023Lv.s 			page 21


 795 0009 1B       		.uleb128 0x1b
 796 000a 0E       		.uleb128 0xe
 797 000b 55       		.uleb128 0x55
 798 000c 17       		.uleb128 0x17
 799 000d 11       		.uleb128 0x11
 800 000e 01       		.uleb128 0x1
 801 000f 10       		.uleb128 0x10
 802 0010 17       		.uleb128 0x17
 803 0011 00       		.byte	0
 804 0012 00       		.byte	0
 805 0013 02       		.uleb128 0x2
 806 0014 24       		.uleb128 0x24
 807 0015 00       		.byte	0
 808 0016 0B       		.uleb128 0xb
 809 0017 0B       		.uleb128 0xb
 810 0018 3E       		.uleb128 0x3e
 811 0019 0B       		.uleb128 0xb
 812 001a 03       		.uleb128 0x3
 813 001b 08       		.uleb128 0x8
 814 001c 00       		.byte	0
 815 001d 00       		.byte	0
 816 001e 03       		.uleb128 0x3
 817 001f 16       		.uleb128 0x16
 818 0020 00       		.byte	0
 819 0021 03       		.uleb128 0x3
 820 0022 0E       		.uleb128 0xe
 821 0023 3A       		.uleb128 0x3a
 822 0024 0B       		.uleb128 0xb
 823 0025 3B       		.uleb128 0x3b
 824 0026 0B       		.uleb128 0xb
 825 0027 49       		.uleb128 0x49
 826 0028 13       		.uleb128 0x13
 827 0029 00       		.byte	0
 828 002a 00       		.byte	0
 829 002b 04       		.uleb128 0x4
 830 002c 24       		.uleb128 0x24
 831 002d 00       		.byte	0
 832 002e 0B       		.uleb128 0xb
 833 002f 0B       		.uleb128 0xb
 834 0030 3E       		.uleb128 0x3e
 835 0031 0B       		.uleb128 0xb
 836 0032 03       		.uleb128 0x3
 837 0033 0E       		.uleb128 0xe
 838 0034 00       		.byte	0
 839 0035 00       		.byte	0
 840 0036 05       		.uleb128 0x5
 841 0037 0F       		.uleb128 0xf
 842 0038 00       		.byte	0
 843 0039 0B       		.uleb128 0xb
 844 003a 0B       		.uleb128 0xb
 845 003b 00       		.byte	0
 846 003c 00       		.byte	0
 847 003d 06       		.uleb128 0x6
 848 003e 0F       		.uleb128 0xf
 849 003f 00       		.byte	0
 850 0040 0B       		.uleb128 0xb
 851 0041 0B       		.uleb128 0xb
ARM GAS  C:\Users\ROUSSMA\AppData\Local\Temp\ccq023Lv.s 			page 22


 852 0042 49       		.uleb128 0x49
 853 0043 13       		.uleb128 0x13
 854 0044 00       		.byte	0
 855 0045 00       		.byte	0
 856 0046 07       		.uleb128 0x7
 857 0047 15       		.uleb128 0x15
 858 0048 00       		.byte	0
 859 0049 27       		.uleb128 0x27
 860 004a 19       		.uleb128 0x19
 861 004b 00       		.byte	0
 862 004c 00       		.byte	0
 863 004d 08       		.uleb128 0x8
 864 004e 16       		.uleb128 0x16
 865 004f 00       		.byte	0
 866 0050 03       		.uleb128 0x3
 867 0051 0E       		.uleb128 0xe
 868 0052 3A       		.uleb128 0x3a
 869 0053 0B       		.uleb128 0xb
 870 0054 3B       		.uleb128 0x3b
 871 0055 05       		.uleb128 0x5
 872 0056 49       		.uleb128 0x49
 873 0057 13       		.uleb128 0x13
 874 0058 00       		.byte	0
 875 0059 00       		.byte	0
 876 005a 09       		.uleb128 0x9
 877 005b 35       		.uleb128 0x35
 878 005c 00       		.byte	0
 879 005d 49       		.uleb128 0x49
 880 005e 13       		.uleb128 0x13
 881 005f 00       		.byte	0
 882 0060 00       		.byte	0
 883 0061 0A       		.uleb128 0xa
 884 0062 2E       		.uleb128 0x2e
 885 0063 00       		.byte	0
 886 0064 03       		.uleb128 0x3
 887 0065 0E       		.uleb128 0xe
 888 0066 3A       		.uleb128 0x3a
 889 0067 0B       		.uleb128 0xb
 890 0068 3B       		.uleb128 0x3b
 891 0069 0B       		.uleb128 0xb
 892 006a 27       		.uleb128 0x27
 893 006b 19       		.uleb128 0x19
 894 006c 11       		.uleb128 0x11
 895 006d 01       		.uleb128 0x1
 896 006e 12       		.uleb128 0x12
 897 006f 06       		.uleb128 0x6
 898 0070 40       		.uleb128 0x40
 899 0071 18       		.uleb128 0x18
 900 0072 9742     		.uleb128 0x2117
 901 0074 19       		.uleb128 0x19
 902 0075 00       		.byte	0
 903 0076 00       		.byte	0
 904 0077 0B       		.uleb128 0xb
 905 0078 2E       		.uleb128 0x2e
 906 0079 01       		.byte	0x1
 907 007a 03       		.uleb128 0x3
 908 007b 0E       		.uleb128 0xe
ARM GAS  C:\Users\ROUSSMA\AppData\Local\Temp\ccq023Lv.s 			page 23


 909 007c 3A       		.uleb128 0x3a
 910 007d 0B       		.uleb128 0xb
 911 007e 3B       		.uleb128 0x3b
 912 007f 0B       		.uleb128 0xb
 913 0080 27       		.uleb128 0x27
 914 0081 19       		.uleb128 0x19
 915 0082 11       		.uleb128 0x11
 916 0083 01       		.uleb128 0x1
 917 0084 12       		.uleb128 0x12
 918 0085 06       		.uleb128 0x6
 919 0086 40       		.uleb128 0x40
 920 0087 18       		.uleb128 0x18
 921 0088 9742     		.uleb128 0x2117
 922 008a 19       		.uleb128 0x19
 923 008b 01       		.uleb128 0x1
 924 008c 13       		.uleb128 0x13
 925 008d 00       		.byte	0
 926 008e 00       		.byte	0
 927 008f 0C       		.uleb128 0xc
 928 0090 05       		.uleb128 0x5
 929 0091 00       		.byte	0
 930 0092 03       		.uleb128 0x3
 931 0093 08       		.uleb128 0x8
 932 0094 3A       		.uleb128 0x3a
 933 0095 0B       		.uleb128 0xb
 934 0096 3B       		.uleb128 0x3b
 935 0097 0B       		.uleb128 0xb
 936 0098 49       		.uleb128 0x49
 937 0099 13       		.uleb128 0x13
 938 009a 02       		.uleb128 0x2
 939 009b 17       		.uleb128 0x17
 940 009c 00       		.byte	0
 941 009d 00       		.byte	0
 942 009e 0D       		.uleb128 0xd
 943 009f 898201   		.uleb128 0x4109
 944 00a2 01       		.byte	0x1
 945 00a3 11       		.uleb128 0x11
 946 00a4 01       		.uleb128 0x1
 947 00a5 31       		.uleb128 0x31
 948 00a6 13       		.uleb128 0x13
 949 00a7 00       		.byte	0
 950 00a8 00       		.byte	0
 951 00a9 0E       		.uleb128 0xe
 952 00aa 8A8201   		.uleb128 0x410a
 953 00ad 00       		.byte	0
 954 00ae 02       		.uleb128 0x2
 955 00af 18       		.uleb128 0x18
 956 00b0 9142     		.uleb128 0x2111
 957 00b2 18       		.uleb128 0x18
 958 00b3 00       		.byte	0
 959 00b4 00       		.byte	0
 960 00b5 0F       		.uleb128 0xf
 961 00b6 898201   		.uleb128 0x4109
 962 00b9 00       		.byte	0
 963 00ba 11       		.uleb128 0x11
 964 00bb 01       		.uleb128 0x1
 965 00bc 31       		.uleb128 0x31
ARM GAS  C:\Users\ROUSSMA\AppData\Local\Temp\ccq023Lv.s 			page 24


 966 00bd 13       		.uleb128 0x13
 967 00be 00       		.byte	0
 968 00bf 00       		.byte	0
 969 00c0 10       		.uleb128 0x10
 970 00c1 898201   		.uleb128 0x4109
 971 00c4 01       		.byte	0x1
 972 00c5 11       		.uleb128 0x11
 973 00c6 01       		.uleb128 0x1
 974 00c7 31       		.uleb128 0x31
 975 00c8 13       		.uleb128 0x13
 976 00c9 01       		.uleb128 0x1
 977 00ca 13       		.uleb128 0x13
 978 00cb 00       		.byte	0
 979 00cc 00       		.byte	0
 980 00cd 11       		.uleb128 0x11
 981 00ce 2E       		.uleb128 0x2e
 982 00cf 01       		.byte	0x1
 983 00d0 3F       		.uleb128 0x3f
 984 00d1 19       		.uleb128 0x19
 985 00d2 03       		.uleb128 0x3
 986 00d3 0E       		.uleb128 0xe
 987 00d4 3A       		.uleb128 0x3a
 988 00d5 0B       		.uleb128 0xb
 989 00d6 3B       		.uleb128 0x3b
 990 00d7 0B       		.uleb128 0xb
 991 00d8 27       		.uleb128 0x27
 992 00d9 19       		.uleb128 0x19
 993 00da 11       		.uleb128 0x11
 994 00db 01       		.uleb128 0x1
 995 00dc 12       		.uleb128 0x12
 996 00dd 06       		.uleb128 0x6
 997 00de 40       		.uleb128 0x40
 998 00df 18       		.uleb128 0x18
 999 00e0 9742     		.uleb128 0x2117
 1000 00e2 19       		.uleb128 0x19
 1001 00e3 01       		.uleb128 0x1
 1002 00e4 13       		.uleb128 0x13
 1003 00e5 00       		.byte	0
 1004 00e6 00       		.byte	0
 1005 00e7 12       		.uleb128 0x12
 1006 00e8 0B       		.uleb128 0xb
 1007 00e9 01       		.byte	0x1
 1008 00ea 11       		.uleb128 0x11
 1009 00eb 01       		.uleb128 0x1
 1010 00ec 12       		.uleb128 0x12
 1011 00ed 06       		.uleb128 0x6
 1012 00ee 01       		.uleb128 0x1
 1013 00ef 13       		.uleb128 0x13
 1014 00f0 00       		.byte	0
 1015 00f1 00       		.byte	0
 1016 00f2 13       		.uleb128 0x13
 1017 00f3 13       		.uleb128 0x13
 1018 00f4 01       		.byte	0x1
 1019 00f5 0B       		.uleb128 0xb
 1020 00f6 0B       		.uleb128 0xb
 1021 00f7 3A       		.uleb128 0x3a
 1022 00f8 0B       		.uleb128 0xb
ARM GAS  C:\Users\ROUSSMA\AppData\Local\Temp\ccq023Lv.s 			page 25


 1023 00f9 3B       		.uleb128 0x3b
 1024 00fa 05       		.uleb128 0x5
 1025 00fb 01       		.uleb128 0x1
 1026 00fc 13       		.uleb128 0x13
 1027 00fd 00       		.byte	0
 1028 00fe 00       		.byte	0
 1029 00ff 14       		.uleb128 0x14
 1030 0100 0D       		.uleb128 0xd
 1031 0101 00       		.byte	0
 1032 0102 03       		.uleb128 0x3
 1033 0103 0E       		.uleb128 0xe
 1034 0104 3A       		.uleb128 0x3a
 1035 0105 0B       		.uleb128 0xb
 1036 0106 3B       		.uleb128 0x3b
 1037 0107 05       		.uleb128 0x5
 1038 0108 49       		.uleb128 0x49
 1039 0109 13       		.uleb128 0x13
 1040 010a 38       		.uleb128 0x38
 1041 010b 0B       		.uleb128 0xb
 1042 010c 00       		.byte	0
 1043 010d 00       		.byte	0
 1044 010e 15       		.uleb128 0x15
 1045 010f 01       		.uleb128 0x1
 1046 0110 01       		.byte	0x1
 1047 0111 49       		.uleb128 0x49
 1048 0112 13       		.uleb128 0x13
 1049 0113 01       		.uleb128 0x1
 1050 0114 13       		.uleb128 0x13
 1051 0115 00       		.byte	0
 1052 0116 00       		.byte	0
 1053 0117 16       		.uleb128 0x16
 1054 0118 21       		.uleb128 0x21
 1055 0119 00       		.byte	0
 1056 011a 49       		.uleb128 0x49
 1057 011b 13       		.uleb128 0x13
 1058 011c 2F       		.uleb128 0x2f
 1059 011d 0B       		.uleb128 0xb
 1060 011e 00       		.byte	0
 1061 011f 00       		.byte	0
 1062 0120 17       		.uleb128 0x17
 1063 0121 34       		.uleb128 0x34
 1064 0122 00       		.byte	0
 1065 0123 03       		.uleb128 0x3
 1066 0124 0E       		.uleb128 0xe
 1067 0125 3A       		.uleb128 0x3a
 1068 0126 0B       		.uleb128 0xb
 1069 0127 3B       		.uleb128 0x3b
 1070 0128 05       		.uleb128 0x5
 1071 0129 49       		.uleb128 0x49
 1072 012a 13       		.uleb128 0x13
 1073 012b 02       		.uleb128 0x2
 1074 012c 18       		.uleb128 0x18
 1075 012d 00       		.byte	0
 1076 012e 00       		.byte	0
 1077 012f 18       		.uleb128 0x18
 1078 0130 26       		.uleb128 0x26
 1079 0131 00       		.byte	0
ARM GAS  C:\Users\ROUSSMA\AppData\Local\Temp\ccq023Lv.s 			page 26


 1080 0132 49       		.uleb128 0x49
 1081 0133 13       		.uleb128 0x13
 1082 0134 00       		.byte	0
 1083 0135 00       		.byte	0
 1084 0136 19       		.uleb128 0x19
 1085 0137 34       		.uleb128 0x34
 1086 0138 00       		.byte	0
 1087 0139 03       		.uleb128 0x3
 1088 013a 08       		.uleb128 0x8
 1089 013b 3A       		.uleb128 0x3a
 1090 013c 0B       		.uleb128 0xb
 1091 013d 3B       		.uleb128 0x3b
 1092 013e 05       		.uleb128 0x5
 1093 013f 49       		.uleb128 0x49
 1094 0140 13       		.uleb128 0x13
 1095 0141 02       		.uleb128 0x2
 1096 0142 17       		.uleb128 0x17
 1097 0143 00       		.byte	0
 1098 0144 00       		.byte	0
 1099 0145 1A       		.uleb128 0x1a
 1100 0146 0B       		.uleb128 0xb
 1101 0147 01       		.byte	0x1
 1102 0148 11       		.uleb128 0x11
 1103 0149 01       		.uleb128 0x1
 1104 014a 12       		.uleb128 0x12
 1105 014b 06       		.uleb128 0x6
 1106 014c 00       		.byte	0
 1107 014d 00       		.byte	0
 1108 014e 1B       		.uleb128 0x1b
 1109 014f 2E       		.uleb128 0x2e
 1110 0150 01       		.byte	0x1
 1111 0151 3F       		.uleb128 0x3f
 1112 0152 19       		.uleb128 0x19
 1113 0153 03       		.uleb128 0x3
 1114 0154 0E       		.uleb128 0xe
 1115 0155 27       		.uleb128 0x27
 1116 0156 19       		.uleb128 0x19
 1117 0157 49       		.uleb128 0x49
 1118 0158 13       		.uleb128 0x13
 1119 0159 34       		.uleb128 0x34
 1120 015a 19       		.uleb128 0x19
 1121 015b 3C       		.uleb128 0x3c
 1122 015c 19       		.uleb128 0x19
 1123 015d 01       		.uleb128 0x1
 1124 015e 13       		.uleb128 0x13
 1125 015f 00       		.byte	0
 1126 0160 00       		.byte	0
 1127 0161 1C       		.uleb128 0x1c
 1128 0162 05       		.uleb128 0x5
 1129 0163 00       		.byte	0
 1130 0164 49       		.uleb128 0x49
 1131 0165 13       		.uleb128 0x13
 1132 0166 00       		.byte	0
 1133 0167 00       		.byte	0
 1134 0168 1D       		.uleb128 0x1d
 1135 0169 2E       		.uleb128 0x2e
 1136 016a 00       		.byte	0
ARM GAS  C:\Users\ROUSSMA\AppData\Local\Temp\ccq023Lv.s 			page 27


 1137 016b 3F       		.uleb128 0x3f
 1138 016c 19       		.uleb128 0x19
 1139 016d 03       		.uleb128 0x3
 1140 016e 0E       		.uleb128 0xe
 1141 016f 3A       		.uleb128 0x3a
 1142 0170 0B       		.uleb128 0xb
 1143 0171 3B       		.uleb128 0x3b
 1144 0172 0B       		.uleb128 0xb
 1145 0173 27       		.uleb128 0x27
 1146 0174 19       		.uleb128 0x19
 1147 0175 3C       		.uleb128 0x3c
 1148 0176 19       		.uleb128 0x19
 1149 0177 00       		.byte	0
 1150 0178 00       		.byte	0
 1151 0179 1E       		.uleb128 0x1e
 1152 017a 2E       		.uleb128 0x2e
 1153 017b 01       		.byte	0x1
 1154 017c 3F       		.uleb128 0x3f
 1155 017d 19       		.uleb128 0x19
 1156 017e 03       		.uleb128 0x3
 1157 017f 0E       		.uleb128 0xe
 1158 0180 3A       		.uleb128 0x3a
 1159 0181 0B       		.uleb128 0xb
 1160 0182 3B       		.uleb128 0x3b
 1161 0183 0B       		.uleb128 0xb
 1162 0184 27       		.uleb128 0x27
 1163 0185 19       		.uleb128 0x19
 1164 0186 3C       		.uleb128 0x3c
 1165 0187 19       		.uleb128 0x19
 1166 0188 01       		.uleb128 0x1
 1167 0189 13       		.uleb128 0x13
 1168 018a 00       		.byte	0
 1169 018b 00       		.byte	0
 1170 018c 1F       		.uleb128 0x1f
 1171 018d 2E       		.uleb128 0x2e
 1172 018e 01       		.byte	0x1
 1173 018f 3F       		.uleb128 0x3f
 1174 0190 19       		.uleb128 0x19
 1175 0191 03       		.uleb128 0x3
 1176 0192 0E       		.uleb128 0xe
 1177 0193 3A       		.uleb128 0x3a
 1178 0194 0B       		.uleb128 0xb
 1179 0195 3B       		.uleb128 0x3b
 1180 0196 0B       		.uleb128 0xb
 1181 0197 27       		.uleb128 0x27
 1182 0198 19       		.uleb128 0x19
 1183 0199 49       		.uleb128 0x49
 1184 019a 13       		.uleb128 0x13
 1185 019b 3C       		.uleb128 0x3c
 1186 019c 19       		.uleb128 0x19
 1187 019d 01       		.uleb128 0x1
 1188 019e 13       		.uleb128 0x13
 1189 019f 00       		.byte	0
 1190 01a0 00       		.byte	0
 1191 01a1 20       		.uleb128 0x20
 1192 01a2 2E       		.uleb128 0x2e
 1193 01a3 01       		.byte	0x1
ARM GAS  C:\Users\ROUSSMA\AppData\Local\Temp\ccq023Lv.s 			page 28


 1194 01a4 3F       		.uleb128 0x3f
 1195 01a5 19       		.uleb128 0x19
 1196 01a6 03       		.uleb128 0x3
 1197 01a7 0E       		.uleb128 0xe
 1198 01a8 3A       		.uleb128 0x3a
 1199 01a9 0B       		.uleb128 0xb
 1200 01aa 3B       		.uleb128 0x3b
 1201 01ab 0B       		.uleb128 0xb
 1202 01ac 27       		.uleb128 0x27
 1203 01ad 19       		.uleb128 0x19
 1204 01ae 3C       		.uleb128 0x3c
 1205 01af 19       		.uleb128 0x19
 1206 01b0 00       		.byte	0
 1207 01b1 00       		.byte	0
 1208 01b2 00       		.byte	0
 1209              		.section	.debug_loc,"",%progbits
 1210              	.Ldebug_loc0:
 1211              	.LLST0:
 1212 0000 00000000 		.4byte	.LVL0
 1213 0004 09000000 		.4byte	.LVL2-1
 1214 0008 0100     		.2byte	0x1
 1215 000a 50       		.byte	0x50
 1216 000b 09000000 		.4byte	.LVL2-1
 1217 000f 0C000000 		.4byte	.LFE2
 1218 0013 0400     		.2byte	0x4
 1219 0015 F3       		.byte	0xf3
 1220 0016 01       		.uleb128 0x1
 1221 0017 50       		.byte	0x50
 1222 0018 9F       		.byte	0x9f
 1223 0019 00000000 		.4byte	0
 1224 001d 00000000 		.4byte	0
 1225              	.LLST1:
 1226 0021 00000000 		.4byte	.LVL0
 1227 0025 06000000 		.4byte	.LVL1
 1228 0029 0100     		.2byte	0x1
 1229 002b 51       		.byte	0x51
 1230 002c 06000000 		.4byte	.LVL1
 1231 0030 09000000 		.4byte	.LVL2-1
 1232 0034 0100     		.2byte	0x1
 1233 0036 52       		.byte	0x52
 1234 0037 09000000 		.4byte	.LVL2-1
 1235 003b 0C000000 		.4byte	.LFE2
 1236 003f 0400     		.2byte	0x4
 1237 0041 F3       		.byte	0xf3
 1238 0042 01       		.uleb128 0x1
 1239 0043 51       		.byte	0x51
 1240 0044 9F       		.byte	0x9f
 1241 0045 00000000 		.4byte	0
 1242 0049 00000000 		.4byte	0
 1243              	.LLST2:
 1244 004d DE000000 		.4byte	.LVL11
 1245 0051 E2000000 		.4byte	.LVL12
 1246 0055 0200     		.2byte	0x2
 1247 0057 30       		.byte	0x30
 1248 0058 9F       		.byte	0x9f
 1249 0059 E2000000 		.4byte	.LVL12
 1250 005d 02010000 		.4byte	.LVL14
ARM GAS  C:\Users\ROUSSMA\AppData\Local\Temp\ccq023Lv.s 			page 29


 1251 0061 0100     		.2byte	0x1
 1252 0063 54       		.byte	0x54
 1253 0064 04010000 		.4byte	.LVL15
 1254 0068 64010000 		.4byte	.LVL18
 1255 006c 0100     		.2byte	0x1
 1256 006e 54       		.byte	0x54
 1257 006f 00000000 		.4byte	0
 1258 0073 00000000 		.4byte	0
 1259              	.LLST3:
 1260 0077 E2000000 		.4byte	.LVL12
 1261 007b 02010000 		.4byte	.LVL14
 1262 007f 0B00     		.2byte	0xb
 1263 0081 74       		.byte	0x74
 1264 0082 00       		.sleb128 0
 1265 0083 36       		.byte	0x36
 1266 0084 1E       		.byte	0x1e
 1267 0085 03       		.byte	0x3
 1268 0086 00000000 		.4byte	cfg_memset_list.4771
 1269 008a 22       		.byte	0x22
 1270 008b 9F       		.byte	0x9f
 1271 008c 02010000 		.4byte	.LVL14
 1272 0090 04010000 		.4byte	.LVL15
 1273 0094 0B00     		.2byte	0xb
 1274 0096 74       		.byte	0x74
 1275 0097 7F       		.sleb128 -1
 1276 0098 36       		.byte	0x36
 1277 0099 1E       		.byte	0x1e
 1278 009a 03       		.byte	0x3
 1279 009b 00000000 		.4byte	cfg_memset_list.4771
 1280 009f 22       		.byte	0x22
 1281 00a0 9F       		.byte	0x9f
 1282 00a1 00000000 		.4byte	0
 1283 00a5 00000000 		.4byte	0
 1284              		.section	.debug_aranges,"",%progbits
 1285 0000 34000000 		.4byte	0x34
 1286 0004 0200     		.2byte	0x2
 1287 0006 00000000 		.4byte	.Ldebug_info0
 1288 000a 04       		.byte	0x4
 1289 000b 00       		.byte	0
 1290 000c 0000     		.2byte	0
 1291 000e 0000     		.2byte	0
 1292 0010 00000000 		.4byte	.LFB6
 1293 0014 20000000 		.4byte	.LFE6-.LFB6
 1294 0018 00000000 		.4byte	.LFB2
 1295 001c 0C000000 		.4byte	.LFE2-.LFB2
 1296 0020 00000000 		.4byte	.LFB5
 1297 0024 D4000000 		.4byte	.LFE5-.LFB5
 1298 0028 D4000000 		.4byte	.LFB7
 1299 002c CC000000 		.4byte	.LFE7-.LFB7
 1300 0030 00000000 		.4byte	0
 1301 0034 00000000 		.4byte	0
 1302              		.section	.debug_ranges,"",%progbits
 1303              	.Ldebug_ranges0:
 1304 0000 00000000 		.4byte	.LFB6
 1305 0004 20000000 		.4byte	.LFE6
 1306 0008 00000000 		.4byte	.LFB2
 1307 000c 0C000000 		.4byte	.LFE2
ARM GAS  C:\Users\ROUSSMA\AppData\Local\Temp\ccq023Lv.s 			page 30


 1308 0010 00000000 		.4byte	.LFB5
 1309 0014 D4000000 		.4byte	.LFE5
 1310 0018 D4000000 		.4byte	.LFB7
 1311 001c A0010000 		.4byte	.LFE7
 1312 0020 00000000 		.4byte	0
 1313 0024 00000000 		.4byte	0
 1314              		.section	.debug_line,"",%progbits
 1315              	.Ldebug_line0:
 1316 0000 5E010000 		.section	.debug_str,"MS",%progbits,1
 1316      0200E300 
 1316      00000201 
 1316      FB0E0D00 
 1316      01010101 
 1317              	.LASF28:
 1318 0000 43794465 		.ascii	"CyDelayCycles\000"
 1318      6C617943 
 1318      79636C65 
 1318      7300
 1319              	.LASF19:
 1320 000e 72656733 		.ascii	"reg32\000"
 1320      3200
 1321              	.LASF11:
 1322 0014 73697A65 		.ascii	"size_t\000"
 1322      5F7400
 1323              	.LASF37:
 1324 001b 416E616C 		.ascii	"AnalogSetDefault\000"
 1324      6F675365 
 1324      74446566 
 1324      61756C74 
 1324      00
 1325              	.LASF33:
 1326 002c 4379496E 		.ascii	"CyIntSetVector\000"
 1326      74536574 
 1326      56656374 
 1326      6F7200
 1327              	.LASF26:
 1328 003b 6366675F 		.ascii	"cfg_memset_list\000"
 1328      6D656D73 
 1328      65745F6C 
 1328      69737400 
 1329              	.LASF22:
 1330 004b 436C6F63 		.ascii	"ClockSetup\000"
 1330      6B536574 
 1330      757000
 1331              	.LASF4:
 1332 0056 73686F72 		.ascii	"short unsigned int\000"
 1332      7420756E 
 1332      7369676E 
 1332      65642069 
 1332      6E7400
 1333              	.LASF15:
 1334 0069 666C6F61 		.ascii	"float\000"
 1334      7400
 1335              	.LASF24:
 1336 006f 73697A65 		.ascii	"size\000"
 1336      00
 1337              	.LASF30:
ARM GAS  C:\Users\ROUSSMA\AppData\Local\Temp\ccq023Lv.s 			page 31


 1338 0074 43795379 		.ascii	"CySysClkWcoSetPowerMode\000"
 1338      73436C6B 
 1338      57636F53 
 1338      6574506F 
 1338      7765724D 
 1339              	.LASF18:
 1340 008c 72656738 		.ascii	"reg8\000"
 1340      00
 1341              	.LASF6:
 1342 0091 6C6F6E67 		.ascii	"long unsigned int\000"
 1342      20756E73 
 1342      69676E65 
 1342      6420696E 
 1342      7400
 1343              	.LASF12:
 1344 00a3 75696E74 		.ascii	"uint8\000"
 1344      3800
 1345              	.LASF39:
 1346 00a9 43795379 		.ascii	"CySysClkWcoStart\000"
 1346      73436C6B 
 1346      57636F53 
 1346      74617274 
 1346      00
 1347              	.LASF21:
 1348 00ba 43594D45 		.ascii	"CYMEMZERO\000"
 1348      4D5A4552 
 1348      4F00
 1349              	.LASF2:
 1350 00c4 756E7369 		.ascii	"unsigned char\000"
 1350      676E6564 
 1350      20636861 
 1350      7200
 1351              	.LASF27:
 1352 00d2 6D656D73 		.ascii	"memset\000"
 1352      657400
 1353              	.LASF16:
 1354 00d9 646F7562 		.ascii	"double\000"
 1354      6C6500
 1355              	.LASF40:
 1356 00e0 4379496E 		.ascii	"CyIntEnable\000"
 1356      74456E61 
 1356      626C6500 
 1357              	.LASF13:
 1358 00ec 75696E74 		.ascii	"uint16\000"
 1358      313600
 1359              	.LASF17:
 1360 00f3 63797374 		.ascii	"cystatus\000"
 1360      61747573 
 1360      00
 1361              	.LASF14:
 1362 00fc 75696E74 		.ascii	"uint32\000"
 1362      333200
 1363              	.LASF36:
 1364 0103 433A5C55 		.ascii	"C:\\Users\\ROUSSMA\\Documents\\PSoC Creator\\RGB_OL"
 1364      73657273 
 1364      5C524F55 
 1364      53534D41 
ARM GAS  C:\Users\ROUSSMA\AppData\Local\Temp\ccq023Lv.s 			page 32


 1364      5C446F63 
 1365 0131 45445C52 		.ascii	"ED\\RGB_OLED.cydsn\000"
 1365      47425F4F 
 1365      4C45442E 
 1365      63796473 
 1365      6E00
 1366              	.LASF0:
 1367 0143 756E7369 		.ascii	"unsigned int\000"
 1367      676E6564 
 1367      20696E74 
 1367      00
 1368              	.LASF38:
 1369 0150 63796669 		.ascii	"cyfitter_cfg\000"
 1369      74746572 
 1369      5F636667 
 1369      00
 1370              	.LASF23:
 1371 015d 61646472 		.ascii	"address\000"
 1371      65737300 
 1372              	.LASF8:
 1373 0165 6C6F6E67 		.ascii	"long long unsigned int\000"
 1373      206C6F6E 
 1373      6720756E 
 1373      7369676E 
 1373      65642069 
 1374              	.LASF20:
 1375 017c 63796973 		.ascii	"cyisraddress\000"
 1375      72616464 
 1375      72657373 
 1375      00
 1376              	.LASF25:
 1377 0189 6366675F 		.ascii	"cfg_memset_t\000"
 1377      6D656D73 
 1377      65745F74 
 1377      00
 1378              	.LASF9:
 1379 0196 73697A65 		.ascii	"sizetype\000"
 1379      74797065 
 1379      00
 1380              	.LASF7:
 1381 019f 6C6F6E67 		.ascii	"long long int\000"
 1381      206C6F6E 
 1381      6720696E 
 1381      7400
 1382              	.LASF32:
 1383 01ad 43794465 		.ascii	"CyDelayUs\000"
 1383      6C617955 
 1383      7300
 1384              	.LASF10:
 1385 01b7 63686172 		.ascii	"char\000"
 1385      00
 1386              	.LASF31:
 1387 01bc 43795379 		.ascii	"CySysClkEcoStart\000"
 1387      73436C6B 
 1387      45636F53 
 1387      74617274 
 1387      00
ARM GAS  C:\Users\ROUSSMA\AppData\Local\Temp\ccq023Lv.s 			page 33


 1388              	.LASF34:
 1389 01cd 474E5520 		.ascii	"GNU C 4.9.3 20150303 (release) [ARM/embedded-4_9-br"
 1389      4320342E 
 1389      392E3320 
 1389      32303135 
 1389      30333033 
 1390 0200 616E6368 		.ascii	"anch revision 221220] -mcpu=cortex-m0 -mthumb -g -O"
 1390      20726576 
 1390      6973696F 
 1390      6E203232 
 1390      31323230 
 1391 0233 67202D66 		.ascii	"g -ffunction-sections -ffat-lto-objects\000"
 1391      66756E63 
 1391      74696F6E 
 1391      2D736563 
 1391      74696F6E 
 1392              	.LASF3:
 1393 025b 73686F72 		.ascii	"short int\000"
 1393      7420696E 
 1393      7400
 1394              	.LASF29:
 1395 0265 43795379 		.ascii	"CySysClkWriteImoFreq\000"
 1395      73436C6B 
 1395      57726974 
 1395      65496D6F 
 1395      46726571 
 1396              	.LASF5:
 1397 027a 6C6F6E67 		.ascii	"long int\000"
 1397      20696E74 
 1397      00
 1398              	.LASF1:
 1399 0283 7369676E 		.ascii	"signed char\000"
 1399      65642063 
 1399      68617200 
 1400              	.LASF35:
 1401 028f 47656E65 		.ascii	"Generated_Source\\PSoC4\\cyfitter_cfg.c\000"
 1401      72617465 
 1401      645F536F 
 1401      75726365 
 1401      5C50536F 
 1402              		.ident	"GCC: (GNU Tools for ARM Embedded Processors) 4.9.3 20150303 (release) [ARM/embedded-4_9-br
