ARM GAS  C:\Users\ROUSSMA\AppData\Local\Temp\ccUNvFqN.s 			page 1


   1              		.syntax unified
   2              		.cpu cortex-m0
   3              		.fpu softvfp
   4              		.eabi_attribute 20, 1
   5              		.eabi_attribute 21, 1
   6              		.eabi_attribute 23, 3
   7              		.eabi_attribute 24, 1
   8              		.eabi_attribute 25, 1
   9              		.eabi_attribute 26, 1
  10              		.eabi_attribute 30, 6
  11              		.eabi_attribute 34, 0
  12              		.eabi_attribute 18, 4
  13              		.thumb
  14              		.syntax unified
  15              		.file	"BLE_1_custom.c"
  16              		.text
  17              	.Ltext0:
  18              		.cfi_sections	.debug_frame
  19              		.global	cyBle_customs
  20              		.section	.rodata
  21              		.align	2
  22              		.type	cyBle_customs, %object
  23              		.size	cyBle_customs, 18
  24              	cyBle_customs:
  25 0000 1000     		.short	16
  26 0002 1200     		.short	18
  27 0004 1300     		.short	19
  28 0006 1500     		.short	21
  29 0008 1600     		.short	22
  30 000a 1800     		.short	24
  31 000c 1900     		.short	25
  32 000e 1B00     		.short	27
  33 0010 0000     		.short	0
  34              		.section	.text.CyBle_CustomInit,"ax",%progbits
  35              		.align	2
  36              		.global	CyBle_CustomInit
  37              		.code	16
  38              		.thumb_func
  39              		.type	CyBle_CustomInit, %function
  40              	CyBle_CustomInit:
  41              	.LFB2:
  42              		.file 1 "Generated_Source\\PSoC4\\BLE_1_custom.c"
   1:Generated_Source\PSoC4/BLE_1_custom.c **** /***************************************************************************//**
   2:Generated_Source\PSoC4/BLE_1_custom.c **** * \file CYBLE_custom.c
   3:Generated_Source\PSoC4/BLE_1_custom.c **** * \version 3.30
   4:Generated_Source\PSoC4/BLE_1_custom.c **** * 
   5:Generated_Source\PSoC4/BLE_1_custom.c **** * \brief
   6:Generated_Source\PSoC4/BLE_1_custom.c **** *  Contains the source code for the Custom Service.
   7:Generated_Source\PSoC4/BLE_1_custom.c **** * 
   8:Generated_Source\PSoC4/BLE_1_custom.c **** ********************************************************************************
   9:Generated_Source\PSoC4/BLE_1_custom.c **** * \copyright
  10:Generated_Source\PSoC4/BLE_1_custom.c **** * Copyright 2014-2016, Cypress Semiconductor Corporation.  All rights reserved.
  11:Generated_Source\PSoC4/BLE_1_custom.c **** * You may use this file only in accordance with the license, terms, conditions,
  12:Generated_Source\PSoC4/BLE_1_custom.c **** * disclaimers, and limitations in the end user license agreement accompanying
  13:Generated_Source\PSoC4/BLE_1_custom.c **** * the software package with which this file was provided.
  14:Generated_Source\PSoC4/BLE_1_custom.c **** *******************************************************************************/
  15:Generated_Source\PSoC4/BLE_1_custom.c **** 
ARM GAS  C:\Users\ROUSSMA\AppData\Local\Temp\ccUNvFqN.s 			page 2


  16:Generated_Source\PSoC4/BLE_1_custom.c **** 
  17:Generated_Source\PSoC4/BLE_1_custom.c **** #include "BLE_1_eventHandler.h"
  18:Generated_Source\PSoC4/BLE_1_custom.c **** 
  19:Generated_Source\PSoC4/BLE_1_custom.c **** #ifdef CYBLE_CUSTOM_SERVER
  20:Generated_Source\PSoC4/BLE_1_custom.c **** 
  21:Generated_Source\PSoC4/BLE_1_custom.c **** /* If any custom service with custom characterisctis is defined in the
  22:Generated_Source\PSoC4/BLE_1_custom.c **** * customizer's GUI their handles will be present in this array.
  23:Generated_Source\PSoC4/BLE_1_custom.c **** */
  24:Generated_Source\PSoC4/BLE_1_custom.c **** /* This array contains attribute handles for the defined Custom Services and their characteristics 
  25:Generated_Source\PSoC4/BLE_1_custom.c ****    The array index definitions are located in the CYBLE_custom.h file. */
  26:Generated_Source\PSoC4/BLE_1_custom.c **** const CYBLE_CUSTOMS_T cyBle_customs[0x01u] = {
  27:Generated_Source\PSoC4/BLE_1_custom.c **** 
  28:Generated_Source\PSoC4/BLE_1_custom.c ****     /* Badge service */
  29:Generated_Source\PSoC4/BLE_1_custom.c ****     {
  30:Generated_Source\PSoC4/BLE_1_custom.c ****         0x0010u, /* Handle of the Badge service */ 
  31:Generated_Source\PSoC4/BLE_1_custom.c ****         {
  32:Generated_Source\PSoC4/BLE_1_custom.c **** 
  33:Generated_Source\PSoC4/BLE_1_custom.c ****             /* Name String characteristic */
  34:Generated_Source\PSoC4/BLE_1_custom.c ****             {
  35:Generated_Source\PSoC4/BLE_1_custom.c ****                 0x0012u, /* Handle of the Name String characteristic */ 
  36:Generated_Source\PSoC4/BLE_1_custom.c ****                 
  37:Generated_Source\PSoC4/BLE_1_custom.c ****                 /* Array of Descriptors handles */
  38:Generated_Source\PSoC4/BLE_1_custom.c ****                 {
  39:Generated_Source\PSoC4/BLE_1_custom.c ****                     0x0013u, /* Handle of the Characteristic User Description descriptor */ 
  40:Generated_Source\PSoC4/BLE_1_custom.c ****                 }, 
  41:Generated_Source\PSoC4/BLE_1_custom.c ****             },
  42:Generated_Source\PSoC4/BLE_1_custom.c **** 
  43:Generated_Source\PSoC4/BLE_1_custom.c ****             /* Color String characteristic */
  44:Generated_Source\PSoC4/BLE_1_custom.c ****             {
  45:Generated_Source\PSoC4/BLE_1_custom.c ****                 0x0015u, /* Handle of the Color String characteristic */ 
  46:Generated_Source\PSoC4/BLE_1_custom.c ****                 
  47:Generated_Source\PSoC4/BLE_1_custom.c ****                 /* Array of Descriptors handles */
  48:Generated_Source\PSoC4/BLE_1_custom.c ****                 {
  49:Generated_Source\PSoC4/BLE_1_custom.c ****                     0x0016u, /* Handle of the Characteristic User Description descriptor */ 
  50:Generated_Source\PSoC4/BLE_1_custom.c ****                 }, 
  51:Generated_Source\PSoC4/BLE_1_custom.c ****             },
  52:Generated_Source\PSoC4/BLE_1_custom.c **** 
  53:Generated_Source\PSoC4/BLE_1_custom.c ****             /* Image String characteristic */
  54:Generated_Source\PSoC4/BLE_1_custom.c ****             {
  55:Generated_Source\PSoC4/BLE_1_custom.c ****                 0x0018u, /* Handle of the Image String characteristic */ 
  56:Generated_Source\PSoC4/BLE_1_custom.c ****                 
  57:Generated_Source\PSoC4/BLE_1_custom.c ****                 /* Array of Descriptors handles */
  58:Generated_Source\PSoC4/BLE_1_custom.c ****                 {
  59:Generated_Source\PSoC4/BLE_1_custom.c ****                     0x0019u, /* Handle of the Custom Descriptor descriptor */ 
  60:Generated_Source\PSoC4/BLE_1_custom.c ****                 }, 
  61:Generated_Source\PSoC4/BLE_1_custom.c ****             },
  62:Generated_Source\PSoC4/BLE_1_custom.c **** 
  63:Generated_Source\PSoC4/BLE_1_custom.c ****             /* Current Time characteristic */
  64:Generated_Source\PSoC4/BLE_1_custom.c ****             {
  65:Generated_Source\PSoC4/BLE_1_custom.c ****                 0x001Bu, /* Handle of the Current Time characteristic */ 
  66:Generated_Source\PSoC4/BLE_1_custom.c ****                 
  67:Generated_Source\PSoC4/BLE_1_custom.c ****                 /* Array of Descriptors handles */
  68:Generated_Source\PSoC4/BLE_1_custom.c ****                 {
  69:Generated_Source\PSoC4/BLE_1_custom.c ****                     CYBLE_GATT_INVALID_ATTR_HANDLE_VALUE, 
  70:Generated_Source\PSoC4/BLE_1_custom.c ****                 }, 
  71:Generated_Source\PSoC4/BLE_1_custom.c ****             },
  72:Generated_Source\PSoC4/BLE_1_custom.c ****         }, 
ARM GAS  C:\Users\ROUSSMA\AppData\Local\Temp\ccUNvFqN.s 			page 3


  73:Generated_Source\PSoC4/BLE_1_custom.c ****     },
  74:Generated_Source\PSoC4/BLE_1_custom.c **** };
  75:Generated_Source\PSoC4/BLE_1_custom.c **** 
  76:Generated_Source\PSoC4/BLE_1_custom.c **** 
  77:Generated_Source\PSoC4/BLE_1_custom.c **** #endif /* (CYBLE_CUSTOM_SERVER) */
  78:Generated_Source\PSoC4/BLE_1_custom.c **** 
  79:Generated_Source\PSoC4/BLE_1_custom.c **** #ifdef CYBLE_CUSTOM_CLIENT
  80:Generated_Source\PSoC4/BLE_1_custom.c ****     
  81:Generated_Source\PSoC4/BLE_1_custom.c **** 
  82:Generated_Source\PSoC4/BLE_1_custom.c **** static uint16 cyBle_customDisServIndex;
  83:Generated_Source\PSoC4/BLE_1_custom.c **** static uint16 cyBle_customDisCharIndex;
  84:Generated_Source\PSoC4/BLE_1_custom.c **** 
  85:Generated_Source\PSoC4/BLE_1_custom.c **** #endif /* (CYBLE_CUSTOM_CLIENT) */
  86:Generated_Source\PSoC4/BLE_1_custom.c **** 
  87:Generated_Source\PSoC4/BLE_1_custom.c **** 
  88:Generated_Source\PSoC4/BLE_1_custom.c **** /****************************************************************************** 
  89:Generated_Source\PSoC4/BLE_1_custom.c **** * Function Name: CyBle_CustomInit
  90:Generated_Source\PSoC4/BLE_1_custom.c **** ***************************************************************************//**
  91:Generated_Source\PSoC4/BLE_1_custom.c **** * 
  92:Generated_Source\PSoC4/BLE_1_custom.c **** *  This function initializes Custom Service.
  93:Generated_Source\PSoC4/BLE_1_custom.c **** * 
  94:Generated_Source\PSoC4/BLE_1_custom.c **** * \return
  95:Generated_Source\PSoC4/BLE_1_custom.c **** *  None
  96:Generated_Source\PSoC4/BLE_1_custom.c **** * 
  97:Generated_Source\PSoC4/BLE_1_custom.c **** ******************************************************************************/
  98:Generated_Source\PSoC4/BLE_1_custom.c **** void CyBle_CustomInit(void)
  99:Generated_Source\PSoC4/BLE_1_custom.c **** {
  43              		.loc 1 99 0
  44              		.cfi_startproc
  45              		@ args = 0, pretend = 0, frame = 0
  46              		@ frame_needed = 1, uses_anonymous_args = 0
  47 0000 80B5     		push	{r7, lr}
  48              		.cfi_def_cfa_offset 8
  49              		.cfi_offset 7, -8
  50              		.cfi_offset 14, -4
  51 0002 00AF     		add	r7, sp, #0
  52              		.cfi_def_cfa_register 7
 100:Generated_Source\PSoC4/BLE_1_custom.c ****     
 101:Generated_Source\PSoC4/BLE_1_custom.c **** #ifdef CYBLE_CUSTOM_CLIENT
 102:Generated_Source\PSoC4/BLE_1_custom.c **** 
 103:Generated_Source\PSoC4/BLE_1_custom.c ****     uint16 locServIndex;
 104:Generated_Source\PSoC4/BLE_1_custom.c ****     uint16 locCharIndex;
 105:Generated_Source\PSoC4/BLE_1_custom.c ****     uint16 locDescIndex;
 106:Generated_Source\PSoC4/BLE_1_custom.c ****     
 107:Generated_Source\PSoC4/BLE_1_custom.c ****     for(locServIndex = 0u; locServIndex < CYBLE_CUSTOMC_SERVICE_COUNT; locServIndex++)
 108:Generated_Source\PSoC4/BLE_1_custom.c ****     {
 109:Generated_Source\PSoC4/BLE_1_custom.c ****         if(cyBle_serverInfo[CYBLE_SRVI_CUSTOMS + locServIndex].range.startHandle == CYBLE_GATT_INVA
 110:Generated_Source\PSoC4/BLE_1_custom.c ****         {
 111:Generated_Source\PSoC4/BLE_1_custom.c ****             for(locCharIndex = 0u; locCharIndex < cyBle_customCServ[locServIndex].charCount; locCha
 112:Generated_Source\PSoC4/BLE_1_custom.c ****             {
 113:Generated_Source\PSoC4/BLE_1_custom.c ****                 cyBle_customCServ[locServIndex].customServChar[locCharIndex].
 114:Generated_Source\PSoC4/BLE_1_custom.c ****                     customServCharHandle = 0u;
 115:Generated_Source\PSoC4/BLE_1_custom.c ****                 
 116:Generated_Source\PSoC4/BLE_1_custom.c ****                 for(locDescIndex = 0u; locDescIndex < 
 117:Generated_Source\PSoC4/BLE_1_custom.c ****                     cyBle_customCServ[locServIndex].customServChar[locCharIndex].descCount; 
 118:Generated_Source\PSoC4/BLE_1_custom.c ****                         locDescIndex++)
 119:Generated_Source\PSoC4/BLE_1_custom.c ****                 {
ARM GAS  C:\Users\ROUSSMA\AppData\Local\Temp\ccUNvFqN.s 			page 4


 120:Generated_Source\PSoC4/BLE_1_custom.c ****                     cyBle_customCServ[locServIndex].customServChar[locCharIndex].
 121:Generated_Source\PSoC4/BLE_1_custom.c ****                         customServCharDesc[locDescIndex].descHandle = 0u;
 122:Generated_Source\PSoC4/BLE_1_custom.c ****                 }
 123:Generated_Source\PSoC4/BLE_1_custom.c ****             }
 124:Generated_Source\PSoC4/BLE_1_custom.c ****         }
 125:Generated_Source\PSoC4/BLE_1_custom.c ****     }
 126:Generated_Source\PSoC4/BLE_1_custom.c **** 
 127:Generated_Source\PSoC4/BLE_1_custom.c **** #endif /* (CYBLE_CUSTOM_CLIENT) */
 128:Generated_Source\PSoC4/BLE_1_custom.c **** }
  53              		.loc 1 128 0
  54 0004 C046     		nop
  55 0006 BD46     		mov	sp, r7
  56              		@ sp needed
  57 0008 80BD     		pop	{r7, pc}
  58              		.cfi_endproc
  59              	.LFE2:
  60              		.size	CyBle_CustomInit, .-CyBle_CustomInit
  61 000a C046     		.text
  62              	.Letext0:
  63              		.file 2 "Generated_Source\\PSoC4\\cytypes.h"
  64              		.file 3 "Generated_Source\\PSoC4\\BLE_1_StackGatt.h"
  65              		.file 4 "Generated_Source\\PSoC4\\BLE_1_custom.h"
  66              		.file 5 "Generated_Source\\PSoC4\\BLE_1_Stack.h"
  67              		.section	.debug_info,"",%progbits
  68              	.Ldebug_info0:
  69 0000 15030000 		.4byte	0x315
  70 0004 0400     		.2byte	0x4
  71 0006 00000000 		.4byte	.Ldebug_abbrev0
  72 000a 04       		.byte	0x4
  73 000b 01       		.uleb128 0x1
  74 000c 10040000 		.4byte	.LASF94
  75 0010 0C       		.byte	0xc
  76 0011 3F020000 		.4byte	.LASF95
  77 0015 B2070000 		.4byte	.LASF96
  78 0019 00000000 		.4byte	.Ldebug_ranges0+0
  79 001d 00000000 		.4byte	0
  80 0021 00000000 		.4byte	.Ldebug_line0
  81 0025 02       		.uleb128 0x2
  82 0026 01       		.byte	0x1
  83 0027 06       		.byte	0x6
  84 0028 9B050000 		.4byte	.LASF0
  85 002c 02       		.uleb128 0x2
  86 002d 01       		.byte	0x1
  87 002e 08       		.byte	0x8
  88 002f 22050000 		.4byte	.LASF1
  89 0033 02       		.uleb128 0x2
  90 0034 02       		.byte	0x2
  91 0035 05       		.byte	0x5
  92 0036 B7000000 		.4byte	.LASF2
  93 003a 02       		.uleb128 0x2
  94 003b 02       		.byte	0x2
  95 003c 07       		.byte	0x7
  96 003d 7B070000 		.4byte	.LASF3
  97 0041 02       		.uleb128 0x2
  98 0042 04       		.byte	0x4
  99 0043 05       		.byte	0x5
 100 0044 3C030000 		.4byte	.LASF4
ARM GAS  C:\Users\ROUSSMA\AppData\Local\Temp\ccUNvFqN.s 			page 5


 101 0048 02       		.uleb128 0x2
 102 0049 04       		.byte	0x4
 103 004a 07       		.byte	0x7
 104 004b 2C060000 		.4byte	.LASF5
 105 004f 02       		.uleb128 0x2
 106 0050 08       		.byte	0x8
 107 0051 05       		.byte	0x5
 108 0052 23010000 		.4byte	.LASF6
 109 0056 02       		.uleb128 0x2
 110 0057 08       		.byte	0x8
 111 0058 07       		.byte	0x7
 112 0059 EF020000 		.4byte	.LASF7
 113 005d 03       		.uleb128 0x3
 114 005e 04       		.byte	0x4
 115 005f 05       		.byte	0x5
 116 0060 696E7400 		.ascii	"int\000"
 117 0064 02       		.uleb128 0x2
 118 0065 04       		.byte	0x4
 119 0066 07       		.byte	0x7
 120 0067 04060000 		.4byte	.LASF8
 121 006b 04       		.uleb128 0x4
 122 006c CE010000 		.4byte	.LASF86
 123 0070 02       		.byte	0x2
 124 0071 BA01     		.2byte	0x1ba
 125 0073 3A000000 		.4byte	0x3a
 126 0077 02       		.uleb128 0x2
 127 0078 04       		.byte	0x4
 128 0079 04       		.byte	0x4
 129 007a 86020000 		.4byte	.LASF9
 130 007e 02       		.uleb128 0x2
 131 007f 08       		.byte	0x8
 132 0080 04       		.byte	0x4
 133 0081 8F080000 		.4byte	.LASF10
 134 0085 02       		.uleb128 0x2
 135 0086 01       		.byte	0x1
 136 0087 08       		.byte	0x8
 137 0088 5A070000 		.4byte	.LASF11
 138 008c 02       		.uleb128 0x2
 139 008d 08       		.byte	0x8
 140 008e 04       		.byte	0x4
 141 008f F0040000 		.4byte	.LASF12
 142 0093 02       		.uleb128 0x2
 143 0094 04       		.byte	0x4
 144 0095 07       		.byte	0x7
 145 0096 F9000000 		.4byte	.LASF13
 146 009a 05       		.uleb128 0x5
 147 009b 01       		.byte	0x1
 148 009c 2C000000 		.4byte	0x2c
 149 00a0 05       		.byte	0x5
 150 00a1 4D01     		.2byte	0x14d
 151 00a3 58020000 		.4byte	0x258
 152 00a7 06       		.uleb128 0x6
 153 00a8 28020000 		.4byte	.LASF14
 154 00ac 00       		.byte	0
 155 00ad 06       		.uleb128 0x6
 156 00ae 68010000 		.4byte	.LASF15
 157 00b2 01       		.byte	0x1
ARM GAS  C:\Users\ROUSSMA\AppData\Local\Temp\ccUNvFqN.s 			page 6


 158 00b3 06       		.uleb128 0x6
 159 00b4 0F0A0000 		.4byte	.LASF16
 160 00b8 02       		.byte	0x2
 161 00b9 06       		.uleb128 0x6
 162 00ba EB080000 		.4byte	.LASF17
 163 00be 03       		.byte	0x3
 164 00bf 06       		.uleb128 0x6
 165 00c0 42010000 		.4byte	.LASF18
 166 00c4 04       		.byte	0x4
 167 00c5 06       		.uleb128 0x6
 168 00c6 CE030000 		.4byte	.LASF19
 169 00ca 05       		.byte	0x5
 170 00cb 06       		.uleb128 0x6
 171 00cc 3E000000 		.4byte	.LASF20
 172 00d0 06       		.byte	0x6
 173 00d1 06       		.uleb128 0x6
 174 00d2 8E070000 		.4byte	.LASF21
 175 00d6 20       		.byte	0x20
 176 00d7 06       		.uleb128 0x6
 177 00d8 3E060000 		.4byte	.LASF22
 178 00dc 21       		.byte	0x21
 179 00dd 06       		.uleb128 0x6
 180 00de 00000000 		.4byte	.LASF23
 181 00e2 22       		.byte	0x22
 182 00e3 06       		.uleb128 0x6
 183 00e4 EA030000 		.4byte	.LASF24
 184 00e8 23       		.byte	0x23
 185 00e9 06       		.uleb128 0x6
 186 00ea E8050000 		.4byte	.LASF25
 187 00ee 24       		.byte	0x24
 188 00ef 06       		.uleb128 0x6
 189 00f0 C1000000 		.4byte	.LASF26
 190 00f4 25       		.byte	0x25
 191 00f5 06       		.uleb128 0x6
 192 00f6 85030000 		.4byte	.LASF27
 193 00fa 26       		.byte	0x26
 194 00fb 06       		.uleb128 0x6
 195 00fc 66030000 		.4byte	.LASF28
 196 0100 27       		.byte	0x27
 197 0101 06       		.uleb128 0x6
 198 0102 71000000 		.4byte	.LASF29
 199 0106 28       		.byte	0x28
 200 0107 06       		.uleb128 0x6
 201 0108 76060000 		.4byte	.LASF30
 202 010c 29       		.byte	0x29
 203 010d 06       		.uleb128 0x6
 204 010e 0A070000 		.4byte	.LASF31
 205 0112 2A       		.byte	0x2a
 206 0113 06       		.uleb128 0x6
 207 0114 2F080000 		.4byte	.LASF32
 208 0118 2B       		.byte	0x2b
 209 0119 06       		.uleb128 0x6
 210 011a CE060000 		.4byte	.LASF33
 211 011e 2C       		.byte	0x2c
 212 011f 06       		.uleb128 0x6
 213 0120 A5020000 		.4byte	.LASF34
 214 0124 2D       		.byte	0x2d
ARM GAS  C:\Users\ROUSSMA\AppData\Local\Temp\ccUNvFqN.s 			page 7


 215 0125 06       		.uleb128 0x6
 216 0126 93000000 		.4byte	.LASF35
 217 012a 2E       		.byte	0x2e
 218 012b 06       		.uleb128 0x6
 219 012c F90A0000 		.4byte	.LASF36
 220 0130 2F       		.byte	0x2f
 221 0131 06       		.uleb128 0x6
 222 0132 02010000 		.4byte	.LASF37
 223 0136 30       		.byte	0x30
 224 0137 06       		.uleb128 0x6
 225 0138 CC040000 		.4byte	.LASF38
 226 013c 31       		.byte	0x31
 227 013d 06       		.uleb128 0x6
 228 013e CE020000 		.4byte	.LASF39
 229 0142 32       		.byte	0x32
 230 0143 06       		.uleb128 0x6
 231 0144 33070000 		.4byte	.LASF40
 232 0148 33       		.byte	0x33
 233 0149 06       		.uleb128 0x6
 234 014a 93060000 		.4byte	.LASF41
 235 014e 34       		.byte	0x34
 236 014f 06       		.uleb128 0x6
 237 0150 CE080000 		.4byte	.LASF42
 238 0154 35       		.byte	0x35
 239 0155 06       		.uleb128 0x6
 240 0156 1B030000 		.4byte	.LASF43
 241 015a 36       		.byte	0x36
 242 015b 06       		.uleb128 0x6
 243 015c 7B010000 		.4byte	.LASF44
 244 0160 37       		.byte	0x37
 245 0161 06       		.uleb128 0x6
 246 0162 57000000 		.4byte	.LASF45
 247 0166 40       		.byte	0x40
 248 0167 06       		.uleb128 0x6
 249 0168 11060000 		.4byte	.LASF46
 250 016c 41       		.byte	0x41
 251 016d 06       		.uleb128 0x6
 252 016e DB000000 		.4byte	.LASF47
 253 0172 42       		.byte	0x42
 254 0173 06       		.uleb128 0x6
 255 0174 B0010000 		.4byte	.LASF48
 256 0178 43       		.byte	0x43
 257 0179 06       		.uleb128 0x6
 258 017a CD090000 		.4byte	.LASF49
 259 017e 44       		.byte	0x44
 260 017f 06       		.uleb128 0x6
 261 0180 67090000 		.4byte	.LASF50
 262 0184 45       		.byte	0x45
 263 0185 06       		.uleb128 0x6
 264 0186 AC090000 		.4byte	.LASF51
 265 018a 46       		.byte	0x46
 266 018b 06       		.uleb128 0x6
 267 018c 7D050000 		.4byte	.LASF52
 268 0190 47       		.byte	0x47
 269 0191 06       		.uleb128 0x6
 270 0192 C1050000 		.4byte	.LASF53
 271 0196 48       		.byte	0x48
ARM GAS  C:\Users\ROUSSMA\AppData\Local\Temp\ccUNvFqN.s 			page 8


 272 0197 06       		.uleb128 0x6
 273 0198 8C020000 		.4byte	.LASF54
 274 019c 49       		.byte	0x49
 275 019d 06       		.uleb128 0x6
 276 019e F2070000 		.4byte	.LASF55
 277 01a2 4A       		.byte	0x4a
 278 01a3 06       		.uleb128 0x6
 279 01a4 E8010000 		.4byte	.LASF56
 280 01a8 4B       		.byte	0x4b
 281 01a9 06       		.uleb128 0x6
 282 01aa A7050000 		.4byte	.LASF57
 283 01ae 4C       		.byte	0x4c
 284 01af 06       		.uleb128 0x6
 285 01b0 24000000 		.4byte	.LASF58
 286 01b4 4D       		.byte	0x4d
 287 01b5 06       		.uleb128 0x6
 288 01b6 8E090000 		.4byte	.LASF59
 289 01ba 4E       		.byte	0x4e
 290 01bb 06       		.uleb128 0x6
 291 01bc 3F050000 		.4byte	.LASF60
 292 01c0 4F       		.byte	0x4f
 293 01c1 06       		.uleb128 0x6
 294 01c2 7A0A0000 		.4byte	.LASF61
 295 01c6 50       		.byte	0x50
 296 01c7 06       		.uleb128 0x6
 297 01c8 10080000 		.4byte	.LASF62
 298 01cc 51       		.byte	0x51
 299 01cd 06       		.uleb128 0x6
 300 01ce AD030000 		.4byte	.LASF63
 301 01d2 52       		.byte	0x52
 302 01d3 06       		.uleb128 0x6
 303 01d4 45030000 		.4byte	.LASF64
 304 01d8 53       		.byte	0x53
 305 01d9 06       		.uleb128 0x6
 306 01da 07020000 		.4byte	.LASF65
 307 01de 54       		.byte	0x54
 308 01df 06       		.uleb128 0x6
 309 01e0 C30A0000 		.4byte	.LASF66
 310 01e4 55       		.byte	0x55
 311 01e5 06       		.uleb128 0x6
 312 01e6 580A0000 		.4byte	.LASF67
 313 01ea 56       		.byte	0x56
 314 01eb 06       		.uleb128 0x6
 315 01ec 2F0A0000 		.4byte	.LASF68
 316 01f0 57       		.byte	0x57
 317 01f1 06       		.uleb128 0x6
 318 01f2 AB060000 		.4byte	.LASF69
 319 01f6 58       		.byte	0x58
 320 01f7 06       		.uleb128 0x6
 321 01f8 FC040000 		.4byte	.LASF70
 322 01fc 70       		.byte	0x70
 323 01fd 06       		.uleb128 0x6
 324 01fe 23090000 		.4byte	.LASF71
 325 0202 71       		.byte	0x71
 326 0203 06       		.uleb128 0x6
 327 0204 5F070000 		.4byte	.LASF72
 328 0208 72       		.byte	0x72
ARM GAS  C:\Users\ROUSSMA\AppData\Local\Temp\ccUNvFqN.s 			page 9


 329 0209 06       		.uleb128 0x6
 330 020a 49090000 		.4byte	.LASF73
 331 020e 73       		.byte	0x73
 332 020f 06       		.uleb128 0x6
 333 0210 AE040000 		.4byte	.LASF74
 334 0214 74       		.byte	0x74
 335 0215 06       		.uleb128 0x6
 336 0216 55060000 		.4byte	.LASF75
 337 021a 75       		.byte	0x75
 338 021b 06       		.uleb128 0x6
 339 021c 65020000 		.4byte	.LASF76
 340 0220 76       		.byte	0x76
 341 0221 06       		.uleb128 0x6
 342 0222 04090000 		.4byte	.LASF77
 343 0226 77       		.byte	0x77
 344 0227 06       		.uleb128 0x6
 345 0228 6C080000 		.4byte	.LASF78
 346 022c 78       		.byte	0x78
 347 022d 06       		.uleb128 0x6
 348 022e 96080000 		.4byte	.LASF79
 349 0232 79       		.byte	0x79
 350 0233 06       		.uleb128 0x6
 351 0234 EB090000 		.4byte	.LASF80
 352 0238 7A       		.byte	0x7a
 353 0239 06       		.uleb128 0x6
 354 023a 4E080000 		.4byte	.LASF81
 355 023e FA       		.byte	0xfa
 356 023f 06       		.uleb128 0x6
 357 0240 5E050000 		.4byte	.LASF82
 358 0244 FB       		.byte	0xfb
 359 0245 06       		.uleb128 0x6
 360 0246 E70A0000 		.4byte	.LASF83
 361 024a FC       		.byte	0xfc
 362 024b 06       		.uleb128 0x6
 363 024c F2060000 		.4byte	.LASF84
 364 0250 FD       		.byte	0xfd
 365 0251 06       		.uleb128 0x6
 366 0252 210A0000 		.4byte	.LASF85
 367 0256 FF       		.byte	0xff
 368 0257 00       		.byte	0
 369 0258 04       		.uleb128 0x4
 370 0259 990A0000 		.4byte	.LASF87
 371 025d 03       		.byte	0x3
 372 025e 8901     		.2byte	0x189
 373 0260 6B000000 		.4byte	0x6b
 374 0264 07       		.uleb128 0x7
 375 0265 04       		.byte	0x4
 376 0266 04       		.byte	0x4
 377 0267 4E       		.byte	0x4e
 378 0268 85020000 		.4byte	0x285
 379 026c 08       		.uleb128 0x8
 380 026d B9080000 		.4byte	.LASF88
 381 0271 04       		.byte	0x4
 382 0272 51       		.byte	0x51
 383 0273 58020000 		.4byte	0x258
 384 0277 00       		.byte	0
 385 0278 08       		.uleb128 0x8
ARM GAS  C:\Users\ROUSSMA\AppData\Local\Temp\ccUNvFqN.s 			page 10


 386 0279 D5010000 		.4byte	.LASF89
 387 027d 04       		.byte	0x4
 388 027e 53       		.byte	0x53
 389 027f 85020000 		.4byte	0x285
 390 0283 02       		.byte	0x2
 391 0284 00       		.byte	0
 392 0285 09       		.uleb128 0x9
 393 0286 58020000 		.4byte	0x258
 394 028a 95020000 		.4byte	0x295
 395 028e 0A       		.uleb128 0xa
 396 028f 93000000 		.4byte	0x93
 397 0293 00       		.byte	0
 398 0294 00       		.byte	0
 399 0295 0B       		.uleb128 0xb
 400 0296 06030000 		.4byte	.LASF90
 401 029a 04       		.byte	0x4
 402 029b 55       		.byte	0x55
 403 029c 64020000 		.4byte	0x264
 404 02a0 07       		.uleb128 0x7
 405 02a1 12       		.byte	0x12
 406 02a2 04       		.byte	0x4
 407 02a3 58       		.byte	0x58
 408 02a4 C1020000 		.4byte	0x2c1
 409 02a8 08       		.uleb128 0x8
 410 02a9 31010000 		.4byte	.LASF91
 411 02ad 04       		.byte	0x4
 412 02ae 5B       		.byte	0x5b
 413 02af 58020000 		.4byte	0x258
 414 02b3 00       		.byte	0
 415 02b4 08       		.uleb128 0x8
 416 02b5 30050000 		.4byte	.LASF92
 417 02b9 04       		.byte	0x4
 418 02ba 5E       		.byte	0x5e
 419 02bb C1020000 		.4byte	0x2c1
 420 02bf 02       		.byte	0x2
 421 02c0 00       		.byte	0
 422 02c1 09       		.uleb128 0x9
 423 02c2 95020000 		.4byte	0x295
 424 02c6 D1020000 		.4byte	0x2d1
 425 02ca 0A       		.uleb128 0xa
 426 02cb 93000000 		.4byte	0x93
 427 02cf 03       		.byte	0x3
 428 02d0 00       		.byte	0
 429 02d1 0B       		.uleb128 0xb
 430 02d2 9E040000 		.4byte	.LASF93
 431 02d6 04       		.byte	0x4
 432 02d7 60       		.byte	0x60
 433 02d8 A0020000 		.4byte	0x2a0
 434 02dc 0C       		.uleb128 0xc
 435 02dd 57010000 		.4byte	.LASF97
 436 02e1 01       		.byte	0x1
 437 02e2 62       		.byte	0x62
 438 02e3 00000000 		.4byte	.LFB2
 439 02e7 0A000000 		.4byte	.LFE2-.LFB2
 440 02eb 01       		.uleb128 0x1
 441 02ec 9C       		.byte	0x9c
 442 02ed 09       		.uleb128 0x9
ARM GAS  C:\Users\ROUSSMA\AppData\Local\Temp\ccUNvFqN.s 			page 11


 443 02ee FD020000 		.4byte	0x2fd
 444 02f2 FD020000 		.4byte	0x2fd
 445 02f6 0A       		.uleb128 0xa
 446 02f7 93000000 		.4byte	0x93
 447 02fb 00       		.byte	0
 448 02fc 00       		.byte	0
 449 02fd 0D       		.uleb128 0xd
 450 02fe D1020000 		.4byte	0x2d1
 451 0302 0E       		.uleb128 0xe
 452 0303 B50A0000 		.4byte	.LASF98
 453 0307 01       		.byte	0x1
 454 0308 1A       		.byte	0x1a
 455 0309 13030000 		.4byte	0x313
 456 030d 05       		.uleb128 0x5
 457 030e 03       		.byte	0x3
 458 030f 00000000 		.4byte	cyBle_customs
 459 0313 0D       		.uleb128 0xd
 460 0314 ED020000 		.4byte	0x2ed
 461 0318 00       		.byte	0
 462              		.section	.debug_abbrev,"",%progbits
 463              	.Ldebug_abbrev0:
 464 0000 01       		.uleb128 0x1
 465 0001 11       		.uleb128 0x11
 466 0002 01       		.byte	0x1
 467 0003 25       		.uleb128 0x25
 468 0004 0E       		.uleb128 0xe
 469 0005 13       		.uleb128 0x13
 470 0006 0B       		.uleb128 0xb
 471 0007 03       		.uleb128 0x3
 472 0008 0E       		.uleb128 0xe
 473 0009 1B       		.uleb128 0x1b
 474 000a 0E       		.uleb128 0xe
 475 000b 55       		.uleb128 0x55
 476 000c 17       		.uleb128 0x17
 477 000d 11       		.uleb128 0x11
 478 000e 01       		.uleb128 0x1
 479 000f 10       		.uleb128 0x10
 480 0010 17       		.uleb128 0x17
 481 0011 00       		.byte	0
 482 0012 00       		.byte	0
 483 0013 02       		.uleb128 0x2
 484 0014 24       		.uleb128 0x24
 485 0015 00       		.byte	0
 486 0016 0B       		.uleb128 0xb
 487 0017 0B       		.uleb128 0xb
 488 0018 3E       		.uleb128 0x3e
 489 0019 0B       		.uleb128 0xb
 490 001a 03       		.uleb128 0x3
 491 001b 0E       		.uleb128 0xe
 492 001c 00       		.byte	0
 493 001d 00       		.byte	0
 494 001e 03       		.uleb128 0x3
 495 001f 24       		.uleb128 0x24
 496 0020 00       		.byte	0
 497 0021 0B       		.uleb128 0xb
 498 0022 0B       		.uleb128 0xb
 499 0023 3E       		.uleb128 0x3e
ARM GAS  C:\Users\ROUSSMA\AppData\Local\Temp\ccUNvFqN.s 			page 12


 500 0024 0B       		.uleb128 0xb
 501 0025 03       		.uleb128 0x3
 502 0026 08       		.uleb128 0x8
 503 0027 00       		.byte	0
 504 0028 00       		.byte	0
 505 0029 04       		.uleb128 0x4
 506 002a 16       		.uleb128 0x16
 507 002b 00       		.byte	0
 508 002c 03       		.uleb128 0x3
 509 002d 0E       		.uleb128 0xe
 510 002e 3A       		.uleb128 0x3a
 511 002f 0B       		.uleb128 0xb
 512 0030 3B       		.uleb128 0x3b
 513 0031 05       		.uleb128 0x5
 514 0032 49       		.uleb128 0x49
 515 0033 13       		.uleb128 0x13
 516 0034 00       		.byte	0
 517 0035 00       		.byte	0
 518 0036 05       		.uleb128 0x5
 519 0037 04       		.uleb128 0x4
 520 0038 01       		.byte	0x1
 521 0039 0B       		.uleb128 0xb
 522 003a 0B       		.uleb128 0xb
 523 003b 49       		.uleb128 0x49
 524 003c 13       		.uleb128 0x13
 525 003d 3A       		.uleb128 0x3a
 526 003e 0B       		.uleb128 0xb
 527 003f 3B       		.uleb128 0x3b
 528 0040 05       		.uleb128 0x5
 529 0041 01       		.uleb128 0x1
 530 0042 13       		.uleb128 0x13
 531 0043 00       		.byte	0
 532 0044 00       		.byte	0
 533 0045 06       		.uleb128 0x6
 534 0046 28       		.uleb128 0x28
 535 0047 00       		.byte	0
 536 0048 03       		.uleb128 0x3
 537 0049 0E       		.uleb128 0xe
 538 004a 1C       		.uleb128 0x1c
 539 004b 0B       		.uleb128 0xb
 540 004c 00       		.byte	0
 541 004d 00       		.byte	0
 542 004e 07       		.uleb128 0x7
 543 004f 13       		.uleb128 0x13
 544 0050 01       		.byte	0x1
 545 0051 0B       		.uleb128 0xb
 546 0052 0B       		.uleb128 0xb
 547 0053 3A       		.uleb128 0x3a
 548 0054 0B       		.uleb128 0xb
 549 0055 3B       		.uleb128 0x3b
 550 0056 0B       		.uleb128 0xb
 551 0057 01       		.uleb128 0x1
 552 0058 13       		.uleb128 0x13
 553 0059 00       		.byte	0
 554 005a 00       		.byte	0
 555 005b 08       		.uleb128 0x8
 556 005c 0D       		.uleb128 0xd
ARM GAS  C:\Users\ROUSSMA\AppData\Local\Temp\ccUNvFqN.s 			page 13


 557 005d 00       		.byte	0
 558 005e 03       		.uleb128 0x3
 559 005f 0E       		.uleb128 0xe
 560 0060 3A       		.uleb128 0x3a
 561 0061 0B       		.uleb128 0xb
 562 0062 3B       		.uleb128 0x3b
 563 0063 0B       		.uleb128 0xb
 564 0064 49       		.uleb128 0x49
 565 0065 13       		.uleb128 0x13
 566 0066 38       		.uleb128 0x38
 567 0067 0B       		.uleb128 0xb
 568 0068 00       		.byte	0
 569 0069 00       		.byte	0
 570 006a 09       		.uleb128 0x9
 571 006b 01       		.uleb128 0x1
 572 006c 01       		.byte	0x1
 573 006d 49       		.uleb128 0x49
 574 006e 13       		.uleb128 0x13
 575 006f 01       		.uleb128 0x1
 576 0070 13       		.uleb128 0x13
 577 0071 00       		.byte	0
 578 0072 00       		.byte	0
 579 0073 0A       		.uleb128 0xa
 580 0074 21       		.uleb128 0x21
 581 0075 00       		.byte	0
 582 0076 49       		.uleb128 0x49
 583 0077 13       		.uleb128 0x13
 584 0078 2F       		.uleb128 0x2f
 585 0079 0B       		.uleb128 0xb
 586 007a 00       		.byte	0
 587 007b 00       		.byte	0
 588 007c 0B       		.uleb128 0xb
 589 007d 16       		.uleb128 0x16
 590 007e 00       		.byte	0
 591 007f 03       		.uleb128 0x3
 592 0080 0E       		.uleb128 0xe
 593 0081 3A       		.uleb128 0x3a
 594 0082 0B       		.uleb128 0xb
 595 0083 3B       		.uleb128 0x3b
 596 0084 0B       		.uleb128 0xb
 597 0085 49       		.uleb128 0x49
 598 0086 13       		.uleb128 0x13
 599 0087 00       		.byte	0
 600 0088 00       		.byte	0
 601 0089 0C       		.uleb128 0xc
 602 008a 2E       		.uleb128 0x2e
 603 008b 00       		.byte	0
 604 008c 3F       		.uleb128 0x3f
 605 008d 19       		.uleb128 0x19
 606 008e 03       		.uleb128 0x3
 607 008f 0E       		.uleb128 0xe
 608 0090 3A       		.uleb128 0x3a
 609 0091 0B       		.uleb128 0xb
 610 0092 3B       		.uleb128 0x3b
 611 0093 0B       		.uleb128 0xb
 612 0094 27       		.uleb128 0x27
 613 0095 19       		.uleb128 0x19
ARM GAS  C:\Users\ROUSSMA\AppData\Local\Temp\ccUNvFqN.s 			page 14


 614 0096 11       		.uleb128 0x11
 615 0097 01       		.uleb128 0x1
 616 0098 12       		.uleb128 0x12
 617 0099 06       		.uleb128 0x6
 618 009a 40       		.uleb128 0x40
 619 009b 18       		.uleb128 0x18
 620 009c 9742     		.uleb128 0x2117
 621 009e 19       		.uleb128 0x19
 622 009f 00       		.byte	0
 623 00a0 00       		.byte	0
 624 00a1 0D       		.uleb128 0xd
 625 00a2 26       		.uleb128 0x26
 626 00a3 00       		.byte	0
 627 00a4 49       		.uleb128 0x49
 628 00a5 13       		.uleb128 0x13
 629 00a6 00       		.byte	0
 630 00a7 00       		.byte	0
 631 00a8 0E       		.uleb128 0xe
 632 00a9 34       		.uleb128 0x34
 633 00aa 00       		.byte	0
 634 00ab 03       		.uleb128 0x3
 635 00ac 0E       		.uleb128 0xe
 636 00ad 3A       		.uleb128 0x3a
 637 00ae 0B       		.uleb128 0xb
 638 00af 3B       		.uleb128 0x3b
 639 00b0 0B       		.uleb128 0xb
 640 00b1 49       		.uleb128 0x49
 641 00b2 13       		.uleb128 0x13
 642 00b3 3F       		.uleb128 0x3f
 643 00b4 19       		.uleb128 0x19
 644 00b5 02       		.uleb128 0x2
 645 00b6 18       		.uleb128 0x18
 646 00b7 00       		.byte	0
 647 00b8 00       		.byte	0
 648 00b9 00       		.byte	0
 649              		.section	.debug_aranges,"",%progbits
 650 0000 1C000000 		.4byte	0x1c
 651 0004 0200     		.2byte	0x2
 652 0006 00000000 		.4byte	.Ldebug_info0
 653 000a 04       		.byte	0x4
 654 000b 00       		.byte	0
 655 000c 0000     		.2byte	0
 656 000e 0000     		.2byte	0
 657 0010 00000000 		.4byte	.LFB2
 658 0014 0A000000 		.4byte	.LFE2-.LFB2
 659 0018 00000000 		.4byte	0
 660 001c 00000000 		.4byte	0
 661              		.section	.debug_ranges,"",%progbits
 662              	.Ldebug_ranges0:
 663 0000 00000000 		.4byte	.LFB2
 664 0004 0A000000 		.4byte	.LFE2
 665 0008 00000000 		.4byte	0
 666 000c 00000000 		.4byte	0
 667              		.section	.debug_line,"",%progbits
 668              	.Ldebug_line0:
 669 0000 9A000000 		.section	.debug_str,"MS",%progbits,1
 669      02008100 
ARM GAS  C:\Users\ROUSSMA\AppData\Local\Temp\ccUNvFqN.s 			page 15


 669      00000201 
 669      FB0E0D00 
 669      01010101 
 670              	.LASF23:
 671 0000 4359424C 		.ascii	"CYBLE_EVT_GAP_PASSKEY_ENTRY_REQUEST\000"
 671      455F4556 
 671      545F4741 
 671      505F5041 
 671      53534B45 
 672              	.LASF58:
 673 0024 4359424C 		.ascii	"CYBLE_EVT_GATTC_WRITE_RSP\000"
 673      455F4556 
 673      545F4741 
 673      5454435F 
 673      57524954 
 674              	.LASF20:
 675 003e 4359424C 		.ascii	"CYBLE_EVT_MEMORY_REQUEST\000"
 675      455F4556 
 675      545F4D45 
 675      4D4F5259 
 675      5F524551 
 676              	.LASF45:
 677 0057 4359424C 		.ascii	"CYBLE_EVT_GATTC_ERROR_RSP\000"
 677      455F4556 
 677      545F4741 
 677      5454435F 
 677      4552524F 
 678              	.LASF29:
 679 0071 4359424C 		.ascii	"CYBLE_EVT_GAP_DEVICE_DISCONNECTED\000"
 679      455F4556 
 679      545F4741 
 679      505F4445 
 679      56494345 
 680              	.LASF35:
 681 0093 4359424C 		.ascii	"CYBLE_EVT_GAP_KEYPRESS_NOTIFICATION\000"
 681      455F4556 
 681      545F4741 
 681      505F4B45 
 681      59505245 
 682              	.LASF2:
 683 00b7 73686F72 		.ascii	"short int\000"
 683      7420696E 
 683      7400
 684              	.LASF26:
 685 00c1 4359424C 		.ascii	"CYBLE_EVT_GAP_AUTH_FAILED\000"
 685      455F4556 
 685      545F4741 
 685      505F4155 
 685      54485F46 
 686              	.LASF47:
 687 00db 4359424C 		.ascii	"CYBLE_EVT_GATT_DISCONNECT_IND\000"
 687      455F4556 
 687      545F4741 
 687      54545F44 
 687      4953434F 
 688              	.LASF13:
 689 00f9 73697A65 		.ascii	"sizetype\000"
ARM GAS  C:\Users\ROUSSMA\AppData\Local\Temp\ccUNvFqN.s 			page 16


 689      74797065 
 689      00
 690              	.LASF37:
 691 0102 4359424C 		.ascii	"CYBLE_EVT_GAP_DATA_LENGTH_CHANGE\000"
 691      455F4556 
 691      545F4741 
 691      505F4441 
 691      54415F4C 
 692              	.LASF6:
 693 0123 6C6F6E67 		.ascii	"long long int\000"
 693      206C6F6E 
 693      6720696E 
 693      7400
 694              	.LASF91:
 695 0131 63757374 		.ascii	"customServHandle\000"
 695      6F6D5365 
 695      72764861 
 695      6E646C65 
 695      00
 696              	.LASF18:
 697 0142 4359424C 		.ascii	"CYBLE_EVT_HCI_STATUS\000"
 697      455F4556 
 697      545F4843 
 697      495F5354 
 697      41545553 
 698              	.LASF97:
 699 0157 4379426C 		.ascii	"CyBle_CustomInit\000"
 699      655F4375 
 699      73746F6D 
 699      496E6974 
 699      00
 700              	.LASF15:
 701 0168 4359424C 		.ascii	"CYBLE_EVT_STACK_ON\000"
 701      455F4556 
 701      545F5354 
 701      41434B5F 
 701      4F4E00
 702              	.LASF44:
 703 017b 4359424C 		.ascii	"CYBLE_EVT_GAP_SMP_LOC_P256_KEYS_GEN_AND_SET_COMPLET"
 703      455F4556 
 703      545F4741 
 703      505F534D 
 703      505F4C4F 
 704 01ae 4500     		.ascii	"E\000"
 705              	.LASF48:
 706 01b0 4359424C 		.ascii	"CYBLE_EVT_GATTS_XCNHG_MTU_REQ\000"
 706      455F4556 
 706      545F4741 
 706      5454535F 
 706      58434E48 
 707              	.LASF86:
 708 01ce 75696E74 		.ascii	"uint16\000"
 708      313600
 709              	.LASF89:
 710 01d5 63757374 		.ascii	"customServCharDesc\000"
 710      6F6D5365 
 710      72764368 
ARM GAS  C:\Users\ROUSSMA\AppData\Local\Temp\ccUNvFqN.s 			page 17


 710      61724465 
 710      736300
 711              	.LASF56:
 712 01e8 4359424C 		.ascii	"CYBLE_EVT_GATTC_READ_MULTI_RSP\000"
 712      455F4556 
 712      545F4741 
 712      5454435F 
 712      52454144 
 713              	.LASF65:
 714 0207 4359424C 		.ascii	"CYBLE_EVT_GATTS_HANDLE_VALUE_CNF\000"
 714      455F4556 
 714      545F4741 
 714      5454535F 
 714      48414E44 
 715              	.LASF14:
 716 0228 4359424C 		.ascii	"CYBLE_EVT_HOST_INVALID\000"
 716      455F4556 
 716      545F484F 
 716      53545F49 
 716      4E56414C 
 717              	.LASF95:
 718 023f 47656E65 		.ascii	"Generated_Source\\PSoC4\\BLE_1_custom.c\000"
 718      72617465 
 718      645F536F 
 718      75726365 
 718      5C50536F 
 719              	.LASF76:
 720 0265 4359424C 		.ascii	"CYBLE_EVT_L2CAP_CBFC_DISCONN_CNF\000"
 720      455F4556 
 720      545F4C32 
 720      4341505F 
 720      43424643 
 721              	.LASF9:
 722 0286 666C6F61 		.ascii	"float\000"
 722      7400
 723              	.LASF54:
 724 028c 4359424C 		.ascii	"CYBLE_EVT_GATTC_READ_RSP\000"
 724      455F4556 
 724      545F4741 
 724      5454435F 
 724      52454144 
 725              	.LASF34:
 726 02a5 4359424C 		.ascii	"CYBLE_EVT_GAP_NUMERIC_COMPARISON_REQUEST\000"
 726      455F4556 
 726      545F4741 
 726      505F4E55 
 726      4D455249 
 727              	.LASF39:
 728 02ce 4359424C 		.ascii	"CYBLE_EVT_GAPC_DIRECT_ADV_REPORT\000"
 728      455F4556 
 728      545F4741 
 728      50435F44 
 728      49524543 
 729              	.LASF7:
 730 02ef 6C6F6E67 		.ascii	"long long unsigned int\000"
 730      206C6F6E 
 730      6720756E 
ARM GAS  C:\Users\ROUSSMA\AppData\Local\Temp\ccUNvFqN.s 			page 18


 730      7369676E 
 730      65642069 
 731              	.LASF90:
 732 0306 4359424C 		.ascii	"CYBLE_CUSTOMS_INFO_T\000"
 732      455F4355 
 732      53544F4D 
 732      535F494E 
 732      464F5F54 
 733              	.LASF43:
 734 031b 4359424C 		.ascii	"CYBLE_EVT_GAP_AUTH_REQ_REPLY_ERR\000"
 734      455F4556 
 734      545F4741 
 734      505F4155 
 734      54485F52 
 735              	.LASF4:
 736 033c 6C6F6E67 		.ascii	"long int\000"
 736      20696E74 
 736      00
 737              	.LASF64:
 738 0345 4359424C 		.ascii	"CYBLE_EVT_GATTC_HANDLE_VALUE_IND\000"
 738      455F4556 
 738      545F4741 
 738      5454435F 
 738      48414E44 
 739              	.LASF28:
 740 0366 4359424C 		.ascii	"CYBLE_EVT_GAP_DEVICE_CONNECTED\000"
 740      455F4556 
 740      545F4741 
 740      505F4445 
 740      56494345 
 741              	.LASF27:
 742 0385 4359424C 		.ascii	"CYBLE_EVT_GAPP_ADVERTISEMENT_START_STOP\000"
 742      455F4556 
 742      545F4741 
 742      50505F41 
 742      44564552 
 743              	.LASF63:
 744 03ad 4359424C 		.ascii	"CYBLE_EVT_GATTC_HANDLE_VALUE_NTF\000"
 744      455F4556 
 744      545F4741 
 744      5454435F 
 744      48414E44 
 745              	.LASF19:
 746 03ce 4359424C 		.ascii	"CYBLE_EVT_STACK_BUSY_STATUS\000"
 746      455F4556 
 746      545F5354 
 746      41434B5F 
 746      42555359 
 747              	.LASF24:
 748 03ea 4359424C 		.ascii	"CYBLE_EVT_GAP_PASSKEY_DISPLAY_REQUEST\000"
 748      455F4556 
 748      545F4741 
 748      505F5041 
 748      53534B45 
 749              	.LASF94:
 750 0410 474E5520 		.ascii	"GNU C11 5.4.1 20160609 (release) [ARM/embedded-5-br"
 750      43313120 
ARM GAS  C:\Users\ROUSSMA\AppData\Local\Temp\ccUNvFqN.s 			page 19


 750      352E342E 
 750      31203230 
 750      31363036 
 751 0443 616E6368 		.ascii	"anch revision 237715] -mcpu=cortex-m0 -mthumb -g -O"
 751      20726576 
 751      6973696F 
 751      6E203233 
 751      37373135 
 752 0476 30202D66 		.ascii	"0 -ffunction-sections -ffat-lto-objects\000"
 752      66756E63 
 752      74696F6E 
 752      2D736563 
 752      74696F6E 
 753              	.LASF93:
 754 049e 4359424C 		.ascii	"CYBLE_CUSTOMS_T\000"
 754      455F4355 
 754      53544F4D 
 754      535F5400 
 755              	.LASF74:
 756 04ae 4359424C 		.ascii	"CYBLE_EVT_L2CAP_CBFC_CONN_CNF\000"
 756      455F4556 
 756      545F4C32 
 756      4341505F 
 756      43424643 
 757              	.LASF38:
 758 04cc 4359424C 		.ascii	"CYBLE_EVT_GAP_ENHANCE_CONN_COMPLETE\000"
 758      455F4556 
 758      545F4741 
 758      505F454E 
 758      48414E43 
 759              	.LASF12:
 760 04f0 6C6F6E67 		.ascii	"long double\000"
 760      20646F75 
 760      626C6500 
 761              	.LASF70:
 762 04fc 4359424C 		.ascii	"CYBLE_EVT_L2CAP_CONN_PARAM_UPDATE_REQ\000"
 762      455F4556 
 762      545F4C32 
 762      4341505F 
 762      434F4E4E 
 763              	.LASF1:
 764 0522 756E7369 		.ascii	"unsigned char\000"
 764      676E6564 
 764      20636861 
 764      7200
 765              	.LASF92:
 766 0530 63757374 		.ascii	"customServInfo\000"
 766      6F6D5365 
 766      7276496E 
 766      666F00
 767              	.LASF60:
 768 053f 4359424C 		.ascii	"CYBLE_EVT_GATTS_PREP_WRITE_REQ\000"
 768      455F4556 
 768      545F4741 
 768      5454535F 
 768      50524550 
 769              	.LASF82:
ARM GAS  C:\Users\ROUSSMA\AppData\Local\Temp\ccUNvFqN.s 			page 20


 770 055e 4359424C 		.ascii	"CYBLE_EVT_LE_PING_AUTH_TIMEOUT\000"
 770      455F4556 
 770      545F4C45 
 770      5F50494E 
 770      475F4155 
 771              	.LASF52:
 772 057d 4359424C 		.ascii	"CYBLE_EVT_GATTC_FIND_INFO_RSP\000"
 772      455F4556 
 772      545F4741 
 772      5454435F 
 772      46494E44 
 773              	.LASF0:
 774 059b 7369676E 		.ascii	"signed char\000"
 774      65642063 
 774      68617200 
 775              	.LASF57:
 776 05a7 4359424C 		.ascii	"CYBLE_EVT_GATTS_WRITE_REQ\000"
 776      455F4556 
 776      545F4741 
 776      5454535F 
 776      57524954 
 777              	.LASF53:
 778 05c1 4359424C 		.ascii	"CYBLE_EVT_GATTC_FIND_BY_TYPE_VALUE_RSP\000"
 778      455F4556 
 778      545F4741 
 778      5454435F 
 778      46494E44 
 779              	.LASF25:
 780 05e8 4359424C 		.ascii	"CYBLE_EVT_GAP_AUTH_COMPLETE\000"
 780      455F4556 
 780      545F4741 
 780      505F4155 
 780      54485F43 
 781              	.LASF8:
 782 0604 756E7369 		.ascii	"unsigned int\000"
 782      676E6564 
 782      20696E74 
 782      00
 783              	.LASF46:
 784 0611 4359424C 		.ascii	"CYBLE_EVT_GATT_CONNECT_IND\000"
 784      455F4556 
 784      545F4741 
 784      54545F43 
 784      4F4E4E45 
 785              	.LASF5:
 786 062c 6C6F6E67 		.ascii	"long unsigned int\000"
 786      20756E73 
 786      69676E65 
 786      6420696E 
 786      7400
 787              	.LASF22:
 788 063e 4359424C 		.ascii	"CYBLE_EVT_GAP_AUTH_REQ\000"
 788      455F4556 
 788      545F4741 
 788      505F4155 
 788      54485F52 
 789              	.LASF75:
ARM GAS  C:\Users\ROUSSMA\AppData\Local\Temp\ccUNvFqN.s 			page 21


 790 0655 4359424C 		.ascii	"CYBLE_EVT_L2CAP_CBFC_DISCONN_IND\000"
 790      455F4556 
 790      545F4C32 
 790      4341505F 
 790      43424643 
 791              	.LASF30:
 792 0676 4359424C 		.ascii	"CYBLE_EVT_GAP_ENCRYPT_CHANGE\000"
 792      455F4556 
 792      545F4741 
 792      505F454E 
 792      43525950 
 793              	.LASF41:
 794 0693 4359424C 		.ascii	"CYBLE_EVT_GAP_CONN_ESTB\000"
 794      455F4556 
 794      545F4741 
 794      505F434F 
 794      4E4E5F45 
 795              	.LASF69:
 796 06ab 4359424C 		.ascii	"CYBLE_EVT_GATTC_LONG_PROCEDURE_END\000"
 796      455F4556 
 796      545F4741 
 796      5454435F 
 796      4C4F4E47 
 797              	.LASF33:
 798 06ce 4359424C 		.ascii	"CYBLE_EVT_GAP_KEYINFO_EXCHNGE_CMPLT\000"
 798      455F4556 
 798      545F4741 
 798      505F4B45 
 798      59494E46 
 799              	.LASF84:
 800 06f2 4359424C 		.ascii	"CYBLE_EVT_FLASH_CORRUPT\000"
 800      455F4556 
 800      545F464C 
 800      4153485F 
 800      434F5252 
 801              	.LASF31:
 802 070a 4359424C 		.ascii	"CYBLE_EVT_GAP_CONNECTION_UPDATE_COMPLETE\000"
 802      455F4556 
 802      545F4741 
 802      505F434F 
 802      4E4E4543 
 803              	.LASF40:
 804 0733 4359424C 		.ascii	"CYBLE_EVT_GAP_SMP_NEGOTIATED_AUTH_INFO\000"
 804      455F4556 
 804      545F4741 
 804      505F534D 
 804      505F4E45 
 805              	.LASF11:
 806 075a 63686172 		.ascii	"char\000"
 806      00
 807              	.LASF72:
 808 075f 4359424C 		.ascii	"CYBLE_EVT_L2CAP_COMMAND_REJ\000"
 808      455F4556 
 808      545F4C32 
 808      4341505F 
 808      434F4D4D 
 809              	.LASF3:
ARM GAS  C:\Users\ROUSSMA\AppData\Local\Temp\ccUNvFqN.s 			page 22


 810 077b 73686F72 		.ascii	"short unsigned int\000"
 810      7420756E 
 810      7369676E 
 810      65642069 
 810      6E7400
 811              	.LASF21:
 812 078e 4359424C 		.ascii	"CYBLE_EVT_GAPC_SCAN_PROGRESS_RESULT\000"
 812      455F4556 
 812      545F4741 
 812      50435F53 
 812      43414E5F 
 813              	.LASF96:
 814 07b2 433A5C55 		.ascii	"C:\\Users\\ROUSSMA\\Documents\\PSoC Creator\\RGB_OL"
 814      73657273 
 814      5C524F55 
 814      53534D41 
 814      5C446F63 
 815 07e0 45445C52 		.ascii	"ED\\RGB_OLED.cydsn\000"
 815      47425F4F 
 815      4C45442E 
 815      63796473 
 815      6E00
 816              	.LASF55:
 817 07f2 4359424C 		.ascii	"CYBLE_EVT_GATTC_READ_BLOB_RSP\000"
 817      455F4556 
 817      545F4741 
 817      5454435F 
 817      52454144 
 818              	.LASF62:
 819 0810 4359424C 		.ascii	"CYBLE_EVT_GATTC_EXEC_WRITE_RSP\000"
 819      455F4556 
 819      545F4741 
 819      5454435F 
 819      45584543 
 820              	.LASF32:
 821 082f 4359424C 		.ascii	"CYBLE_EVT_GAPC_SCAN_START_STOP\000"
 821      455F4556 
 821      545F4741 
 821      50435F53 
 821      43414E5F 
 822              	.LASF81:
 823 084e 4359424C 		.ascii	"CYBLE_EVT_PENDING_FLASH_WRITE\000"
 823      455F4556 
 823      545F5045 
 823      4E44494E 
 823      475F464C 
 824              	.LASF78:
 825 086c 4359424C 		.ascii	"CYBLE_EVT_L2CAP_CBFC_RX_CREDIT_IND\000"
 825      455F4556 
 825      545F4C32 
 825      4341505F 
 825      43424643 
 826              	.LASF10:
 827 088f 646F7562 		.ascii	"double\000"
 827      6C6500
 828              	.LASF79:
 829 0896 4359424C 		.ascii	"CYBLE_EVT_L2CAP_CBFC_TX_CREDIT_IND\000"
ARM GAS  C:\Users\ROUSSMA\AppData\Local\Temp\ccUNvFqN.s 			page 23


 829      455F4556 
 829      545F4C32 
 829      4341505F 
 829      43424643 
 830              	.LASF88:
 831 08b9 63757374 		.ascii	"customServCharHandle\000"
 831      6F6D5365 
 831      72764368 
 831      61724861 
 831      6E646C65 
 832              	.LASF42:
 833 08ce 4359424C 		.ascii	"CYBLE_EVT_GAP_SCAN_REQ_RECVD\000"
 833      455F4556 
 833      545F4741 
 833      505F5343 
 833      414E5F52 
 834              	.LASF17:
 835 08eb 4359424C 		.ascii	"CYBLE_EVT_HARDWARE_ERROR\000"
 835      455F4556 
 835      545F4841 
 835      52445741 
 835      52455F45 
 836              	.LASF77:
 837 0904 4359424C 		.ascii	"CYBLE_EVT_L2CAP_CBFC_DATA_READ\000"
 837      455F4556 
 837      545F4C32 
 837      4341505F 
 837      43424643 
 838              	.LASF71:
 839 0923 4359424C 		.ascii	"CYBLE_EVT_L2CAP_CONN_PARAM_UPDATE_RSP\000"
 839      455F4556 
 839      545F4C32 
 839      4341505F 
 839      434F4E4E 
 840              	.LASF73:
 841 0949 4359424C 		.ascii	"CYBLE_EVT_L2CAP_CBFC_CONN_IND\000"
 841      455F4556 
 841      545F4C32 
 841      4341505F 
 841      43424643 
 842              	.LASF50:
 843 0967 4359424C 		.ascii	"CYBLE_EVT_GATTC_READ_BY_GROUP_TYPE_RSP\000"
 843      455F4556 
 843      545F4741 
 843      5454435F 
 843      52454144 
 844              	.LASF59:
 845 098e 4359424C 		.ascii	"CYBLE_EVT_GATTS_WRITE_CMD_REQ\000"
 845      455F4556 
 845      545F4741 
 845      5454535F 
 845      57524954 
 846              	.LASF51:
 847 09ac 4359424C 		.ascii	"CYBLE_EVT_GATTC_READ_BY_TYPE_RSP\000"
 847      455F4556 
 847      545F4741 
 847      5454435F 
ARM GAS  C:\Users\ROUSSMA\AppData\Local\Temp\ccUNvFqN.s 			page 24


 847      52454144 
 848              	.LASF49:
 849 09cd 4359424C 		.ascii	"CYBLE_EVT_GATTC_XCHNG_MTU_RSP\000"
 849      455F4556 
 849      545F4741 
 849      5454435F 
 849      5843484E 
 850              	.LASF80:
 851 09eb 4359424C 		.ascii	"CYBLE_EVT_L2CAP_CBFC_DATA_WRITE_IND\000"
 851      455F4556 
 851      545F4C32 
 851      4341505F 
 851      43424643 
 852              	.LASF16:
 853 0a0f 4359424C 		.ascii	"CYBLE_EVT_TIMEOUT\000"
 853      455F4556 
 853      545F5449 
 853      4D454F55 
 853      5400
 854              	.LASF85:
 855 0a21 4359424C 		.ascii	"CYBLE_EVT_MAX\000"
 855      455F4556 
 855      545F4D41 
 855      5800
 856              	.LASF68:
 857 0a2f 4359424C 		.ascii	"CYBLE_EVT_GATTS_READ_CHAR_VAL_ACCESS_REQ\000"
 857      455F4556 
 857      545F4741 
 857      5454535F 
 857      52454144 
 858              	.LASF67:
 859 0a58 4359424C 		.ascii	"CYBLE_EVT_GATTC_STOP_CMD_COMPLETE\000"
 859      455F4556 
 859      545F4741 
 859      5454435F 
 859      53544F50 
 860              	.LASF61:
 861 0a7a 4359424C 		.ascii	"CYBLE_EVT_GATTS_EXEC_WRITE_REQ\000"
 861      455F4556 
 861      545F4741 
 861      5454535F 
 861      45584543 
 862              	.LASF87:
 863 0a99 4359424C 		.ascii	"CYBLE_GATT_DB_ATTR_HANDLE_T\000"
 863      455F4741 
 863      54545F44 
 863      425F4154 
 863      54525F48 
 864              	.LASF98:
 865 0ab5 6379426C 		.ascii	"cyBle_customs\000"
 865      655F6375 
 865      73746F6D 
 865      7300
 866              	.LASF66:
 867 0ac3 4359424C 		.ascii	"CYBLE_EVT_GATTS_DATA_SIGNED_CMD_REQ\000"
 867      455F4556 
 867      545F4741 
ARM GAS  C:\Users\ROUSSMA\AppData\Local\Temp\ccUNvFqN.s 			page 25


 867      5454535F 
 867      44415441 
 868              	.LASF83:
 869 0ae7 4359424C 		.ascii	"CYBLE_EVT_HCI_PKT\000"
 869      455F4556 
 869      545F4843 
 869      495F504B 
 869      5400
 870              	.LASF36:
 871 0af9 4359424C 		.ascii	"CYBLE_EVT_GAP_OOB_GENERATED_NOTIFICATION\000"
 871      455F4556 
 871      545F4741 
 871      505F4F4F 
 871      425F4745 
 872              		.ident	"GCC: (GNU Tools for ARM Embedded Processors) 5.4.1 20160609 (release) [ARM/embedded-5-bran
