ARM GAS  C:\Users\MICHA_~1\AppData\Local\Temp\ccnpwDvy.s 			page 1


   1              		.syntax unified
   2              		.cpu cortex-m0
   3              		.fpu softvfp
   4              		.eabi_attribute 20, 1
   5              		.eabi_attribute 21, 1
   6              		.eabi_attribute 23, 3
   7              		.eabi_attribute 24, 1
   8              		.eabi_attribute 25, 1
   9              		.eabi_attribute 26, 1
  10              		.eabi_attribute 30, 1
  11              		.eabi_attribute 34, 0
  12              		.eabi_attribute 18, 4
  13              		.thumb
  14              		.syntax unified
  15              		.file	"cyfitter_cfg.c"
  16              		.text
  17              	.Ltext0:
  18              		.cfi_sections	.debug_frame
  19              		.section	.text.AnalogSetDefault,"ax",%progbits
  20              		.align	2
  21              		.code	16
  22              		.thumb_func
  23              		.type	AnalogSetDefault, %function
  24              	AnalogSetDefault:
  25              	.LFB6:
  26              		.file 1 "Generated_Source\\PSoC4\\cyfitter_cfg.c"
   1:Generated_Source\PSoC4/cyfitter_cfg.c **** 
   2:Generated_Source\PSoC4/cyfitter_cfg.c **** /*******************************************************************************
   3:Generated_Source\PSoC4/cyfitter_cfg.c **** * File Name: cyfitter_cfg.c
   4:Generated_Source\PSoC4/cyfitter_cfg.c **** * 
   5:Generated_Source\PSoC4/cyfitter_cfg.c **** * PSoC Creator  4.1 Update 1
   6:Generated_Source\PSoC4/cyfitter_cfg.c **** *
   7:Generated_Source\PSoC4/cyfitter_cfg.c **** * Description:
   8:Generated_Source\PSoC4/cyfitter_cfg.c **** * This file contains device initialization code.
   9:Generated_Source\PSoC4/cyfitter_cfg.c **** * Except for the user defined sections in CyClockStartupError(), this file should not be modified.
  10:Generated_Source\PSoC4/cyfitter_cfg.c **** * This file is automatically generated by PSoC Creator.
  11:Generated_Source\PSoC4/cyfitter_cfg.c **** *
  12:Generated_Source\PSoC4/cyfitter_cfg.c **** ********************************************************************************
  13:Generated_Source\PSoC4/cyfitter_cfg.c **** * Copyright (c) 2007-2017 Cypress Semiconductor.  All rights reserved.
  14:Generated_Source\PSoC4/cyfitter_cfg.c **** * You may use this file only in accordance with the license, terms, conditions, 
  15:Generated_Source\PSoC4/cyfitter_cfg.c **** * disclaimers, and limitations in the end user license agreement accompanying 
  16:Generated_Source\PSoC4/cyfitter_cfg.c **** * the software package with which this file was provided.
  17:Generated_Source\PSoC4/cyfitter_cfg.c **** ********************************************************************************/
  18:Generated_Source\PSoC4/cyfitter_cfg.c **** 
  19:Generated_Source\PSoC4/cyfitter_cfg.c **** #include <string.h>
  20:Generated_Source\PSoC4/cyfitter_cfg.c **** #include "cytypes.h"
  21:Generated_Source\PSoC4/cyfitter_cfg.c **** #include "cydevice_trm.h"
  22:Generated_Source\PSoC4/cyfitter_cfg.c **** #include "cyfitter.h"
  23:Generated_Source\PSoC4/cyfitter_cfg.c **** #include "CyLib.h"
  24:Generated_Source\PSoC4/cyfitter_cfg.c **** #include "CyLFClk.h"
  25:Generated_Source\PSoC4/cyfitter_cfg.c **** #include "cyfitter_cfg.h"
  26:Generated_Source\PSoC4/cyfitter_cfg.c **** #include "cyapicallbacks.h"
  27:Generated_Source\PSoC4/cyfitter_cfg.c **** 
  28:Generated_Source\PSoC4/cyfitter_cfg.c **** 
  29:Generated_Source\PSoC4/cyfitter_cfg.c **** #if defined(__GNUC__) || defined(__ARMCC_VERSION)
  30:Generated_Source\PSoC4/cyfitter_cfg.c ****     #define CYPACKED 
  31:Generated_Source\PSoC4/cyfitter_cfg.c ****     #define CYPACKED_ATTR __attribute__ ((packed))
ARM GAS  C:\Users\MICHA_~1\AppData\Local\Temp\ccnpwDvy.s 			page 2


  32:Generated_Source\PSoC4/cyfitter_cfg.c ****     #define CYALIGNED __attribute__ ((aligned))
  33:Generated_Source\PSoC4/cyfitter_cfg.c ****     #define CY_CFG_UNUSED __attribute__ ((unused))
  34:Generated_Source\PSoC4/cyfitter_cfg.c ****     #ifndef CY_CFG_SECTION
  35:Generated_Source\PSoC4/cyfitter_cfg.c ****         #define CY_CFG_SECTION __attribute__ ((section(".psocinit")))
  36:Generated_Source\PSoC4/cyfitter_cfg.c ****     #endif
  37:Generated_Source\PSoC4/cyfitter_cfg.c ****     
  38:Generated_Source\PSoC4/cyfitter_cfg.c ****     #if defined(__ARMCC_VERSION)
  39:Generated_Source\PSoC4/cyfitter_cfg.c ****         #define CY_CFG_MEMORY_BARRIER() __memory_changed()
  40:Generated_Source\PSoC4/cyfitter_cfg.c ****     #else
  41:Generated_Source\PSoC4/cyfitter_cfg.c ****         #define CY_CFG_MEMORY_BARRIER() __sync_synchronize()
  42:Generated_Source\PSoC4/cyfitter_cfg.c ****     #endif
  43:Generated_Source\PSoC4/cyfitter_cfg.c ****     
  44:Generated_Source\PSoC4/cyfitter_cfg.c **** #elif defined(__ICCARM__)
  45:Generated_Source\PSoC4/cyfitter_cfg.c ****     #include <intrinsics.h>
  46:Generated_Source\PSoC4/cyfitter_cfg.c **** 
  47:Generated_Source\PSoC4/cyfitter_cfg.c ****     #define CYPACKED __packed
  48:Generated_Source\PSoC4/cyfitter_cfg.c ****     #define CYPACKED_ATTR 
  49:Generated_Source\PSoC4/cyfitter_cfg.c ****     #define CYALIGNED _Pragma("data_alignment=4")
  50:Generated_Source\PSoC4/cyfitter_cfg.c ****     #define CY_CFG_UNUSED _Pragma("diag_suppress=Pe177")
  51:Generated_Source\PSoC4/cyfitter_cfg.c ****     #define CY_CFG_SECTION _Pragma("location=\".psocinit\"")
  52:Generated_Source\PSoC4/cyfitter_cfg.c ****     
  53:Generated_Source\PSoC4/cyfitter_cfg.c ****     #define CY_CFG_MEMORY_BARRIER() __DMB()
  54:Generated_Source\PSoC4/cyfitter_cfg.c ****     
  55:Generated_Source\PSoC4/cyfitter_cfg.c **** #else
  56:Generated_Source\PSoC4/cyfitter_cfg.c ****     #error Unsupported toolchain
  57:Generated_Source\PSoC4/cyfitter_cfg.c **** #endif
  58:Generated_Source\PSoC4/cyfitter_cfg.c **** 
  59:Generated_Source\PSoC4/cyfitter_cfg.c **** #ifndef CYCODE
  60:Generated_Source\PSoC4/cyfitter_cfg.c ****     #define CYCODE
  61:Generated_Source\PSoC4/cyfitter_cfg.c **** #endif
  62:Generated_Source\PSoC4/cyfitter_cfg.c **** #ifndef CYDATA
  63:Generated_Source\PSoC4/cyfitter_cfg.c ****     #define CYDATA
  64:Generated_Source\PSoC4/cyfitter_cfg.c **** #endif
  65:Generated_Source\PSoC4/cyfitter_cfg.c **** #ifndef CYFAR
  66:Generated_Source\PSoC4/cyfitter_cfg.c ****     #define CYFAR
  67:Generated_Source\PSoC4/cyfitter_cfg.c **** #endif
  68:Generated_Source\PSoC4/cyfitter_cfg.c **** #ifndef CYXDATA
  69:Generated_Source\PSoC4/cyfitter_cfg.c ****     #define CYXDATA
  70:Generated_Source\PSoC4/cyfitter_cfg.c **** #endif
  71:Generated_Source\PSoC4/cyfitter_cfg.c **** 
  72:Generated_Source\PSoC4/cyfitter_cfg.c **** 
  73:Generated_Source\PSoC4/cyfitter_cfg.c **** CY_CFG_UNUSED
  74:Generated_Source\PSoC4/cyfitter_cfg.c **** static void CYMEMZERO(void *s, size_t n);
  75:Generated_Source\PSoC4/cyfitter_cfg.c **** CY_CFG_UNUSED
  76:Generated_Source\PSoC4/cyfitter_cfg.c **** static void CYMEMZERO(void *s, size_t n)
  77:Generated_Source\PSoC4/cyfitter_cfg.c **** {
  78:Generated_Source\PSoC4/cyfitter_cfg.c **** 	(void)memset(s, 0, n);
  79:Generated_Source\PSoC4/cyfitter_cfg.c **** }
  80:Generated_Source\PSoC4/cyfitter_cfg.c **** CY_CFG_UNUSED
  81:Generated_Source\PSoC4/cyfitter_cfg.c **** static void CYCONFIGCPY(void *dest, const void *src, size_t n);
  82:Generated_Source\PSoC4/cyfitter_cfg.c **** CY_CFG_UNUSED
  83:Generated_Source\PSoC4/cyfitter_cfg.c **** static void CYCONFIGCPY(void *dest, const void *src, size_t n)
  84:Generated_Source\PSoC4/cyfitter_cfg.c **** {
  85:Generated_Source\PSoC4/cyfitter_cfg.c **** 	(void)memcpy(dest, src, n);
  86:Generated_Source\PSoC4/cyfitter_cfg.c **** }
  87:Generated_Source\PSoC4/cyfitter_cfg.c **** CY_CFG_UNUSED
  88:Generated_Source\PSoC4/cyfitter_cfg.c **** static void CYCONFIGCPYCODE(void *dest, const void *src, size_t n);
ARM GAS  C:\Users\MICHA_~1\AppData\Local\Temp\ccnpwDvy.s 			page 3


  89:Generated_Source\PSoC4/cyfitter_cfg.c **** CY_CFG_UNUSED
  90:Generated_Source\PSoC4/cyfitter_cfg.c **** static void CYCONFIGCPYCODE(void *dest, const void *src, size_t n)
  91:Generated_Source\PSoC4/cyfitter_cfg.c **** {
  92:Generated_Source\PSoC4/cyfitter_cfg.c **** 	(void)memcpy(dest, src, n);
  93:Generated_Source\PSoC4/cyfitter_cfg.c **** }
  94:Generated_Source\PSoC4/cyfitter_cfg.c **** 
  95:Generated_Source\PSoC4/cyfitter_cfg.c **** 
  96:Generated_Source\PSoC4/cyfitter_cfg.c **** 
  97:Generated_Source\PSoC4/cyfitter_cfg.c **** 
  98:Generated_Source\PSoC4/cyfitter_cfg.c **** /* Clock startup error codes                                                   */
  99:Generated_Source\PSoC4/cyfitter_cfg.c **** #define CYCLOCKSTART_NO_ERROR    0u
 100:Generated_Source\PSoC4/cyfitter_cfg.c **** #define CYCLOCKSTART_XTAL_ERROR  1u
 101:Generated_Source\PSoC4/cyfitter_cfg.c **** #define CYCLOCKSTART_32KHZ_ERROR 2u
 102:Generated_Source\PSoC4/cyfitter_cfg.c **** #define CYCLOCKSTART_PLL_ERROR   3u
 103:Generated_Source\PSoC4/cyfitter_cfg.c **** #define CYCLOCKSTART_FLL_ERROR   4u
 104:Generated_Source\PSoC4/cyfitter_cfg.c **** 
 105:Generated_Source\PSoC4/cyfitter_cfg.c **** 
 106:Generated_Source\PSoC4/cyfitter_cfg.c **** #ifdef CY_NEED_CYCLOCKSTARTUPERROR
 107:Generated_Source\PSoC4/cyfitter_cfg.c **** /*******************************************************************************
 108:Generated_Source\PSoC4/cyfitter_cfg.c **** * Function Name: CyClockStartupError
 109:Generated_Source\PSoC4/cyfitter_cfg.c **** ********************************************************************************
 110:Generated_Source\PSoC4/cyfitter_cfg.c **** * Summary:
 111:Generated_Source\PSoC4/cyfitter_cfg.c **** *  If an error is encountered during clock configuration (crystal startup error,
 112:Generated_Source\PSoC4/cyfitter_cfg.c **** *  PLL lock error, etc.), the system will end up here.  Unless reimplemented by
 113:Generated_Source\PSoC4/cyfitter_cfg.c **** *  the customer, this function will stop in an infinite loop.
 114:Generated_Source\PSoC4/cyfitter_cfg.c **** *
 115:Generated_Source\PSoC4/cyfitter_cfg.c **** * Parameters:
 116:Generated_Source\PSoC4/cyfitter_cfg.c **** *   void
 117:Generated_Source\PSoC4/cyfitter_cfg.c **** *
 118:Generated_Source\PSoC4/cyfitter_cfg.c **** * Return:
 119:Generated_Source\PSoC4/cyfitter_cfg.c **** *   void
 120:Generated_Source\PSoC4/cyfitter_cfg.c **** *
 121:Generated_Source\PSoC4/cyfitter_cfg.c **** *******************************************************************************/
 122:Generated_Source\PSoC4/cyfitter_cfg.c **** CY_CFG_UNUSED
 123:Generated_Source\PSoC4/cyfitter_cfg.c **** static void CyClockStartupError(uint8 errorCode);
 124:Generated_Source\PSoC4/cyfitter_cfg.c **** CY_CFG_UNUSED
 125:Generated_Source\PSoC4/cyfitter_cfg.c **** static void CyClockStartupError(uint8 errorCode)
 126:Generated_Source\PSoC4/cyfitter_cfg.c **** {
 127:Generated_Source\PSoC4/cyfitter_cfg.c ****     /* To remove the compiler warning if errorCode not used. */
 128:Generated_Source\PSoC4/cyfitter_cfg.c **** #if defined(CY_PSOC3) && (CY_PSOC3)
 129:Generated_Source\PSoC4/cyfitter_cfg.c ****     errorCode = errorCode;
 130:Generated_Source\PSoC4/cyfitter_cfg.c **** #else
 131:Generated_Source\PSoC4/cyfitter_cfg.c ****     (void)errorCode;
 132:Generated_Source\PSoC4/cyfitter_cfg.c **** #endif /* CY_PSOC3 */
 133:Generated_Source\PSoC4/cyfitter_cfg.c **** 
 134:Generated_Source\PSoC4/cyfitter_cfg.c ****     /* If we have a clock startup error (bad MHz crystal, PLL lock, etc.),  */
 135:Generated_Source\PSoC4/cyfitter_cfg.c ****     /* we will end up here to allow the customer to implement something to  */
 136:Generated_Source\PSoC4/cyfitter_cfg.c ****     /* deal with the clock condition.                                       */
 137:Generated_Source\PSoC4/cyfitter_cfg.c **** 
 138:Generated_Source\PSoC4/cyfitter_cfg.c **** #ifdef CY_CFG_CLOCK_STARTUP_ERROR_CALLBACK
 139:Generated_Source\PSoC4/cyfitter_cfg.c ****     CY_CFG_Clock_Startup_ErrorCallback();
 140:Generated_Source\PSoC4/cyfitter_cfg.c **** #else
 141:Generated_Source\PSoC4/cyfitter_cfg.c ****     /*  If not using CY_CFG_CLOCK_STARTUP_ERROR_CALLBACK, place your clock startup code here. */
 142:Generated_Source\PSoC4/cyfitter_cfg.c ****     /* `#START CyClockStartupError` */
 143:Generated_Source\PSoC4/cyfitter_cfg.c **** 
 144:Generated_Source\PSoC4/cyfitter_cfg.c **** 
 145:Generated_Source\PSoC4/cyfitter_cfg.c **** 
ARM GAS  C:\Users\MICHA_~1\AppData\Local\Temp\ccnpwDvy.s 			page 4


 146:Generated_Source\PSoC4/cyfitter_cfg.c ****     /* `#END` */
 147:Generated_Source\PSoC4/cyfitter_cfg.c **** 
 148:Generated_Source\PSoC4/cyfitter_cfg.c ****     while(1) {}
 149:Generated_Source\PSoC4/cyfitter_cfg.c **** #endif /* CY_CFG_CLOCK_STARTUP_ERROR_CALLBACK */
 150:Generated_Source\PSoC4/cyfitter_cfg.c **** }
 151:Generated_Source\PSoC4/cyfitter_cfg.c **** #endif
 152:Generated_Source\PSoC4/cyfitter_cfg.c **** 
 153:Generated_Source\PSoC4/cyfitter_cfg.c **** 
 154:Generated_Source\PSoC4/cyfitter_cfg.c **** 
 155:Generated_Source\PSoC4/cyfitter_cfg.c **** /*******************************************************************************
 156:Generated_Source\PSoC4/cyfitter_cfg.c **** * Function Name: ClockSetup
 157:Generated_Source\PSoC4/cyfitter_cfg.c **** ********************************************************************************
 158:Generated_Source\PSoC4/cyfitter_cfg.c **** *
 159:Generated_Source\PSoC4/cyfitter_cfg.c **** * Summary:
 160:Generated_Source\PSoC4/cyfitter_cfg.c **** *   Performs the initialization of all of the clocks in the device based on the
 161:Generated_Source\PSoC4/cyfitter_cfg.c **** *   settings in the Clock tab of the DWR.  This includes enabling the requested
 162:Generated_Source\PSoC4/cyfitter_cfg.c **** *   clocks and setting the necessary dividers to produce the desired frequency. 
 163:Generated_Source\PSoC4/cyfitter_cfg.c **** *
 164:Generated_Source\PSoC4/cyfitter_cfg.c **** * Parameters:
 165:Generated_Source\PSoC4/cyfitter_cfg.c **** *   void
 166:Generated_Source\PSoC4/cyfitter_cfg.c **** *
 167:Generated_Source\PSoC4/cyfitter_cfg.c **** * Return:
 168:Generated_Source\PSoC4/cyfitter_cfg.c **** *   void
 169:Generated_Source\PSoC4/cyfitter_cfg.c **** *
 170:Generated_Source\PSoC4/cyfitter_cfg.c **** *******************************************************************************/
 171:Generated_Source\PSoC4/cyfitter_cfg.c **** static void ClockSetup(void);
 172:Generated_Source\PSoC4/cyfitter_cfg.c **** CY_CFG_SECTION
 173:Generated_Source\PSoC4/cyfitter_cfg.c **** static void ClockSetup(void)
 174:Generated_Source\PSoC4/cyfitter_cfg.c **** {
 175:Generated_Source\PSoC4/cyfitter_cfg.c **** 
 176:Generated_Source\PSoC4/cyfitter_cfg.c **** 	/* Set Flash Cycles based on max possible frequency in case a glitch occurs during ClockSetup(). *
 177:Generated_Source\PSoC4/cyfitter_cfg.c **** 	CY_SET_REG32((void CYXDATA *)(CYREG_CPUSS_FLASH_CTL), (0x0012u));
 178:Generated_Source\PSoC4/cyfitter_cfg.c **** 
 179:Generated_Source\PSoC4/cyfitter_cfg.c **** 	/* Start the WCO */
 180:Generated_Source\PSoC4/cyfitter_cfg.c **** 	CySysClkWcoStart();
 181:Generated_Source\PSoC4/cyfitter_cfg.c **** 	CyDelayCycles(12000000u); /* WCO may take up to 500ms to start */
 182:Generated_Source\PSoC4/cyfitter_cfg.c **** 	(void)CySysClkWcoSetPowerMode(CY_SYS_CLK_WCO_LPM);    /* Switch to the low power mode */
 183:Generated_Source\PSoC4/cyfitter_cfg.c **** 
 184:Generated_Source\PSoC4/cyfitter_cfg.c **** 	/* Setup and trim IMO based on desired frequency. */
 185:Generated_Source\PSoC4/cyfitter_cfg.c **** 	CySysClkWriteImoFreq(12u);
 186:Generated_Source\PSoC4/cyfitter_cfg.c **** 	/* CYDEV_CLK_ILO_CONFIG Starting address: CYDEV_CLK_ILO_CONFIG */
 187:Generated_Source\PSoC4/cyfitter_cfg.c **** 	CY_SET_REG32((void *)(CYREG_CLK_ILO_CONFIG), 0x80000006u);
 188:Generated_Source\PSoC4/cyfitter_cfg.c **** 
 189:Generated_Source\PSoC4/cyfitter_cfg.c **** 	/* CYDEV_WDT_CONFIG Starting address: CYDEV_WDT_CONFIG */
 190:Generated_Source\PSoC4/cyfitter_cfg.c **** 	CY_SET_REG32((void *)(CYREG_WDT_CONFIG), 0x40000000u);
 191:Generated_Source\PSoC4/cyfitter_cfg.c **** 
 192:Generated_Source\PSoC4/cyfitter_cfg.c **** 
 193:Generated_Source\PSoC4/cyfitter_cfg.c **** 	/* Enable fast start mode for XO */
 194:Generated_Source\PSoC4/cyfitter_cfg.c **** 	CY_SET_REG32((void*)CYREG_BLE_BLERD_BB_XO, CY_GET_REG32((void*)CYREG_BLE_BLERD_BB_XO) | (uint32)0x
 195:Generated_Source\PSoC4/cyfitter_cfg.c **** 	CY_SET_REG32((void *)(CYREG_BLE_BLERD_BB_XO_CAPTRIM), 0x00003E2Du);
 196:Generated_Source\PSoC4/cyfitter_cfg.c **** 	/*Set XTAL(ECO) divider*/
 197:Generated_Source\PSoC4/cyfitter_cfg.c **** 	CY_SET_REG32((void *)(CYREG_BLE_BLESS_XTAL_CLK_DIV_CONFIG), 0x00000000u);
 198:Generated_Source\PSoC4/cyfitter_cfg.c **** 	/* Disable Crystal Stable Interrupt before enabling ECO */
 199:Generated_Source\PSoC4/cyfitter_cfg.c **** 	CY_SET_REG32((void*)CYREG_BLE_BLESS_LL_DSM_CTRL, CY_GET_REG32((void*)CYREG_BLE_BLESS_LL_DSM_CTRL) 
 200:Generated_Source\PSoC4/cyfitter_cfg.c **** 	/* Start the ECO and do not check status since it is not needed for HFCLK */
 201:Generated_Source\PSoC4/cyfitter_cfg.c **** 	(void)CySysClkEcoStart(2000u);
 202:Generated_Source\PSoC4/cyfitter_cfg.c **** 	CyDelayUs(1500u); /* Wait to stabilize */
ARM GAS  C:\Users\MICHA_~1\AppData\Local\Temp\ccnpwDvy.s 			page 5


 203:Generated_Source\PSoC4/cyfitter_cfg.c **** 
 204:Generated_Source\PSoC4/cyfitter_cfg.c **** 	/* Setup phase aligned clocks */
 205:Generated_Source\PSoC4/cyfitter_cfg.c **** 	CY_SET_REG32((void *)CYREG_PERI_DIV_16_CTL0, 0x00000000u);
 206:Generated_Source\PSoC4/cyfitter_cfg.c **** 	CY_SET_REG32((void *)CYREG_PERI_DIV_CMD, 0x8000FF40u);
 207:Generated_Source\PSoC4/cyfitter_cfg.c **** 
 208:Generated_Source\PSoC4/cyfitter_cfg.c **** 	/* CYDEV_CLK_IMO_CONFIG Starting address: CYDEV_CLK_IMO_CONFIG */
 209:Generated_Source\PSoC4/cyfitter_cfg.c **** 	CY_SET_REG32((void *)(CYREG_CLK_IMO_CONFIG), 0x80000000u);
 210:Generated_Source\PSoC4/cyfitter_cfg.c **** 
 211:Generated_Source\PSoC4/cyfitter_cfg.c **** 	/* CYDEV_CLK_SELECT Starting address: CYDEV_CLK_SELECT */
 212:Generated_Source\PSoC4/cyfitter_cfg.c **** 	CY_SET_REG32((void *)(CYREG_CLK_SELECT), 0x00000000u);
 213:Generated_Source\PSoC4/cyfitter_cfg.c **** 
 214:Generated_Source\PSoC4/cyfitter_cfg.c **** 	/* CYDEV_PERI_PCLK_CTL1 Starting address: CYDEV_PERI_PCLK_CTL1 */
 215:Generated_Source\PSoC4/cyfitter_cfg.c **** 	CY_SET_REG32((void *)(CYREG_PERI_PCLK_CTL1), 0x00000040u);
 216:Generated_Source\PSoC4/cyfitter_cfg.c **** 
 217:Generated_Source\PSoC4/cyfitter_cfg.c **** 	(void)CyIntSetVector(8u, &CySysWdtIsr);
 218:Generated_Source\PSoC4/cyfitter_cfg.c **** 	CyIntEnable(8u);
 219:Generated_Source\PSoC4/cyfitter_cfg.c **** 	CY_SET_REG32((void *)(CYREG_WDT_CONFIG), 0x40000000u);
 220:Generated_Source\PSoC4/cyfitter_cfg.c **** 	/* Set Flash Cycles based on newly configured 12.00MHz HFCLK. */
 221:Generated_Source\PSoC4/cyfitter_cfg.c **** 	CY_SET_REG32((void CYXDATA *)(CYREG_CPUSS_FLASH_CTL), (0x0000u));
 222:Generated_Source\PSoC4/cyfitter_cfg.c **** }
 223:Generated_Source\PSoC4/cyfitter_cfg.c **** 
 224:Generated_Source\PSoC4/cyfitter_cfg.c **** 
 225:Generated_Source\PSoC4/cyfitter_cfg.c **** /* Analog API Functions */
 226:Generated_Source\PSoC4/cyfitter_cfg.c **** 
 227:Generated_Source\PSoC4/cyfitter_cfg.c **** 
 228:Generated_Source\PSoC4/cyfitter_cfg.c **** /*******************************************************************************
 229:Generated_Source\PSoC4/cyfitter_cfg.c **** * Function Name: AnalogSetDefault
 230:Generated_Source\PSoC4/cyfitter_cfg.c **** ********************************************************************************
 231:Generated_Source\PSoC4/cyfitter_cfg.c **** *
 232:Generated_Source\PSoC4/cyfitter_cfg.c **** * Summary:
 233:Generated_Source\PSoC4/cyfitter_cfg.c **** *  Sets up the analog portions of the chip to default values based on chip
 234:Generated_Source\PSoC4/cyfitter_cfg.c **** *  configuration options from the project.
 235:Generated_Source\PSoC4/cyfitter_cfg.c **** *
 236:Generated_Source\PSoC4/cyfitter_cfg.c **** * Parameters:
 237:Generated_Source\PSoC4/cyfitter_cfg.c **** *  void
 238:Generated_Source\PSoC4/cyfitter_cfg.c **** *
 239:Generated_Source\PSoC4/cyfitter_cfg.c **** * Return:
 240:Generated_Source\PSoC4/cyfitter_cfg.c **** *  void
 241:Generated_Source\PSoC4/cyfitter_cfg.c **** *
 242:Generated_Source\PSoC4/cyfitter_cfg.c **** *******************************************************************************/
 243:Generated_Source\PSoC4/cyfitter_cfg.c **** static void AnalogSetDefault(void);
 244:Generated_Source\PSoC4/cyfitter_cfg.c **** static void AnalogSetDefault(void)
 245:Generated_Source\PSoC4/cyfitter_cfg.c **** {
  27              		.loc 1 245 0
  28              		.cfi_startproc
  29              		@ args = 0, pretend = 0, frame = 0
  30              		@ frame_needed = 0, uses_anonymous_args = 0
  31              		@ link register save eliminated.
 246:Generated_Source\PSoC4/cyfitter_cfg.c **** 	CY_SET_XTND_REG32((void CYFAR *)CYREG_CTBM0_DFT_CTRL, 0x00000003u);
  32              		.loc 1 246 0
  33 0000 0323     		movs	r3, #3
  34 0002 044A     		ldr	r2, .L2
  35 0004 1360     		str	r3, [r2]
 247:Generated_Source\PSoC4/cyfitter_cfg.c **** 	CY_SET_XTND_REG32((void CYFAR *)CYREG_CTBM1_DFT_CTRL, 0x00000003u);
  36              		.loc 1 247 0
  37 0006 044A     		ldr	r2, .L2+4
  38 0008 1360     		str	r3, [r2]
ARM GAS  C:\Users\MICHA_~1\AppData\Local\Temp\ccnpwDvy.s 			page 6


 248:Generated_Source\PSoC4/cyfitter_cfg.c **** 	CY_SET_XTND_REG32((void CYFAR *)CYREG_PASS_DSAB_DSAB_CTRL, 0x00000000u);
  39              		.loc 1 248 0
  40 000a 0022     		movs	r2, #0
  41 000c 034B     		ldr	r3, .L2+8
  42 000e 1A60     		str	r2, [r3]
 249:Generated_Source\PSoC4/cyfitter_cfg.c **** }
  43              		.loc 1 249 0
  44              		@ sp needed
  45 0010 7047     		bx	lr
  46              	.L3:
  47 0012 C046     		.align	2
  48              	.L2:
  49 0014 30003040 		.word	1076887600
  50 0018 30003140 		.word	1076953136
  51 001c 000E3F40 		.word	1077874176
  52              		.cfi_endproc
  53              	.LFE6:
  54              		.size	AnalogSetDefault, .-AnalogSetDefault
  55              		.section	.text.CYMEMZERO,"ax",%progbits
  56              		.align	2
  57              		.code	16
  58              		.thumb_func
  59              		.type	CYMEMZERO, %function
  60              	CYMEMZERO:
  61              	.LFB2:
  77:Generated_Source\PSoC4/cyfitter_cfg.c **** 	(void)memset(s, 0, n);
  62              		.loc 1 77 0
  63              		.cfi_startproc
  64              		@ args = 0, pretend = 0, frame = 0
  65              		@ frame_needed = 0, uses_anonymous_args = 0
  66              	.LVL0:
  67 0000 10B5     		push	{r4, lr}
  68              		.cfi_def_cfa_offset 8
  69              		.cfi_offset 4, -8
  70              		.cfi_offset 14, -4
  71 0002 0A00     		movs	r2, r1
  78:Generated_Source\PSoC4/cyfitter_cfg.c **** }
  72              		.loc 1 78 0
  73 0004 0021     		movs	r1, #0
  74              	.LVL1:
  75 0006 FFF7FEFF 		bl	memset
  76              	.LVL2:
  79:Generated_Source\PSoC4/cyfitter_cfg.c **** CY_CFG_UNUSED
  77              		.loc 1 79 0
  78              		@ sp needed
  79 000a 10BD     		pop	{r4, pc}
  80              		.cfi_endproc
  81              	.LFE2:
  82              		.size	CYMEMZERO, .-CYMEMZERO
  83              		.section	.psocinit,"ax",%progbits
  84              		.align	2
  85              		.code	16
  86              		.thumb_func
  87              		.type	ClockSetup, %function
  88              	ClockSetup:
  89              	.LFB5:
 174:Generated_Source\PSoC4/cyfitter_cfg.c **** 
ARM GAS  C:\Users\MICHA_~1\AppData\Local\Temp\ccnpwDvy.s 			page 7


  90              		.loc 1 174 0
  91              		.cfi_startproc
  92              		@ args = 0, pretend = 0, frame = 0
  93              		@ frame_needed = 0, uses_anonymous_args = 0
  94 0000 F8B5     		push	{r3, r4, r5, r6, r7, lr}
  95              		.cfi_def_cfa_offset 24
  96              		.cfi_offset 3, -24
  97              		.cfi_offset 4, -20
  98              		.cfi_offset 5, -16
  99              		.cfi_offset 6, -12
 100              		.cfi_offset 7, -8
 101              		.cfi_offset 14, -4
 177:Generated_Source\PSoC4/cyfitter_cfg.c **** 
 102              		.loc 1 177 0
 103 0002 224D     		ldr	r5, .L6
 104 0004 1223     		movs	r3, #18
 105 0006 2B60     		str	r3, [r5]
 180:Generated_Source\PSoC4/cyfitter_cfg.c **** 	CyDelayCycles(12000000u); /* WCO may take up to 500ms to start */
 106              		.loc 1 180 0
 107 0008 FFF7FEFF 		bl	CySysClkWcoStart
 108              	.LVL3:
 181:Generated_Source\PSoC4/cyfitter_cfg.c **** 	(void)CySysClkWcoSetPowerMode(CY_SYS_CLK_WCO_LPM);    /* Switch to the low power mode */
 109              		.loc 1 181 0
 110 000c 2048     		ldr	r0, .L6+4
 111 000e FFF7FEFF 		bl	CyDelayCycles
 112              	.LVL4:
 182:Generated_Source\PSoC4/cyfitter_cfg.c **** 
 113              		.loc 1 182 0
 114 0012 0120     		movs	r0, #1
 115 0014 FFF7FEFF 		bl	CySysClkWcoSetPowerMode
 116              	.LVL5:
 185:Generated_Source\PSoC4/cyfitter_cfg.c **** 	/* CYDEV_CLK_ILO_CONFIG Starting address: CYDEV_CLK_ILO_CONFIG */
 117              		.loc 1 185 0
 118 0018 0C20     		movs	r0, #12
 119 001a FFF7FEFF 		bl	CySysClkWriteImoFreq
 120              	.LVL6:
 187:Generated_Source\PSoC4/cyfitter_cfg.c **** 
 121              		.loc 1 187 0
 122 001e 1D4A     		ldr	r2, .L6+8
 123 0020 1D4B     		ldr	r3, .L6+12
 124 0022 1A60     		str	r2, [r3]
 190:Generated_Source\PSoC4/cyfitter_cfg.c **** 
 125              		.loc 1 190 0
 126 0024 1D4E     		ldr	r6, .L6+16
 127 0026 8027     		movs	r7, #128
 128 0028 FF05     		lsls	r7, r7, #23
 129 002a 3760     		str	r7, [r6]
 194:Generated_Source\PSoC4/cyfitter_cfg.c **** 	CY_SET_REG32((void *)(CYREG_BLE_BLERD_BB_XO_CAPTRIM), 0x00003E2Du);
 130              		.loc 1 194 0
 131 002c 1C4A     		ldr	r2, .L6+20
 132 002e 1168     		ldr	r1, [r2]
 133 0030 0223     		movs	r3, #2
 134 0032 0B43     		orrs	r3, r1
 135 0034 1360     		str	r3, [r2]
 195:Generated_Source\PSoC4/cyfitter_cfg.c **** 	/*Set XTAL(ECO) divider*/
 136              		.loc 1 195 0
 137 0036 1B4A     		ldr	r2, .L6+24
ARM GAS  C:\Users\MICHA_~1\AppData\Local\Temp\ccnpwDvy.s 			page 8


 138 0038 1B4B     		ldr	r3, .L6+28
 139 003a 1A60     		str	r2, [r3]
 197:Generated_Source\PSoC4/cyfitter_cfg.c **** 	/* Disable Crystal Stable Interrupt before enabling ECO */
 140              		.loc 1 197 0
 141 003c 0024     		movs	r4, #0
 142 003e 1B4B     		ldr	r3, .L6+32
 143 0040 1C60     		str	r4, [r3]
 199:Generated_Source\PSoC4/cyfitter_cfg.c **** 	/* Start the ECO and do not check status since it is not needed for HFCLK */
 144              		.loc 1 199 0
 145 0042 1B4A     		ldr	r2, .L6+36
 146 0044 1368     		ldr	r3, [r2]
 147 0046 0821     		movs	r1, #8
 148 0048 8B43     		bics	r3, r1
 149 004a 1360     		str	r3, [r2]
 201:Generated_Source\PSoC4/cyfitter_cfg.c **** 	CyDelayUs(1500u); /* Wait to stabilize */
 150              		.loc 1 201 0
 151 004c FA20     		movs	r0, #250
 152 004e C000     		lsls	r0, r0, #3
 153 0050 FFF7FEFF 		bl	CySysClkEcoStart
 154              	.LVL7:
 202:Generated_Source\PSoC4/cyfitter_cfg.c **** 
 155              		.loc 1 202 0
 156 0054 1748     		ldr	r0, .L6+40
 157 0056 FFF7FEFF 		bl	CyDelayUs
 158              	.LVL8:
 205:Generated_Source\PSoC4/cyfitter_cfg.c **** 	CY_SET_REG32((void *)CYREG_PERI_DIV_CMD, 0x8000FF40u);
 159              		.loc 1 205 0
 160 005a 174B     		ldr	r3, .L6+44
 161 005c 1C60     		str	r4, [r3]
 206:Generated_Source\PSoC4/cyfitter_cfg.c **** 
 162              		.loc 1 206 0
 163 005e 174A     		ldr	r2, .L6+48
 164 0060 174B     		ldr	r3, .L6+52
 165 0062 1A60     		str	r2, [r3]
 209:Generated_Source\PSoC4/cyfitter_cfg.c **** 
 166              		.loc 1 209 0
 167 0064 8022     		movs	r2, #128
 168 0066 1206     		lsls	r2, r2, #24
 169 0068 164B     		ldr	r3, .L6+56
 170 006a 1A60     		str	r2, [r3]
 212:Generated_Source\PSoC4/cyfitter_cfg.c **** 
 171              		.loc 1 212 0
 172 006c 164B     		ldr	r3, .L6+60
 173 006e 1C60     		str	r4, [r3]
 215:Generated_Source\PSoC4/cyfitter_cfg.c **** 
 174              		.loc 1 215 0
 175 0070 4022     		movs	r2, #64
 176 0072 164B     		ldr	r3, .L6+64
 177 0074 1A60     		str	r2, [r3]
 217:Generated_Source\PSoC4/cyfitter_cfg.c **** 	CyIntEnable(8u);
 178              		.loc 1 217 0
 179 0076 1649     		ldr	r1, .L6+68
 180 0078 0820     		movs	r0, #8
 181 007a FFF7FEFF 		bl	CyIntSetVector
 182              	.LVL9:
 218:Generated_Source\PSoC4/cyfitter_cfg.c **** 	CY_SET_REG32((void *)(CYREG_WDT_CONFIG), 0x40000000u);
 183              		.loc 1 218 0
ARM GAS  C:\Users\MICHA_~1\AppData\Local\Temp\ccnpwDvy.s 			page 9


 184 007e 0820     		movs	r0, #8
 185 0080 FFF7FEFF 		bl	CyIntEnable
 186              	.LVL10:
 219:Generated_Source\PSoC4/cyfitter_cfg.c **** 	/* Set Flash Cycles based on newly configured 12.00MHz HFCLK. */
 187              		.loc 1 219 0
 188 0084 3760     		str	r7, [r6]
 221:Generated_Source\PSoC4/cyfitter_cfg.c **** }
 189              		.loc 1 221 0
 190 0086 2C60     		str	r4, [r5]
 222:Generated_Source\PSoC4/cyfitter_cfg.c **** 
 191              		.loc 1 222 0
 192              		@ sp needed
 193 0088 F8BD     		pop	{r3, r4, r5, r6, r7, pc}
 194              	.L7:
 195 008a C046     		.align	2
 196              	.L6:
 197 008c 30001040 		.word	1074790448
 198 0090 001BB700 		.word	12000000
 199 0094 06000080 		.word	-2147483642
 200 0098 04010B40 		.word	1074462980
 201 009c 0C020B40 		.word	1074463244
 202 00a0 78002E40 		.word	1076756600
 203 00a4 2D3E0000 		.word	15917
 204 00a8 7C002E40 		.word	1076756604
 205 00ac 64F02E40 		.word	1076818020
 206 00b0 6CF02E40 		.word	1076818028
 207 00b4 DC050000 		.word	1500
 208 00b8 00030140 		.word	1073808128
 209 00bc 40FF0080 		.word	-2147418304
 210 00c0 00000140 		.word	1073807360
 211 00c4 08010B40 		.word	1074462984
 212 00c8 00010B40 		.word	1074462976
 213 00cc 04010140 		.word	1073807620
 214 00d0 00000000 		.word	CySysWdtIsr
 215              		.cfi_endproc
 216              	.LFE5:
 217              		.size	ClockSetup, .-ClockSetup
 218              		.align	2
 219              		.global	cyfitter_cfg
 220              		.code	16
 221              		.thumb_func
 222              		.type	cyfitter_cfg, %function
 223              	cyfitter_cfg:
 224              	.LFB7:
 250:Generated_Source\PSoC4/cyfitter_cfg.c **** 
 251:Generated_Source\PSoC4/cyfitter_cfg.c **** 
 252:Generated_Source\PSoC4/cyfitter_cfg.c **** 
 253:Generated_Source\PSoC4/cyfitter_cfg.c **** 
 254:Generated_Source\PSoC4/cyfitter_cfg.c **** /*******************************************************************************
 255:Generated_Source\PSoC4/cyfitter_cfg.c **** * Function Name: cyfitter_cfg
 256:Generated_Source\PSoC4/cyfitter_cfg.c **** ********************************************************************************
 257:Generated_Source\PSoC4/cyfitter_cfg.c **** * Summary:
 258:Generated_Source\PSoC4/cyfitter_cfg.c **** *  This function is called by the start-up code for the selected device. It
 259:Generated_Source\PSoC4/cyfitter_cfg.c **** *  performs all of the necessary device configuration based on the design
 260:Generated_Source\PSoC4/cyfitter_cfg.c **** *  settings.  This includes settings from the Design Wide Resources (DWR) such
 261:Generated_Source\PSoC4/cyfitter_cfg.c **** *  as Clocks and Pins as well as any component configuration that is necessary.
 262:Generated_Source\PSoC4/cyfitter_cfg.c **** *
ARM GAS  C:\Users\MICHA_~1\AppData\Local\Temp\ccnpwDvy.s 			page 10


 263:Generated_Source\PSoC4/cyfitter_cfg.c **** * Parameters:
 264:Generated_Source\PSoC4/cyfitter_cfg.c **** *   void
 265:Generated_Source\PSoC4/cyfitter_cfg.c **** *
 266:Generated_Source\PSoC4/cyfitter_cfg.c **** * Return:
 267:Generated_Source\PSoC4/cyfitter_cfg.c **** *   void
 268:Generated_Source\PSoC4/cyfitter_cfg.c **** *
 269:Generated_Source\PSoC4/cyfitter_cfg.c **** *******************************************************************************/
 270:Generated_Source\PSoC4/cyfitter_cfg.c **** CY_CFG_SECTION
 271:Generated_Source\PSoC4/cyfitter_cfg.c **** void cyfitter_cfg(void)
 272:Generated_Source\PSoC4/cyfitter_cfg.c **** {
 225              		.loc 1 272 0
 226              		.cfi_startproc
 227              		@ args = 0, pretend = 0, frame = 0
 228              		@ frame_needed = 0, uses_anonymous_args = 0
 229 00d4 10B5     		push	{r4, lr}
 230              		.cfi_def_cfa_offset 8
 231              		.cfi_offset 4, -8
 232              		.cfi_offset 14, -4
 273:Generated_Source\PSoC4/cyfitter_cfg.c **** 	/* Disable interrupts by default. Let user enable if/when they want. */
 274:Generated_Source\PSoC4/cyfitter_cfg.c **** 	CyGlobalIntDisable;
 233              		.loc 1 274 0
 234              		.syntax divided
 235              	@ 274 "Generated_Source\PSoC4\cyfitter_cfg.c" 1
 236 00d6 72B6     		CPSID   i
 237              	@ 0 "" 2
 275:Generated_Source\PSoC4/cyfitter_cfg.c **** 
 276:Generated_Source\PSoC4/cyfitter_cfg.c **** 	CY_SET_REG32((void *)(CYREG_BLE_BLESS_LL_DSM_CTRL), 0x00000000u);
 238              		.loc 1 276 0
 239              		.thumb
 240              		.syntax unified
 241 00d8 0022     		movs	r2, #0
 242 00da 1D4B     		ldr	r3, .L11
 243 00dc 1A60     		str	r2, [r3]
 244              	.LVL11:
 245              	.LBB2:
 277:Generated_Source\PSoC4/cyfitter_cfg.c **** 
 278:Generated_Source\PSoC4/cyfitter_cfg.c **** 	{
 279:Generated_Source\PSoC4/cyfitter_cfg.c **** 
 280:Generated_Source\PSoC4/cyfitter_cfg.c **** 		CYPACKED typedef struct {
 281:Generated_Source\PSoC4/cyfitter_cfg.c **** 			void CYFAR *address;
 282:Generated_Source\PSoC4/cyfitter_cfg.c **** 			uint16 size;
 283:Generated_Source\PSoC4/cyfitter_cfg.c **** 		} CYPACKED_ATTR cfg_memset_t;
 284:Generated_Source\PSoC4/cyfitter_cfg.c **** 
 285:Generated_Source\PSoC4/cyfitter_cfg.c **** 		static const cfg_memset_t CYCODE cfg_memset_list[] = {
 286:Generated_Source\PSoC4/cyfitter_cfg.c **** 			/* address, size */
 287:Generated_Source\PSoC4/cyfitter_cfg.c **** 			{(void CYFAR *)(CYDEV_UDB_P0_U0_BASE), 1024u},
 288:Generated_Source\PSoC4/cyfitter_cfg.c **** 			{(void CYFAR *)(CYDEV_UDB_DSI0_BASE), 1024u},
 289:Generated_Source\PSoC4/cyfitter_cfg.c **** 		};
 290:Generated_Source\PSoC4/cyfitter_cfg.c **** 
 291:Generated_Source\PSoC4/cyfitter_cfg.c **** 		uint8 CYDATA i;
 292:Generated_Source\PSoC4/cyfitter_cfg.c **** 
 293:Generated_Source\PSoC4/cyfitter_cfg.c **** 		/* Zero out critical memory blocks before beginning configuration */
 294:Generated_Source\PSoC4/cyfitter_cfg.c **** 		for (i = 0u; i < (sizeof(cfg_memset_list)/sizeof(cfg_memset_list[0])); i++)
 246              		.loc 1 294 0
 247 00de 0024     		movs	r4, #0
 248 00e0 0FE0     		b	.L9
 249              	.LVL12:
ARM GAS  C:\Users\MICHA_~1\AppData\Local\Temp\ccnpwDvy.s 			page 11


 250              	.L10:
 251              	.LBB3:
 295:Generated_Source\PSoC4/cyfitter_cfg.c **** 		{
 296:Generated_Source\PSoC4/cyfitter_cfg.c **** 			const cfg_memset_t CYCODE * CYDATA ms = &cfg_memset_list[i];
 297:Generated_Source\PSoC4/cyfitter_cfg.c **** 			CYMEMZERO(ms->address, (size_t)(uint32)(ms->size));
 252              		.loc 1 297 0 discriminator 3
 253 00e2 1C48     		ldr	r0, .L11+4
 254 00e4 6200     		lsls	r2, r4, #1
 255 00e6 1319     		adds	r3, r2, r4
 256 00e8 5900     		lsls	r1, r3, #1
 257 00ea 0B00     		movs	r3, r1
 258 00ec 4118     		adds	r1, r0, r1
 259 00ee 8988     		ldrh	r1, [r1, #4]
 260 00f0 1A5A     		ldrh	r2, [r3, r0]
 261 00f2 C318     		adds	r3, r0, r3
 262 00f4 5888     		ldrh	r0, [r3, #2]
 263 00f6 0004     		lsls	r0, r0, #16
 264 00f8 1043     		orrs	r0, r2
 265 00fa FFF7FEFF 		bl	CYMEMZERO
 266              	.LVL13:
 267              	.LBE3:
 294:Generated_Source\PSoC4/cyfitter_cfg.c **** 		{
 268              		.loc 1 294 0 discriminator 3
 269 00fe 0134     		adds	r4, r4, #1
 270              	.LVL14:
 271 0100 E4B2     		uxtb	r4, r4
 272              	.LVL15:
 273              	.L9:
 294:Generated_Source\PSoC4/cyfitter_cfg.c **** 		{
 274              		.loc 1 294 0 is_stmt 0 discriminator 1
 275 0102 012C     		cmp	r4, #1
 276 0104 EDD9     		bls	.L10
 298:Generated_Source\PSoC4/cyfitter_cfg.c **** 		}
 299:Generated_Source\PSoC4/cyfitter_cfg.c **** 
 300:Generated_Source\PSoC4/cyfitter_cfg.c **** 		/* HSIOM Starting address: CYDEV_HSIOM_BASE */
 301:Generated_Source\PSoC4/cyfitter_cfg.c **** 		CY_SET_REG32((void *)(CYDEV_HSIOM_BASE), 0xEE000000u);
 277              		.loc 1 301 0 is_stmt 1
 278 0106 EE22     		movs	r2, #238
 279 0108 1206     		lsls	r2, r2, #24
 280 010a 134B     		ldr	r3, .L11+8
 281 010c 1A60     		str	r2, [r3]
 302:Generated_Source\PSoC4/cyfitter_cfg.c **** 		CY_SET_REG32((void *)(CYREG_HSIOM_PORT_SEL1), 0xFF0F0000u);
 282              		.loc 1 302 0
 283 010e 134A     		ldr	r2, .L11+12
 284 0110 134B     		ldr	r3, .L11+16
 285 0112 1A60     		str	r2, [r3]
 303:Generated_Source\PSoC4/cyfitter_cfg.c **** 
 304:Generated_Source\PSoC4/cyfitter_cfg.c **** 		/* UDB_PA_0 Starting address: CYDEV_UDB_PA0_BASE */
 305:Generated_Source\PSoC4/cyfitter_cfg.c **** 		CY_SET_REG32((void *)(CYDEV_UDB_PA0_BASE), 0x00990000u);
 286              		.loc 1 305 0
 287 0114 9923     		movs	r3, #153
 288 0116 1B04     		lsls	r3, r3, #16
 289 0118 124A     		ldr	r2, .L11+20
 290 011a 1360     		str	r3, [r2]
 306:Generated_Source\PSoC4/cyfitter_cfg.c **** 
 307:Generated_Source\PSoC4/cyfitter_cfg.c **** 		/* UDB_PA_1 Starting address: CYDEV_UDB_PA1_BASE */
 308:Generated_Source\PSoC4/cyfitter_cfg.c **** 		CY_SET_REG32((void *)(CYDEV_UDB_PA1_BASE), 0x00990000u);
ARM GAS  C:\Users\MICHA_~1\AppData\Local\Temp\ccnpwDvy.s 			page 12


 291              		.loc 1 308 0
 292 011c 124A     		ldr	r2, .L11+24
 293 011e 1360     		str	r3, [r2]
 309:Generated_Source\PSoC4/cyfitter_cfg.c **** 
 310:Generated_Source\PSoC4/cyfitter_cfg.c **** 		/* Enable digital routing */
 311:Generated_Source\PSoC4/cyfitter_cfg.c **** 		CY_SET_XTND_REG8((void *)CYREG_UDB_UDBIF_BANK_CTL, (uint8)(CY_GET_XTND_REG8((void *)CYREG_UDB_UDB
 294              		.loc 1 311 0
 295 0120 124A     		ldr	r2, .L11+28
 296 0122 1178     		ldrb	r1, [r2]
 297 0124 0623     		movs	r3, #6
 298 0126 0B43     		orrs	r3, r1
 299 0128 DBB2     		uxtb	r3, r3
 300 012a 1370     		strb	r3, [r2]
 301              	.LBE2:
 312:Generated_Source\PSoC4/cyfitter_cfg.c **** 	}
 313:Generated_Source\PSoC4/cyfitter_cfg.c **** 
 314:Generated_Source\PSoC4/cyfitter_cfg.c **** 	/* Perform second pass device configuration. These items must be configured in specific order afte
 315:Generated_Source\PSoC4/cyfitter_cfg.c **** 	/* IOPINS0_0 Starting address: CYDEV_GPIO_PRT0_BASE */
 316:Generated_Source\PSoC4/cyfitter_cfg.c **** 	CY_SET_REG32((void *)(CYREG_GPIO_PRT0_PC), 0x00D80000u);
 302              		.loc 1 316 0
 303 012c D822     		movs	r2, #216
 304 012e 1204     		lsls	r2, r2, #16
 305 0130 0F4B     		ldr	r3, .L11+32
 306 0132 1A60     		str	r2, [r3]
 317:Generated_Source\PSoC4/cyfitter_cfg.c **** 
 318:Generated_Source\PSoC4/cyfitter_cfg.c **** 	/* IOPINS0_1 Starting address: CYDEV_GPIO_PRT1_BASE */
 319:Generated_Source\PSoC4/cyfitter_cfg.c **** 	CY_SET_REG32((void *)(CYDEV_GPIO_PRT1_BASE), 0x000000D1u);
 307              		.loc 1 319 0
 308 0134 D122     		movs	r2, #209
 309 0136 0F4B     		ldr	r3, .L11+36
 310 0138 1A60     		str	r2, [r3]
 320:Generated_Source\PSoC4/cyfitter_cfg.c **** 	CY_SET_REG32((void *)(CYREG_GPIO_PRT1_PC), 0x00D86036u);
 311              		.loc 1 320 0
 312 013a 0F4A     		ldr	r2, .L11+40
 313 013c 0F4B     		ldr	r3, .L11+44
 314 013e 1A60     		str	r2, [r3]
 321:Generated_Source\PSoC4/cyfitter_cfg.c **** 	CY_SET_REG32((void *)(CYREG_GPIO_PRT1_PC2), 0x000000D0u);
 315              		.loc 1 321 0
 316 0140 D022     		movs	r2, #208
 317 0142 0F4B     		ldr	r3, .L11+48
 318 0144 1A60     		str	r2, [r3]
 322:Generated_Source\PSoC4/cyfitter_cfg.c **** 
 323:Generated_Source\PSoC4/cyfitter_cfg.c **** 
 324:Generated_Source\PSoC4/cyfitter_cfg.c **** 	/* Setup clocks based on selections from Clock DWR */
 325:Generated_Source\PSoC4/cyfitter_cfg.c **** 	ClockSetup();
 319              		.loc 1 325 0
 320 0146 FFF75BFF 		bl	ClockSetup
 321              	.LVL16:
 326:Generated_Source\PSoC4/cyfitter_cfg.c **** 
 327:Generated_Source\PSoC4/cyfitter_cfg.c **** 	/* Perform basic analog initialization to defaults */
 328:Generated_Source\PSoC4/cyfitter_cfg.c **** 	AnalogSetDefault();
 322              		.loc 1 328 0
 323 014a FFF7FEFF 		bl	AnalogSetDefault
 324              	.LVL17:
 329:Generated_Source\PSoC4/cyfitter_cfg.c **** 
 330:Generated_Source\PSoC4/cyfitter_cfg.c **** }
 325              		.loc 1 330 0
ARM GAS  C:\Users\MICHA_~1\AppData\Local\Temp\ccnpwDvy.s 			page 13


 326              		@ sp needed
 327              	.LVL18:
 328 014e 10BD     		pop	{r4, pc}
 329              	.L12:
 330              		.align	2
 331              	.L11:
 332 0150 6CF02E40 		.word	1076818028
 333 0154 00000000 		.word	.LANCHOR0
 334 0158 00000240 		.word	1073872896
 335 015c 00000FFF 		.word	-15794176
 336 0160 00010240 		.word	1073873152
 337 0164 00500F40 		.word	1074745344
 338 0168 10500F40 		.word	1074745360
 339 016c 00700F40 		.word	1074753536
 340 0170 08000440 		.word	1074003976
 341 0174 00010440 		.word	1074004224
 342 0178 3660D800 		.word	14180406
 343 017c 08010440 		.word	1074004232
 344 0180 18010440 		.word	1074004248
 345              		.cfi_endproc
 346              	.LFE7:
 347              		.size	cyfitter_cfg, .-cyfitter_cfg
 348              		.section	.rodata
 349              		.align	2
 350              		.set	.LANCHOR0,. + 0
 351              		.type	cfg_memset_list.4893, %object
 352              		.size	cfg_memset_list.4893, 12
 353              	cfg_memset_list.4893:
 354 0000 00300F40 		.word	1074737152
 355 0004 0004     		.short	1024
 356 0006 00400F40 		.4byte	1074741248
 357 000a 0004     		.short	1024
 358              		.text
 359              	.Letext0:
 360              		.file 2 "c:\\program files (x86)\\cypress\\psoc creator\\4.1\\psoc creator\\import\\gnu\\arm\\5.4.
 361              		.file 3 "Generated_Source\\PSoC4\\cytypes.h"
 362              		.file 4 "Generated_Source\\PSoC4\\CyLFClk.h"
 363              		.file 5 "Generated_Source\\PSoC4\\CyLib.h"
 364              		.section	.debug_info,"",%progbits
 365              	.Ldebug_info0:
 366 0000 28030000 		.4byte	0x328
 367 0004 0400     		.2byte	0x4
 368 0006 00000000 		.4byte	.Ldebug_abbrev0
 369 000a 04       		.byte	0x4
 370 000b 01       		.uleb128 0x1
 371 000c 7E010000 		.4byte	.LASF34
 372 0010 0C       		.byte	0xc
 373 0011 90020000 		.4byte	.LASF35
 374 0015 33010000 		.4byte	.LASF36
 375 0019 00000000 		.4byte	.Ldebug_ranges0+0
 376 001d 00000000 		.4byte	0
 377 0021 00000000 		.4byte	.Ldebug_line0
 378 0025 02       		.uleb128 0x2
 379 0026 04       		.byte	0x4
 380 0027 05       		.byte	0x5
 381 0028 696E7400 		.ascii	"int\000"
 382 002c 03       		.uleb128 0x3
ARM GAS  C:\Users\MICHA_~1\AppData\Local\Temp\ccnpwDvy.s 			page 14


 383 002d 14000000 		.4byte	.LASF12
 384 0031 02       		.byte	0x2
 385 0032 D8       		.byte	0xd8
 386 0033 37000000 		.4byte	0x37
 387 0037 04       		.uleb128 0x4
 388 0038 04       		.byte	0x4
 389 0039 07       		.byte	0x7
 390 003a FA000000 		.4byte	.LASF0
 391 003e 04       		.uleb128 0x4
 392 003f 08       		.byte	0x8
 393 0040 05       		.byte	0x5
 394 0041 22020000 		.4byte	.LASF1
 395 0045 04       		.uleb128 0x4
 396 0046 08       		.byte	0x8
 397 0047 04       		.byte	0x4
 398 0048 78020000 		.4byte	.LASF2
 399 004c 04       		.uleb128 0x4
 400 004d 01       		.byte	0x1
 401 004e 06       		.byte	0x6
 402 004f 84020000 		.4byte	.LASF3
 403 0053 04       		.uleb128 0x4
 404 0054 01       		.byte	0x1
 405 0055 08       		.byte	0x8
 406 0056 C4000000 		.4byte	.LASF4
 407 005a 04       		.uleb128 0x4
 408 005b 02       		.byte	0x2
 409 005c 05       		.byte	0x5
 410 005d 50020000 		.4byte	.LASF5
 411 0061 04       		.uleb128 0x4
 412 0062 02       		.byte	0x2
 413 0063 07       		.byte	0x7
 414 0064 56000000 		.4byte	.LASF6
 415 0068 04       		.uleb128 0x4
 416 0069 04       		.byte	0x4
 417 006a 05       		.byte	0x5
 418 006b 6F020000 		.4byte	.LASF7
 419 006f 04       		.uleb128 0x4
 420 0070 04       		.byte	0x4
 421 0071 07       		.byte	0x7
 422 0072 91000000 		.4byte	.LASF8
 423 0076 04       		.uleb128 0x4
 424 0077 08       		.byte	0x8
 425 0078 07       		.byte	0x7
 426 0079 1C010000 		.4byte	.LASF9
 427 007d 04       		.uleb128 0x4
 428 007e 04       		.byte	0x4
 429 007f 07       		.byte	0x7
 430 0080 19020000 		.4byte	.LASF10
 431 0084 05       		.uleb128 0x5
 432 0085 04       		.byte	0x4
 433 0086 04       		.uleb128 0x4
 434 0087 01       		.byte	0x1
 435 0088 08       		.byte	0x8
 436 0089 3A020000 		.4byte	.LASF11
 437 008d 06       		.uleb128 0x6
 438 008e A3000000 		.4byte	.LASF13
 439 0092 03       		.byte	0x3
ARM GAS  C:\Users\MICHA_~1\AppData\Local\Temp\ccnpwDvy.s 			page 15


 440 0093 D201     		.2byte	0x1d2
 441 0095 53000000 		.4byte	0x53
 442 0099 06       		.uleb128 0x6
 443 009a EC000000 		.4byte	.LASF14
 444 009e 03       		.byte	0x3
 445 009f D301     		.2byte	0x1d3
 446 00a1 61000000 		.4byte	0x61
 447 00a5 06       		.uleb128 0x6
 448 00a6 F3000000 		.4byte	.LASF15
 449 00aa 03       		.byte	0x3
 450 00ab D401     		.2byte	0x1d4
 451 00ad 6F000000 		.4byte	0x6f
 452 00b1 04       		.uleb128 0x4
 453 00b2 04       		.byte	0x4
 454 00b3 04       		.byte	0x4
 455 00b4 69000000 		.4byte	.LASF16
 456 00b8 04       		.uleb128 0x4
 457 00b9 08       		.byte	0x8
 458 00ba 04       		.byte	0x4
 459 00bb D9000000 		.4byte	.LASF17
 460 00bf 06       		.uleb128 0x6
 461 00c0 8C000000 		.4byte	.LASF18
 462 00c4 03       		.byte	0x3
 463 00c5 7C02     		.2byte	0x27c
 464 00c7 CB000000 		.4byte	0xcb
 465 00cb 07       		.uleb128 0x7
 466 00cc 8D000000 		.4byte	0x8d
 467 00d0 06       		.uleb128 0x6
 468 00d1 0E000000 		.4byte	.LASF19
 469 00d5 03       		.byte	0x3
 470 00d6 7E02     		.2byte	0x27e
 471 00d8 DC000000 		.4byte	0xdc
 472 00dc 07       		.uleb128 0x7
 473 00dd A5000000 		.4byte	0xa5
 474 00e1 08       		.uleb128 0x8
 475 00e2 1B000000 		.4byte	.LASF37
 476 00e6 01       		.byte	0x1
 477 00e7 F4       		.byte	0xf4
 478 00e8 00000000 		.4byte	.LFB6
 479 00ec 20000000 		.4byte	.LFE6-.LFB6
 480 00f0 01       		.uleb128 0x1
 481 00f1 9C       		.byte	0x9c
 482 00f2 09       		.uleb128 0x9
 483 00f3 BA000000 		.4byte	.LASF20
 484 00f7 01       		.byte	0x1
 485 00f8 4C       		.byte	0x4c
 486 00f9 00000000 		.4byte	.LFB2
 487 00fd 0C000000 		.4byte	.LFE2-.LFB2
 488 0101 01       		.uleb128 0x1
 489 0102 9C       		.byte	0x9c
 490 0103 3F010000 		.4byte	0x13f
 491 0107 0A       		.uleb128 0xa
 492 0108 7300     		.ascii	"s\000"
 493 010a 01       		.byte	0x1
 494 010b 4C       		.byte	0x4c
 495 010c 84000000 		.4byte	0x84
 496 0110 00000000 		.4byte	.LLST0
ARM GAS  C:\Users\MICHA_~1\AppData\Local\Temp\ccnpwDvy.s 			page 16


 497 0114 0A       		.uleb128 0xa
 498 0115 6E00     		.ascii	"n\000"
 499 0117 01       		.byte	0x1
 500 0118 4C       		.byte	0x4c
 501 0119 2C000000 		.4byte	0x2c
 502 011d 21000000 		.4byte	.LLST1
 503 0121 0B       		.uleb128 0xb
 504 0122 0A000000 		.4byte	.LVL2
 505 0126 CA020000 		.4byte	0x2ca
 506 012a 0C       		.uleb128 0xc
 507 012b 01       		.uleb128 0x1
 508 012c 50       		.byte	0x50
 509 012d 03       		.uleb128 0x3
 510 012e F3       		.byte	0xf3
 511 012f 01       		.uleb128 0x1
 512 0130 50       		.byte	0x50
 513 0131 0C       		.uleb128 0xc
 514 0132 01       		.uleb128 0x1
 515 0133 51       		.byte	0x51
 516 0134 01       		.uleb128 0x1
 517 0135 30       		.byte	0x30
 518 0136 0C       		.uleb128 0xc
 519 0137 01       		.uleb128 0x1
 520 0138 52       		.byte	0x52
 521 0139 03       		.uleb128 0x3
 522 013a F3       		.byte	0xf3
 523 013b 01       		.uleb128 0x1
 524 013c 51       		.byte	0x51
 525 013d 00       		.byte	0
 526 013e 00       		.byte	0
 527 013f 09       		.uleb128 0x9
 528 0140 4B000000 		.4byte	.LASF21
 529 0144 01       		.byte	0x1
 530 0145 AD       		.byte	0xad
 531 0146 00000000 		.4byte	.LFB5
 532 014a D4000000 		.4byte	.LFE5-.LFB5
 533 014e 01       		.uleb128 0x1
 534 014f 9C       		.byte	0x9c
 535 0150 E7010000 		.4byte	0x1e7
 536 0154 0D       		.uleb128 0xd
 537 0155 0C000000 		.4byte	.LVL3
 538 0159 D3020000 		.4byte	0x2d3
 539 015d 0E       		.uleb128 0xe
 540 015e 12000000 		.4byte	.LVL4
 541 0162 DE020000 		.4byte	0x2de
 542 0166 74010000 		.4byte	0x174
 543 016a 0C       		.uleb128 0xc
 544 016b 01       		.uleb128 0x1
 545 016c 50       		.byte	0x50
 546 016d 05       		.uleb128 0x5
 547 016e 0C       		.byte	0xc
 548 016f 001BB700 		.4byte	0xb71b00
 549 0173 00       		.byte	0
 550 0174 0E       		.uleb128 0xe
 551 0175 18000000 		.4byte	.LVL5
 552 0179 E9020000 		.4byte	0x2e9
 553 017d 87010000 		.4byte	0x187
ARM GAS  C:\Users\MICHA_~1\AppData\Local\Temp\ccnpwDvy.s 			page 17


 554 0181 0C       		.uleb128 0xc
 555 0182 01       		.uleb128 0x1
 556 0183 50       		.byte	0x50
 557 0184 01       		.uleb128 0x1
 558 0185 31       		.byte	0x31
 559 0186 00       		.byte	0
 560 0187 0E       		.uleb128 0xe
 561 0188 1E000000 		.4byte	.LVL6
 562 018c F4020000 		.4byte	0x2f4
 563 0190 9A010000 		.4byte	0x19a
 564 0194 0C       		.uleb128 0xc
 565 0195 01       		.uleb128 0x1
 566 0196 50       		.byte	0x50
 567 0197 01       		.uleb128 0x1
 568 0198 3C       		.byte	0x3c
 569 0199 00       		.byte	0
 570 019a 0E       		.uleb128 0xe
 571 019b 54000000 		.4byte	.LVL7
 572 019f FF020000 		.4byte	0x2ff
 573 01a3 AF010000 		.4byte	0x1af
 574 01a7 0C       		.uleb128 0xc
 575 01a8 01       		.uleb128 0x1
 576 01a9 50       		.byte	0x50
 577 01aa 03       		.uleb128 0x3
 578 01ab 0A       		.byte	0xa
 579 01ac D007     		.2byte	0x7d0
 580 01ae 00       		.byte	0
 581 01af 0E       		.uleb128 0xe
 582 01b0 5A000000 		.4byte	.LVL8
 583 01b4 0A030000 		.4byte	0x30a
 584 01b8 C4010000 		.4byte	0x1c4
 585 01bc 0C       		.uleb128 0xc
 586 01bd 01       		.uleb128 0x1
 587 01be 50       		.byte	0x50
 588 01bf 03       		.uleb128 0x3
 589 01c0 0A       		.byte	0xa
 590 01c1 DC05     		.2byte	0x5dc
 591 01c3 00       		.byte	0
 592 01c4 0E       		.uleb128 0xe
 593 01c5 7E000000 		.4byte	.LVL9
 594 01c9 15030000 		.4byte	0x315
 595 01cd D7010000 		.4byte	0x1d7
 596 01d1 0C       		.uleb128 0xc
 597 01d2 01       		.uleb128 0x1
 598 01d3 50       		.byte	0x50
 599 01d4 01       		.uleb128 0x1
 600 01d5 38       		.byte	0x38
 601 01d6 00       		.byte	0
 602 01d7 0B       		.uleb128 0xb
 603 01d8 84000000 		.4byte	.LVL10
 604 01dc 20030000 		.4byte	0x320
 605 01e0 0C       		.uleb128 0xc
 606 01e1 01       		.uleb128 0x1
 607 01e2 50       		.byte	0x50
 608 01e3 01       		.uleb128 0x1
 609 01e4 38       		.byte	0x38
 610 01e5 00       		.byte	0
ARM GAS  C:\Users\MICHA_~1\AppData\Local\Temp\ccnpwDvy.s 			page 18


 611 01e6 00       		.byte	0
 612 01e7 0F       		.uleb128 0xf
 613 01e8 07010000 		.4byte	.LASF38
 614 01ec 01       		.byte	0x1
 615 01ed 0F01     		.2byte	0x10f
 616 01ef D4000000 		.4byte	.LFB7
 617 01f3 B0000000 		.4byte	.LFE7-.LFB7
 618 01f7 01       		.uleb128 0x1
 619 01f8 9C       		.byte	0x9c
 620 01f9 CA020000 		.4byte	0x2ca
 621 01fd 10       		.uleb128 0x10
 622 01fe DE000000 		.4byte	.LBB2
 623 0202 4E000000 		.4byte	.LBE2-.LBB2
 624 0206 B7020000 		.4byte	0x2b7
 625 020a 11       		.uleb128 0x11
 626 020b 06       		.byte	0x6
 627 020c 01       		.byte	0x1
 628 020d 1801     		.2byte	0x118
 629 020f 2E020000 		.4byte	0x22e
 630 0213 12       		.uleb128 0x12
 631 0214 14010000 		.4byte	.LASF22
 632 0218 01       		.byte	0x1
 633 0219 1901     		.2byte	0x119
 634 021b 84000000 		.4byte	0x84
 635 021f 00       		.byte	0
 636 0220 12       		.uleb128 0x12
 637 0221 6F000000 		.4byte	.LASF23
 638 0225 01       		.byte	0x1
 639 0226 1A01     		.2byte	0x11a
 640 0228 99000000 		.4byte	0x99
 641 022c 04       		.byte	0x4
 642 022d 00       		.byte	0
 643 022e 06       		.uleb128 0x6
 644 022f 0C020000 		.4byte	.LASF24
 645 0233 01       		.byte	0x1
 646 0234 1B01     		.2byte	0x11b
 647 0236 0A020000 		.4byte	0x20a
 648 023a 13       		.uleb128 0x13
 649 023b 4A020000 		.4byte	0x24a
 650 023f 4A020000 		.4byte	0x24a
 651 0243 14       		.uleb128 0x14
 652 0244 7D000000 		.4byte	0x7d
 653 0248 01       		.byte	0x1
 654 0249 00       		.byte	0
 655 024a 15       		.uleb128 0x15
 656 024b 2E020000 		.4byte	0x22e
 657 024f 16       		.uleb128 0x16
 658 0250 3B000000 		.4byte	.LASF25
 659 0254 01       		.byte	0x1
 660 0255 1D01     		.2byte	0x11d
 661 0257 61020000 		.4byte	0x261
 662 025b 05       		.uleb128 0x5
 663 025c 03       		.byte	0x3
 664 025d 00000000 		.4byte	cfg_memset_list.4893
 665 0261 15       		.uleb128 0x15
 666 0262 3A020000 		.4byte	0x23a
 667 0266 17       		.uleb128 0x17
ARM GAS  C:\Users\MICHA_~1\AppData\Local\Temp\ccnpwDvy.s 			page 19


 668 0267 6900     		.ascii	"i\000"
 669 0269 01       		.byte	0x1
 670 026a 2301     		.2byte	0x123
 671 026c 8D000000 		.4byte	0x8d
 672 0270 4D000000 		.4byte	.LLST2
 673 0274 18       		.uleb128 0x18
 674 0275 E2000000 		.4byte	.LBB3
 675 0279 1C000000 		.4byte	.LBE3-.LBB3
 676 027d 17       		.uleb128 0x17
 677 027e 6D7300   		.ascii	"ms\000"
 678 0281 01       		.byte	0x1
 679 0282 2801     		.2byte	0x128
 680 0284 8C020000 		.4byte	0x28c
 681 0288 77000000 		.4byte	.LLST3
 682 028c 19       		.uleb128 0x19
 683 028d 04       		.byte	0x4
 684 028e 4A020000 		.4byte	0x24a
 685 0292 0B       		.uleb128 0xb
 686 0293 FE000000 		.4byte	.LVL13
 687 0297 F2000000 		.4byte	0xf2
 688 029b 0C       		.uleb128 0xc
 689 029c 01       		.uleb128 0x1
 690 029d 51       		.byte	0x51
 691 029e 15       		.uleb128 0x15
 692 029f 74       		.byte	0x74
 693 02a0 00       		.sleb128 0
 694 02a1 31       		.byte	0x31
 695 02a2 24       		.byte	0x24
 696 02a3 74       		.byte	0x74
 697 02a4 00       		.sleb128 0
 698 02a5 22       		.byte	0x22
 699 02a6 31       		.byte	0x31
 700 02a7 24       		.byte	0x24
 701 02a8 03       		.byte	0x3
 702 02a9 04000000 		.4byte	.LANCHOR0+4
 703 02ad 22       		.byte	0x22
 704 02ae 94       		.byte	0x94
 705 02af 02       		.byte	0x2
 706 02b0 0A       		.byte	0xa
 707 02b1 FFFF     		.2byte	0xffff
 708 02b3 1A       		.byte	0x1a
 709 02b4 00       		.byte	0
 710 02b5 00       		.byte	0
 711 02b6 00       		.byte	0
 712 02b7 0D       		.uleb128 0xd
 713 02b8 4A010000 		.4byte	.LVL16
 714 02bc 3F010000 		.4byte	0x13f
 715 02c0 0D       		.uleb128 0xd
 716 02c1 4E010000 		.4byte	.LVL17
 717 02c5 E1000000 		.4byte	0xe1
 718 02c9 00       		.byte	0
 719 02ca 1A       		.uleb128 0x1a
 720 02cb D2000000 		.4byte	.LASF39
 721 02cf D2000000 		.4byte	.LASF39
 722 02d3 1B       		.uleb128 0x1b
 723 02d4 A9000000 		.4byte	.LASF26
 724 02d8 A9000000 		.4byte	.LASF26
ARM GAS  C:\Users\MICHA_~1\AppData\Local\Temp\ccnpwDvy.s 			page 20


 725 02dc 04       		.byte	0x4
 726 02dd 4E       		.byte	0x4e
 727 02de 1B       		.uleb128 0x1b
 728 02df 00000000 		.4byte	.LASF27
 729 02e3 00000000 		.4byte	.LASF27
 730 02e7 05       		.byte	0x5
 731 02e8 DC       		.byte	0xdc
 732 02e9 1B       		.uleb128 0x1b
 733 02ea 74000000 		.4byte	.LASF28
 734 02ee 74000000 		.4byte	.LASF28
 735 02f2 04       		.byte	0x4
 736 02f3 50       		.byte	0x50
 737 02f4 1B       		.uleb128 0x1b
 738 02f5 5A020000 		.4byte	.LASF29
 739 02f9 5A020000 		.4byte	.LASF29
 740 02fd 05       		.byte	0x5
 741 02fe 6C       		.byte	0x6c
 742 02ff 1B       		.uleb128 0x1b
 743 0300 3F020000 		.4byte	.LASF30
 744 0304 3F020000 		.4byte	.LASF30
 745 0308 05       		.byte	0x5
 746 0309 84       		.byte	0x84
 747 030a 1B       		.uleb128 0x1b
 748 030b 30020000 		.4byte	.LASF31
 749 030f 30020000 		.4byte	.LASF31
 750 0313 05       		.byte	0x5
 751 0314 DA       		.byte	0xda
 752 0315 1B       		.uleb128 0x1b
 753 0316 2C000000 		.4byte	.LASF32
 754 031a 2C000000 		.4byte	.LASF32
 755 031e 05       		.byte	0x5
 756 031f BD       		.byte	0xbd
 757 0320 1B       		.uleb128 0x1b
 758 0321 E0000000 		.4byte	.LASF33
 759 0325 E0000000 		.4byte	.LASF33
 760 0329 05       		.byte	0x5
 761 032a C3       		.byte	0xc3
 762 032b 00       		.byte	0
 763              		.section	.debug_abbrev,"",%progbits
 764              	.Ldebug_abbrev0:
 765 0000 01       		.uleb128 0x1
 766 0001 11       		.uleb128 0x11
 767 0002 01       		.byte	0x1
 768 0003 25       		.uleb128 0x25
 769 0004 0E       		.uleb128 0xe
 770 0005 13       		.uleb128 0x13
 771 0006 0B       		.uleb128 0xb
 772 0007 03       		.uleb128 0x3
 773 0008 0E       		.uleb128 0xe
 774 0009 1B       		.uleb128 0x1b
 775 000a 0E       		.uleb128 0xe
 776 000b 55       		.uleb128 0x55
 777 000c 17       		.uleb128 0x17
 778 000d 11       		.uleb128 0x11
 779 000e 01       		.uleb128 0x1
 780 000f 10       		.uleb128 0x10
 781 0010 17       		.uleb128 0x17
ARM GAS  C:\Users\MICHA_~1\AppData\Local\Temp\ccnpwDvy.s 			page 21


 782 0011 00       		.byte	0
 783 0012 00       		.byte	0
 784 0013 02       		.uleb128 0x2
 785 0014 24       		.uleb128 0x24
 786 0015 00       		.byte	0
 787 0016 0B       		.uleb128 0xb
 788 0017 0B       		.uleb128 0xb
 789 0018 3E       		.uleb128 0x3e
 790 0019 0B       		.uleb128 0xb
 791 001a 03       		.uleb128 0x3
 792 001b 08       		.uleb128 0x8
 793 001c 00       		.byte	0
 794 001d 00       		.byte	0
 795 001e 03       		.uleb128 0x3
 796 001f 16       		.uleb128 0x16
 797 0020 00       		.byte	0
 798 0021 03       		.uleb128 0x3
 799 0022 0E       		.uleb128 0xe
 800 0023 3A       		.uleb128 0x3a
 801 0024 0B       		.uleb128 0xb
 802 0025 3B       		.uleb128 0x3b
 803 0026 0B       		.uleb128 0xb
 804 0027 49       		.uleb128 0x49
 805 0028 13       		.uleb128 0x13
 806 0029 00       		.byte	0
 807 002a 00       		.byte	0
 808 002b 04       		.uleb128 0x4
 809 002c 24       		.uleb128 0x24
 810 002d 00       		.byte	0
 811 002e 0B       		.uleb128 0xb
 812 002f 0B       		.uleb128 0xb
 813 0030 3E       		.uleb128 0x3e
 814 0031 0B       		.uleb128 0xb
 815 0032 03       		.uleb128 0x3
 816 0033 0E       		.uleb128 0xe
 817 0034 00       		.byte	0
 818 0035 00       		.byte	0
 819 0036 05       		.uleb128 0x5
 820 0037 0F       		.uleb128 0xf
 821 0038 00       		.byte	0
 822 0039 0B       		.uleb128 0xb
 823 003a 0B       		.uleb128 0xb
 824 003b 00       		.byte	0
 825 003c 00       		.byte	0
 826 003d 06       		.uleb128 0x6
 827 003e 16       		.uleb128 0x16
 828 003f 00       		.byte	0
 829 0040 03       		.uleb128 0x3
 830 0041 0E       		.uleb128 0xe
 831 0042 3A       		.uleb128 0x3a
 832 0043 0B       		.uleb128 0xb
 833 0044 3B       		.uleb128 0x3b
 834 0045 05       		.uleb128 0x5
 835 0046 49       		.uleb128 0x49
 836 0047 13       		.uleb128 0x13
 837 0048 00       		.byte	0
 838 0049 00       		.byte	0
ARM GAS  C:\Users\MICHA_~1\AppData\Local\Temp\ccnpwDvy.s 			page 22


 839 004a 07       		.uleb128 0x7
 840 004b 35       		.uleb128 0x35
 841 004c 00       		.byte	0
 842 004d 49       		.uleb128 0x49
 843 004e 13       		.uleb128 0x13
 844 004f 00       		.byte	0
 845 0050 00       		.byte	0
 846 0051 08       		.uleb128 0x8
 847 0052 2E       		.uleb128 0x2e
 848 0053 00       		.byte	0
 849 0054 03       		.uleb128 0x3
 850 0055 0E       		.uleb128 0xe
 851 0056 3A       		.uleb128 0x3a
 852 0057 0B       		.uleb128 0xb
 853 0058 3B       		.uleb128 0x3b
 854 0059 0B       		.uleb128 0xb
 855 005a 27       		.uleb128 0x27
 856 005b 19       		.uleb128 0x19
 857 005c 11       		.uleb128 0x11
 858 005d 01       		.uleb128 0x1
 859 005e 12       		.uleb128 0x12
 860 005f 06       		.uleb128 0x6
 861 0060 40       		.uleb128 0x40
 862 0061 18       		.uleb128 0x18
 863 0062 9742     		.uleb128 0x2117
 864 0064 19       		.uleb128 0x19
 865 0065 00       		.byte	0
 866 0066 00       		.byte	0
 867 0067 09       		.uleb128 0x9
 868 0068 2E       		.uleb128 0x2e
 869 0069 01       		.byte	0x1
 870 006a 03       		.uleb128 0x3
 871 006b 0E       		.uleb128 0xe
 872 006c 3A       		.uleb128 0x3a
 873 006d 0B       		.uleb128 0xb
 874 006e 3B       		.uleb128 0x3b
 875 006f 0B       		.uleb128 0xb
 876 0070 27       		.uleb128 0x27
 877 0071 19       		.uleb128 0x19
 878 0072 11       		.uleb128 0x11
 879 0073 01       		.uleb128 0x1
 880 0074 12       		.uleb128 0x12
 881 0075 06       		.uleb128 0x6
 882 0076 40       		.uleb128 0x40
 883 0077 18       		.uleb128 0x18
 884 0078 9742     		.uleb128 0x2117
 885 007a 19       		.uleb128 0x19
 886 007b 01       		.uleb128 0x1
 887 007c 13       		.uleb128 0x13
 888 007d 00       		.byte	0
 889 007e 00       		.byte	0
 890 007f 0A       		.uleb128 0xa
 891 0080 05       		.uleb128 0x5
 892 0081 00       		.byte	0
 893 0082 03       		.uleb128 0x3
 894 0083 08       		.uleb128 0x8
 895 0084 3A       		.uleb128 0x3a
ARM GAS  C:\Users\MICHA_~1\AppData\Local\Temp\ccnpwDvy.s 			page 23


 896 0085 0B       		.uleb128 0xb
 897 0086 3B       		.uleb128 0x3b
 898 0087 0B       		.uleb128 0xb
 899 0088 49       		.uleb128 0x49
 900 0089 13       		.uleb128 0x13
 901 008a 02       		.uleb128 0x2
 902 008b 17       		.uleb128 0x17
 903 008c 00       		.byte	0
 904 008d 00       		.byte	0
 905 008e 0B       		.uleb128 0xb
 906 008f 898201   		.uleb128 0x4109
 907 0092 01       		.byte	0x1
 908 0093 11       		.uleb128 0x11
 909 0094 01       		.uleb128 0x1
 910 0095 31       		.uleb128 0x31
 911 0096 13       		.uleb128 0x13
 912 0097 00       		.byte	0
 913 0098 00       		.byte	0
 914 0099 0C       		.uleb128 0xc
 915 009a 8A8201   		.uleb128 0x410a
 916 009d 00       		.byte	0
 917 009e 02       		.uleb128 0x2
 918 009f 18       		.uleb128 0x18
 919 00a0 9142     		.uleb128 0x2111
 920 00a2 18       		.uleb128 0x18
 921 00a3 00       		.byte	0
 922 00a4 00       		.byte	0
 923 00a5 0D       		.uleb128 0xd
 924 00a6 898201   		.uleb128 0x4109
 925 00a9 00       		.byte	0
 926 00aa 11       		.uleb128 0x11
 927 00ab 01       		.uleb128 0x1
 928 00ac 31       		.uleb128 0x31
 929 00ad 13       		.uleb128 0x13
 930 00ae 00       		.byte	0
 931 00af 00       		.byte	0
 932 00b0 0E       		.uleb128 0xe
 933 00b1 898201   		.uleb128 0x4109
 934 00b4 01       		.byte	0x1
 935 00b5 11       		.uleb128 0x11
 936 00b6 01       		.uleb128 0x1
 937 00b7 31       		.uleb128 0x31
 938 00b8 13       		.uleb128 0x13
 939 00b9 01       		.uleb128 0x1
 940 00ba 13       		.uleb128 0x13
 941 00bb 00       		.byte	0
 942 00bc 00       		.byte	0
 943 00bd 0F       		.uleb128 0xf
 944 00be 2E       		.uleb128 0x2e
 945 00bf 01       		.byte	0x1
 946 00c0 3F       		.uleb128 0x3f
 947 00c1 19       		.uleb128 0x19
 948 00c2 03       		.uleb128 0x3
 949 00c3 0E       		.uleb128 0xe
 950 00c4 3A       		.uleb128 0x3a
 951 00c5 0B       		.uleb128 0xb
 952 00c6 3B       		.uleb128 0x3b
ARM GAS  C:\Users\MICHA_~1\AppData\Local\Temp\ccnpwDvy.s 			page 24


 953 00c7 05       		.uleb128 0x5
 954 00c8 27       		.uleb128 0x27
 955 00c9 19       		.uleb128 0x19
 956 00ca 11       		.uleb128 0x11
 957 00cb 01       		.uleb128 0x1
 958 00cc 12       		.uleb128 0x12
 959 00cd 06       		.uleb128 0x6
 960 00ce 40       		.uleb128 0x40
 961 00cf 18       		.uleb128 0x18
 962 00d0 9742     		.uleb128 0x2117
 963 00d2 19       		.uleb128 0x19
 964 00d3 01       		.uleb128 0x1
 965 00d4 13       		.uleb128 0x13
 966 00d5 00       		.byte	0
 967 00d6 00       		.byte	0
 968 00d7 10       		.uleb128 0x10
 969 00d8 0B       		.uleb128 0xb
 970 00d9 01       		.byte	0x1
 971 00da 11       		.uleb128 0x11
 972 00db 01       		.uleb128 0x1
 973 00dc 12       		.uleb128 0x12
 974 00dd 06       		.uleb128 0x6
 975 00de 01       		.uleb128 0x1
 976 00df 13       		.uleb128 0x13
 977 00e0 00       		.byte	0
 978 00e1 00       		.byte	0
 979 00e2 11       		.uleb128 0x11
 980 00e3 13       		.uleb128 0x13
 981 00e4 01       		.byte	0x1
 982 00e5 0B       		.uleb128 0xb
 983 00e6 0B       		.uleb128 0xb
 984 00e7 3A       		.uleb128 0x3a
 985 00e8 0B       		.uleb128 0xb
 986 00e9 3B       		.uleb128 0x3b
 987 00ea 05       		.uleb128 0x5
 988 00eb 01       		.uleb128 0x1
 989 00ec 13       		.uleb128 0x13
 990 00ed 00       		.byte	0
 991 00ee 00       		.byte	0
 992 00ef 12       		.uleb128 0x12
 993 00f0 0D       		.uleb128 0xd
 994 00f1 00       		.byte	0
 995 00f2 03       		.uleb128 0x3
 996 00f3 0E       		.uleb128 0xe
 997 00f4 3A       		.uleb128 0x3a
 998 00f5 0B       		.uleb128 0xb
 999 00f6 3B       		.uleb128 0x3b
 1000 00f7 05       		.uleb128 0x5
 1001 00f8 49       		.uleb128 0x49
 1002 00f9 13       		.uleb128 0x13
 1003 00fa 38       		.uleb128 0x38
 1004 00fb 0B       		.uleb128 0xb
 1005 00fc 00       		.byte	0
 1006 00fd 00       		.byte	0
 1007 00fe 13       		.uleb128 0x13
 1008 00ff 01       		.uleb128 0x1
 1009 0100 01       		.byte	0x1
ARM GAS  C:\Users\MICHA_~1\AppData\Local\Temp\ccnpwDvy.s 			page 25


 1010 0101 49       		.uleb128 0x49
 1011 0102 13       		.uleb128 0x13
 1012 0103 01       		.uleb128 0x1
 1013 0104 13       		.uleb128 0x13
 1014 0105 00       		.byte	0
 1015 0106 00       		.byte	0
 1016 0107 14       		.uleb128 0x14
 1017 0108 21       		.uleb128 0x21
 1018 0109 00       		.byte	0
 1019 010a 49       		.uleb128 0x49
 1020 010b 13       		.uleb128 0x13
 1021 010c 2F       		.uleb128 0x2f
 1022 010d 0B       		.uleb128 0xb
 1023 010e 00       		.byte	0
 1024 010f 00       		.byte	0
 1025 0110 15       		.uleb128 0x15
 1026 0111 26       		.uleb128 0x26
 1027 0112 00       		.byte	0
 1028 0113 49       		.uleb128 0x49
 1029 0114 13       		.uleb128 0x13
 1030 0115 00       		.byte	0
 1031 0116 00       		.byte	0
 1032 0117 16       		.uleb128 0x16
 1033 0118 34       		.uleb128 0x34
 1034 0119 00       		.byte	0
 1035 011a 03       		.uleb128 0x3
 1036 011b 0E       		.uleb128 0xe
 1037 011c 3A       		.uleb128 0x3a
 1038 011d 0B       		.uleb128 0xb
 1039 011e 3B       		.uleb128 0x3b
 1040 011f 05       		.uleb128 0x5
 1041 0120 49       		.uleb128 0x49
 1042 0121 13       		.uleb128 0x13
 1043 0122 02       		.uleb128 0x2
 1044 0123 18       		.uleb128 0x18
 1045 0124 00       		.byte	0
 1046 0125 00       		.byte	0
 1047 0126 17       		.uleb128 0x17
 1048 0127 34       		.uleb128 0x34
 1049 0128 00       		.byte	0
 1050 0129 03       		.uleb128 0x3
 1051 012a 08       		.uleb128 0x8
 1052 012b 3A       		.uleb128 0x3a
 1053 012c 0B       		.uleb128 0xb
 1054 012d 3B       		.uleb128 0x3b
 1055 012e 05       		.uleb128 0x5
 1056 012f 49       		.uleb128 0x49
 1057 0130 13       		.uleb128 0x13
 1058 0131 02       		.uleb128 0x2
 1059 0132 17       		.uleb128 0x17
 1060 0133 00       		.byte	0
 1061 0134 00       		.byte	0
 1062 0135 18       		.uleb128 0x18
 1063 0136 0B       		.uleb128 0xb
 1064 0137 01       		.byte	0x1
 1065 0138 11       		.uleb128 0x11
 1066 0139 01       		.uleb128 0x1
ARM GAS  C:\Users\MICHA_~1\AppData\Local\Temp\ccnpwDvy.s 			page 26


 1067 013a 12       		.uleb128 0x12
 1068 013b 06       		.uleb128 0x6
 1069 013c 00       		.byte	0
 1070 013d 00       		.byte	0
 1071 013e 19       		.uleb128 0x19
 1072 013f 0F       		.uleb128 0xf
 1073 0140 00       		.byte	0
 1074 0141 0B       		.uleb128 0xb
 1075 0142 0B       		.uleb128 0xb
 1076 0143 49       		.uleb128 0x49
 1077 0144 13       		.uleb128 0x13
 1078 0145 00       		.byte	0
 1079 0146 00       		.byte	0
 1080 0147 1A       		.uleb128 0x1a
 1081 0148 2E       		.uleb128 0x2e
 1082 0149 00       		.byte	0
 1083 014a 3F       		.uleb128 0x3f
 1084 014b 19       		.uleb128 0x19
 1085 014c 3C       		.uleb128 0x3c
 1086 014d 19       		.uleb128 0x19
 1087 014e 6E       		.uleb128 0x6e
 1088 014f 0E       		.uleb128 0xe
 1089 0150 03       		.uleb128 0x3
 1090 0151 0E       		.uleb128 0xe
 1091 0152 00       		.byte	0
 1092 0153 00       		.byte	0
 1093 0154 1B       		.uleb128 0x1b
 1094 0155 2E       		.uleb128 0x2e
 1095 0156 00       		.byte	0
 1096 0157 3F       		.uleb128 0x3f
 1097 0158 19       		.uleb128 0x19
 1098 0159 3C       		.uleb128 0x3c
 1099 015a 19       		.uleb128 0x19
 1100 015b 6E       		.uleb128 0x6e
 1101 015c 0E       		.uleb128 0xe
 1102 015d 03       		.uleb128 0x3
 1103 015e 0E       		.uleb128 0xe
 1104 015f 3A       		.uleb128 0x3a
 1105 0160 0B       		.uleb128 0xb
 1106 0161 3B       		.uleb128 0x3b
 1107 0162 0B       		.uleb128 0xb
 1108 0163 00       		.byte	0
 1109 0164 00       		.byte	0
 1110 0165 00       		.byte	0
 1111              		.section	.debug_loc,"",%progbits
 1112              	.Ldebug_loc0:
 1113              	.LLST0:
 1114 0000 00000000 		.4byte	.LVL0
 1115 0004 09000000 		.4byte	.LVL2-1
 1116 0008 0100     		.2byte	0x1
 1117 000a 50       		.byte	0x50
 1118 000b 09000000 		.4byte	.LVL2-1
 1119 000f 0C000000 		.4byte	.LFE2
 1120 0013 0400     		.2byte	0x4
 1121 0015 F3       		.byte	0xf3
 1122 0016 01       		.uleb128 0x1
 1123 0017 50       		.byte	0x50
ARM GAS  C:\Users\MICHA_~1\AppData\Local\Temp\ccnpwDvy.s 			page 27


 1124 0018 9F       		.byte	0x9f
 1125 0019 00000000 		.4byte	0
 1126 001d 00000000 		.4byte	0
 1127              	.LLST1:
 1128 0021 00000000 		.4byte	.LVL0
 1129 0025 06000000 		.4byte	.LVL1
 1130 0029 0100     		.2byte	0x1
 1131 002b 51       		.byte	0x51
 1132 002c 06000000 		.4byte	.LVL1
 1133 0030 09000000 		.4byte	.LVL2-1
 1134 0034 0100     		.2byte	0x1
 1135 0036 52       		.byte	0x52
 1136 0037 09000000 		.4byte	.LVL2-1
 1137 003b 0C000000 		.4byte	.LFE2
 1138 003f 0400     		.2byte	0x4
 1139 0041 F3       		.byte	0xf3
 1140 0042 01       		.uleb128 0x1
 1141 0043 51       		.byte	0x51
 1142 0044 9F       		.byte	0x9f
 1143 0045 00000000 		.4byte	0
 1144 0049 00000000 		.4byte	0
 1145              	.LLST2:
 1146 004d DE000000 		.4byte	.LVL11
 1147 0051 E2000000 		.4byte	.LVL12
 1148 0055 0200     		.2byte	0x2
 1149 0057 30       		.byte	0x30
 1150 0058 9F       		.byte	0x9f
 1151 0059 E2000000 		.4byte	.LVL12
 1152 005d 00010000 		.4byte	.LVL14
 1153 0061 0100     		.2byte	0x1
 1154 0063 54       		.byte	0x54
 1155 0064 02010000 		.4byte	.LVL15
 1156 0068 4E010000 		.4byte	.LVL18
 1157 006c 0100     		.2byte	0x1
 1158 006e 54       		.byte	0x54
 1159 006f 00000000 		.4byte	0
 1160 0073 00000000 		.4byte	0
 1161              	.LLST3:
 1162 0077 E2000000 		.4byte	.LVL12
 1163 007b 00010000 		.4byte	.LVL14
 1164 007f 0B00     		.2byte	0xb
 1165 0081 74       		.byte	0x74
 1166 0082 00       		.sleb128 0
 1167 0083 36       		.byte	0x36
 1168 0084 1E       		.byte	0x1e
 1169 0085 03       		.byte	0x3
 1170 0086 00000000 		.4byte	cfg_memset_list.4893
 1171 008a 22       		.byte	0x22
 1172 008b 9F       		.byte	0x9f
 1173 008c 00010000 		.4byte	.LVL14
 1174 0090 02010000 		.4byte	.LVL15
 1175 0094 0B00     		.2byte	0xb
 1176 0096 74       		.byte	0x74
 1177 0097 7F       		.sleb128 -1
 1178 0098 36       		.byte	0x36
 1179 0099 1E       		.byte	0x1e
 1180 009a 03       		.byte	0x3
ARM GAS  C:\Users\MICHA_~1\AppData\Local\Temp\ccnpwDvy.s 			page 28


 1181 009b 00000000 		.4byte	cfg_memset_list.4893
 1182 009f 22       		.byte	0x22
 1183 00a0 9F       		.byte	0x9f
 1184 00a1 00000000 		.4byte	0
 1185 00a5 00000000 		.4byte	0
 1186              		.section	.debug_aranges,"",%progbits
 1187 0000 34000000 		.4byte	0x34
 1188 0004 0200     		.2byte	0x2
 1189 0006 00000000 		.4byte	.Ldebug_info0
 1190 000a 04       		.byte	0x4
 1191 000b 00       		.byte	0
 1192 000c 0000     		.2byte	0
 1193 000e 0000     		.2byte	0
 1194 0010 00000000 		.4byte	.LFB6
 1195 0014 20000000 		.4byte	.LFE6-.LFB6
 1196 0018 00000000 		.4byte	.LFB2
 1197 001c 0C000000 		.4byte	.LFE2-.LFB2
 1198 0020 00000000 		.4byte	.LFB5
 1199 0024 D4000000 		.4byte	.LFE5-.LFB5
 1200 0028 D4000000 		.4byte	.LFB7
 1201 002c B0000000 		.4byte	.LFE7-.LFB7
 1202 0030 00000000 		.4byte	0
 1203 0034 00000000 		.4byte	0
 1204              		.section	.debug_ranges,"",%progbits
 1205              	.Ldebug_ranges0:
 1206 0000 00000000 		.4byte	.LFB6
 1207 0004 20000000 		.4byte	.LFE6
 1208 0008 00000000 		.4byte	.LFB2
 1209 000c 0C000000 		.4byte	.LFE2
 1210 0010 00000000 		.4byte	.LFB5
 1211 0014 D4000000 		.4byte	.LFE5
 1212 0018 D4000000 		.4byte	.LFB7
 1213 001c 84010000 		.4byte	.LFE7
 1214 0020 00000000 		.4byte	0
 1215 0024 00000000 		.4byte	0
 1216              		.section	.debug_line,"",%progbits
 1217              	.Ldebug_line0:
 1218 0000 5D010000 		.section	.debug_str,"MS",%progbits,1
 1218      0200E300 
 1218      00000201 
 1218      FB0E0D00 
 1218      01010101 
 1219              	.LASF27:
 1220 0000 43794465 		.ascii	"CyDelayCycles\000"
 1220      6C617943 
 1220      79636C65 
 1220      7300
 1221              	.LASF19:
 1222 000e 72656733 		.ascii	"reg32\000"
 1222      3200
 1223              	.LASF12:
 1224 0014 73697A65 		.ascii	"size_t\000"
 1224      5F7400
 1225              	.LASF37:
 1226 001b 416E616C 		.ascii	"AnalogSetDefault\000"
 1226      6F675365 
 1226      74446566 
ARM GAS  C:\Users\MICHA_~1\AppData\Local\Temp\ccnpwDvy.s 			page 29


 1226      61756C74 
 1226      00
 1227              	.LASF32:
 1228 002c 4379496E 		.ascii	"CyIntSetVector\000"
 1228      74536574 
 1228      56656374 
 1228      6F7200
 1229              	.LASF25:
 1230 003b 6366675F 		.ascii	"cfg_memset_list\000"
 1230      6D656D73 
 1230      65745F6C 
 1230      69737400 
 1231              	.LASF21:
 1232 004b 436C6F63 		.ascii	"ClockSetup\000"
 1232      6B536574 
 1232      757000
 1233              	.LASF6:
 1234 0056 73686F72 		.ascii	"short unsigned int\000"
 1234      7420756E 
 1234      7369676E 
 1234      65642069 
 1234      6E7400
 1235              	.LASF16:
 1236 0069 666C6F61 		.ascii	"float\000"
 1236      7400
 1237              	.LASF23:
 1238 006f 73697A65 		.ascii	"size\000"
 1238      00
 1239              	.LASF28:
 1240 0074 43795379 		.ascii	"CySysClkWcoSetPowerMode\000"
 1240      73436C6B 
 1240      57636F53 
 1240      6574506F 
 1240      7765724D 
 1241              	.LASF18:
 1242 008c 72656738 		.ascii	"reg8\000"
 1242      00
 1243              	.LASF8:
 1244 0091 6C6F6E67 		.ascii	"long unsigned int\000"
 1244      20756E73 
 1244      69676E65 
 1244      6420696E 
 1244      7400
 1245              	.LASF13:
 1246 00a3 75696E74 		.ascii	"uint8\000"
 1246      3800
 1247              	.LASF26:
 1248 00a9 43795379 		.ascii	"CySysClkWcoStart\000"
 1248      73436C6B 
 1248      57636F53 
 1248      74617274 
 1248      00
 1249              	.LASF20:
 1250 00ba 43594D45 		.ascii	"CYMEMZERO\000"
 1250      4D5A4552 
 1250      4F00
 1251              	.LASF4:
ARM GAS  C:\Users\MICHA_~1\AppData\Local\Temp\ccnpwDvy.s 			page 30


 1252 00c4 756E7369 		.ascii	"unsigned char\000"
 1252      676E6564 
 1252      20636861 
 1252      7200
 1253              	.LASF39:
 1254 00d2 6D656D73 		.ascii	"memset\000"
 1254      657400
 1255              	.LASF17:
 1256 00d9 646F7562 		.ascii	"double\000"
 1256      6C6500
 1257              	.LASF33:
 1258 00e0 4379496E 		.ascii	"CyIntEnable\000"
 1258      74456E61 
 1258      626C6500 
 1259              	.LASF14:
 1260 00ec 75696E74 		.ascii	"uint16\000"
 1260      313600
 1261              	.LASF15:
 1262 00f3 75696E74 		.ascii	"uint32\000"
 1262      333200
 1263              	.LASF0:
 1264 00fa 756E7369 		.ascii	"unsigned int\000"
 1264      676E6564 
 1264      20696E74 
 1264      00
 1265              	.LASF38:
 1266 0107 63796669 		.ascii	"cyfitter_cfg\000"
 1266      74746572 
 1266      5F636667 
 1266      00
 1267              	.LASF22:
 1268 0114 61646472 		.ascii	"address\000"
 1268      65737300 
 1269              	.LASF9:
 1270 011c 6C6F6E67 		.ascii	"long long unsigned int\000"
 1270      206C6F6E 
 1270      6720756E 
 1270      7369676E 
 1270      65642069 
 1271              	.LASF36:
 1272 0133 433A5C55 		.ascii	"C:\\Users\\micha_000\\Documents\\GitHub\\CypressBLE"
 1272      73657273 
 1272      5C6D6963 
 1272      68615F30 
 1272      30305C44 
 1273 0161 42616467 		.ascii	"Badge\\RGB_OLED\\RGB_LCD.cydsn\000"
 1273      655C5247 
 1273      425F4F4C 
 1273      45445C52 
 1273      47425F4C 
 1274              	.LASF34:
 1275 017e 474E5520 		.ascii	"GNU C11 5.4.1 20160609 (release) [ARM/embedded-5-br"
 1275      43313120 
 1275      352E342E 
 1275      31203230 
 1275      31363036 
 1276 01b1 616E6368 		.ascii	"anch revision 237715] -mcpu=cortex-m0 -mthumb -g -O"
ARM GAS  C:\Users\MICHA_~1\AppData\Local\Temp\ccnpwDvy.s 			page 31


 1276      20726576 
 1276      6973696F 
 1276      6E203233 
 1276      37373135 
 1277 01e4 67202D66 		.ascii	"g -ffunction-sections -ffat-lto-objects\000"
 1277      66756E63 
 1277      74696F6E 
 1277      2D736563 
 1277      74696F6E 
 1278              	.LASF24:
 1279 020c 6366675F 		.ascii	"cfg_memset_t\000"
 1279      6D656D73 
 1279      65745F74 
 1279      00
 1280              	.LASF10:
 1281 0219 73697A65 		.ascii	"sizetype\000"
 1281      74797065 
 1281      00
 1282              	.LASF1:
 1283 0222 6C6F6E67 		.ascii	"long long int\000"
 1283      206C6F6E 
 1283      6720696E 
 1283      7400
 1284              	.LASF31:
 1285 0230 43794465 		.ascii	"CyDelayUs\000"
 1285      6C617955 
 1285      7300
 1286              	.LASF11:
 1287 023a 63686172 		.ascii	"char\000"
 1287      00
 1288              	.LASF30:
 1289 023f 43795379 		.ascii	"CySysClkEcoStart\000"
 1289      73436C6B 
 1289      45636F53 
 1289      74617274 
 1289      00
 1290              	.LASF5:
 1291 0250 73686F72 		.ascii	"short int\000"
 1291      7420696E 
 1291      7400
 1292              	.LASF29:
 1293 025a 43795379 		.ascii	"CySysClkWriteImoFreq\000"
 1293      73436C6B 
 1293      57726974 
 1293      65496D6F 
 1293      46726571 
 1294              	.LASF7:
 1295 026f 6C6F6E67 		.ascii	"long int\000"
 1295      20696E74 
 1295      00
 1296              	.LASF2:
 1297 0278 6C6F6E67 		.ascii	"long double\000"
 1297      20646F75 
 1297      626C6500 
 1298              	.LASF3:
 1299 0284 7369676E 		.ascii	"signed char\000"
 1299      65642063 
ARM GAS  C:\Users\MICHA_~1\AppData\Local\Temp\ccnpwDvy.s 			page 32


 1299      68617200 
 1300              	.LASF35:
 1301 0290 47656E65 		.ascii	"Generated_Source\\PSoC4\\cyfitter_cfg.c\000"
 1301      72617465 
 1301      645F536F 
 1301      75726365 
 1301      5C50536F 
 1302              		.ident	"GCC: (GNU Tools for ARM Embedded Processors) 5.4.1 20160609 (release) [ARM/embedded-5-bran
