ARM GAS  C:\Users\MICHA_~1\AppData\Local\Temp\ccSjXbtb.s 			page 1


   1              		.syntax unified
   2              		.cpu cortex-m0
   3              		.fpu softvfp
   4              		.eabi_attribute 20, 1
   5              		.eabi_attribute 21, 1
   6              		.eabi_attribute 23, 3
   7              		.eabi_attribute 24, 1
   8              		.eabi_attribute 25, 1
   9              		.eabi_attribute 26, 1
  10              		.eabi_attribute 30, 1
  11              		.eabi_attribute 34, 0
  12              		.eabi_attribute 18, 4
  13              		.thumb
  14              		.syntax unified
  15              		.file	"main.c"
  16              		.text
  17              	.Ltext0:
  18              		.cfi_sections	.debug_frame
  19              		.section	.text.main,"ax",%progbits
  20              		.align	2
  21              		.global	main
  22              		.code	16
  23              		.thumb_func
  24              		.type	main, %function
  25              	main:
  26              	.LFB35:
  27              		.file 1 "main.c"
   1:main.c        **** /* ========================================
   2:main.c        ****  *
   3:main.c        ****  * Copyright YOUR COMPANY, THE YEAR
   4:main.c        ****  * All Rights Reserved
   5:main.c        ****  * UNPUBLISHED, LICENSED SOFTWARE.
   6:main.c        ****  *
   7:main.c        ****  * CONFIDENTIAL AND PROPRIETARY INFORMATION
   8:main.c        ****  * WHICH IS THE PROPERTY OF your company.
   9:main.c        ****  *
  10:main.c        ****  * ========================================
  11:main.c        **** */
  12:main.c        **** #include "project.h"
  13:main.c        **** #include "lcd_ili9163.h"
  14:main.c        **** 
  15:main.c        **** int main(void)
  16:main.c        **** {
  28              		.loc 1 16 0
  29              		.cfi_startproc
  30              		@ Volatile: function does not return.
  31              		@ args = 0, pretend = 0, frame = 0
  32              		@ frame_needed = 0, uses_anonymous_args = 0
  33 0000 10B5     		push	{r4, lr}
  34              		.cfi_def_cfa_offset 8
  35              		.cfi_offset 4, -8
  36              		.cfi_offset 14, -4
  17:main.c        ****     CyGlobalIntEnable; /* Enable global interrupts. */
  37              		.loc 1 17 0
  38              		.syntax divided
  39              	@ 17 "main.c" 1
  40 0002 62B6     		CPSIE   i
ARM GAS  C:\Users\MICHA_~1\AppData\Local\Temp\ccSjXbtb.s 			page 2


  41              	@ 0 "" 2
  18:main.c        **** 
  19:main.c        ****     /* Place your initialization/startup code here (e.g. MyInst_Start()) */
  20:main.c        ****     SPI_Master_Start();
  42              		.loc 1 20 0
  43              		.thumb
  44              		.syntax unified
  45 0004 FFF7FEFF 		bl	SPI_Master_Start
  46              	.LVL0:
  21:main.c        **** 
  22:main.c        ****     lcd_init();
  47              		.loc 1 22 0
  48 0008 FFF7FEFF 		bl	lcd_init
  49              	.LVL1:
  23:main.c        ****     
  24:main.c        ****     lcd_setScreen(BLACK);
  50              		.loc 1 24 0
  51 000c 0020     		movs	r0, #0
  52 000e FFF7FEFF 		bl	lcd_setScreen
  53              	.LVL2:
  25:main.c        ****     CyDelay(1000);
  54              		.loc 1 25 0
  55 0012 FA24     		movs	r4, #250
  56 0014 A400     		lsls	r4, r4, #2
  57 0016 2000     		movs	r0, r4
  58 0018 FFF7FEFF 		bl	CyDelay
  59              	.LVL3:
  26:main.c        ****     lcd_setScreen(RED);
  60              		.loc 1 26 0
  61 001c 1F20     		movs	r0, #31
  62 001e FFF7FEFF 		bl	lcd_setScreen
  63              	.LVL4:
  27:main.c        ****     CyDelay(1000);    
  64              		.loc 1 27 0
  65 0022 2000     		movs	r0, r4
  66 0024 FFF7FEFF 		bl	CyDelay
  67              	.LVL5:
  28:main.c        ****     lcd_setScreen(GREEN);
  68              		.loc 1 28 0
  69 0028 FC20     		movs	r0, #252
  70 002a C000     		lsls	r0, r0, #3
  71 002c FFF7FEFF 		bl	lcd_setScreen
  72              	.LVL6:
  29:main.c        ****     CyDelay(1000);
  73              		.loc 1 29 0
  74 0030 2000     		movs	r0, r4
  75 0032 FFF7FEFF 		bl	CyDelay
  76              	.LVL7:
  30:main.c        ****     lcd_setScreen(BLUE);
  77              		.loc 1 30 0
  78 0036 F820     		movs	r0, #248
  79 0038 0002     		lsls	r0, r0, #8
  80 003a FFF7FEFF 		bl	lcd_setScreen
  81              	.LVL8:
  31:main.c        ****     CyDelay(1000);
  82              		.loc 1 31 0
  83 003e 2000     		movs	r0, r4
ARM GAS  C:\Users\MICHA_~1\AppData\Local\Temp\ccSjXbtb.s 			page 3


  84 0040 FFF7FEFF 		bl	CyDelay
  85              	.LVL9:
  86              	.L2:
  87 0044 FEE7     		b	.L2
  88              		.cfi_endproc
  89              	.LFE35:
  90              		.size	main, .-main
  91 0046 C046     		.text
  92              	.Letext0:
  93              		.file 2 "Generated_Source\\PSoC4/SPI_Master.h"
  94              		.file 3 "lcd_ili9163.h"
  95              		.file 4 "Generated_Source\\PSoC4/CyLib.h"
  96              		.section	.debug_info,"",%progbits
  97              	.Ldebug_info0:
  98 0000 7F010000 		.4byte	0x17f
  99 0004 0400     		.2byte	0x4
 100 0006 00000000 		.4byte	.Ldebug_abbrev0
 101 000a 04       		.byte	0x4
 102 000b 01       		.uleb128 0x1
 103 000c DD000000 		.4byte	.LASF18
 104 0010 0C       		.byte	0xc
 105 0011 1B000000 		.4byte	.LASF19
 106 0015 8B000000 		.4byte	.LASF20
 107 0019 00000000 		.4byte	.Ldebug_ranges0+0
 108 001d 00000000 		.4byte	0
 109 0021 00000000 		.4byte	.Ldebug_line0
 110 0025 02       		.uleb128 0x2
 111 0026 01       		.byte	0x1
 112 0027 06       		.byte	0x6
 113 0028 7E010000 		.4byte	.LASF0
 114 002c 02       		.uleb128 0x2
 115 002d 01       		.byte	0x1
 116 002e 08       		.byte	0x8
 117 002f 6F000000 		.4byte	.LASF1
 118 0033 02       		.uleb128 0x2
 119 0034 02       		.byte	0x2
 120 0035 05       		.byte	0x5
 121 0036 9F010000 		.4byte	.LASF2
 122 003a 02       		.uleb128 0x2
 123 003b 02       		.byte	0x2
 124 003c 07       		.byte	0x7
 125 003d 6B010000 		.4byte	.LASF3
 126 0041 02       		.uleb128 0x2
 127 0042 04       		.byte	0x4
 128 0043 05       		.byte	0x5
 129 0044 82000000 		.4byte	.LASF4
 130 0048 02       		.uleb128 0x2
 131 0049 04       		.byte	0x4
 132 004a 07       		.byte	0x7
 133 004b 2F000000 		.4byte	.LASF5
 134 004f 02       		.uleb128 0x2
 135 0050 08       		.byte	0x8
 136 0051 05       		.byte	0x5
 137 0052 00000000 		.4byte	.LASF6
 138 0056 02       		.uleb128 0x2
 139 0057 08       		.byte	0x8
 140 0058 07       		.byte	0x7
ARM GAS  C:\Users\MICHA_~1\AppData\Local\Temp\ccSjXbtb.s 			page 4


 141 0059 41000000 		.4byte	.LASF7
 142 005d 03       		.uleb128 0x3
 143 005e 04       		.byte	0x4
 144 005f 05       		.byte	0x5
 145 0060 696E7400 		.ascii	"int\000"
 146 0064 02       		.uleb128 0x2
 147 0065 04       		.byte	0x4
 148 0066 07       		.byte	0x7
 149 0067 0E000000 		.4byte	.LASF8
 150 006b 02       		.uleb128 0x2
 151 006c 04       		.byte	0x4
 152 006d 04       		.byte	0x4
 153 006e 58000000 		.4byte	.LASF9
 154 0072 02       		.uleb128 0x2
 155 0073 08       		.byte	0x8
 156 0074 04       		.byte	0x4
 157 0075 D6000000 		.4byte	.LASF10
 158 0079 02       		.uleb128 0x2
 159 007a 01       		.byte	0x1
 160 007b 08       		.byte	0x8
 161 007c 7D000000 		.4byte	.LASF11
 162 0080 02       		.uleb128 0x2
 163 0081 08       		.byte	0x8
 164 0082 04       		.byte	0x4
 165 0083 93010000 		.4byte	.LASF12
 166 0087 02       		.uleb128 0x2
 167 0088 04       		.byte	0x4
 168 0089 07       		.byte	0x7
 169 008a A9010000 		.4byte	.LASF13
 170 008e 04       		.uleb128 0x4
 171 008f 22000000 		.4byte	.LASF21
 172 0093 01       		.byte	0x1
 173 0094 0F       		.byte	0xf
 174 0095 5D000000 		.4byte	0x5d
 175 0099 00000000 		.4byte	.LFB35
 176 009d 46000000 		.4byte	.LFE35-.LFB35
 177 00a1 01       		.uleb128 0x1
 178 00a2 9C       		.byte	0x9c
 179 00a3 56010000 		.4byte	0x156
 180 00a7 05       		.uleb128 0x5
 181 00a8 08000000 		.4byte	.LVL0
 182 00ac 56010000 		.4byte	0x156
 183 00b0 05       		.uleb128 0x5
 184 00b1 0C000000 		.4byte	.LVL1
 185 00b5 61010000 		.4byte	0x161
 186 00b9 06       		.uleb128 0x6
 187 00ba 12000000 		.4byte	.LVL2
 188 00be 6C010000 		.4byte	0x16c
 189 00c2 CC000000 		.4byte	0xcc
 190 00c6 07       		.uleb128 0x7
 191 00c7 01       		.uleb128 0x1
 192 00c8 50       		.byte	0x50
 193 00c9 01       		.uleb128 0x1
 194 00ca 30       		.byte	0x30
 195 00cb 00       		.byte	0
 196 00cc 06       		.uleb128 0x6
 197 00cd 1C000000 		.4byte	.LVL3
ARM GAS  C:\Users\MICHA_~1\AppData\Local\Temp\ccSjXbtb.s 			page 5


 198 00d1 77010000 		.4byte	0x177
 199 00d5 E0000000 		.4byte	0xe0
 200 00d9 07       		.uleb128 0x7
 201 00da 01       		.uleb128 0x1
 202 00db 50       		.byte	0x50
 203 00dc 02       		.uleb128 0x2
 204 00dd 74       		.byte	0x74
 205 00de 00       		.sleb128 0
 206 00df 00       		.byte	0
 207 00e0 06       		.uleb128 0x6
 208 00e1 22000000 		.4byte	.LVL4
 209 00e5 6C010000 		.4byte	0x16c
 210 00e9 F3000000 		.4byte	0xf3
 211 00ed 07       		.uleb128 0x7
 212 00ee 01       		.uleb128 0x1
 213 00ef 50       		.byte	0x50
 214 00f0 01       		.uleb128 0x1
 215 00f1 4F       		.byte	0x4f
 216 00f2 00       		.byte	0
 217 00f3 06       		.uleb128 0x6
 218 00f4 28000000 		.4byte	.LVL5
 219 00f8 77010000 		.4byte	0x177
 220 00fc 07010000 		.4byte	0x107
 221 0100 07       		.uleb128 0x7
 222 0101 01       		.uleb128 0x1
 223 0102 50       		.byte	0x50
 224 0103 02       		.uleb128 0x2
 225 0104 74       		.byte	0x74
 226 0105 00       		.sleb128 0
 227 0106 00       		.byte	0
 228 0107 06       		.uleb128 0x6
 229 0108 30000000 		.4byte	.LVL6
 230 010c 6C010000 		.4byte	0x16c
 231 0110 1C010000 		.4byte	0x11c
 232 0114 07       		.uleb128 0x7
 233 0115 01       		.uleb128 0x1
 234 0116 50       		.byte	0x50
 235 0117 03       		.uleb128 0x3
 236 0118 0A       		.byte	0xa
 237 0119 E007     		.2byte	0x7e0
 238 011b 00       		.byte	0
 239 011c 06       		.uleb128 0x6
 240 011d 36000000 		.4byte	.LVL7
 241 0121 77010000 		.4byte	0x177
 242 0125 30010000 		.4byte	0x130
 243 0129 07       		.uleb128 0x7
 244 012a 01       		.uleb128 0x1
 245 012b 50       		.byte	0x50
 246 012c 02       		.uleb128 0x2
 247 012d 74       		.byte	0x74
 248 012e 00       		.sleb128 0
 249 012f 00       		.byte	0
 250 0130 06       		.uleb128 0x6
 251 0131 3E000000 		.4byte	.LVL8
 252 0135 6C010000 		.4byte	0x16c
 253 0139 45010000 		.4byte	0x145
 254 013d 07       		.uleb128 0x7
ARM GAS  C:\Users\MICHA_~1\AppData\Local\Temp\ccSjXbtb.s 			page 6


 255 013e 01       		.uleb128 0x1
 256 013f 50       		.byte	0x50
 257 0140 03       		.uleb128 0x3
 258 0141 0B       		.byte	0xb
 259 0142 00F8     		.2byte	0xf800
 260 0144 00       		.byte	0
 261 0145 08       		.uleb128 0x8
 262 0146 44000000 		.4byte	.LVL9
 263 014a 77010000 		.4byte	0x177
 264 014e 07       		.uleb128 0x7
 265 014f 01       		.uleb128 0x1
 266 0150 50       		.byte	0x50
 267 0151 02       		.uleb128 0x2
 268 0152 74       		.byte	0x74
 269 0153 00       		.sleb128 0
 270 0154 00       		.byte	0
 271 0155 00       		.byte	0
 272 0156 09       		.uleb128 0x9
 273 0157 5E000000 		.4byte	.LASF14
 274 015b 5E000000 		.4byte	.LASF14
 275 015f 02       		.byte	0x2
 276 0160 6E       		.byte	0x6e
 277 0161 09       		.uleb128 0x9
 278 0162 8A010000 		.4byte	.LASF15
 279 0166 8A010000 		.4byte	.LASF15
 280 016a 03       		.byte	0x3
 281 016b 5E       		.byte	0x5e
 282 016c 09       		.uleb128 0x9
 283 016d B2010000 		.4byte	.LASF16
 284 0171 B2010000 		.4byte	.LASF16
 285 0175 03       		.byte	0x3
 286 0176 5C       		.byte	0x5c
 287 0177 09       		.uleb128 0x9
 288 0178 27000000 		.4byte	.LASF17
 289 017c 27000000 		.4byte	.LASF17
 290 0180 04       		.byte	0x4
 291 0181 D9       		.byte	0xd9
 292 0182 00       		.byte	0
 293              		.section	.debug_abbrev,"",%progbits
 294              	.Ldebug_abbrev0:
 295 0000 01       		.uleb128 0x1
 296 0001 11       		.uleb128 0x11
 297 0002 01       		.byte	0x1
 298 0003 25       		.uleb128 0x25
 299 0004 0E       		.uleb128 0xe
 300 0005 13       		.uleb128 0x13
 301 0006 0B       		.uleb128 0xb
 302 0007 03       		.uleb128 0x3
 303 0008 0E       		.uleb128 0xe
 304 0009 1B       		.uleb128 0x1b
 305 000a 0E       		.uleb128 0xe
 306 000b 55       		.uleb128 0x55
 307 000c 17       		.uleb128 0x17
 308 000d 11       		.uleb128 0x11
 309 000e 01       		.uleb128 0x1
 310 000f 10       		.uleb128 0x10
 311 0010 17       		.uleb128 0x17
ARM GAS  C:\Users\MICHA_~1\AppData\Local\Temp\ccSjXbtb.s 			page 7


 312 0011 00       		.byte	0
 313 0012 00       		.byte	0
 314 0013 02       		.uleb128 0x2
 315 0014 24       		.uleb128 0x24
 316 0015 00       		.byte	0
 317 0016 0B       		.uleb128 0xb
 318 0017 0B       		.uleb128 0xb
 319 0018 3E       		.uleb128 0x3e
 320 0019 0B       		.uleb128 0xb
 321 001a 03       		.uleb128 0x3
 322 001b 0E       		.uleb128 0xe
 323 001c 00       		.byte	0
 324 001d 00       		.byte	0
 325 001e 03       		.uleb128 0x3
 326 001f 24       		.uleb128 0x24
 327 0020 00       		.byte	0
 328 0021 0B       		.uleb128 0xb
 329 0022 0B       		.uleb128 0xb
 330 0023 3E       		.uleb128 0x3e
 331 0024 0B       		.uleb128 0xb
 332 0025 03       		.uleb128 0x3
 333 0026 08       		.uleb128 0x8
 334 0027 00       		.byte	0
 335 0028 00       		.byte	0
 336 0029 04       		.uleb128 0x4
 337 002a 2E       		.uleb128 0x2e
 338 002b 01       		.byte	0x1
 339 002c 3F       		.uleb128 0x3f
 340 002d 19       		.uleb128 0x19
 341 002e 03       		.uleb128 0x3
 342 002f 0E       		.uleb128 0xe
 343 0030 3A       		.uleb128 0x3a
 344 0031 0B       		.uleb128 0xb
 345 0032 3B       		.uleb128 0x3b
 346 0033 0B       		.uleb128 0xb
 347 0034 27       		.uleb128 0x27
 348 0035 19       		.uleb128 0x19
 349 0036 49       		.uleb128 0x49
 350 0037 13       		.uleb128 0x13
 351 0038 8701     		.uleb128 0x87
 352 003a 19       		.uleb128 0x19
 353 003b 11       		.uleb128 0x11
 354 003c 01       		.uleb128 0x1
 355 003d 12       		.uleb128 0x12
 356 003e 06       		.uleb128 0x6
 357 003f 40       		.uleb128 0x40
 358 0040 18       		.uleb128 0x18
 359 0041 9742     		.uleb128 0x2117
 360 0043 19       		.uleb128 0x19
 361 0044 01       		.uleb128 0x1
 362 0045 13       		.uleb128 0x13
 363 0046 00       		.byte	0
 364 0047 00       		.byte	0
 365 0048 05       		.uleb128 0x5
 366 0049 898201   		.uleb128 0x4109
 367 004c 00       		.byte	0
 368 004d 11       		.uleb128 0x11
ARM GAS  C:\Users\MICHA_~1\AppData\Local\Temp\ccSjXbtb.s 			page 8


 369 004e 01       		.uleb128 0x1
 370 004f 31       		.uleb128 0x31
 371 0050 13       		.uleb128 0x13
 372 0051 00       		.byte	0
 373 0052 00       		.byte	0
 374 0053 06       		.uleb128 0x6
 375 0054 898201   		.uleb128 0x4109
 376 0057 01       		.byte	0x1
 377 0058 11       		.uleb128 0x11
 378 0059 01       		.uleb128 0x1
 379 005a 31       		.uleb128 0x31
 380 005b 13       		.uleb128 0x13
 381 005c 01       		.uleb128 0x1
 382 005d 13       		.uleb128 0x13
 383 005e 00       		.byte	0
 384 005f 00       		.byte	0
 385 0060 07       		.uleb128 0x7
 386 0061 8A8201   		.uleb128 0x410a
 387 0064 00       		.byte	0
 388 0065 02       		.uleb128 0x2
 389 0066 18       		.uleb128 0x18
 390 0067 9142     		.uleb128 0x2111
 391 0069 18       		.uleb128 0x18
 392 006a 00       		.byte	0
 393 006b 00       		.byte	0
 394 006c 08       		.uleb128 0x8
 395 006d 898201   		.uleb128 0x4109
 396 0070 01       		.byte	0x1
 397 0071 11       		.uleb128 0x11
 398 0072 01       		.uleb128 0x1
 399 0073 31       		.uleb128 0x31
 400 0074 13       		.uleb128 0x13
 401 0075 00       		.byte	0
 402 0076 00       		.byte	0
 403 0077 09       		.uleb128 0x9
 404 0078 2E       		.uleb128 0x2e
 405 0079 00       		.byte	0
 406 007a 3F       		.uleb128 0x3f
 407 007b 19       		.uleb128 0x19
 408 007c 3C       		.uleb128 0x3c
 409 007d 19       		.uleb128 0x19
 410 007e 6E       		.uleb128 0x6e
 411 007f 0E       		.uleb128 0xe
 412 0080 03       		.uleb128 0x3
 413 0081 0E       		.uleb128 0xe
 414 0082 3A       		.uleb128 0x3a
 415 0083 0B       		.uleb128 0xb
 416 0084 3B       		.uleb128 0x3b
 417 0085 0B       		.uleb128 0xb
 418 0086 00       		.byte	0
 419 0087 00       		.byte	0
 420 0088 00       		.byte	0
 421              		.section	.debug_aranges,"",%progbits
 422 0000 1C000000 		.4byte	0x1c
 423 0004 0200     		.2byte	0x2
 424 0006 00000000 		.4byte	.Ldebug_info0
 425 000a 04       		.byte	0x4
ARM GAS  C:\Users\MICHA_~1\AppData\Local\Temp\ccSjXbtb.s 			page 9


 426 000b 00       		.byte	0
 427 000c 0000     		.2byte	0
 428 000e 0000     		.2byte	0
 429 0010 00000000 		.4byte	.LFB35
 430 0014 46000000 		.4byte	.LFE35-.LFB35
 431 0018 00000000 		.4byte	0
 432 001c 00000000 		.4byte	0
 433              		.section	.debug_ranges,"",%progbits
 434              	.Ldebug_ranges0:
 435 0000 00000000 		.4byte	.LFB35
 436 0004 46000000 		.4byte	.LFE35
 437 0008 00000000 		.4byte	0
 438 000c 00000000 		.4byte	0
 439              		.section	.debug_line,"",%progbits
 440              	.Ldebug_line0:
 441 0000 80000000 		.section	.debug_str,"MS",%progbits,1
 441      02006000 
 441      00000201 
 441      FB0E0D00 
 441      01010101 
 442              	.LASF6:
 443 0000 6C6F6E67 		.ascii	"long long int\000"
 443      206C6F6E 
 443      6720696E 
 443      7400
 444              	.LASF8:
 445 000e 756E7369 		.ascii	"unsigned int\000"
 445      676E6564 
 445      20696E74 
 445      00
 446              	.LASF19:
 447 001b 6D61696E 		.ascii	"main.c\000"
 447      2E6300
 448              	.LASF21:
 449 0022 6D61696E 		.ascii	"main\000"
 449      00
 450              	.LASF17:
 451 0027 43794465 		.ascii	"CyDelay\000"
 451      6C617900 
 452              	.LASF5:
 453 002f 6C6F6E67 		.ascii	"long unsigned int\000"
 453      20756E73 
 453      69676E65 
 453      6420696E 
 453      7400
 454              	.LASF7:
 455 0041 6C6F6E67 		.ascii	"long long unsigned int\000"
 455      206C6F6E 
 455      6720756E 
 455      7369676E 
 455      65642069 
 456              	.LASF9:
 457 0058 666C6F61 		.ascii	"float\000"
 457      7400
 458              	.LASF14:
 459 005e 5350495F 		.ascii	"SPI_Master_Start\000"
 459      4D617374 
ARM GAS  C:\Users\MICHA_~1\AppData\Local\Temp\ccSjXbtb.s 			page 10


 459      65725F53 
 459      74617274 
 459      00
 460              	.LASF1:
 461 006f 756E7369 		.ascii	"unsigned char\000"
 461      676E6564 
 461      20636861 
 461      7200
 462              	.LASF11:
 463 007d 63686172 		.ascii	"char\000"
 463      00
 464              	.LASF4:
 465 0082 6C6F6E67 		.ascii	"long int\000"
 465      20696E74 
 465      00
 466              	.LASF20:
 467 008b 433A5C55 		.ascii	"C:\\Users\\micha_000\\Documents\\GitHub\\CypressBLE"
 467      73657273 
 467      5C6D6963 
 467      68615F30 
 467      30305C44 
 468 00b9 42616467 		.ascii	"Badge\\RGB_OLED\\RGB_LCD.cydsn\000"
 468      655C5247 
 468      425F4F4C 
 468      45445C52 
 468      47425F4C 
 469              	.LASF10:
 470 00d6 646F7562 		.ascii	"double\000"
 470      6C6500
 471              	.LASF18:
 472 00dd 474E5520 		.ascii	"GNU C11 5.4.1 20160609 (release) [ARM/embedded-5-br"
 472      43313120 
 472      352E342E 
 472      31203230 
 472      31363036 
 473 0110 616E6368 		.ascii	"anch revision 237715] -mcpu=cortex-m0 -mthumb -g -O"
 473      20726576 
 473      6973696F 
 473      6E203233 
 473      37373135 
 474 0143 67202D66 		.ascii	"g -ffunction-sections -ffat-lto-objects\000"
 474      66756E63 
 474      74696F6E 
 474      2D736563 
 474      74696F6E 
 475              	.LASF3:
 476 016b 73686F72 		.ascii	"short unsigned int\000"
 476      7420756E 
 476      7369676E 
 476      65642069 
 476      6E7400
 477              	.LASF0:
 478 017e 7369676E 		.ascii	"signed char\000"
 478      65642063 
 478      68617200 
 479              	.LASF15:
 480 018a 6C63645F 		.ascii	"lcd_init\000"
ARM GAS  C:\Users\MICHA_~1\AppData\Local\Temp\ccSjXbtb.s 			page 11


 480      696E6974 
 480      00
 481              	.LASF12:
 482 0193 6C6F6E67 		.ascii	"long double\000"
 482      20646F75 
 482      626C6500 
 483              	.LASF2:
 484 019f 73686F72 		.ascii	"short int\000"
 484      7420696E 
 484      7400
 485              	.LASF13:
 486 01a9 73697A65 		.ascii	"sizetype\000"
 486      74797065 
 486      00
 487              	.LASF16:
 488 01b2 6C63645F 		.ascii	"lcd_setScreen\000"
 488      73657453 
 488      63726565 
 488      6E00
 489              		.ident	"GCC: (GNU Tools for ARM Embedded Processors) 5.4.1 20160609 (release) [ARM/embedded-5-bran
